2018-04-19 11:22:59,874 - pystorm.component.spout - INFO - - [pid=22600] - Emitting: spout [***The Project Gutenberg's Etext of Shakespeare's First Folio***]
2018-04-19 11:22:59,980 - pystorm.component.spout - INFO - - [pid=22600] - Emitting: spout [********************The Tragedie of Macbeth*********************]
2018-04-19 11:23:00,081 - pystorm.component.spout - INFO - - [pid=22600] - Emitting: spout []
2018-04-19 11:23:00,182 - pystorm.component.spout - INFO - - [pid=22600] - Emitting: spout [This is our 3rd edition of most of these plays.  See the index.]
2018-04-19 11:23:00,284 - pystorm.component.spout - INFO - - [pid=22600] - Emitting: spout []
2018-04-19 11:23:00,385 - pystorm.component.spout - INFO - - [pid=22600] - Emitting: spout []
2018-04-19 11:23:00,486 - pystorm.component.spout - INFO - - [pid=22600] - Emitting: spout [Copyright laws are changing all over the world, be sure to check]
2018-04-19 11:23:00,587 - pystorm.component.spout - INFO - - [pid=22600] - Emitting: spout [the copyright laws for your country before posting these files!!]
2018-04-19 11:23:00,695 - pystorm.component.spout - INFO - - [pid=22600] - Emitting: spout []
2018-04-19 11:23:00,797 - pystorm.component.spout - INFO - - [pid=22600] - Emitting: spout [Please take a look at the important information in this header.]
2018-04-19 11:23:00,899 - pystorm.component.spout - INFO - - [pid=22600] - Emitting: spout [We encourage you to keep this file on your own disk, keeping an]
2018-04-19 11:23:01,000 - pystorm.component.spout - INFO - - [pid=22600] - Emitting: spout [electronic path open for the next readers.  Do not remove this.]
2018-04-19 11:23:01,100 - pystorm.component.spout - INFO - - [pid=22600] - Emitting: spout []
2018-04-19 11:23:01,201 - pystorm.component.spout - INFO - - [pid=22600] - Emitting: spout []
2018-04-19 11:23:01,302 - pystorm.component.spout - INFO - - [pid=22600] - Emitting: spout [**Welcome To The World of Free Plain Vanilla Electronic Texts**]
2018-04-19 11:23:01,403 - pystorm.component.spout - INFO - - [pid=22600] - Emitting: spout []
2018-04-19 11:23:01,504 - pystorm.component.spout - INFO - - [pid=22600] - Emitting: spout [**Etexts Readable By Both Humans and By Computers, Since 1971**]
2018-04-19 11:23:01,605 - pystorm.component.spout - INFO - - [pid=22600] - Emitting: spout []
2018-04-19 11:23:01,706 - pystorm.component.spout - INFO - - [pid=22600] - Emitting: spout [*These Etexts Prepared By Hundreds of Volunteers and Donations*]
2018-04-19 11:23:01,807 - pystorm.component.spout - INFO - - [pid=22600] - Emitting: spout []
2018-04-19 11:23:01,907 - pystorm.component.spout - INFO - - [pid=22600] - Emitting: spout [Information on contacting Project Gutenberg to get Etexts, and]
2018-04-19 11:23:02,008 - pystorm.component.spout - INFO - - [pid=22600] - Emitting: spout [further information is included below.  We need your donations.]
2018-04-19 11:23:02,109 - pystorm.component.spout - INFO - - [pid=22600] - Emitting: spout []
2018-04-19 11:23:02,210 - pystorm.component.spout - INFO - - [pid=22600] - Emitting: spout []
2018-04-19 11:23:02,311 - pystorm.component.spout - INFO - - [pid=22600] - Emitting: spout [The Tragedie of Macbeth]
2018-04-19 11:23:02,412 - pystorm.component.spout - INFO - - [pid=22600] - Emitting: spout []
2018-04-19 11:23:02,513 - pystorm.component.spout - INFO - - [pid=22600] - Emitting: spout [by William Shakespeare]
2018-04-19 11:23:02,613 - pystorm.component.spout - INFO - - [pid=22600] - Emitting: spout []
2018-04-19 11:23:02,714 - pystorm.component.spout - INFO - - [pid=22600] - Emitting: spout [July, 2000  [Etext #2264]]
2018-04-19 11:23:02,815 - pystorm.component.spout - INFO - - [pid=22600] - Emitting: spout []
2018-04-19 11:23:02,916 - pystorm.component.spout - INFO - - [pid=22600] - Emitting: spout []
2018-04-19 11:23:03,017 - pystorm.component.spout - INFO - - [pid=22600] - Emitting: spout [***The Project Gutenberg's Etext of Shakespeare's First Folio***]
2018-04-19 11:23:03,118 - pystorm.component.spout - INFO - - [pid=22600] - Emitting: spout [********************The Tragedie of Macbeth*********************]
2018-04-19 11:23:03,219 - pystorm.component.spout - INFO - - [pid=22600] - Emitting: spout []
2018-04-19 11:23:03,320 - pystorm.component.spout - INFO - - [pid=22600] - Emitting: spout [*****This file should be named 2264.txt or 2264.zip******]
2018-04-19 11:23:03,421 - pystorm.component.spout - INFO - - [pid=22600] - Emitting: spout []
2018-04-19 11:23:03,521 - pystorm.component.spout - INFO - - [pid=22600] - Emitting: spout [Project Gutenberg Etexts are usually created from multiple editions,]
2018-04-19 11:23:03,622 - pystorm.component.spout - INFO - - [pid=22600] - Emitting: spout [all of which are in the Public Domain in the United States, unless a]
2018-04-19 11:23:03,723 - pystorm.component.spout - INFO - - [pid=22600] - Emitting: spout [copyright notice is included.  Therefore, we usually do NOT keep any]
2018-04-19 11:23:03,824 - pystorm.component.spout - INFO - - [pid=22600] - Emitting: spout [of these books in compliance with any particular paper edition.]
2018-04-19 11:23:03,925 - pystorm.component.spout - INFO - - [pid=22600] - Emitting: spout []
2018-04-19 11:23:04,026 - pystorm.component.spout - INFO - - [pid=22600] - Emitting: spout []
2018-04-19 11:23:04,127 - pystorm.component.spout - INFO - - [pid=22600] - Emitting: spout [We are now trying to release all our books one month in advance]
2018-04-19 11:23:04,228 - pystorm.component.spout - INFO - - [pid=22600] - Emitting: spout [of the official release dates, leaving time for better editing.]
2018-04-19 11:23:04,329 - pystorm.component.spout - INFO - - [pid=22600] - Emitting: spout []
2018-04-19 11:23:04,430 - pystorm.component.spout - INFO - - [pid=22600] - Emitting: spout [Please note:  neither this list nor its contents are final till]
2018-04-19 11:23:04,531 - pystorm.component.spout - INFO - - [pid=22600] - Emitting: spout [midnight of the last day of the month of any such announcement.]
2018-04-19 11:23:04,632 - pystorm.component.spout - INFO - - [pid=22600] - Emitting: spout [The official release date of all Project Gutenberg Etexts is at]
2018-04-19 11:23:04,733 - pystorm.component.spout - INFO - - [pid=22600] - Emitting: spout [Midnight, Central Time, of the last day of the stated month.  A]
2018-04-19 11:23:04,834 - pystorm.component.spout - INFO - - [pid=22600] - Emitting: spout [preliminary version may often be posted for suggestion, comment]
2018-04-19 11:23:04,936 - pystorm.component.spout - INFO - - [pid=22600] - Emitting: spout [and editing by those who wish to do so.  To be sure you have an]
2018-04-19 11:23:05,037 - pystorm.component.spout - INFO - - [pid=22600] - Emitting: spout [up to date first edition [xxxxx10x.xxx] please check file sizes]
2018-04-19 11:23:05,138 - pystorm.component.spout - INFO - - [pid=22600] - Emitting: spout [in the first week of the next month.  Since our ftp program has]
2018-04-19 11:23:05,238 - pystorm.component.spout - INFO - - [pid=22600] - Emitting: spout [a bug in it that scrambles the date [tried to fix and failed] a]
2018-04-19 11:23:05,340 - pystorm.component.spout - INFO - - [pid=22600] - Emitting: spout [look at the file size will have to do, but we will try to see a]
2018-04-19 11:23:05,441 - pystorm.component.spout - INFO - - [pid=22600] - Emitting: spout [new copy has at least one byte more or less.]
2018-04-19 11:23:05,542 - pystorm.component.spout - INFO - - [pid=22600] - Emitting: spout []
2018-04-19 11:23:05,643 - pystorm.component.spout - INFO - - [pid=22600] - Emitting: spout []
2018-04-19 11:23:05,745 - pystorm.component.spout - INFO - - [pid=22600] - Emitting: spout [Information about Project Gutenberg (one page)]
2018-04-19 11:23:05,845 - pystorm.component.spout - INFO - - [pid=22600] - Emitting: spout []
2018-04-19 11:23:05,946 - pystorm.component.spout - INFO - - [pid=22600] - Emitting: spout [We produce about two million dollars for each hour we work.  The]
2018-04-19 11:23:06,047 - pystorm.component.spout - INFO - - [pid=22600] - Emitting: spout [time it takes us, a rather conservative estimate, is fifty hours]
2018-04-19 11:23:06,149 - pystorm.component.spout - INFO - - [pid=22600] - Emitting: spout [to get any etext selected, entered, proofread, edited, copyright]
2018-04-19 11:23:06,250 - pystorm.component.spout - INFO - - [pid=22600] - Emitting: spout [searched and analyzed, the copyright letters written, etc.  This]
2018-04-19 11:23:06,351 - pystorm.component.spout - INFO - - [pid=22600] - Emitting: spout [projected audience is one hundred million readers.  If our value]
2018-04-19 11:23:06,452 - pystorm.component.spout - INFO - - [pid=22600] - Emitting: spout [per text is nominally estimated at one dollar then we produce $2]
2018-04-19 11:23:06,554 - pystorm.component.spout - INFO - - [pid=22600] - Emitting: spout [million dollars per hour this year as we release thirty-six text]
2018-04-19 11:23:06,655 - pystorm.component.spout - INFO - - [pid=22600] - Emitting: spout [files per month, or 432 more Etexts in 1999 for a total of 2000+]
2018-04-19 11:23:06,756 - pystorm.component.spout - INFO - - [pid=22600] - Emitting: spout [If these reach just 10% of the computerized population, then the]
2018-04-19 11:23:06,860 - pystorm.component.spout - INFO - - [pid=22600] - Emitting: spout [total should reach over 200 billion Etexts given away this year.]
2018-04-19 11:23:06,962 - pystorm.component.spout - INFO - - [pid=22600] - Emitting: spout []
2018-04-19 11:23:07,063 - pystorm.component.spout - INFO - - [pid=22600] - Emitting: spout [The Goal of Project Gutenberg is to Give Away One Trillion Etext]
2018-04-19 11:23:07,164 - pystorm.component.spout - INFO - - [pid=22600] - Emitting: spout [Files by December 31, 2001.  [10,000 x 100,000,000 = 1 Trillion]]
2018-04-19 11:23:07,264 - pystorm.component.spout - INFO - - [pid=22600] - Emitting: spout [This is ten thousand titles each to one hundred million readers,]
2018-04-19 11:23:07,365 - pystorm.component.spout - INFO - - [pid=22600] - Emitting: spout [which is only ~5% of the present number of computer users.]
2018-04-19 11:23:07,466 - pystorm.component.spout - INFO - - [pid=22600] - Emitting: spout []
2018-04-19 11:23:07,567 - pystorm.component.spout - INFO - - [pid=22600] - Emitting: spout [At our revised rates of production, we will reach only one-third]
2018-04-19 11:23:07,668 - pystorm.component.spout - INFO - - [pid=22600] - Emitting: spout [of that goal by the end of 2001, or about 3,333 Etexts unless we]
2018-04-19 11:23:07,769 - pystorm.component.spout - INFO - - [pid=22600] - Emitting: spout [manage to get some real funding; currently our funding is mostly]
2018-04-19 11:23:07,870 - pystorm.component.spout - INFO - - [pid=22600] - Emitting: spout [from Michael Hart's salary at Carnegie-Mellon University, and an]
2018-04-19 11:23:07,970 - pystorm.component.spout - INFO - - [pid=22600] - Emitting: spout [assortment of sporadic gifts; this salary is only good for a few]
2018-04-19 11:23:08,071 - pystorm.component.spout - INFO - - [pid=22600] - Emitting: spout [more years, so we are looking for something to replace it, as we]
2018-04-19 11:23:08,173 - pystorm.component.spout - INFO - - [pid=22600] - Emitting: spout [don't want Project Gutenberg to be so dependent on one person.]
2018-04-19 11:23:08,273 - pystorm.component.spout - INFO - - [pid=22600] - Emitting: spout []
2018-04-19 11:23:08,374 - pystorm.component.spout - INFO - - [pid=22600] - Emitting: spout [We need your donations more than ever!]
2018-04-19 11:23:08,476 - pystorm.component.spout - INFO - - [pid=22600] - Emitting: spout []
2018-04-19 11:23:08,577 - pystorm.component.spout - INFO - - [pid=22600] - Emitting: spout []
2018-04-19 11:23:08,678 - pystorm.component.spout - INFO - - [pid=22600] - Emitting: spout [All donations should be made to "Project Gutenberg/CMU": and are]
2018-04-19 11:23:08,779 - pystorm.component.spout - INFO - - [pid=22600] - Emitting: spout [tax deductible to the extent allowable by law.  (CMU = Carnegie-]
2018-04-19 11:23:08,880 - pystorm.component.spout - INFO - - [pid=22600] - Emitting: spout [Mellon University).]
2018-04-19 11:23:08,981 - pystorm.component.spout - INFO - - [pid=22600] - Emitting: spout []
2018-04-19 11:23:09,082 - pystorm.component.spout - INFO - - [pid=22600] - Emitting: spout [For these and other matters, please mail to:]
2018-04-19 11:23:09,183 - pystorm.component.spout - INFO - - [pid=22600] - Emitting: spout []
2018-04-19 11:23:09,284 - pystorm.component.spout - INFO - - [pid=22600] - Emitting: spout [Project Gutenberg]
2018-04-19 11:23:09,387 - pystorm.component.spout - INFO - - [pid=22600] - Emitting: spout [P. O. Box  2782]
2018-04-19 11:23:09,487 - pystorm.component.spout - INFO - - [pid=22600] - Emitting: spout [Champaign, IL 61825]
2018-04-19 11:23:09,588 - pystorm.component.spout - INFO - - [pid=22600] - Emitting: spout []
2018-04-19 11:23:09,689 - pystorm.component.spout - INFO - - [pid=22600] - Emitting: spout [When all other email fails. . .try our Executive Director:]
2018-04-19 11:23:09,794 - pystorm.component.spout - INFO - - [pid=22600] - Emitting: spout [Michael S. Hart <hart@pobox.com>]
2018-04-19 11:23:09,895 - pystorm.component.spout - INFO - - [pid=22600] - Emitting: spout [hart@pobox.com forwards to hart@prairienet.org and archive.org]
2018-04-19 11:23:09,996 - pystorm.component.spout - INFO - - [pid=22600] - Emitting: spout [if your mail bounces from archive.org, I will still see it, if]
2018-04-19 11:23:10,097 - pystorm.component.spout - INFO - - [pid=22600] - Emitting: spout [it bounces from prairienet.org, better resend later on. . . .]
2018-04-19 11:23:10,199 - pystorm.component.spout - INFO - - [pid=22600] - Emitting: spout []
2018-04-19 11:23:10,302 - pystorm.component.spout - INFO - - [pid=22600] - Emitting: spout [We would prefer to send you this information by email.]
2018-04-19 11:23:10,402 - pystorm.component.spout - INFO - - [pid=22600] - Emitting: spout []
2018-04-19 11:23:10,504 - pystorm.component.spout - INFO - - [pid=22600] - Emitting: spout [******]
2018-04-19 11:23:10,605 - pystorm.component.spout - INFO - - [pid=22600] - Emitting: spout []
2018-04-19 11:23:10,706 - pystorm.component.spout - INFO - - [pid=22600] - Emitting: spout [To access Project Gutenberg etexts, use any Web browser]
2018-04-19 11:23:10,807 - pystorm.component.spout - INFO - - [pid=22600] - Emitting: spout [to view http://promo.net/pg.  This site lists Etexts by]
2018-04-19 11:23:10,908 - pystorm.component.spout - INFO - - [pid=22600] - Emitting: spout [author and by title, and includes information about how]
2018-04-19 11:23:11,009 - pystorm.component.spout - INFO - - [pid=22600] - Emitting: spout [to get involved with Project Gutenberg.  You could also]
2018-04-19 11:23:11,111 - pystorm.component.spout - INFO - - [pid=22600] - Emitting: spout [download our past Newsletters, or subscribe here.  This]
2018-04-19 11:23:11,212 - pystorm.component.spout - INFO - - [pid=22600] - Emitting: spout [is one of our major sites, please email hart@pobox.com,]
2018-04-19 11:23:11,313 - pystorm.component.spout - INFO - - [pid=22600] - Emitting: spout [for a more complete list of our various sites.]
2018-04-19 11:23:11,415 - pystorm.component.spout - INFO - - [pid=22600] - Emitting: spout []
2018-04-19 11:23:11,518 - pystorm.component.spout - INFO - - [pid=22600] - Emitting: spout [To go directly to the etext collections, use FTP or any]
2018-04-19 11:23:11,620 - pystorm.component.spout - INFO - - [pid=22600] - Emitting: spout [Web browser to visit a Project Gutenberg mirror (mirror]
2018-04-19 11:23:11,721 - pystorm.component.spout - INFO - - [pid=22600] - Emitting: spout [sites are available on 7 continents; mirrors are listed]
