2018-04-19 11:21:56,662 - pystorm.component.spout - INFO - - [pid=22266] - Emitting: spout [***The Project Gutenberg's Etext of Shakespeare's First Folio***]
2018-04-19 11:21:56,783 - pystorm.component.spout - INFO - - [pid=22266] - Emitting: spout [********************The Tragedie of Macbeth*********************]
2018-04-19 11:21:56,898 - pystorm.component.spout - INFO - - [pid=22266] - Emitting: spout []
2018-04-19 11:21:57,001 - pystorm.component.spout - INFO - - [pid=22266] - Emitting: spout [This is our 3rd edition of most of these plays.  See the index.]
2018-04-19 11:21:57,104 - pystorm.component.spout - INFO - - [pid=22266] - Emitting: spout []
2018-04-19 11:21:57,207 - pystorm.component.spout - INFO - - [pid=22266] - Emitting: spout []
2018-04-19 11:21:57,311 - pystorm.component.spout - INFO - - [pid=22266] - Emitting: spout [Copyright laws are changing all over the world, be sure to check]
2018-04-19 11:21:57,412 - pystorm.component.spout - INFO - - [pid=22266] - Emitting: spout [the copyright laws for your country before posting these files!!]
2018-04-19 11:21:57,513 - pystorm.component.spout - INFO - - [pid=22266] - Emitting: spout []
2018-04-19 11:21:57,617 - pystorm.component.spout - INFO - - [pid=22266] - Emitting: spout [Please take a look at the important information in this header.]
2018-04-19 11:21:57,719 - pystorm.component.spout - INFO - - [pid=22266] - Emitting: spout [We encourage you to keep this file on your own disk, keeping an]
2018-04-19 11:21:57,820 - pystorm.component.spout - INFO - - [pid=22266] - Emitting: spout [electronic path open for the next readers.  Do not remove this.]
2018-04-19 11:21:57,921 - pystorm.component.spout - INFO - - [pid=22266] - Emitting: spout []
2018-04-19 11:21:58,023 - pystorm.component.spout - INFO - - [pid=22266] - Emitting: spout []
2018-04-19 11:21:58,128 - pystorm.component.spout - INFO - - [pid=22266] - Emitting: spout [**Welcome To The World of Free Plain Vanilla Electronic Texts**]
2018-04-19 11:21:58,231 - pystorm.component.spout - INFO - - [pid=22266] - Emitting: spout []
2018-04-19 11:21:58,333 - pystorm.component.spout - INFO - - [pid=22266] - Emitting: spout [**Etexts Readable By Both Humans and By Computers, Since 1971**]
2018-04-19 11:21:58,435 - pystorm.component.spout - INFO - - [pid=22266] - Emitting: spout []
2018-04-19 11:21:58,538 - pystorm.component.spout - INFO - - [pid=22266] - Emitting: spout [*These Etexts Prepared By Hundreds of Volunteers and Donations*]
2018-04-19 11:21:58,641 - pystorm.component.spout - INFO - - [pid=22266] - Emitting: spout []
2018-04-19 11:21:58,742 - pystorm.component.spout - INFO - - [pid=22266] - Emitting: spout [Information on contacting Project Gutenberg to get Etexts, and]
2018-04-19 11:21:58,843 - pystorm.component.spout - INFO - - [pid=22266] - Emitting: spout [further information is included below.  We need your donations.]
2018-04-19 11:21:58,945 - pystorm.component.spout - INFO - - [pid=22266] - Emitting: spout []
2018-04-19 11:21:59,047 - pystorm.component.spout - INFO - - [pid=22266] - Emitting: spout []
2018-04-19 11:21:59,150 - pystorm.component.spout - INFO - - [pid=22266] - Emitting: spout [The Tragedie of Macbeth]
2018-04-19 11:21:59,253 - pystorm.component.spout - INFO - - [pid=22266] - Emitting: spout []
2018-04-19 11:21:59,358 - pystorm.component.spout - INFO - - [pid=22266] - Emitting: spout [by William Shakespeare]
2018-04-19 11:21:59,461 - pystorm.component.spout - INFO - - [pid=22266] - Emitting: spout []
2018-04-19 11:21:59,564 - pystorm.component.spout - INFO - - [pid=22266] - Emitting: spout [July, 2000  [Etext #2264]]
2018-04-19 11:21:59,666 - pystorm.component.spout - INFO - - [pid=22266] - Emitting: spout []
2018-04-19 11:21:59,767 - pystorm.component.spout - INFO - - [pid=22266] - Emitting: spout []
2018-04-19 11:21:59,868 - pystorm.component.spout - INFO - - [pid=22266] - Emitting: spout [***The Project Gutenberg's Etext of Shakespeare's First Folio***]
2018-04-19 11:21:59,971 - pystorm.component.spout - INFO - - [pid=22266] - Emitting: spout [********************The Tragedie of Macbeth*********************]
2018-04-19 11:22:00,074 - pystorm.component.spout - INFO - - [pid=22266] - Emitting: spout []
2018-04-19 11:22:00,176 - pystorm.component.spout - INFO - - [pid=22266] - Emitting: spout [*****This file should be named 2264.txt or 2264.zip******]
2018-04-19 11:22:00,279 - pystorm.component.spout - INFO - - [pid=22266] - Emitting: spout []
2018-04-19 11:22:00,382 - pystorm.component.spout - INFO - - [pid=22266] - Emitting: spout [Project Gutenberg Etexts are usually created from multiple editions,]
2018-04-19 11:22:00,485 - pystorm.component.spout - INFO - - [pid=22266] - Emitting: spout [all of which are in the Public Domain in the United States, unless a]
2018-04-19 11:22:00,587 - pystorm.component.spout - INFO - - [pid=22266] - Emitting: spout [copyright notice is included.  Therefore, we usually do NOT keep any]
2018-04-19 11:22:00,690 - pystorm.component.spout - INFO - - [pid=22266] - Emitting: spout [of these books in compliance with any particular paper edition.]
2018-04-19 11:22:00,792 - pystorm.component.spout - INFO - - [pid=22266] - Emitting: spout []
2018-04-19 11:22:00,893 - pystorm.component.spout - INFO - - [pid=22266] - Emitting: spout []
2018-04-19 11:22:00,995 - pystorm.component.spout - INFO - - [pid=22266] - Emitting: spout [We are now trying to release all our books one month in advance]
2018-04-19 11:22:01,098 - pystorm.component.spout - INFO - - [pid=22266] - Emitting: spout [of the official release dates, leaving time for better editing.]
2018-04-19 11:22:01,200 - pystorm.component.spout - INFO - - [pid=22266] - Emitting: spout []
2018-04-19 11:22:01,301 - pystorm.component.spout - INFO - - [pid=22266] - Emitting: spout [Please note:  neither this list nor its contents are final till]
2018-04-19 11:22:01,403 - pystorm.component.spout - INFO - - [pid=22266] - Emitting: spout [midnight of the last day of the month of any such announcement.]
2018-04-19 11:22:01,505 - pystorm.component.spout - INFO - - [pid=22266] - Emitting: spout [The official release date of all Project Gutenberg Etexts is at]
2018-04-19 11:22:01,607 - pystorm.component.spout - INFO - - [pid=22266] - Emitting: spout [Midnight, Central Time, of the last day of the stated month.  A]
2018-04-19 11:22:01,710 - pystorm.component.spout - INFO - - [pid=22266] - Emitting: spout [preliminary version may often be posted for suggestion, comment]
2018-04-19 11:22:01,818 - pystorm.component.spout - INFO - - [pid=22266] - Emitting: spout [and editing by those who wish to do so.  To be sure you have an]
2018-04-19 11:22:01,927 - pystorm.component.spout - INFO - - [pid=22266] - Emitting: spout [up to date first edition [xxxxx10x.xxx] please check file sizes]
2018-04-19 11:22:02,030 - pystorm.component.spout - INFO - - [pid=22266] - Emitting: spout [in the first week of the next month.  Since our ftp program has]
2018-04-19 11:22:02,132 - pystorm.component.spout - INFO - - [pid=22266] - Emitting: spout [a bug in it that scrambles the date [tried to fix and failed] a]
2018-04-19 11:22:02,233 - pystorm.component.spout - INFO - - [pid=22266] - Emitting: spout [look at the file size will have to do, but we will try to see a]
2018-04-19 11:22:02,336 - pystorm.component.spout - INFO - - [pid=22266] - Emitting: spout [new copy has at least one byte more or less.]
2018-04-19 11:22:02,437 - pystorm.component.spout - INFO - - [pid=22266] - Emitting: spout []
2018-04-19 11:22:02,538 - pystorm.component.spout - INFO - - [pid=22266] - Emitting: spout []
2018-04-19 11:22:02,641 - pystorm.component.spout - INFO - - [pid=22266] - Emitting: spout [Information about Project Gutenberg (one page)]
2018-04-19 11:22:02,743 - pystorm.component.spout - INFO - - [pid=22266] - Emitting: spout []
2018-04-19 11:22:02,846 - pystorm.component.spout - INFO - - [pid=22266] - Emitting: spout [We produce about two million dollars for each hour we work.  The]
2018-04-19 11:22:02,948 - pystorm.component.spout - INFO - - [pid=22266] - Emitting: spout [time it takes us, a rather conservative estimate, is fifty hours]
2018-04-19 11:22:03,049 - pystorm.component.spout - INFO - - [pid=22266] - Emitting: spout [to get any etext selected, entered, proofread, edited, copyright]
2018-04-19 11:22:03,151 - pystorm.component.spout - INFO - - [pid=22266] - Emitting: spout [searched and analyzed, the copyright letters written, etc.  This]
2018-04-19 11:22:03,253 - pystorm.component.spout - INFO - - [pid=22266] - Emitting: spout [projected audience is one hundred million readers.  If our value]
2018-04-19 11:22:03,355 - pystorm.component.spout - INFO - - [pid=22266] - Emitting: spout [per text is nominally estimated at one dollar then we produce $2]
2018-04-19 11:22:03,457 - pystorm.component.spout - INFO - - [pid=22266] - Emitting: spout [million dollars per hour this year as we release thirty-six text]
2018-04-19 11:22:03,559 - pystorm.component.spout - INFO - - [pid=22266] - Emitting: spout [files per month, or 432 more Etexts in 1999 for a total of 2000+]
2018-04-19 11:22:03,662 - pystorm.component.spout - INFO - - [pid=22266] - Emitting: spout [If these reach just 10% of the computerized population, then the]
2018-04-19 11:22:03,764 - pystorm.component.spout - INFO - - [pid=22266] - Emitting: spout [total should reach over 200 billion Etexts given away this year.]
2018-04-19 11:22:03,866 - pystorm.component.spout - INFO - - [pid=22266] - Emitting: spout []
2018-04-19 11:22:03,968 - pystorm.component.spout - INFO - - [pid=22266] - Emitting: spout [The Goal of Project Gutenberg is to Give Away One Trillion Etext]
2018-04-19 11:22:04,070 - pystorm.component.spout - INFO - - [pid=22266] - Emitting: spout [Files by December 31, 2001.  [10,000 x 100,000,000 = 1 Trillion]]
2018-04-19 11:22:04,175 - pystorm.component.spout - INFO - - [pid=22266] - Emitting: spout [This is ten thousand titles each to one hundred million readers,]
2018-04-19 11:22:04,277 - pystorm.component.spout - INFO - - [pid=22266] - Emitting: spout [which is only ~5% of the present number of computer users.]
2018-04-19 11:22:04,380 - pystorm.component.spout - INFO - - [pid=22266] - Emitting: spout []
2018-04-19 11:22:04,482 - pystorm.component.spout - INFO - - [pid=22266] - Emitting: spout [At our revised rates of production, we will reach only one-third]
2018-04-19 11:22:04,584 - pystorm.component.spout - INFO - - [pid=22266] - Emitting: spout [of that goal by the end of 2001, or about 3,333 Etexts unless we]
2018-04-19 11:22:04,685 - pystorm.component.spout - INFO - - [pid=22266] - Emitting: spout [manage to get some real funding; currently our funding is mostly]
2018-04-19 11:22:04,788 - pystorm.component.spout - INFO - - [pid=22266] - Emitting: spout [from Michael Hart's salary at Carnegie-Mellon University, and an]
2018-04-19 11:22:04,893 - pystorm.component.spout - INFO - - [pid=22266] - Emitting: spout [assortment of sporadic gifts; this salary is only good for a few]
2018-04-19 11:22:04,994 - pystorm.component.spout - INFO - - [pid=22266] - Emitting: spout [more years, so we are looking for something to replace it, as we]
2018-04-19 11:22:05,095 - pystorm.component.spout - INFO - - [pid=22266] - Emitting: spout [don't want Project Gutenberg to be so dependent on one person.]
2018-04-19 11:22:05,197 - pystorm.component.spout - INFO - - [pid=22266] - Emitting: spout []
2018-04-19 11:22:05,300 - pystorm.component.spout - INFO - - [pid=22266] - Emitting: spout [We need your donations more than ever!]
2018-04-19 11:22:05,402 - pystorm.component.spout - INFO - - [pid=22266] - Emitting: spout []
2018-04-19 11:22:05,504 - pystorm.component.spout - INFO - - [pid=22266] - Emitting: spout []
2018-04-19 11:22:05,607 - pystorm.component.spout - INFO - - [pid=22266] - Emitting: spout [All donations should be made to "Project Gutenberg/CMU": and are]
2018-04-19 11:22:05,709 - pystorm.component.spout - INFO - - [pid=22266] - Emitting: spout [tax deductible to the extent allowable by law.  (CMU = Carnegie-]
2018-04-19 11:22:05,810 - pystorm.component.spout - INFO - - [pid=22266] - Emitting: spout [Mellon University).]
2018-04-19 11:22:05,912 - pystorm.component.spout - INFO - - [pid=22266] - Emitting: spout []
2018-04-19 11:22:06,013 - pystorm.component.spout - INFO - - [pid=22266] - Emitting: spout [For these and other matters, please mail to:]
2018-04-19 11:22:06,115 - pystorm.component.spout - INFO - - [pid=22266] - Emitting: spout []
2018-04-19 11:22:06,217 - pystorm.component.spout - INFO - - [pid=22266] - Emitting: spout [Project Gutenberg]
2018-04-19 11:22:06,318 - pystorm.component.spout - INFO - - [pid=22266] - Emitting: spout [P. O. Box  2782]
2018-04-19 11:22:06,421 - pystorm.component.spout - INFO - - [pid=22266] - Emitting: spout [Champaign, IL 61825]
2018-04-19 11:22:06,523 - pystorm.component.spout - INFO - - [pid=22266] - Emitting: spout []
2018-04-19 11:22:06,625 - pystorm.component.spout - INFO - - [pid=22266] - Emitting: spout [When all other email fails. . .try our Executive Director:]
2018-04-19 11:22:06,727 - pystorm.component.spout - INFO - - [pid=22266] - Emitting: spout [Michael S. Hart <hart@pobox.com>]
2018-04-19 11:22:06,829 - pystorm.component.spout - INFO - - [pid=22266] - Emitting: spout [hart@pobox.com forwards to hart@prairienet.org and archive.org]
2018-04-19 11:22:06,931 - pystorm.component.spout - INFO - - [pid=22266] - Emitting: spout [if your mail bounces from archive.org, I will still see it, if]
2018-04-19 11:22:07,033 - pystorm.component.spout - INFO - - [pid=22266] - Emitting: spout [it bounces from prairienet.org, better resend later on. . . .]
2018-04-19 11:22:07,135 - pystorm.component.spout - INFO - - [pid=22266] - Emitting: spout []
2018-04-19 11:22:07,236 - pystorm.component.spout - INFO - - [pid=22266] - Emitting: spout [We would prefer to send you this information by email.]
2018-04-19 11:22:07,339 - pystorm.component.spout - INFO - - [pid=22266] - Emitting: spout []
2018-04-19 11:22:07,441 - pystorm.component.spout - INFO - - [pid=22266] - Emitting: spout [******]
2018-04-19 11:22:07,543 - pystorm.component.spout - INFO - - [pid=22266] - Emitting: spout []
2018-04-19 11:22:07,646 - pystorm.component.spout - INFO - - [pid=22266] - Emitting: spout [To access Project Gutenberg etexts, use any Web browser]
2018-04-19 11:22:07,748 - pystorm.component.spout - INFO - - [pid=22266] - Emitting: spout [to view http://promo.net/pg.  This site lists Etexts by]
2018-04-19 11:22:07,849 - pystorm.component.spout - INFO - - [pid=22266] - Emitting: spout [author and by title, and includes information about how]
2018-04-19 11:22:07,951 - pystorm.component.spout - INFO - - [pid=22266] - Emitting: spout [to get involved with Project Gutenberg.  You could also]
2018-04-19 11:22:08,053 - pystorm.component.spout - INFO - - [pid=22266] - Emitting: spout [download our past Newsletters, or subscribe here.  This]
2018-04-19 11:22:08,155 - pystorm.component.spout - INFO - - [pid=22266] - Emitting: spout [is one of our major sites, please email hart@pobox.com,]
2018-04-19 11:22:08,256 - pystorm.component.spout - INFO - - [pid=22266] - Emitting: spout [for a more complete list of our various sites.]
2018-04-19 11:22:08,357 - pystorm.component.spout - INFO - - [pid=22266] - Emitting: spout []
2018-04-19 11:22:08,458 - pystorm.component.spout - INFO - - [pid=22266] - Emitting: spout [To go directly to the etext collections, use FTP or any]
2018-04-19 11:22:08,559 - pystorm.component.spout - INFO - - [pid=22266] - Emitting: spout [Web browser to visit a Project Gutenberg mirror (mirror]
2018-04-19 11:22:08,660 - pystorm.component.spout - INFO - - [pid=22266] - Emitting: spout [sites are available on 7 continents; mirrors are listed]
2018-04-19 11:22:08,769 - pystorm.component.spout - INFO - - [pid=22266] - Emitting: spout [at http://promo.net/pg).]
2018-04-19 11:22:08,870 - pystorm.component.spout - INFO - - [pid=22266] - Emitting: spout []
2018-04-19 11:22:08,970 - pystorm.component.spout - INFO - - [pid=22266] - Emitting: spout [Mac users, do NOT point and click, typing works better.]
2018-04-19 11:22:09,071 - pystorm.component.spout - INFO - - [pid=22266] - Emitting: spout []
2018-04-19 11:22:09,172 - pystorm.component.spout - INFO - - [pid=22266] - Emitting: spout [Example FTP session:]
2018-04-19 11:22:09,273 - pystorm.component.spout - INFO - - [pid=22266] - Emitting: spout []
2018-04-19 11:22:09,374 - pystorm.component.spout - INFO - - [pid=22266] - Emitting: spout [ftp sunsite.unc.edu]
2018-04-19 11:22:09,475 - pystorm.component.spout - INFO - - [pid=22266] - Emitting: spout [login: anonymous]
2018-04-19 11:22:09,589 - pystorm.component.spout - INFO - - [pid=22266] - Emitting: spout [password: your@login]
2018-04-19 11:22:09,690 - pystorm.component.spout - INFO - - [pid=22266] - Emitting: spout [cd pub/docs/books/gutenberg]
2018-04-19 11:22:09,793 - pystorm.component.spout - INFO - - [pid=22266] - Emitting: spout [cd etext90 through etext99]
2018-04-19 11:22:09,894 - pystorm.component.spout - INFO - - [pid=22266] - Emitting: spout [dir [to see files]]
2018-04-19 11:22:09,995 - pystorm.component.spout - INFO - - [pid=22266] - Emitting: spout [get or mget [to get files. . .set bin for zip files]]
2018-04-19 11:22:10,098 - pystorm.component.spout - INFO - - [pid=22266] - Emitting: spout [GET GUTINDEX.??  [to get a year's listing of books, e.g., GUTINDEX.99]]
2018-04-19 11:22:10,199 - pystorm.component.spout - INFO - - [pid=22266] - Emitting: spout [GET GUTINDEX.ALL [to get a listing of ALL books]]
2018-04-19 11:22:10,300 - pystorm.component.spout - INFO - - [pid=22266] - Emitting: spout []
2018-04-19 11:22:10,401 - pystorm.component.spout - INFO - - [pid=22266] - Emitting: spout [***]
2018-04-19 11:22:10,502 - pystorm.component.spout - INFO - - [pid=22266] - Emitting: spout []
2018-04-19 11:22:10,603 - pystorm.component.spout - INFO - - [pid=22266] - Emitting: spout [**Information prepared by the Project Gutenberg legal advisor**]
2018-04-19 11:22:10,704 - pystorm.component.spout - INFO - - [pid=22266] - Emitting: spout []
2018-04-19 11:22:10,805 - pystorm.component.spout - INFO - - [pid=22266] - Emitting: spout [(Three Pages)]
2018-04-19 11:22:10,910 - pystorm.component.spout - INFO - - [pid=22266] - Emitting: spout []
2018-04-19 11:22:11,010 - pystorm.component.spout - INFO - - [pid=22266] - Emitting: spout []
2018-04-19 11:22:11,111 - pystorm.component.spout - INFO - - [pid=22266] - Emitting: spout [***START**THE SMALL PRINT!**FOR PUBLIC DOMAIN ETEXTS**START***]
2018-04-19 11:22:11,212 - pystorm.component.spout - INFO - - [pid=22266] - Emitting: spout [Why is this "Small Print!" statement here?  You know: lawyers.]
2018-04-19 11:22:11,313 - pystorm.component.spout - INFO - - [pid=22266] - Emitting: spout [They tell us you might sue us if there is something wrong with]
2018-04-19 11:22:11,413 - pystorm.component.spout - INFO - - [pid=22266] - Emitting: spout [your copy of this etext, even if you got it for free from]
2018-04-19 11:22:11,514 - pystorm.component.spout - INFO - - [pid=22266] - Emitting: spout [someone other than us, and even if what's wrong is not our]
2018-04-19 11:22:11,615 - pystorm.component.spout - INFO - - [pid=22266] - Emitting: spout [fault.  So, among other things, this "Small Print!" statement]
2018-04-19 11:22:11,716 - pystorm.component.spout - INFO - - [pid=22266] - Emitting: spout [disclaims most of our liability to you.  It also tells you how]
2018-04-19 11:22:11,817 - pystorm.component.spout - INFO - - [pid=22266] - Emitting: spout [you can distribute copies of this etext if you want to.]
2018-04-19 11:22:11,918 - pystorm.component.spout - INFO - - [pid=22266] - Emitting: spout []
2018-04-19 11:22:12,022 - pystorm.component.spout - INFO - - [pid=22266] - Emitting: spout [*BEFORE!* YOU USE OR READ THIS ETEXT]
2018-04-19 11:22:12,123 - pystorm.component.spout - INFO - - [pid=22266] - Emitting: spout [By using or reading any part of this PROJECT GUTENBERG-tm]
2018-04-19 11:22:12,224 - pystorm.component.spout - INFO - - [pid=22266] - Emitting: spout [etext, you indicate that you understand, agree to and accept]
2018-04-19 11:22:12,325 - pystorm.component.spout - INFO - - [pid=22266] - Emitting: spout [this "Small Print!" statement.  If you do not, you can receive]
2018-04-19 11:22:12,426 - pystorm.component.spout - INFO - - [pid=22266] - Emitting: spout [a refund of the money (if any) you paid for this etext by]
2018-04-19 11:22:12,527 - pystorm.component.spout - INFO - - [pid=22266] - Emitting: spout [sending a request within 30 days of receiving it to the person]
2018-04-19 11:22:12,628 - pystorm.component.spout - INFO - - [pid=22266] - Emitting: spout [you got it from.  If you received this etext on a physical]
2018-04-19 11:22:12,729 - pystorm.component.spout - INFO - - [pid=22266] - Emitting: spout [medium (such as a disk), you must return it with your request.]
2018-04-19 11:22:12,830 - pystorm.component.spout - INFO - - [pid=22266] - Emitting: spout []
2018-04-19 11:22:12,931 - pystorm.component.spout - INFO - - [pid=22266] - Emitting: spout [ABOUT PROJECT GUTENBERG-TM ETEXTS]
2018-04-19 11:22:13,032 - pystorm.component.spout - INFO - - [pid=22266] - Emitting: spout [This PROJECT GUTENBERG-tm etext, like most PROJECT GUTENBERG-]
2018-04-19 11:22:13,133 - pystorm.component.spout - INFO - - [pid=22266] - Emitting: spout [tm etexts, is a "public domain" work distributed by Professor]
2018-04-19 11:22:13,234 - pystorm.component.spout - INFO - - [pid=22266] - Emitting: spout [Michael S. Hart through the Project Gutenberg Association at]
2018-04-19 11:22:13,335 - pystorm.component.spout - INFO - - [pid=22266] - Emitting: spout [Carnegie-Mellon University (the "Project").  Among other]
2018-04-19 11:22:13,436 - pystorm.component.spout - INFO - - [pid=22266] - Emitting: spout [things, this means that no one owns a United States copyright]
2018-04-19 11:22:13,537 - pystorm.component.spout - INFO - - [pid=22266] - Emitting: spout [on or for this work, so the Project (and you!) can copy and]
2018-04-19 11:22:13,638 - pystorm.component.spout - INFO - - [pid=22266] - Emitting: spout [distribute it in the United States without permission and]
2018-04-19 11:22:13,739 - pystorm.component.spout - INFO - - [pid=22266] - Emitting: spout [without paying copyright royalties.  Special rules, set forth]
2018-04-19 11:22:13,840 - pystorm.component.spout - INFO - - [pid=22266] - Emitting: spout [below, apply if you wish to copy and distribute this etext]
2018-04-19 11:22:13,940 - pystorm.component.spout - INFO - - [pid=22266] - Emitting: spout [under the Project's "PROJECT GUTENBERG" trademark.]
2018-04-19 11:22:14,041 - pystorm.component.spout - INFO - - [pid=22266] - Emitting: spout []
2018-04-19 11:22:14,142 - pystorm.component.spout - INFO - - [pid=22266] - Emitting: spout [To create these etexts, the Project expends considerable]
2018-04-19 11:22:14,243 - pystorm.component.spout - INFO - - [pid=22266] - Emitting: spout [efforts to identify, transcribe and proofread public domain]
2018-04-19 11:22:14,344 - pystorm.component.spout - INFO - - [pid=22266] - Emitting: spout [works.  Despite these efforts, the Project's etexts and any]
2018-04-19 11:22:14,445 - pystorm.component.spout - INFO - - [pid=22266] - Emitting: spout [medium they may be on may contain "Defects".  Among other]
2018-04-19 11:22:14,546 - pystorm.component.spout - INFO - - [pid=22266] - Emitting: spout [things, Defects may take the form of incomplete, inaccurate or]
2018-04-19 11:22:14,647 - pystorm.component.spout - INFO - - [pid=22266] - Emitting: spout [corrupt data, transcription errors, a copyright or other]
2018-04-19 11:22:14,747 - pystorm.component.spout - INFO - - [pid=22266] - Emitting: spout [intellectual property infringement, a defective or damaged]
2018-04-19 11:22:14,848 - pystorm.component.spout - INFO - - [pid=22266] - Emitting: spout [disk or other etext medium, a computer virus, or computer]
2018-04-19 11:22:14,949 - pystorm.component.spout - INFO - - [pid=22266] - Emitting: spout [codes that damage or cannot be read by your equipment.]
2018-04-19 11:22:15,050 - pystorm.component.spout - INFO - - [pid=22266] - Emitting: spout []
2018-04-19 11:22:15,152 - pystorm.component.spout - INFO - - [pid=22266] - Emitting: spout [LIMITED WARRANTY; DISCLAIMER OF DAMAGES]
2018-04-19 11:22:15,253 - pystorm.component.spout - INFO - - [pid=22266] - Emitting: spout [But for the "Right of Replacement or Refund" described below,]
2018-04-19 11:22:15,353 - pystorm.component.spout - INFO - - [pid=22266] - Emitting: spout [[1] the Project (and any other party you may receive this]
2018-04-19 11:22:15,454 - pystorm.component.spout - INFO - - [pid=22266] - Emitting: spout [etext from as a PROJECT GUTENBERG-tm etext) disclaims all]
2018-04-19 11:22:15,555 - pystorm.component.spout - INFO - - [pid=22266] - Emitting: spout [liability to you for damages, costs and expenses, including]
2018-04-19 11:22:15,656 - pystorm.component.spout - INFO - - [pid=22266] - Emitting: spout [legal fees, and [2] YOU HAVE NO REMEDIES FOR NEGLIGENCE OR]
2018-04-19 11:22:15,757 - pystorm.component.spout - INFO - - [pid=22266] - Emitting: spout [UNDER STRICT LIABILITY, OR FOR BREACH OF WARRANTY OR CONTRACT,]
2018-04-19 11:22:15,857 - pystorm.component.spout - INFO - - [pid=22266] - Emitting: spout [INCLUDING BUT NOT LIMITED TO INDIRECT, CONSEQUENTIAL, PUNITIVE]
2018-04-19 11:22:15,958 - pystorm.component.spout - INFO - - [pid=22266] - Emitting: spout [OR INCIDENTAL DAMAGES, EVEN IF YOU GIVE NOTICE OF THE]
2018-04-19 11:22:16,059 - pystorm.component.spout - INFO - - [pid=22266] - Emitting: spout [POSSIBILITY OF SUCH DAMAGES.]
2018-04-19 11:22:16,160 - pystorm.component.spout - INFO - - [pid=22266] - Emitting: spout []
2018-04-19 11:22:16,260 - pystorm.component.spout - INFO - - [pid=22266] - Emitting: spout [If you discover a Defect in this etext within 90 days of]
2018-04-19 11:22:16,362 - pystorm.component.spout - INFO - - [pid=22266] - Emitting: spout [receiving it, you can receive a refund of the money (if any)]
2018-04-19 11:22:16,463 - pystorm.component.spout - INFO - - [pid=22266] - Emitting: spout [you paid for it by sending an explanatory note within that]
2018-04-19 11:22:16,564 - pystorm.component.spout - INFO - - [pid=22266] - Emitting: spout [time to the person you received it from.  If you received it]
2018-04-19 11:22:16,665 - pystorm.component.spout - INFO - - [pid=22266] - Emitting: spout [on a physical medium, you must return it with your note, and]
2018-04-19 11:22:16,765 - pystorm.component.spout - INFO - - [pid=22266] - Emitting: spout [such person may choose to alternatively give you a replacement]
2018-04-19 11:22:16,866 - pystorm.component.spout - INFO - - [pid=22266] - Emitting: spout [copy.  If you received it electronically, such person may]
2018-04-19 11:22:16,967 - pystorm.component.spout - INFO - - [pid=22266] - Emitting: spout [choose to alternatively give you a second opportunity to]
2018-04-19 11:22:17,068 - pystorm.component.spout - INFO - - [pid=22266] - Emitting: spout [receive it electronically.]
2018-04-19 11:22:17,168 - pystorm.component.spout - INFO - - [pid=22266] - Emitting: spout []
2018-04-19 11:22:17,269 - pystorm.component.spout - INFO - - [pid=22266] - Emitting: spout [THIS ETEXT IS OTHERWISE PROVIDED TO YOU "AS-IS".  NO OTHER]
2018-04-19 11:22:17,370 - pystorm.component.spout - INFO - - [pid=22266] - Emitting: spout [WARRANTIES OF ANY KIND, EXPRESS OR IMPLIED, ARE MADE TO YOU AS]
2018-04-19 11:22:17,471 - pystorm.component.spout - INFO - - [pid=22266] - Emitting: spout [TO THE ETEXT OR ANY MEDIUM IT MAY BE ON, INCLUDING BUT NOT]
2018-04-19 11:22:17,576 - pystorm.component.spout - INFO - - [pid=22266] - Emitting: spout [LIMITED TO WARRANTIES OF MERCHANTABILITY OR FITNESS FOR A]
2018-04-19 11:22:17,677 - pystorm.component.spout - INFO - - [pid=22266] - Emitting: spout [PARTICULAR PURPOSE.]
2018-04-19 11:22:17,778 - pystorm.component.spout - INFO - - [pid=22266] - Emitting: spout []
2018-04-19 11:22:17,879 - pystorm.component.spout - INFO - - [pid=22266] - Emitting: spout [Some states do not allow disclaimers of implied warranties or]
2018-04-19 11:22:17,980 - pystorm.component.spout - INFO - - [pid=22266] - Emitting: spout [the exclusion or limitation of consequential damages, so the]
2018-04-19 11:22:18,084 - pystorm.component.spout - INFO - - [pid=22266] - Emitting: spout [above disclaimers and exclusions may not apply to you, and you]
2018-04-19 11:22:18,186 - pystorm.component.spout - INFO - - [pid=22266] - Emitting: spout [may have other legal rights.]
2018-04-19 11:22:18,288 - pystorm.component.spout - INFO - - [pid=22266] - Emitting: spout []
