2018-04-19 03:22:47,847 - pystorm.component.split - INFO - - [pid=18499] - Processing received message [***The Project Gutenberg's Etext of Shakespeare's First Folio***]
2018-04-19 03:22:47,847 - pystorm.component.split - INFO - - [pid=18499] - Emitting: split [***The]
2018-04-19 03:22:47,848 - pystorm.component.split - INFO - - [pid=18499] - Emitting: split [Project]
2018-04-19 03:22:47,848 - pystorm.component.split - INFO - - [pid=18499] - Emitting: split [Gutenberg's]
2018-04-19 03:22:47,848 - pystorm.component.split - INFO - - [pid=18499] - Emitting: split [Etext]
2018-04-19 03:22:47,849 - pystorm.component.split - INFO - - [pid=18499] - Emitting: split [of]
2018-04-19 03:22:47,849 - pystorm.component.split - INFO - - [pid=18499] - Emitting: split [Shakespeare's]
2018-04-19 03:22:47,849 - pystorm.component.split - INFO - - [pid=18499] - Emitting: split [First]
2018-04-19 03:22:47,849 - pystorm.component.split - INFO - - [pid=18499] - Emitting: split [Folio***]
2018-04-19 03:22:47,942 - pystorm.component.split - INFO - - [pid=18499] - Processing received message [********************The Tragedie of Macbeth*********************]
2018-04-19 03:22:47,942 - pystorm.component.split - INFO - - [pid=18499] - Emitting: split [********************The]
2018-04-19 03:22:47,942 - pystorm.component.split - INFO - - [pid=18499] - Emitting: split [Tragedie]
2018-04-19 03:22:47,942 - pystorm.component.split - INFO - - [pid=18499] - Emitting: split [of]
2018-04-19 03:22:47,942 - pystorm.component.split - INFO - - [pid=18499] - Emitting: split [Macbeth*********************]
2018-04-19 03:22:48,051 - pystorm.component.split - INFO - - [pid=18499] - Processing received message []
2018-04-19 03:22:48,148 - pystorm.component.split - INFO - - [pid=18499] - Processing received message [This is our 3rd edition of most of these plays.  See the index.]
2018-04-19 03:22:48,148 - pystorm.component.split - INFO - - [pid=18499] - Emitting: split [This]
2018-04-19 03:22:48,148 - pystorm.component.split - INFO - - [pid=18499] - Emitting: split [is]
2018-04-19 03:22:48,148 - pystorm.component.split - INFO - - [pid=18499] - Emitting: split [our]
2018-04-19 03:22:48,149 - pystorm.component.split - INFO - - [pid=18499] - Emitting: split [3rd]
2018-04-19 03:22:48,149 - pystorm.component.split - INFO - - [pid=18499] - Emitting: split [edition]
2018-04-19 03:22:48,149 - pystorm.component.split - INFO - - [pid=18499] - Emitting: split [of]
2018-04-19 03:22:48,149 - pystorm.component.split - INFO - - [pid=18499] - Emitting: split [most]
2018-04-19 03:22:48,149 - pystorm.component.split - INFO - - [pid=18499] - Emitting: split [of]
2018-04-19 03:22:48,149 - pystorm.component.split - INFO - - [pid=18499] - Emitting: split [these]
2018-04-19 03:22:48,150 - pystorm.component.split - INFO - - [pid=18499] - Emitting: split [plays.]
2018-04-19 03:22:48,150 - pystorm.component.split - INFO - - [pid=18499] - Emitting: split [See]
2018-04-19 03:22:48,150 - pystorm.component.split - INFO - - [pid=18499] - Emitting: split [the]
2018-04-19 03:22:48,150 - pystorm.component.split - INFO - - [pid=18499] - Emitting: split [index.]
2018-04-19 03:22:48,249 - pystorm.component.split - INFO - - [pid=18499] - Processing received message []
2018-04-19 03:22:48,351 - pystorm.component.split - INFO - - [pid=18499] - Processing received message []
2018-04-19 03:22:48,456 - pystorm.component.split - INFO - - [pid=18499] - Processing received message [Copyright laws are changing all over the world, be sure to check]
2018-04-19 03:22:48,456 - pystorm.component.split - INFO - - [pid=18499] - Emitting: split [Copyright]
2018-04-19 03:22:48,456 - pystorm.component.split - INFO - - [pid=18499] - Emitting: split [laws]
2018-04-19 03:22:48,456 - pystorm.component.split - INFO - - [pid=18499] - Emitting: split [are]
2018-04-19 03:22:48,456 - pystorm.component.split - INFO - - [pid=18499] - Emitting: split [changing]
2018-04-19 03:22:48,457 - pystorm.component.split - INFO - - [pid=18499] - Emitting: split [all]
2018-04-19 03:22:48,457 - pystorm.component.split - INFO - - [pid=18499] - Emitting: split [over]
2018-04-19 03:22:48,457 - pystorm.component.split - INFO - - [pid=18499] - Emitting: split [the]
2018-04-19 03:22:48,457 - pystorm.component.split - INFO - - [pid=18499] - Emitting: split [world,]
2018-04-19 03:22:48,457 - pystorm.component.split - INFO - - [pid=18499] - Emitting: split [be]
2018-04-19 03:22:48,457 - pystorm.component.split - INFO - - [pid=18499] - Emitting: split [sure]
2018-04-19 03:22:48,458 - pystorm.component.split - INFO - - [pid=18499] - Emitting: split [to]
2018-04-19 03:22:48,458 - pystorm.component.split - INFO - - [pid=18499] - Emitting: split [check]
2018-04-19 03:22:48,556 - pystorm.component.split - INFO - - [pid=18499] - Processing received message [the copyright laws for your country before posting these files!!]
2018-04-19 03:22:48,556 - pystorm.component.split - INFO - - [pid=18499] - Emitting: split [the]
2018-04-19 03:22:48,557 - pystorm.component.split - INFO - - [pid=18499] - Emitting: split [copyright]
2018-04-19 03:22:48,557 - pystorm.component.split - INFO - - [pid=18499] - Emitting: split [laws]
2018-04-19 03:22:48,557 - pystorm.component.split - INFO - - [pid=18499] - Emitting: split [for]
2018-04-19 03:22:48,557 - pystorm.component.split - INFO - - [pid=18499] - Emitting: split [your]
2018-04-19 03:22:48,557 - pystorm.component.split - INFO - - [pid=18499] - Emitting: split [country]
2018-04-19 03:22:48,558 - pystorm.component.split - INFO - - [pid=18499] - Emitting: split [before]
2018-04-19 03:22:48,558 - pystorm.component.split - INFO - - [pid=18499] - Emitting: split [posting]
2018-04-19 03:22:48,558 - pystorm.component.split - INFO - - [pid=18499] - Emitting: split [these]
2018-04-19 03:22:48,558 - pystorm.component.split - INFO - - [pid=18499] - Emitting: split [files!!]
2018-04-19 03:22:48,659 - pystorm.component.split - INFO - - [pid=18499] - Processing received message []
2018-04-19 03:22:48,758 - pystorm.component.split - INFO - - [pid=18499] - Processing received message [Please take a look at the important information in this header.]
2018-04-19 03:22:48,758 - pystorm.component.split - INFO - - [pid=18499] - Emitting: split [Please]
2018-04-19 03:22:48,759 - pystorm.component.split - INFO - - [pid=18499] - Emitting: split [take]
2018-04-19 03:22:48,759 - pystorm.component.split - INFO - - [pid=18499] - Emitting: split [a]
2018-04-19 03:22:48,759 - pystorm.component.split - INFO - - [pid=18499] - Emitting: split [look]
2018-04-19 03:22:48,759 - pystorm.component.split - INFO - - [pid=18499] - Emitting: split [at]
2018-04-19 03:22:48,759 - pystorm.component.split - INFO - - [pid=18499] - Emitting: split [the]
2018-04-19 03:22:48,759 - pystorm.component.split - INFO - - [pid=18499] - Emitting: split [important]
2018-04-19 03:22:48,760 - pystorm.component.split - INFO - - [pid=18499] - Emitting: split [information]
2018-04-19 03:22:48,760 - pystorm.component.split - INFO - - [pid=18499] - Emitting: split [in]
2018-04-19 03:22:48,760 - pystorm.component.split - INFO - - [pid=18499] - Emitting: split [this]
2018-04-19 03:22:48,760 - pystorm.component.split - INFO - - [pid=18499] - Emitting: split [header.]
2018-04-19 03:22:48,860 - pystorm.component.split - INFO - - [pid=18499] - Processing received message [We encourage you to keep this file on your own disk, keeping an]
2018-04-19 03:22:48,860 - pystorm.component.split - INFO - - [pid=18499] - Emitting: split [We]
2018-04-19 03:22:48,861 - pystorm.component.split - INFO - - [pid=18499] - Emitting: split [encourage]
2018-04-19 03:22:48,861 - pystorm.component.split - INFO - - [pid=18499] - Emitting: split [you]
2018-04-19 03:22:48,861 - pystorm.component.split - INFO - - [pid=18499] - Emitting: split [to]
2018-04-19 03:22:48,861 - pystorm.component.split - INFO - - [pid=18499] - Emitting: split [keep]
2018-04-19 03:22:48,861 - pystorm.component.split - INFO - - [pid=18499] - Emitting: split [this]
2018-04-19 03:22:48,861 - pystorm.component.split - INFO - - [pid=18499] - Emitting: split [file]
2018-04-19 03:22:48,862 - pystorm.component.split - INFO - - [pid=18499] - Emitting: split [on]
2018-04-19 03:22:48,862 - pystorm.component.split - INFO - - [pid=18499] - Emitting: split [your]
2018-04-19 03:22:48,862 - pystorm.component.split - INFO - - [pid=18499] - Emitting: split [own]
2018-04-19 03:22:48,862 - pystorm.component.split - INFO - - [pid=18499] - Emitting: split [disk,]
2018-04-19 03:22:48,862 - pystorm.component.split - INFO - - [pid=18499] - Emitting: split [keeping]
2018-04-19 03:22:48,862 - pystorm.component.split - INFO - - [pid=18499] - Emitting: split [an]
2018-04-19 03:22:48,960 - pystorm.component.split - INFO - - [pid=18499] - Processing received message [electronic path open for the next readers.  Do not remove this.]
2018-04-19 03:22:48,960 - pystorm.component.split - INFO - - [pid=18499] - Emitting: split [electronic]
2018-04-19 03:22:48,960 - pystorm.component.split - INFO - - [pid=18499] - Emitting: split [path]
2018-04-19 03:22:48,961 - pystorm.component.split - INFO - - [pid=18499] - Emitting: split [open]
2018-04-19 03:22:48,961 - pystorm.component.split - INFO - - [pid=18499] - Emitting: split [for]
2018-04-19 03:22:48,961 - pystorm.component.split - INFO - - [pid=18499] - Emitting: split [the]
2018-04-19 03:22:48,961 - pystorm.component.split - INFO - - [pid=18499] - Emitting: split [next]
2018-04-19 03:22:48,961 - pystorm.component.split - INFO - - [pid=18499] - Emitting: split [readers.]
2018-04-19 03:22:48,961 - pystorm.component.split - INFO - - [pid=18499] - Emitting: split [Do]
2018-04-19 03:22:48,962 - pystorm.component.split - INFO - - [pid=18499] - Emitting: split [not]
2018-04-19 03:22:48,962 - pystorm.component.split - INFO - - [pid=18499] - Emitting: split [remove]
2018-04-19 03:22:48,962 - pystorm.component.split - INFO - - [pid=18499] - Emitting: split [this.]
2018-04-19 03:22:49,349 - pystorm.component - INFO - Exiting because parent Storm process went away.
