2018-04-19 03:20:33,570 - pystorm.component.spout - INFO - - [pid=17344] - Emitting: spout [the cow jumped over the moon]
2018-04-19 03:20:33,676 - pystorm.component.spout - INFO - - [pid=17344] - Emitting: spout [an apple a day keeps the doctor away]
2018-04-19 03:20:33,778 - pystorm.component.spout - INFO - - [pid=17344] - Emitting: spout [four score and seven years ago]
2018-04-19 03:20:33,881 - pystorm.component.spout - INFO - - [pid=17344] - Emitting: spout [snow white and the seven dwarfs]
2018-04-19 03:20:33,982 - pystorm.component.spout - INFO - - [pid=17344] - Emitting: spout [i am at two with nature]
2018-04-19 03:20:34,085 - pystorm.component.spout - INFO - - [pid=17344] - Emitting: spout [the cow jumped over the moon]
2018-04-19 03:20:34,188 - pystorm.component.spout - INFO - - [pid=17344] - Emitting: spout [an apple a day keeps the doctor away]
2018-04-19 03:20:34,289 - pystorm.component.spout - INFO - - [pid=17344] - Emitting: spout [four score and seven years ago]
2018-04-19 03:20:34,390 - pystorm.component.spout - INFO - - [pid=17344] - Emitting: spout [snow white and the seven dwarfs]
2018-04-19 03:20:34,494 - pystorm.component.spout - INFO - - [pid=17344] - Emitting: spout [i am at two with nature]
2018-04-19 03:20:34,597 - pystorm.component.spout - INFO - - [pid=17344] - Emitting: spout [the cow jumped over the moon]
2018-04-19 03:20:34,704 - pystorm.component.spout - INFO - - [pid=17344] - Emitting: spout [an apple a day keeps the doctor away]
2018-04-19 03:20:34,807 - pystorm.component.spout - INFO - - [pid=17344] - Emitting: spout [four score and seven years ago]
2018-04-19 03:20:34,908 - pystorm.component.spout - INFO - - [pid=17344] - Emitting: spout [snow white and the seven dwarfs]
2018-04-19 03:20:35,009 - pystorm.component.spout - INFO - - [pid=17344] - Emitting: spout [i am at two with nature]
2018-04-19 03:20:35,113 - pystorm.component.spout - INFO - - [pid=17344] - Emitting: spout [the cow jumped over the moon]
2018-04-19 03:20:35,216 - pystorm.component.spout - INFO - - [pid=17344] - Emitting: spout [an apple a day keeps the doctor away]
2018-04-19 03:20:35,320 - pystorm.component.spout - INFO - - [pid=17344] - Emitting: spout [four score and seven years ago]
2018-04-19 03:20:35,422 - pystorm.component.spout - INFO - - [pid=17344] - Emitting: spout [snow white and the seven dwarfs]
2018-04-19 03:20:35,524 - pystorm.component.spout - INFO - - [pid=17344] - Emitting: spout [i am at two with nature]
2018-04-19 03:20:35,626 - pystorm.component.spout - INFO - - [pid=17344] - Emitting: spout [the cow jumped over the moon]
2018-04-19 03:20:35,729 - pystorm.component.spout - INFO - - [pid=17344] - Emitting: spout [an apple a day keeps the doctor away]
2018-04-19 03:20:35,830 - pystorm.component.spout - INFO - - [pid=17344] - Emitting: spout [four score and seven years ago]
2018-04-19 03:20:35,933 - pystorm.component.spout - INFO - - [pid=17344] - Emitting: spout [snow white and the seven dwarfs]
2018-04-19 03:20:36,034 - pystorm.component.spout - INFO - - [pid=17344] - Emitting: spout [i am at two with nature]
2018-04-19 03:20:36,136 - pystorm.component.spout - INFO - - [pid=17344] - Emitting: spout [the cow jumped over the moon]
2018-04-19 03:20:36,240 - pystorm.component.spout - INFO - - [pid=17344] - Emitting: spout [an apple a day keeps the doctor away]
2018-04-19 03:20:36,342 - pystorm.component.spout - INFO - - [pid=17344] - Emitting: spout [four score and seven years ago]
2018-04-19 03:20:36,446 - pystorm.component.spout - INFO - - [pid=17344] - Emitting: spout [snow white and the seven dwarfs]
2018-04-19 03:20:36,549 - pystorm.component.spout - INFO - - [pid=17344] - Emitting: spout [i am at two with nature]
2018-04-19 03:20:36,651 - pystorm.component.spout - INFO - - [pid=17344] - Emitting: spout [the cow jumped over the moon]
2018-04-19 03:20:36,756 - pystorm.component.spout - INFO - - [pid=17344] - Emitting: spout [an apple a day keeps the doctor away]
2018-04-19 03:20:36,860 - pystorm.component.spout - INFO - - [pid=17344] - Emitting: spout [four score and seven years ago]
2018-04-19 03:20:36,963 - pystorm.component.spout - INFO - - [pid=17344] - Emitting: spout [snow white and the seven dwarfs]
2018-04-19 03:20:37,066 - pystorm.component.spout - INFO - - [pid=17344] - Emitting: spout [i am at two with nature]
2018-04-19 03:20:37,168 - pystorm.component.spout - INFO - - [pid=17344] - Emitting: spout [the cow jumped over the moon]
2018-04-19 03:20:37,269 - pystorm.component.spout - INFO - - [pid=17344] - Emitting: spout [an apple a day keeps the doctor away]
2018-04-19 03:20:37,372 - pystorm.component.spout - INFO - - [pid=17344] - Emitting: spout [four score and seven years ago]
2018-04-19 03:20:37,473 - pystorm.component.spout - INFO - - [pid=17344] - Emitting: spout [snow white and the seven dwarfs]
2018-04-19 03:20:37,574 - pystorm.component.spout - INFO - - [pid=17344] - Emitting: spout [i am at two with nature]
2018-04-19 03:20:37,675 - pystorm.component.spout - INFO - - [pid=17344] - Emitting: spout [the cow jumped over the moon]
2018-04-19 03:20:37,777 - pystorm.component.spout - INFO - - [pid=17344] - Emitting: spout [an apple a day keeps the doctor away]
2018-04-19 03:20:37,880 - pystorm.component.spout - INFO - - [pid=17344] - Emitting: spout [four score and seven years ago]
2018-04-19 03:20:37,982 - pystorm.component.spout - INFO - - [pid=17344] - Emitting: spout [snow white and the seven dwarfs]
2018-04-19 03:20:38,086 - pystorm.component.spout - INFO - - [pid=17344] - Emitting: spout [i am at two with nature]
2018-04-19 03:20:38,193 - pystorm.component.spout - INFO - - [pid=17344] - Emitting: spout [the cow jumped over the moon]
2018-04-19 03:20:38,295 - pystorm.component.spout - INFO - - [pid=17344] - Emitting: spout [an apple a day keeps the doctor away]
2018-04-19 03:20:38,398 - pystorm.component.spout - INFO - - [pid=17344] - Emitting: spout [four score and seven years ago]
2018-04-19 03:20:38,505 - pystorm.component.spout - INFO - - [pid=17344] - Emitting: spout [snow white and the seven dwarfs]
2018-04-19 03:20:38,607 - pystorm.component.spout - INFO - - [pid=17344] - Emitting: spout [i am at two with nature]
2018-04-19 03:20:38,710 - pystorm.component.spout - INFO - - [pid=17344] - Emitting: spout [the cow jumped over the moon]
2018-04-19 03:20:38,813 - pystorm.component.spout - INFO - - [pid=17344] - Emitting: spout [an apple a day keeps the doctor away]
2018-04-19 03:20:38,916 - pystorm.component.spout - INFO - - [pid=17344] - Emitting: spout [four score and seven years ago]
2018-04-19 03:20:39,017 - pystorm.component.spout - INFO - - [pid=17344] - Emitting: spout [snow white and the seven dwarfs]
2018-04-19 03:20:39,118 - pystorm.component.spout - INFO - - [pid=17344] - Emitting: spout [i am at two with nature]
2018-04-19 03:20:39,219 - pystorm.component.spout - INFO - - [pid=17344] - Emitting: spout [the cow jumped over the moon]
2018-04-19 03:20:39,320 - pystorm.component.spout - INFO - - [pid=17344] - Emitting: spout [an apple a day keeps the doctor away]
2018-04-19 03:20:39,421 - pystorm.component.spout - INFO - - [pid=17344] - Emitting: spout [four score and seven years ago]
2018-04-19 03:20:39,522 - pystorm.component.spout - INFO - - [pid=17344] - Emitting: spout [snow white and the seven dwarfs]
2018-04-19 03:20:39,624 - pystorm.component.spout - INFO - - [pid=17344] - Emitting: spout [i am at two with nature]
2018-04-19 03:20:39,726 - pystorm.component.spout - INFO - - [pid=17344] - Emitting: spout [the cow jumped over the moon]
2018-04-19 03:20:39,828 - pystorm.component.spout - INFO - - [pid=17344] - Emitting: spout [an apple a day keeps the doctor away]
2018-04-19 03:20:39,931 - pystorm.component.spout - INFO - - [pid=17344] - Emitting: spout [four score and seven years ago]
2018-04-19 03:20:40,033 - pystorm.component.spout - INFO - - [pid=17344] - Emitting: spout [snow white and the seven dwarfs]
2018-04-19 03:20:40,136 - pystorm.component.spout - INFO - - [pid=17344] - Emitting: spout [i am at two with nature]
2018-04-19 03:20:40,237 - pystorm.component.spout - INFO - - [pid=17344] - Emitting: spout [the cow jumped over the moon]
2018-04-19 03:20:40,340 - pystorm.component.spout - INFO - - [pid=17344] - Emitting: spout [an apple a day keeps the doctor away]
2018-04-19 03:20:40,442 - pystorm.component.spout - INFO - - [pid=17344] - Emitting: spout [four score and seven years ago]
2018-04-19 03:20:40,545 - pystorm.component.spout - INFO - - [pid=17344] - Emitting: spout [snow white and the seven dwarfs]
2018-04-19 03:20:40,648 - pystorm.component.spout - INFO - - [pid=17344] - Emitting: spout [i am at two with nature]
2018-04-19 03:20:40,750 - pystorm.component.spout - INFO - - [pid=17344] - Emitting: spout [the cow jumped over the moon]
2018-04-19 03:20:40,853 - pystorm.component.spout - INFO - - [pid=17344] - Emitting: spout [an apple a day keeps the doctor away]
2018-04-19 03:20:40,956 - pystorm.component.spout - INFO - - [pid=17344] - Emitting: spout [four score and seven years ago]
2018-04-19 03:20:41,059 - pystorm.component.spout - INFO - - [pid=17344] - Emitting: spout [snow white and the seven dwarfs]
2018-04-19 03:20:41,161 - pystorm.component.spout - INFO - - [pid=17344] - Emitting: spout [i am at two with nature]
2018-04-19 03:20:41,263 - pystorm.component.spout - INFO - - [pid=17344] - Emitting: spout [the cow jumped over the moon]
2018-04-19 03:20:41,365 - pystorm.component.spout - INFO - - [pid=17344] - Emitting: spout [an apple a day keeps the doctor away]
2018-04-19 03:20:41,466 - pystorm.component.spout - INFO - - [pid=17344] - Emitting: spout [four score and seven years ago]
2018-04-19 03:20:41,567 - pystorm.component.spout - INFO - - [pid=17344] - Emitting: spout [snow white and the seven dwarfs]
2018-04-19 03:20:41,668 - pystorm.component.spout - INFO - - [pid=17344] - Emitting: spout [i am at two with nature]
2018-04-19 03:20:41,772 - pystorm.component.spout - INFO - - [pid=17344] - Emitting: spout [the cow jumped over the moon]
2018-04-19 03:20:41,874 - pystorm.component.spout - INFO - - [pid=17344] - Emitting: spout [an apple a day keeps the doctor away]
2018-04-19 03:20:41,976 - pystorm.component.spout - INFO - - [pid=17344] - Emitting: spout [four score and seven years ago]
2018-04-19 03:20:42,078 - pystorm.component.spout - INFO - - [pid=17344] - Emitting: spout [snow white and the seven dwarfs]
2018-04-19 03:20:42,180 - pystorm.component.spout - INFO - - [pid=17344] - Emitting: spout [i am at two with nature]
2018-04-19 03:20:42,285 - pystorm.component.spout - INFO - - [pid=17344] - Emitting: spout [the cow jumped over the moon]
2018-04-19 03:20:42,387 - pystorm.component.spout - INFO - - [pid=17344] - Emitting: spout [an apple a day keeps the doctor away]
2018-04-19 03:20:42,493 - pystorm.component.spout - INFO - - [pid=17344] - Emitting: spout [four score and seven years ago]
2018-04-19 03:20:42,599 - pystorm.component.spout - INFO - - [pid=17344] - Emitting: spout [snow white and the seven dwarfs]
2018-04-19 03:20:42,700 - pystorm.component.spout - INFO - - [pid=17344] - Emitting: spout [i am at two with nature]
2018-04-19 03:20:42,801 - pystorm.component.spout - INFO - - [pid=17344] - Emitting: spout [the cow jumped over the moon]
2018-04-19 03:20:42,903 - pystorm.component.spout - INFO - - [pid=17344] - Emitting: spout [an apple a day keeps the doctor away]
2018-04-19 03:20:43,006 - pystorm.component.spout - INFO - - [pid=17344] - Emitting: spout [four score and seven years ago]
2018-04-19 03:20:43,108 - pystorm.component.spout - INFO - - [pid=17344] - Emitting: spout [snow white and the seven dwarfs]
2018-04-19 03:20:43,210 - pystorm.component.spout - INFO - - [pid=17344] - Emitting: spout [i am at two with nature]
2018-04-19 03:20:43,311 - pystorm.component.spout - INFO - - [pid=17344] - Emitting: spout [the cow jumped over the moon]
2018-04-19 03:20:43,412 - pystorm.component.spout - INFO - - [pid=17344] - Emitting: spout [an apple a day keeps the doctor away]
2018-04-19 03:20:43,514 - pystorm.component.spout - INFO - - [pid=17344] - Emitting: spout [four score and seven years ago]
2018-04-19 03:20:43,617 - pystorm.component.spout - INFO - - [pid=17344] - Emitting: spout [snow white and the seven dwarfs]
2018-04-19 03:20:43,718 - pystorm.component.spout - INFO - - [pid=17344] - Emitting: spout [i am at two with nature]
2018-04-19 03:20:43,820 - pystorm.component.spout - INFO - - [pid=17344] - Emitting: spout [the cow jumped over the moon]
2018-04-19 03:20:43,922 - pystorm.component.spout - INFO - - [pid=17344] - Emitting: spout [an apple a day keeps the doctor away]
2018-04-19 03:20:44,024 - pystorm.component.spout - INFO - - [pid=17344] - Emitting: spout [four score and seven years ago]
2018-04-19 03:20:44,127 - pystorm.component.spout - INFO - - [pid=17344] - Emitting: spout [snow white and the seven dwarfs]
2018-04-19 03:20:44,229 - pystorm.component.spout - INFO - - [pid=17344] - Emitting: spout [i am at two with nature]
2018-04-19 03:20:44,332 - pystorm.component.spout - INFO - - [pid=17344] - Emitting: spout [the cow jumped over the moon]
2018-04-19 03:20:44,434 - pystorm.component.spout - INFO - - [pid=17344] - Emitting: spout [an apple a day keeps the doctor away]
2018-04-19 03:20:44,536 - pystorm.component.spout - INFO - - [pid=17344] - Emitting: spout [four score and seven years ago]
2018-04-19 03:20:44,638 - pystorm.component.spout - INFO - - [pid=17344] - Emitting: spout [snow white and the seven dwarfs]
2018-04-19 03:20:44,740 - pystorm.component.spout - INFO - - [pid=17344] - Emitting: spout [i am at two with nature]
2018-04-19 03:20:44,843 - pystorm.component.spout - INFO - - [pid=17344] - Emitting: spout [the cow jumped over the moon]
2018-04-19 03:20:44,945 - pystorm.component.spout - INFO - - [pid=17344] - Emitting: spout [an apple a day keeps the doctor away]
2018-04-19 03:20:45,047 - pystorm.component.spout - INFO - - [pid=17344] - Emitting: spout [four score and seven years ago]
2018-04-19 03:20:45,150 - pystorm.component.spout - INFO - - [pid=17344] - Emitting: spout [snow white and the seven dwarfs]
2018-04-19 03:20:45,251 - pystorm.component.spout - INFO - - [pid=17344] - Emitting: spout [i am at two with nature]
2018-04-19 03:20:45,354 - pystorm.component.spout - INFO - - [pid=17344] - Emitting: spout [the cow jumped over the moon]
2018-04-19 03:20:45,457 - pystorm.component.spout - INFO - - [pid=17344] - Emitting: spout [an apple a day keeps the doctor away]
2018-04-19 03:20:45,558 - pystorm.component.spout - INFO - - [pid=17344] - Emitting: spout [four score and seven years ago]
2018-04-19 03:20:45,660 - pystorm.component.spout - INFO - - [pid=17344] - Emitting: spout [snow white and the seven dwarfs]
2018-04-19 03:20:45,763 - pystorm.component.spout - INFO - - [pid=17344] - Emitting: spout [i am at two with nature]
2018-04-19 03:20:45,865 - pystorm.component.spout - INFO - - [pid=17344] - Emitting: spout [the cow jumped over the moon]
2018-04-19 03:20:45,967 - pystorm.component.spout - INFO - - [pid=17344] - Emitting: spout [an apple a day keeps the doctor away]
2018-04-19 03:20:46,068 - pystorm.component.spout - INFO - - [pid=17344] - Emitting: spout [four score and seven years ago]
2018-04-19 03:20:46,171 - pystorm.component.spout - INFO - - [pid=17344] - Emitting: spout [snow white and the seven dwarfs]
2018-04-19 03:20:46,273 - pystorm.component.spout - INFO - - [pid=17344] - Emitting: spout [i am at two with nature]
2018-04-19 03:20:46,374 - pystorm.component.spout - INFO - - [pid=17344] - Emitting: spout [the cow jumped over the moon]
2018-04-19 03:20:46,475 - pystorm.component.spout - INFO - - [pid=17344] - Emitting: spout [an apple a day keeps the doctor away]
2018-04-19 03:20:46,576 - pystorm.component.spout - INFO - - [pid=17344] - Emitting: spout [four score and seven years ago]
2018-04-19 03:20:46,677 - pystorm.component.spout - INFO - - [pid=17344] - Emitting: spout [snow white and the seven dwarfs]
2018-04-19 03:20:46,779 - pystorm.component.spout - INFO - - [pid=17344] - Emitting: spout [i am at two with nature]
2018-04-19 03:20:46,880 - pystorm.component.spout - INFO - - [pid=17344] - Emitting: spout [the cow jumped over the moon]
2018-04-19 03:20:46,981 - pystorm.component.spout - INFO - - [pid=17344] - Emitting: spout [an apple a day keeps the doctor away]
2018-04-19 03:20:47,082 - pystorm.component.spout - INFO - - [pid=17344] - Emitting: spout [four score and seven years ago]
2018-04-19 03:20:47,183 - pystorm.component.spout - INFO - - [pid=17344] - Emitting: spout [snow white and the seven dwarfs]
2018-04-19 03:20:47,284 - pystorm.component.spout - INFO - - [pid=17344] - Emitting: spout [i am at two with nature]
2018-04-19 03:20:47,385 - pystorm.component.spout - INFO - - [pid=17344] - Emitting: spout [the cow jumped over the moon]
2018-04-19 03:20:47,490 - pystorm.component.spout - INFO - - [pid=17344] - Emitting: spout [an apple a day keeps the doctor away]
2018-04-19 03:20:47,591 - pystorm.component.spout - INFO - - [pid=17344] - Emitting: spout [four score and seven years ago]
2018-04-19 03:20:47,692 - pystorm.component.spout - INFO - - [pid=17344] - Emitting: spout [snow white and the seven dwarfs]
2018-04-19 03:20:47,792 - pystorm.component.spout - INFO - - [pid=17344] - Emitting: spout [i am at two with nature]
2018-04-19 03:20:47,894 - pystorm.component.spout - INFO - - [pid=17344] - Emitting: spout [the cow jumped over the moon]
2018-04-19 03:20:47,995 - pystorm.component.spout - INFO - - [pid=17344] - Emitting: spout [an apple a day keeps the doctor away]
2018-04-19 03:20:48,096 - pystorm.component.spout - INFO - - [pid=17344] - Emitting: spout [four score and seven years ago]
2018-04-19 03:20:48,197 - pystorm.component.spout - INFO - - [pid=17344] - Emitting: spout [snow white and the seven dwarfs]
2018-04-19 03:20:48,297 - pystorm.component.spout - INFO - - [pid=17344] - Emitting: spout [i am at two with nature]
2018-04-19 03:20:48,398 - pystorm.component.spout - INFO - - [pid=17344] - Emitting: spout [the cow jumped over the moon]
2018-04-19 03:20:48,499 - pystorm.component.spout - INFO - - [pid=17344] - Emitting: spout [an apple a day keeps the doctor away]
2018-04-19 03:20:48,600 - pystorm.component.spout - INFO - - [pid=17344] - Emitting: spout [four score and seven years ago]
2018-04-19 03:20:48,701 - pystorm.component.spout - INFO - - [pid=17344] - Emitting: spout [snow white and the seven dwarfs]
2018-04-19 03:20:48,802 - pystorm.component.spout - INFO - - [pid=17344] - Emitting: spout [i am at two with nature]
2018-04-19 03:20:48,903 - pystorm.component.spout - INFO - - [pid=17344] - Emitting: spout [the cow jumped over the moon]
2018-04-19 03:20:49,004 - pystorm.component.spout - INFO - - [pid=17344] - Emitting: spout [an apple a day keeps the doctor away]
2018-04-19 03:20:49,104 - pystorm.component.spout - INFO - - [pid=17344] - Emitting: spout [four score and seven years ago]
2018-04-19 03:20:49,205 - pystorm.component.spout - INFO - - [pid=17344] - Emitting: spout [snow white and the seven dwarfs]
2018-04-19 03:20:49,306 - pystorm.component.spout - INFO - - [pid=17344] - Emitting: spout [i am at two with nature]
2018-04-19 03:20:49,407 - pystorm.component.spout - INFO - - [pid=17344] - Emitting: spout [the cow jumped over the moon]
2018-04-19 03:20:49,508 - pystorm.component.spout - INFO - - [pid=17344] - Emitting: spout [an apple a day keeps the doctor away]
2018-04-19 03:20:49,609 - pystorm.component.spout - INFO - - [pid=17344] - Emitting: spout [four score and seven years ago]
2018-04-19 03:20:49,710 - pystorm.component.spout - INFO - - [pid=17344] - Emitting: spout [snow white and the seven dwarfs]
2018-04-19 03:20:49,810 - pystorm.component.spout - INFO - - [pid=17344] - Emitting: spout [i am at two with nature]
2018-04-19 03:20:49,911 - pystorm.component.spout - INFO - - [pid=17344] - Emitting: spout [the cow jumped over the moon]
2018-04-19 03:20:50,012 - pystorm.component.spout - INFO - - [pid=17344] - Emitting: spout [an apple a day keeps the doctor away]
2018-04-19 03:20:50,113 - pystorm.component.spout - INFO - - [pid=17344] - Emitting: spout [four score and seven years ago]
2018-04-19 03:20:50,214 - pystorm.component.spout - INFO - - [pid=17344] - Emitting: spout [snow white and the seven dwarfs]
2018-04-19 03:20:50,315 - pystorm.component.spout - INFO - - [pid=17344] - Emitting: spout [i am at two with nature]
2018-04-19 03:20:50,416 - pystorm.component.spout - INFO - - [pid=17344] - Emitting: spout [the cow jumped over the moon]
2018-04-19 03:20:50,517 - pystorm.component.spout - INFO - - [pid=17344] - Emitting: spout [an apple a day keeps the doctor away]
2018-04-19 03:20:50,618 - pystorm.component.spout - INFO - - [pid=17344] - Emitting: spout [four score and seven years ago]
2018-04-19 03:20:50,719 - pystorm.component.spout - INFO - - [pid=17344] - Emitting: spout [snow white and the seven dwarfs]
2018-04-19 03:20:50,820 - pystorm.component.spout - INFO - - [pid=17344] - Emitting: spout [i am at two with nature]
2018-04-19 03:20:50,920 - pystorm.component.spout - INFO - - [pid=17344] - Emitting: spout [the cow jumped over the moon]
2018-04-19 03:20:51,021 - pystorm.component.spout - INFO - - [pid=17344] - Emitting: spout [an apple a day keeps the doctor away]
2018-04-19 03:20:51,122 - pystorm.component.spout - INFO - - [pid=17344] - Emitting: spout [four score and seven years ago]
2018-04-19 03:20:51,224 - pystorm.component.spout - INFO - - [pid=17344] - Emitting: spout [snow white and the seven dwarfs]
2018-04-19 03:20:51,324 - pystorm.component.spout - INFO - - [pid=17344] - Emitting: spout [i am at two with nature]
2018-04-19 03:20:51,426 - pystorm.component.spout - INFO - - [pid=17344] - Emitting: spout [the cow jumped over the moon]
2018-04-19 03:20:51,527 - pystorm.component.spout - INFO - - [pid=17344] - Emitting: spout [an apple a day keeps the doctor away]
2018-04-19 03:20:51,628 - pystorm.component.spout - INFO - - [pid=17344] - Emitting: spout [four score and seven years ago]
2018-04-19 03:20:51,729 - pystorm.component.spout - INFO - - [pid=17344] - Emitting: spout [snow white and the seven dwarfs]
2018-04-19 03:20:51,830 - pystorm.component.spout - INFO - - [pid=17344] - Emitting: spout [i am at two with nature]
2018-04-19 03:20:51,931 - pystorm.component.spout - INFO - - [pid=17344] - Emitting: spout [the cow jumped over the moon]
2018-04-19 03:20:52,031 - pystorm.component.spout - INFO - - [pid=17344] - Emitting: spout [an apple a day keeps the doctor away]
2018-04-19 03:20:52,132 - pystorm.component.spout - INFO - - [pid=17344] - Emitting: spout [four score and seven years ago]
2018-04-19 03:20:52,233 - pystorm.component.spout - INFO - - [pid=17344] - Emitting: spout [snow white and the seven dwarfs]
2018-04-19 03:20:52,334 - pystorm.component.spout - INFO - - [pid=17344] - Emitting: spout [i am at two with nature]
2018-04-19 03:20:52,435 - pystorm.component.spout - INFO - - [pid=17344] - Emitting: spout [the cow jumped over the moon]
2018-04-19 03:20:52,536 - pystorm.component.spout - INFO - - [pid=17344] - Emitting: spout [an apple a day keeps the doctor away]
2018-04-19 03:20:52,637 - pystorm.component.spout - INFO - - [pid=17344] - Emitting: spout [four score and seven years ago]
2018-04-19 03:20:52,738 - pystorm.component.spout - INFO - - [pid=17344] - Emitting: spout [snow white and the seven dwarfs]
2018-04-19 03:20:52,838 - pystorm.component.spout - INFO - - [pid=17344] - Emitting: spout [i am at two with nature]
2018-04-19 03:20:52,939 - pystorm.component.spout - INFO - - [pid=17344] - Emitting: spout [the cow jumped over the moon]
2018-04-19 03:20:53,044 - pystorm.component.spout - INFO - - [pid=17344] - Emitting: spout [an apple a day keeps the doctor away]
2018-04-19 03:20:53,147 - pystorm.component.spout - INFO - - [pid=17344] - Emitting: spout [four score and seven years ago]
2018-04-19 03:20:53,247 - pystorm.component.spout - INFO - - [pid=17344] - Emitting: spout [snow white and the seven dwarfs]
2018-04-19 03:20:53,348 - pystorm.component.spout - INFO - - [pid=17344] - Emitting: spout [i am at two with nature]
2018-04-19 03:20:53,449 - pystorm.component.spout - INFO - - [pid=17344] - Emitting: spout [the cow jumped over the moon]
2018-04-19 03:20:53,550 - pystorm.component.spout - INFO - - [pid=17344] - Emitting: spout [an apple a day keeps the doctor away]
2018-04-19 03:20:53,650 - pystorm.component.spout - INFO - - [pid=17344] - Emitting: spout [four score and seven years ago]
2018-04-19 03:20:53,751 - pystorm.component.spout - INFO - - [pid=17344] - Emitting: spout [snow white and the seven dwarfs]
2018-04-19 03:20:53,852 - pystorm.component.spout - INFO - - [pid=17344] - Emitting: spout [i am at two with nature]
2018-04-19 03:20:53,953 - pystorm.component.spout - INFO - - [pid=17344] - Emitting: spout [the cow jumped over the moon]
2018-04-19 03:20:54,054 - pystorm.component.spout - INFO - - [pid=17344] - Emitting: spout [an apple a day keeps the doctor away]
2018-04-19 03:20:54,156 - pystorm.component.spout - INFO - - [pid=17344] - Emitting: spout [four score and seven years ago]
2018-04-19 03:20:54,256 - pystorm.component.spout - INFO - - [pid=17344] - Emitting: spout [snow white and the seven dwarfs]
2018-04-19 03:20:54,357 - pystorm.component.spout - INFO - - [pid=17344] - Emitting: spout [i am at two with nature]
2018-04-19 03:20:54,459 - pystorm.component.spout - INFO - - [pid=17344] - Emitting: spout [the cow jumped over the moon]
2018-04-19 03:20:54,559 - pystorm.component.spout - INFO - - [pid=17344] - Emitting: spout [an apple a day keeps the doctor away]
2018-04-19 03:20:54,660 - pystorm.component.spout - INFO - - [pid=17344] - Emitting: spout [four score and seven years ago]
2018-04-19 03:20:54,761 - pystorm.component.spout - INFO - - [pid=17344] - Emitting: spout [snow white and the seven dwarfs]
2018-04-19 03:20:54,867 - pystorm.component.spout - INFO - - [pid=17344] - Emitting: spout [i am at two with nature]
2018-04-19 03:20:54,967 - pystorm.component.spout - INFO - - [pid=17344] - Emitting: spout [the cow jumped over the moon]
2018-04-19 03:20:55,068 - pystorm.component.spout - INFO - - [pid=17344] - Emitting: spout [an apple a day keeps the doctor away]
2018-04-19 03:20:55,169 - pystorm.component.spout - INFO - - [pid=17344] - Emitting: spout [four score and seven years ago]
2018-04-19 03:20:55,270 - pystorm.component.spout - INFO - - [pid=17344] - Emitting: spout [snow white and the seven dwarfs]
2018-04-19 03:20:55,372 - pystorm.component.spout - INFO - - [pid=17344] - Emitting: spout [i am at two with nature]
2018-04-19 03:20:55,474 - pystorm.component.spout - INFO - - [pid=17344] - Emitting: spout [the cow jumped over the moon]
2018-04-19 03:20:55,576 - pystorm.component.spout - INFO - - [pid=17344] - Emitting: spout [an apple a day keeps the doctor away]
2018-04-19 03:20:55,678 - pystorm.component.spout - INFO - - [pid=17344] - Emitting: spout [four score and seven years ago]
