2018-04-19 03:19:00,451 - pystorm.component.spout - INFO - - [pid=16980] - Emitting: spout [***The Project Gutenberg's Etext of Shakespeare's First Folio***]
2018-04-19 03:19:00,561 - pystorm.component.spout - INFO - - [pid=16980] - Emitting: spout [********************The Tragedie of Macbeth*********************]
2018-04-19 03:19:00,664 - pystorm.component.spout - INFO - - [pid=16980] - Emitting: spout []
2018-04-19 03:19:00,765 - pystorm.component.spout - INFO - - [pid=16980] - Emitting: spout [This is our 3rd edition of most of these plays.  See the index.]
2018-04-19 03:19:00,868 - pystorm.component.spout - INFO - - [pid=16980] - Emitting: spout []
2018-04-19 03:19:00,971 - pystorm.component.spout - INFO - - [pid=16980] - Emitting: spout []
2018-04-19 03:19:01,073 - pystorm.component.spout - INFO - - [pid=16980] - Emitting: spout [Copyright laws are changing all over the world, be sure to check]
2018-04-19 03:19:01,175 - pystorm.component.spout - INFO - - [pid=16980] - Emitting: spout [the copyright laws for your country before posting these files!!]
2018-04-19 03:19:01,276 - pystorm.component.spout - INFO - - [pid=16980] - Emitting: spout []
2018-04-19 03:19:01,380 - pystorm.component.spout - INFO - - [pid=16980] - Emitting: spout [Please take a look at the important information in this header.]
2018-04-19 03:19:01,488 - pystorm.component.spout - INFO - - [pid=16980] - Emitting: spout [We encourage you to keep this file on your own disk, keeping an]
2018-04-19 03:19:01,591 - pystorm.component.spout - INFO - - [pid=16980] - Emitting: spout [electronic path open for the next readers.  Do not remove this.]
2018-04-19 03:19:01,694 - pystorm.component.spout - INFO - - [pid=16980] - Emitting: spout []
2018-04-19 03:19:01,795 - pystorm.component.spout - INFO - - [pid=16980] - Emitting: spout []
2018-04-19 03:19:01,902 - pystorm.component.spout - INFO - - [pid=16980] - Emitting: spout [**Welcome To The World of Free Plain Vanilla Electronic Texts**]
2018-04-19 03:19:02,004 - pystorm.component.spout - INFO - - [pid=16980] - Emitting: spout []
2018-04-19 03:19:02,106 - pystorm.component.spout - INFO - - [pid=16980] - Emitting: spout [**Etexts Readable By Both Humans and By Computers, Since 1971**]
2018-04-19 03:19:02,207 - pystorm.component.spout - INFO - - [pid=16980] - Emitting: spout []
2018-04-19 03:19:02,308 - pystorm.component.spout - INFO - - [pid=16980] - Emitting: spout [*These Etexts Prepared By Hundreds of Volunteers and Donations*]
2018-04-19 03:19:02,408 - pystorm.component.spout - INFO - - [pid=16980] - Emitting: spout []
2018-04-19 03:19:02,510 - pystorm.component.spout - INFO - - [pid=16980] - Emitting: spout [Information on contacting Project Gutenberg to get Etexts, and]
2018-04-19 03:19:02,611 - pystorm.component.spout - INFO - - [pid=16980] - Emitting: spout [further information is included below.  We need your donations.]
2018-04-19 03:19:02,712 - pystorm.component.spout - INFO - - [pid=16980] - Emitting: spout []
2018-04-19 03:19:02,813 - pystorm.component.spout - INFO - - [pid=16980] - Emitting: spout []
2018-04-19 03:19:02,916 - pystorm.component.spout - INFO - - [pid=16980] - Emitting: spout [The Tragedie of Macbeth]
2018-04-19 03:19:03,018 - pystorm.component.spout - INFO - - [pid=16980] - Emitting: spout []
2018-04-19 03:19:03,120 - pystorm.component.spout - INFO - - [pid=16980] - Emitting: spout [by William Shakespeare]
2018-04-19 03:19:03,223 - pystorm.component.spout - INFO - - [pid=16980] - Emitting: spout []
2018-04-19 03:19:03,326 - pystorm.component.spout - INFO - - [pid=16980] - Emitting: spout [July, 2000  [Etext #2264]]
2018-04-19 03:19:03,428 - pystorm.component.spout - INFO - - [pid=16980] - Emitting: spout []
2018-04-19 03:19:03,539 - pystorm.component.spout - INFO - - [pid=16980] - Emitting: spout []
2018-04-19 03:19:03,641 - pystorm.component.spout - INFO - - [pid=16980] - Emitting: spout [***The Project Gutenberg's Etext of Shakespeare's First Folio***]
2018-04-19 03:19:03,744 - pystorm.component.spout - INFO - - [pid=16980] - Emitting: spout [********************The Tragedie of Macbeth*********************]
2018-04-19 03:19:03,847 - pystorm.component.spout - INFO - - [pid=16980] - Emitting: spout []
2018-04-19 03:19:03,952 - pystorm.component.spout - INFO - - [pid=16980] - Emitting: spout [*****This file should be named 2264.txt or 2264.zip******]
2018-04-19 03:19:04,054 - pystorm.component.spout - INFO - - [pid=16980] - Emitting: spout []
2018-04-19 03:19:04,156 - pystorm.component.spout - INFO - - [pid=16980] - Emitting: spout [Project Gutenberg Etexts are usually created from multiple editions,]
2018-04-19 03:19:04,258 - pystorm.component.spout - INFO - - [pid=16980] - Emitting: spout [all of which are in the Public Domain in the United States, unless a]
2018-04-19 03:19:04,361 - pystorm.component.spout - INFO - - [pid=16980] - Emitting: spout [copyright notice is included.  Therefore, we usually do NOT keep any]
2018-04-19 03:19:04,463 - pystorm.component.spout - INFO - - [pid=16980] - Emitting: spout [of these books in compliance with any particular paper edition.]
2018-04-19 03:19:04,565 - pystorm.component.spout - INFO - - [pid=16980] - Emitting: spout []
2018-04-19 03:19:04,669 - pystorm.component.spout - INFO - - [pid=16980] - Emitting: spout []
2018-04-19 03:19:04,772 - pystorm.component.spout - INFO - - [pid=16980] - Emitting: spout [We are now trying to release all our books one month in advance]
2018-04-19 03:19:04,874 - pystorm.component.spout - INFO - - [pid=16980] - Emitting: spout [of the official release dates, leaving time for better editing.]
2018-04-19 03:19:04,975 - pystorm.component.spout - INFO - - [pid=16980] - Emitting: spout []
2018-04-19 03:19:05,077 - pystorm.component.spout - INFO - - [pid=16980] - Emitting: spout [Please note:  neither this list nor its contents are final till]
2018-04-19 03:19:05,179 - pystorm.component.spout - INFO - - [pid=16980] - Emitting: spout [midnight of the last day of the month of any such announcement.]
2018-04-19 03:19:05,280 - pystorm.component.spout - INFO - - [pid=16980] - Emitting: spout [The official release date of all Project Gutenberg Etexts is at]
2018-04-19 03:19:05,381 - pystorm.component.spout - INFO - - [pid=16980] - Emitting: spout [Midnight, Central Time, of the last day of the stated month.  A]
2018-04-19 03:19:05,484 - pystorm.component.spout - INFO - - [pid=16980] - Emitting: spout [preliminary version may often be posted for suggestion, comment]
2018-04-19 03:19:05,586 - pystorm.component.spout - INFO - - [pid=16980] - Emitting: spout [and editing by those who wish to do so.  To be sure you have an]
2018-04-19 03:19:05,687 - pystorm.component.spout - INFO - - [pid=16980] - Emitting: spout [up to date first edition [xxxxx10x.xxx] please check file sizes]
2018-04-19 03:19:05,788 - pystorm.component.spout - INFO - - [pid=16980] - Emitting: spout [in the first week of the next month.  Since our ftp program has]
2018-04-19 03:19:05,889 - pystorm.component.spout - INFO - - [pid=16980] - Emitting: spout [a bug in it that scrambles the date [tried to fix and failed] a]
2018-04-19 03:19:05,990 - pystorm.component.spout - INFO - - [pid=16980] - Emitting: spout [look at the file size will have to do, but we will try to see a]
2018-04-19 03:19:06,093 - pystorm.component.spout - INFO - - [pid=16980] - Emitting: spout [new copy has at least one byte more or less.]
2018-04-19 03:19:06,194 - pystorm.component.spout - INFO - - [pid=16980] - Emitting: spout []
2018-04-19 03:19:06,297 - pystorm.component.spout - INFO - - [pid=16980] - Emitting: spout []
2018-04-19 03:19:06,399 - pystorm.component.spout - INFO - - [pid=16980] - Emitting: spout [Information about Project Gutenberg (one page)]
2018-04-19 03:19:06,501 - pystorm.component.spout - INFO - - [pid=16980] - Emitting: spout []
2018-04-19 03:19:06,604 - pystorm.component.spout - INFO - - [pid=16980] - Emitting: spout [We produce about two million dollars for each hour we work.  The]
2018-04-19 03:19:06,706 - pystorm.component.spout - INFO - - [pid=16980] - Emitting: spout [time it takes us, a rather conservative estimate, is fifty hours]
2018-04-19 03:19:06,809 - pystorm.component.spout - INFO - - [pid=16980] - Emitting: spout [to get any etext selected, entered, proofread, edited, copyright]
2018-04-19 03:19:06,911 - pystorm.component.spout - INFO - - [pid=16980] - Emitting: spout [searched and analyzed, the copyright letters written, etc.  This]
2018-04-19 03:19:07,015 - pystorm.component.spout - INFO - - [pid=16980] - Emitting: spout [projected audience is one hundred million readers.  If our value]
2018-04-19 03:19:07,118 - pystorm.component.spout - INFO - - [pid=16980] - Emitting: spout [per text is nominally estimated at one dollar then we produce $2]
2018-04-19 03:19:07,221 - pystorm.component.spout - INFO - - [pid=16980] - Emitting: spout [million dollars per hour this year as we release thirty-six text]
2018-04-19 03:19:07,323 - pystorm.component.spout - INFO - - [pid=16980] - Emitting: spout [files per month, or 432 more Etexts in 1999 for a total of 2000+]
2018-04-19 03:19:07,426 - pystorm.component.spout - INFO - - [pid=16980] - Emitting: spout [If these reach just 10% of the computerized population, then the]
2018-04-19 03:19:07,530 - pystorm.component.spout - INFO - - [pid=16980] - Emitting: spout [total should reach over 200 billion Etexts given away this year.]
2018-04-19 03:19:07,633 - pystorm.component.spout - INFO - - [pid=16980] - Emitting: spout []
2018-04-19 03:19:07,740 - pystorm.component.spout - INFO - - [pid=16980] - Emitting: spout [The Goal of Project Gutenberg is to Give Away One Trillion Etext]
2018-04-19 03:19:07,842 - pystorm.component.spout - INFO - - [pid=16980] - Emitting: spout [Files by December 31, 2001.  [10,000 x 100,000,000 = 1 Trillion]]
2018-04-19 03:19:07,946 - pystorm.component.spout - INFO - - [pid=16980] - Emitting: spout [This is ten thousand titles each to one hundred million readers,]
2018-04-19 03:19:08,049 - pystorm.component.spout - INFO - - [pid=16980] - Emitting: spout [which is only ~5% of the present number of computer users.]
2018-04-19 03:19:08,151 - pystorm.component.spout - INFO - - [pid=16980] - Emitting: spout []
2018-04-19 03:19:08,253 - pystorm.component.spout - INFO - - [pid=16980] - Emitting: spout [At our revised rates of production, we will reach only one-third]
2018-04-19 03:19:08,355 - pystorm.component.spout - INFO - - [pid=16980] - Emitting: spout [of that goal by the end of 2001, or about 3,333 Etexts unless we]
2018-04-19 03:19:08,457 - pystorm.component.spout - INFO - - [pid=16980] - Emitting: spout [manage to get some real funding; currently our funding is mostly]
2018-04-19 03:19:08,571 - pystorm.component.spout - INFO - - [pid=16980] - Emitting: spout [from Michael Hart's salary at Carnegie-Mellon University, and an]
2018-04-19 03:19:08,673 - pystorm.component.spout - INFO - - [pid=16980] - Emitting: spout [assortment of sporadic gifts; this salary is only good for a few]
2018-04-19 03:19:08,775 - pystorm.component.spout - INFO - - [pid=16980] - Emitting: spout [more years, so we are looking for something to replace it, as we]
2018-04-19 03:19:08,878 - pystorm.component.spout - INFO - - [pid=16980] - Emitting: spout [don't want Project Gutenberg to be so dependent on one person.]
2018-04-19 03:19:08,981 - pystorm.component.spout - INFO - - [pid=16980] - Emitting: spout []
2018-04-19 03:19:09,083 - pystorm.component.spout - INFO - - [pid=16980] - Emitting: spout [We need your donations more than ever!]
2018-04-19 03:19:09,185 - pystorm.component.spout - INFO - - [pid=16980] - Emitting: spout []
2018-04-19 03:19:09,289 - pystorm.component.spout - INFO - - [pid=16980] - Emitting: spout []
2018-04-19 03:19:09,392 - pystorm.component.spout - INFO - - [pid=16980] - Emitting: spout [All donations should be made to "Project Gutenberg/CMU": and are]
2018-04-19 03:19:09,494 - pystorm.component.spout - INFO - - [pid=16980] - Emitting: spout [tax deductible to the extent allowable by law.  (CMU = Carnegie-]
2018-04-19 03:19:09,595 - pystorm.component.spout - INFO - - [pid=16980] - Emitting: spout [Mellon University).]
2018-04-19 03:19:09,698 - pystorm.component.spout - INFO - - [pid=16980] - Emitting: spout []
2018-04-19 03:19:09,800 - pystorm.component.spout - INFO - - [pid=16980] - Emitting: spout [For these and other matters, please mail to:]
2018-04-19 03:19:09,902 - pystorm.component.spout - INFO - - [pid=16980] - Emitting: spout []
2018-04-19 03:19:10,004 - pystorm.component.spout - INFO - - [pid=16980] - Emitting: spout [Project Gutenberg]
2018-04-19 03:19:10,107 - pystorm.component.spout - INFO - - [pid=16980] - Emitting: spout [P. O. Box  2782]
2018-04-19 03:19:10,215 - pystorm.component.spout - INFO - - [pid=16980] - Emitting: spout [Champaign, IL 61825]
2018-04-19 03:19:10,317 - pystorm.component.spout - INFO - - [pid=16980] - Emitting: spout []
2018-04-19 03:19:10,419 - pystorm.component.spout - INFO - - [pid=16980] - Emitting: spout [When all other email fails. . .try our Executive Director:]
2018-04-19 03:19:10,520 - pystorm.component.spout - INFO - - [pid=16980] - Emitting: spout [Michael S. Hart <hart@pobox.com>]
2018-04-19 03:19:10,624 - pystorm.component.spout - INFO - - [pid=16980] - Emitting: spout [hart@pobox.com forwards to hart@prairienet.org and archive.org]
2018-04-19 03:19:10,726 - pystorm.component.spout - INFO - - [pid=16980] - Emitting: spout [if your mail bounces from archive.org, I will still see it, if]
2018-04-19 03:19:10,828 - pystorm.component.spout - INFO - - [pid=16980] - Emitting: spout [it bounces from prairienet.org, better resend later on. . . .]
2018-04-19 03:19:10,929 - pystorm.component.spout - INFO - - [pid=16980] - Emitting: spout []
2018-04-19 03:19:11,032 - pystorm.component.spout - INFO - - [pid=16980] - Emitting: spout [We would prefer to send you this information by email.]
2018-04-19 03:19:11,134 - pystorm.component.spout - INFO - - [pid=16980] - Emitting: spout []
2018-04-19 03:19:11,236 - pystorm.component.spout - INFO - - [pid=16980] - Emitting: spout [******]
2018-04-19 03:19:11,337 - pystorm.component.spout - INFO - - [pid=16980] - Emitting: spout []
2018-04-19 03:19:11,439 - pystorm.component.spout - INFO - - [pid=16980] - Emitting: spout [To access Project Gutenberg etexts, use any Web browser]
2018-04-19 03:19:11,544 - pystorm.component.spout - INFO - - [pid=16980] - Emitting: spout [to view http://promo.net/pg.  This site lists Etexts by]
2018-04-19 03:19:11,647 - pystorm.component.spout - INFO - - [pid=16980] - Emitting: spout [author and by title, and includes information about how]
2018-04-19 03:19:11,748 - pystorm.component.spout - INFO - - [pid=16980] - Emitting: spout [to get involved with Project Gutenberg.  You could also]
2018-04-19 03:19:11,850 - pystorm.component.spout - INFO - - [pid=16980] - Emitting: spout [download our past Newsletters, or subscribe here.  This]
2018-04-19 03:19:11,951 - pystorm.component.spout - INFO - - [pid=16980] - Emitting: spout [is one of our major sites, please email hart@pobox.com,]
2018-04-19 03:19:12,053 - pystorm.component.spout - INFO - - [pid=16980] - Emitting: spout [for a more complete list of our various sites.]
2018-04-19 03:19:12,155 - pystorm.component.spout - INFO - - [pid=16980] - Emitting: spout []
2018-04-19 03:19:12,261 - pystorm.component.spout - INFO - - [pid=16980] - Emitting: spout [To go directly to the etext collections, use FTP or any]
2018-04-19 03:19:12,365 - pystorm.component.spout - INFO - - [pid=16980] - Emitting: spout [Web browser to visit a Project Gutenberg mirror (mirror]
2018-04-19 03:19:12,468 - pystorm.component.spout - INFO - - [pid=16980] - Emitting: spout [sites are available on 7 continents; mirrors are listed]
2018-04-19 03:19:12,570 - pystorm.component.spout - INFO - - [pid=16980] - Emitting: spout [at http://promo.net/pg).]
2018-04-19 03:19:12,672 - pystorm.component.spout - INFO - - [pid=16980] - Emitting: spout []
2018-04-19 03:19:12,775 - pystorm.component.spout - INFO - - [pid=16980] - Emitting: spout [Mac users, do NOT point and click, typing works better.]
2018-04-19 03:19:12,878 - pystorm.component.spout - INFO - - [pid=16980] - Emitting: spout []
2018-04-19 03:19:12,981 - pystorm.component.spout - INFO - - [pid=16980] - Emitting: spout [Example FTP session:]
2018-04-19 03:19:13,083 - pystorm.component.spout - INFO - - [pid=16980] - Emitting: spout []
2018-04-19 03:19:13,186 - pystorm.component.spout - INFO - - [pid=16980] - Emitting: spout [ftp sunsite.unc.edu]
2018-04-19 03:19:13,288 - pystorm.component.spout - INFO - - [pid=16980] - Emitting: spout [login: anonymous]
2018-04-19 03:19:13,389 - pystorm.component.spout - INFO - - [pid=16980] - Emitting: spout [password: your@login]
2018-04-19 03:19:13,491 - pystorm.component.spout - INFO - - [pid=16980] - Emitting: spout [cd pub/docs/books/gutenberg]
2018-04-19 03:19:13,594 - pystorm.component.spout - INFO - - [pid=16980] - Emitting: spout [cd etext90 through etext99]
2018-04-19 03:19:13,697 - pystorm.component.spout - INFO - - [pid=16980] - Emitting: spout [dir [to see files]]
2018-04-19 03:19:13,809 - pystorm.component.spout - INFO - - [pid=16980] - Emitting: spout [get or mget [to get files. . .set bin for zip files]]
2018-04-19 03:19:13,911 - pystorm.component.spout - INFO - - [pid=16980] - Emitting: spout [GET GUTINDEX.??  [to get a year's listing of books, e.g., GUTINDEX.99]]
2018-04-19 03:19:14,013 - pystorm.component.spout - INFO - - [pid=16980] - Emitting: spout [GET GUTINDEX.ALL [to get a listing of ALL books]]
2018-04-19 03:19:14,115 - pystorm.component.spout - INFO - - [pid=16980] - Emitting: spout []
2018-04-19 03:19:14,218 - pystorm.component.spout - INFO - - [pid=16980] - Emitting: spout [***]
2018-04-19 03:19:14,320 - pystorm.component.spout - INFO - - [pid=16980] - Emitting: spout []
2018-04-19 03:19:14,422 - pystorm.component.spout - INFO - - [pid=16980] - Emitting: spout [**Information prepared by the Project Gutenberg legal advisor**]
2018-04-19 03:19:14,524 - pystorm.component.spout - INFO - - [pid=16980] - Emitting: spout []
2018-04-19 03:19:14,627 - pystorm.component.spout - INFO - - [pid=16980] - Emitting: spout [(Three Pages)]
2018-04-19 03:19:14,729 - pystorm.component.spout - INFO - - [pid=16980] - Emitting: spout []
2018-04-19 03:19:14,832 - pystorm.component.spout - INFO - - [pid=16980] - Emitting: spout []
2018-04-19 03:19:14,935 - pystorm.component.spout - INFO - - [pid=16980] - Emitting: spout [***START**THE SMALL PRINT!**FOR PUBLIC DOMAIN ETEXTS**START***]
2018-04-19 03:19:15,037 - pystorm.component.spout - INFO - - [pid=16980] - Emitting: spout [Why is this "Small Print!" statement here?  You know: lawyers.]
2018-04-19 03:19:15,139 - pystorm.component.spout - INFO - - [pid=16980] - Emitting: spout [They tell us you might sue us if there is something wrong with]
2018-04-19 03:19:15,243 - pystorm.component.spout - INFO - - [pid=16980] - Emitting: spout [your copy of this etext, even if you got it for free from]
2018-04-19 03:19:15,346 - pystorm.component.spout - INFO - - [pid=16980] - Emitting: spout [someone other than us, and even if what's wrong is not our]
2018-04-19 03:19:15,448 - pystorm.component.spout - INFO - - [pid=16980] - Emitting: spout [fault.  So, among other things, this "Small Print!" statement]
2018-04-19 03:19:15,550 - pystorm.component.spout - INFO - - [pid=16980] - Emitting: spout [disclaims most of our liability to you.  It also tells you how]
2018-04-19 03:19:15,651 - pystorm.component.spout - INFO - - [pid=16980] - Emitting: spout [you can distribute copies of this etext if you want to.]
2018-04-19 03:19:15,753 - pystorm.component.spout - INFO - - [pid=16980] - Emitting: spout []
2018-04-19 03:19:15,854 - pystorm.component.spout - INFO - - [pid=16980] - Emitting: spout [*BEFORE!* YOU USE OR READ THIS ETEXT]
2018-04-19 03:19:15,957 - pystorm.component.spout - INFO - - [pid=16980] - Emitting: spout [By using or reading any part of this PROJECT GUTENBERG-tm]
2018-04-19 03:19:16,059 - pystorm.component.spout - INFO - - [pid=16980] - Emitting: spout [etext, you indicate that you understand, agree to and accept]
2018-04-19 03:19:16,165 - pystorm.component.spout - INFO - - [pid=16980] - Emitting: spout [this "Small Print!" statement.  If you do not, you can receive]
2018-04-19 03:19:16,266 - pystorm.component.spout - INFO - - [pid=16980] - Emitting: spout [a refund of the money (if any) you paid for this etext by]
2018-04-19 03:19:16,369 - pystorm.component.spout - INFO - - [pid=16980] - Emitting: spout [sending a request within 30 days of receiving it to the person]
2018-04-19 03:19:16,471 - pystorm.component.spout - INFO - - [pid=16980] - Emitting: spout [you got it from.  If you received this etext on a physical]
2018-04-19 03:19:16,573 - pystorm.component.spout - INFO - - [pid=16980] - Emitting: spout [medium (such as a disk), you must return it with your request.]
2018-04-19 03:19:16,674 - pystorm.component.spout - INFO - - [pid=16980] - Emitting: spout []
2018-04-19 03:19:16,777 - pystorm.component.spout - INFO - - [pid=16980] - Emitting: spout [ABOUT PROJECT GUTENBERG-TM ETEXTS]
2018-04-19 03:19:16,879 - pystorm.component.spout - INFO - - [pid=16980] - Emitting: spout [This PROJECT GUTENBERG-tm etext, like most PROJECT GUTENBERG-]
2018-04-19 03:19:16,981 - pystorm.component.spout - INFO - - [pid=16980] - Emitting: spout [tm etexts, is a "public domain" work distributed by Professor]
2018-04-19 03:19:17,084 - pystorm.component.spout - INFO - - [pid=16980] - Emitting: spout [Michael S. Hart through the Project Gutenberg Association at]
2018-04-19 03:19:17,186 - pystorm.component.spout - INFO - - [pid=16980] - Emitting: spout [Carnegie-Mellon University (the "Project").  Among other]
2018-04-19 03:19:17,288 - pystorm.component.spout - INFO - - [pid=16980] - Emitting: spout [things, this means that no one owns a United States copyright]
2018-04-19 03:19:17,390 - pystorm.component.spout - INFO - - [pid=16980] - Emitting: spout [on or for this work, so the Project (and you!) can copy and]
2018-04-19 03:19:17,492 - pystorm.component.spout - INFO - - [pid=16980] - Emitting: spout [distribute it in the United States without permission and]
2018-04-19 03:19:17,595 - pystorm.component.spout - INFO - - [pid=16980] - Emitting: spout [without paying copyright royalties.  Special rules, set forth]
2018-04-19 03:19:17,697 - pystorm.component.spout - INFO - - [pid=16980] - Emitting: spout [below, apply if you wish to copy and distribute this etext]
2018-04-19 03:19:17,801 - pystorm.component.spout - INFO - - [pid=16980] - Emitting: spout [under the Project's "PROJECT GUTENBERG" trademark.]
2018-04-19 03:19:17,903 - pystorm.component.spout - INFO - - [pid=16980] - Emitting: spout []
2018-04-19 03:19:18,006 - pystorm.component.spout - INFO - - [pid=16980] - Emitting: spout [To create these etexts, the Project expends considerable]
2018-04-19 03:19:18,108 - pystorm.component.spout - INFO - - [pid=16980] - Emitting: spout [efforts to identify, transcribe and proofread public domain]
2018-04-19 03:19:18,210 - pystorm.component.spout - INFO - - [pid=16980] - Emitting: spout [works.  Despite these efforts, the Project's etexts and any]
2018-04-19 03:19:18,312 - pystorm.component.spout - INFO - - [pid=16980] - Emitting: spout [medium they may be on may contain "Defects".  Among other]
2018-04-19 03:19:18,415 - pystorm.component.spout - INFO - - [pid=16980] - Emitting: spout [things, Defects may take the form of incomplete, inaccurate or]
2018-04-19 03:19:18,520 - pystorm.component.spout - INFO - - [pid=16980] - Emitting: spout [corrupt data, transcription errors, a copyright or other]
2018-04-19 03:19:18,622 - pystorm.component.spout - INFO - - [pid=16980] - Emitting: spout [intellectual property infringement, a defective or damaged]
2018-04-19 03:19:18,724 - pystorm.component.spout - INFO - - [pid=16980] - Emitting: spout [disk or other etext medium, a computer virus, or computer]
2018-04-19 03:19:18,826 - pystorm.component.spout - INFO - - [pid=16980] - Emitting: spout [codes that damage or cannot be read by your equipment.]
2018-04-19 03:19:18,928 - pystorm.component.spout - INFO - - [pid=16980] - Emitting: spout []
2018-04-19 03:19:19,031 - pystorm.component.spout - INFO - - [pid=16980] - Emitting: spout [LIMITED WARRANTY; DISCLAIMER OF DAMAGES]
2018-04-19 03:19:19,133 - pystorm.component.spout - INFO - - [pid=16980] - Emitting: spout [But for the "Right of Replacement or Refund" described below,]
2018-04-19 03:19:19,236 - pystorm.component.spout - INFO - - [pid=16980] - Emitting: spout [[1] the Project (and any other party you may receive this]
2018-04-19 03:19:19,338 - pystorm.component.spout - INFO - - [pid=16980] - Emitting: spout [etext from as a PROJECT GUTENBERG-tm etext) disclaims all]
2018-04-19 03:19:19,440 - pystorm.component.spout - INFO - - [pid=16980] - Emitting: spout [liability to you for damages, costs and expenses, including]
2018-04-19 03:19:19,543 - pystorm.component.spout - INFO - - [pid=16980] - Emitting: spout [legal fees, and [2] YOU HAVE NO REMEDIES FOR NEGLIGENCE OR]
2018-04-19 03:19:19,645 - pystorm.component.spout - INFO - - [pid=16980] - Emitting: spout [UNDER STRICT LIABILITY, OR FOR BREACH OF WARRANTY OR CONTRACT,]
2018-04-19 03:19:19,747 - pystorm.component.spout - INFO - - [pid=16980] - Emitting: spout [INCLUDING BUT NOT LIMITED TO INDIRECT, CONSEQUENTIAL, PUNITIVE]
2018-04-19 03:19:19,848 - pystorm.component.spout - INFO - - [pid=16980] - Emitting: spout [OR INCIDENTAL DAMAGES, EVEN IF YOU GIVE NOTICE OF THE]
2018-04-19 03:19:19,950 - pystorm.component.spout - INFO - - [pid=16980] - Emitting: spout [POSSIBILITY OF SUCH DAMAGES.]
2018-04-19 03:19:20,053 - pystorm.component.spout - INFO - - [pid=16980] - Emitting: spout []
2018-04-19 03:19:20,155 - pystorm.component.spout - INFO - - [pid=16980] - Emitting: spout [If you discover a Defect in this etext within 90 days of]
2018-04-19 03:19:20,257 - pystorm.component.spout - INFO - - [pid=16980] - Emitting: spout [receiving it, you can receive a refund of the money (if any)]
2018-04-19 03:19:20,360 - pystorm.component.spout - INFO - - [pid=16980] - Emitting: spout [you paid for it by sending an explanatory note within that]
2018-04-19 03:19:20,462 - pystorm.component.spout - INFO - - [pid=16980] - Emitting: spout [time to the person you received it from.  If you received it]
2018-04-19 03:19:20,564 - pystorm.component.spout - INFO - - [pid=16980] - Emitting: spout [on a physical medium, you must return it with your note, and]
2018-04-19 03:19:20,666 - pystorm.component.spout - INFO - - [pid=16980] - Emitting: spout [such person may choose to alternatively give you a replacement]
2018-04-19 03:19:20,769 - pystorm.component.spout - INFO - - [pid=16980] - Emitting: spout [copy.  If you received it electronically, such person may]
2018-04-19 03:19:20,871 - pystorm.component.spout - INFO - - [pid=16980] - Emitting: spout [choose to alternatively give you a second opportunity to]
2018-04-19 03:19:20,973 - pystorm.component.spout - INFO - - [pid=16980] - Emitting: spout [receive it electronically.]
2018-04-19 03:19:21,075 - pystorm.component.spout - INFO - - [pid=16980] - Emitting: spout []
2018-04-19 03:19:21,177 - pystorm.component.spout - INFO - - [pid=16980] - Emitting: spout [THIS ETEXT IS OTHERWISE PROVIDED TO YOU "AS-IS".  NO OTHER]
2018-04-19 03:19:21,279 - pystorm.component.spout - INFO - - [pid=16980] - Emitting: spout [WARRANTIES OF ANY KIND, EXPRESS OR IMPLIED, ARE MADE TO YOU AS]
2018-04-19 03:19:21,381 - pystorm.component.spout - INFO - - [pid=16980] - Emitting: spout [TO THE ETEXT OR ANY MEDIUM IT MAY BE ON, INCLUDING BUT NOT]
2018-04-19 03:19:21,483 - pystorm.component.spout - INFO - - [pid=16980] - Emitting: spout [LIMITED TO WARRANTIES OF MERCHANTABILITY OR FITNESS FOR A]
2018-04-19 03:19:21,585 - pystorm.component.spout - INFO - - [pid=16980] - Emitting: spout [PARTICULAR PURPOSE.]
2018-04-19 03:19:21,687 - pystorm.component.spout - INFO - - [pid=16980] - Emitting: spout []
2018-04-19 03:19:21,788 - pystorm.component.spout - INFO - - [pid=16980] - Emitting: spout [Some states do not allow disclaimers of implied warranties or]
2018-04-19 03:19:21,890 - pystorm.component.spout - INFO - - [pid=16980] - Emitting: spout [the exclusion or limitation of consequential damages, so the]
2018-04-19 03:19:21,991 - pystorm.component.spout - INFO - - [pid=16980] - Emitting: spout [above disclaimers and exclusions may not apply to you, and you]
2018-04-19 03:19:22,093 - pystorm.component.spout - INFO - - [pid=16980] - Emitting: spout [may have other legal rights.]
2018-04-19 03:19:22,196 - pystorm.component.spout - INFO - - [pid=16980] - Emitting: spout []
2018-04-19 03:19:22,301 - pystorm.component.spout - INFO - - [pid=16980] - Emitting: spout [INDEMNITY]
2018-04-19 03:19:22,403 - pystorm.component.spout - INFO - - [pid=16980] - Emitting: spout [You will indemnify and hold the Project, its directors,]
2018-04-19 03:19:22,506 - pystorm.component.spout - INFO - - [pid=16980] - Emitting: spout [officers, members and agents harmless from all liability, cost]
2018-04-19 03:19:22,608 - pystorm.component.spout - INFO - - [pid=16980] - Emitting: spout [and expense, including legal fees, that arise directly or]
2018-04-19 03:19:22,710 - pystorm.component.spout - INFO - - [pid=16980] - Emitting: spout [indirectly from any of the following that you do or cause:]
2018-04-19 03:19:22,815 - pystorm.component.spout - INFO - - [pid=16980] - Emitting: spout [[1] distribution of this etext, [2] alteration, modification,]
2018-04-19 03:19:22,918 - pystorm.component.spout - INFO - - [pid=16980] - Emitting: spout [or addition to the etext, or [3] any Defect.]
2018-04-19 03:19:23,020 - pystorm.component.spout - INFO - - [pid=16980] - Emitting: spout []
2018-04-19 03:19:23,124 - pystorm.component.spout - INFO - - [pid=16980] - Emitting: spout [DISTRIBUTION UNDER "PROJECT GUTENBERG-tm"]
2018-04-19 03:19:23,226 - pystorm.component.spout - INFO - - [pid=16980] - Emitting: spout [You may distribute copies of this etext electronically, or by]
2018-04-19 03:19:23,328 - pystorm.component.spout - INFO - - [pid=16980] - Emitting: spout [disk, book or any other medium if you either delete this]
2018-04-19 03:19:23,431 - pystorm.component.spout - INFO - - [pid=16980] - Emitting: spout ["Small Print!" and all other references to Project Gutenberg,]
2018-04-19 03:19:23,534 - pystorm.component.spout - INFO - - [pid=16980] - Emitting: spout [or:]
2018-04-19 03:19:23,636 - pystorm.component.spout - INFO - - [pid=16980] - Emitting: spout []
2018-04-19 03:19:23,739 - pystorm.component.spout - INFO - - [pid=16980] - Emitting: spout [[1]  Only give exact copies of it.  Among other things, this]
2018-04-19 03:19:23,840 - pystorm.component.spout - INFO - - [pid=16980] - Emitting: spout [requires that you do not remove, alter or modify the]
2018-04-19 03:19:23,943 - pystorm.component.spout - INFO - - [pid=16980] - Emitting: spout [etext or this "small print!" statement.  You may however,]
2018-04-19 03:19:24,047 - pystorm.component.spout - INFO - - [pid=16980] - Emitting: spout [if you wish, distribute this etext in machine readable]
2018-04-19 03:19:24,148 - pystorm.component.spout - INFO - - [pid=16980] - Emitting: spout [binary, compressed, mark-up, or proprietary form,]
2018-04-19 03:19:24,249 - pystorm.component.spout - INFO - - [pid=16980] - Emitting: spout [including any form resulting from conversion by word pro-]
2018-04-19 03:19:24,350 - pystorm.component.spout - INFO - - [pid=16980] - Emitting: spout [cessing or hypertext software, but only so long as]
2018-04-19 03:19:24,451 - pystorm.component.spout - INFO - - [pid=16980] - Emitting: spout [*EITHER*:]
2018-04-19 03:19:24,551 - pystorm.component.spout - INFO - - [pid=16980] - Emitting: spout []
2018-04-19 03:19:24,652 - pystorm.component.spout - INFO - - [pid=16980] - Emitting: spout [[*]  The etext, when displayed, is clearly readable, and]
2018-04-19 03:19:24,753 - pystorm.component.spout - INFO - - [pid=16980] - Emitting: spout [does *not* contain characters other than those]
2018-04-19 03:19:24,854 - pystorm.component.spout - INFO - - [pid=16980] - Emitting: spout [intended by the author of the work, although tilde]
2018-04-19 03:19:24,954 - pystorm.component.spout - INFO - - [pid=16980] - Emitting: spout [(~), asterisk (*) and underline (_) characters may]
2018-04-19 03:19:25,055 - pystorm.component.spout - INFO - - [pid=16980] - Emitting: spout [be used to convey punctuation intended by the]
2018-04-19 03:19:25,156 - pystorm.component.spout - INFO - - [pid=16980] - Emitting: spout [author, and additional characters may be used to]
2018-04-19 03:19:25,257 - pystorm.component.spout - INFO - - [pid=16980] - Emitting: spout [indicate hypertext links; OR]
2018-04-19 03:19:25,358 - pystorm.component.spout - INFO - - [pid=16980] - Emitting: spout []
2018-04-19 03:19:25,458 - pystorm.component.spout - INFO - - [pid=16980] - Emitting: spout [[*]  The etext may be readily converted by the reader at]
2018-04-19 03:19:25,559 - pystorm.component.spout - INFO - - [pid=16980] - Emitting: spout [no expense into plain ASCII, EBCDIC or equivalent]
2018-04-19 03:19:25,660 - pystorm.component.spout - INFO - - [pid=16980] - Emitting: spout [form by the program that displays the etext (as is]
2018-04-19 03:19:25,761 - pystorm.component.spout - INFO - - [pid=16980] - Emitting: spout [the case, for instance, with most word processors);]
2018-04-19 03:19:25,862 - pystorm.component.spout - INFO - - [pid=16980] - Emitting: spout [OR]
2018-04-19 03:19:25,962 - pystorm.component.spout - INFO - - [pid=16980] - Emitting: spout []
2018-04-19 03:19:26,063 - pystorm.component.spout - INFO - - [pid=16980] - Emitting: spout [[*]  You provide, or agree to also provide on request at]
2018-04-19 03:19:26,165 - pystorm.component.spout - INFO - - [pid=16980] - Emitting: spout [no additional cost, fee or expense, a copy of the]
2018-04-19 03:19:26,265 - pystorm.component.spout - INFO - - [pid=16980] - Emitting: spout [etext in its original plain ASCII form (or in EBCDIC]
2018-04-19 03:19:26,366 - pystorm.component.spout - INFO - - [pid=16980] - Emitting: spout [or other equivalent proprietary form).]
2018-04-19 03:19:26,467 - pystorm.component.spout - INFO - - [pid=16980] - Emitting: spout []
2018-04-19 03:19:26,568 - pystorm.component.spout - INFO - - [pid=16980] - Emitting: spout [[2]  Honor the etext refund and replacement provisions of this]
2018-04-19 03:19:26,670 - pystorm.component.spout - INFO - - [pid=16980] - Emitting: spout ["Small Print!" statement.]
2018-04-19 03:19:26,771 - pystorm.component.spout - INFO - - [pid=16980] - Emitting: spout []
2018-04-19 03:19:26,872 - pystorm.component.spout - INFO - - [pid=16980] - Emitting: spout [[3]  Pay a trademark license fee to the Project of 20% of the]
2018-04-19 03:19:26,972 - pystorm.component.spout - INFO - - [pid=16980] - Emitting: spout [net profits you derive calculated using the method you]
2018-04-19 03:19:27,073 - pystorm.component.spout - INFO - - [pid=16980] - Emitting: spout [already use to calculate your applicable taxes.  If you]
2018-04-19 03:19:27,174 - pystorm.component.spout - INFO - - [pid=16980] - Emitting: spout [don't derive profits, no royalty is due.  Royalties are]
2018-04-19 03:19:27,275 - pystorm.component.spout - INFO - - [pid=16980] - Emitting: spout [payable to "Project Gutenberg Association/Carnegie-Mellon]
2018-04-19 03:19:27,375 - pystorm.component.spout - INFO - - [pid=16980] - Emitting: spout [University" within the 60 days following each]
2018-04-19 03:19:27,476 - pystorm.component.spout - INFO - - [pid=16980] - Emitting: spout [date you prepare (or were legally required to prepare)]
2018-04-19 03:19:27,577 - pystorm.component.spout - INFO - - [pid=16980] - Emitting: spout [your annual (or equivalent periodic) tax return.]
2018-04-19 03:19:27,678 - pystorm.component.spout - INFO - - [pid=16980] - Emitting: spout []
2018-04-19 03:19:27,779 - pystorm.component.spout - INFO - - [pid=16980] - Emitting: spout [WHAT IF YOU *WANT* TO SEND MONEY EVEN IF YOU DON'T HAVE TO?]
2018-04-19 03:19:27,879 - pystorm.component.spout - INFO - - [pid=16980] - Emitting: spout [The Project gratefully accepts contributions in money, time,]
2018-04-19 03:19:27,980 - pystorm.component.spout - INFO - - [pid=16980] - Emitting: spout [scanning machines, OCR software, public domain etexts, royalty]
2018-04-19 03:19:28,081 - pystorm.component.spout - INFO - - [pid=16980] - Emitting: spout [free copyright licenses, and every other sort of contribution]
2018-04-19 03:19:28,182 - pystorm.component.spout - INFO - - [pid=16980] - Emitting: spout [you can think of.  Money should be paid to "Project Gutenberg]
2018-04-19 03:19:28,282 - pystorm.component.spout - INFO - - [pid=16980] - Emitting: spout [Association / Carnegie-Mellon University".]
2018-04-19 03:19:28,383 - pystorm.component.spout - INFO - - [pid=16980] - Emitting: spout []
2018-04-19 03:19:28,484 - pystorm.component.spout - INFO - - [pid=16980] - Emitting: spout [*END*THE SMALL PRINT! FOR PUBLIC DOMAIN ETEXTS*Ver.04.29.93*END*]
2018-04-19 03:19:28,585 - pystorm.component.spout - INFO - - [pid=16980] - Emitting: spout []
2018-04-19 03:19:28,687 - pystorm.component.spout - INFO - - [pid=16980] - Emitting: spout []
2018-04-19 03:19:28,787 - pystorm.component.spout - INFO - - [pid=16980] - Emitting: spout []
2018-04-19 03:19:28,895 - pystorm.component.spout - INFO - - [pid=16980] - Emitting: spout []
2018-04-19 03:19:28,999 - pystorm.component.spout - INFO - - [pid=16980] - Emitting: spout []
2018-04-19 03:19:29,100 - pystorm.component.spout - INFO - - [pid=16980] - Emitting: spout [Project Gutenberg's Etext of Shakespeare's The Tragedie of Macbeth]
2018-04-19 03:19:29,201 - pystorm.component.spout - INFO - - [pid=16980] - Emitting: spout []
2018-04-19 03:19:29,302 - pystorm.component.spout - INFO - - [pid=16980] - Emitting: spout []
2018-04-19 03:19:29,402 - pystorm.component.spout - INFO - - [pid=16980] - Emitting: spout []
2018-04-19 03:19:29,503 - pystorm.component.spout - INFO - - [pid=16980] - Emitting: spout []
2018-04-19 03:19:29,604 - pystorm.component.spout - INFO - - [pid=16980] - Emitting: spout []
2018-04-19 03:19:29,705 - pystorm.component.spout - INFO - - [pid=16980] - Emitting: spout [Executive Director's Notes:]
2018-04-19 03:19:29,806 - pystorm.component.spout - INFO - - [pid=16980] - Emitting: spout []
2018-04-19 03:19:29,907 - pystorm.component.spout - INFO - - [pid=16980] - Emitting: spout [In addition to the notes below, and so you will *NOT* think all]
2018-04-19 03:19:30,008 - pystorm.component.spout - INFO - - [pid=16980] - Emitting: spout [the spelling errors introduced by the printers of the time have]
2018-04-19 03:19:30,108 - pystorm.component.spout - INFO - - [pid=16980] - Emitting: spout [been corrected, here are the first few lines of Hamlet, as they]
2018-04-19 03:19:30,209 - pystorm.component.spout - INFO - - [pid=16980] - Emitting: spout [are presented herein:]
2018-04-19 03:19:30,310 - pystorm.component.spout - INFO - - [pid=16980] - Emitting: spout []
2018-04-19 03:19:30,411 - pystorm.component.spout - INFO - - [pid=16980] - Emitting: spout [Barnardo. Who's there?]
2018-04-19 03:19:30,512 - pystorm.component.spout - INFO - - [pid=16980] - Emitting: spout [Fran. Nay answer me: Stand & vnfold]
2018-04-19 03:19:30,613 - pystorm.component.spout - INFO - - [pid=16980] - Emitting: spout [your selfe]
2018-04-19 03:19:30,714 - pystorm.component.spout - INFO - - [pid=16980] - Emitting: spout []
2018-04-19 03:19:30,815 - pystorm.component.spout - INFO - - [pid=16980] - Emitting: spout [Bar. Long liue the King]
2018-04-19 03:19:30,916 - pystorm.component.spout - INFO - - [pid=16980] - Emitting: spout []
2018-04-19 03:19:31,017 - pystorm.component.spout - INFO - - [pid=16980] - Emitting: spout [***]
2018-04-19 03:19:31,118 - pystorm.component.spout - INFO - - [pid=16980] - Emitting: spout []
2018-04-19 03:19:31,218 - pystorm.component.spout - INFO - - [pid=16980] - Emitting: spout [As I understand it, the printers often ran out of certain words]
2018-04-19 03:19:31,326 - pystorm.component.spout - INFO - - [pid=16980] - Emitting: spout [or letters they had often packed into a "cliche". . .this is the]
2018-04-19 03:19:31,426 - pystorm.component.spout - INFO - - [pid=16980] - Emitting: spout [original meaning of the term cliche. . .and thus, being unwilling]
2018-04-19 03:19:31,528 - pystorm.component.spout - INFO - - [pid=16980] - Emitting: spout [to unpack the cliches, and thus you will see some substitutions]
2018-04-19 03:19:31,628 - pystorm.component.spout - INFO - - [pid=16980] - Emitting: spout [that look very odd. . .such as the exchanges of u for v, v for u,]
2018-04-19 03:19:31,729 - pystorm.component.spout - INFO - - [pid=16980] - Emitting: spout [above. . .and you may wonder why they did it this way, presuming]
2018-04-19 03:19:31,830 - pystorm.component.spout - INFO - - [pid=16980] - Emitting: spout [Shakespeare did not actually write the play in this manner. . . .]
2018-04-19 03:19:31,931 - pystorm.component.spout - INFO - - [pid=16980] - Emitting: spout []
2018-04-19 03:19:32,031 - pystorm.component.spout - INFO - - [pid=16980] - Emitting: spout [The answer is that they MAY have packed "liue" into a cliche at a]
2018-04-19 03:19:32,132 - pystorm.component.spout - INFO - - [pid=16980] - Emitting: spout [time when they were out of "v"'s. . .possibly having used "vv" in]
2018-04-19 03:19:32,233 - pystorm.component.spout - INFO - - [pid=16980] - Emitting: spout [place of some "w"'s, etc.  This was a common practice of the day,]
2018-04-19 03:19:32,334 - pystorm.component.spout - INFO - - [pid=16980] - Emitting: spout [as print was still quite expensive, and they didn't want to spend]
2018-04-19 03:19:32,435 - pystorm.component.spout - INFO - - [pid=16980] - Emitting: spout [more on a wider selection of characters than they had to.]
2018-04-19 03:19:32,535 - pystorm.component.spout - INFO - - [pid=16980] - Emitting: spout []
2018-04-19 03:19:32,636 - pystorm.component.spout - INFO - - [pid=16980] - Emitting: spout [You will find a lot of these kinds of "errors" in this text, as I]
2018-04-19 03:19:32,737 - pystorm.component.spout - INFO - - [pid=16980] - Emitting: spout [have mentioned in other times and places, many "scholars" have an]
2018-04-19 03:19:32,838 - pystorm.component.spout - INFO - - [pid=16980] - Emitting: spout [extreme attachment to these errors, and many have accorded them a]
2018-04-19 03:19:32,939 - pystorm.component.spout - INFO - - [pid=16980] - Emitting: spout [very high place in the "canon" of Shakespeare.  My father read an]
2018-04-19 03:19:33,040 - pystorm.component.spout - INFO - - [pid=16980] - Emitting: spout [assortment of these made available to him by Cambridge University]
2018-04-19 03:19:33,140 - pystorm.component.spout - INFO - - [pid=16980] - Emitting: spout [in England for several months in a glass room constructed for the]
2018-04-19 03:19:33,242 - pystorm.component.spout - INFO - - [pid=16980] - Emitting: spout [purpose.  To the best of my knowledge he read ALL those available]
2018-04-19 03:19:33,344 - pystorm.component.spout - INFO - - [pid=16980] - Emitting: spout [. . .in great detail. . .and determined from the various changes,]
2018-04-19 03:19:33,446 - pystorm.component.spout - INFO - - [pid=16980] - Emitting: spout [that Shakespeare most likely did not write in nearly as many of a]
2018-04-19 03:19:33,547 - pystorm.component.spout - INFO - - [pid=16980] - Emitting: spout [variety of errors we credit him for, even though he was in/famous]
2018-04-19 03:19:33,650 - pystorm.component.spout - INFO - - [pid=16980] - Emitting: spout [for signing his name with several different spellings.]
2018-04-19 03:19:33,752 - pystorm.component.spout - INFO - - [pid=16980] - Emitting: spout []
2018-04-19 03:19:33,853 - pystorm.component.spout - INFO - - [pid=16980] - Emitting: spout [So, please take this into account when reading the comments below]
2018-04-19 03:19:33,964 - pystorm.component.spout - INFO - - [pid=16980] - Emitting: spout [made by our volunteer who prepared this file:  you may see errors]
2018-04-19 03:19:34,066 - pystorm.component.spout - INFO - - [pid=16980] - Emitting: spout [that are "not" errors. . . .]
2018-04-19 03:19:34,168 - pystorm.component.spout - INFO - - [pid=16980] - Emitting: spout []
2018-04-19 03:19:34,271 - pystorm.component.spout - INFO - - [pid=16980] - Emitting: spout [So. . .with this caveat. . .we have NOT changed the canon errors,]
2018-04-19 03:19:34,374 - pystorm.component.spout - INFO - - [pid=16980] - Emitting: spout [here is the Project Gutenberg Etext of Shakespeare's The Tragedie]
2018-04-19 03:19:34,476 - pystorm.component.spout - INFO - - [pid=16980] - Emitting: spout [of Macbeth.]
2018-04-19 03:19:34,578 - pystorm.component.spout - INFO - - [pid=16980] - Emitting: spout []
2018-04-19 03:19:34,679 - pystorm.component.spout - INFO - - [pid=16980] - Emitting: spout [Michael S. Hart]
2018-04-19 03:19:34,781 - pystorm.component.spout - INFO - - [pid=16980] - Emitting: spout [Project Gutenberg]
2018-04-19 03:19:34,884 - pystorm.component.spout - INFO - - [pid=16980] - Emitting: spout [Executive Director]
2018-04-19 03:19:34,986 - pystorm.component.spout - INFO - - [pid=16980] - Emitting: spout []
2018-04-19 03:19:35,088 - pystorm.component.spout - INFO - - [pid=16980] - Emitting: spout []
2018-04-19 03:19:35,192 - pystorm.component.spout - INFO - - [pid=16980] - Emitting: spout [***]
2018-04-19 03:19:35,297 - pystorm.component.spout - INFO - - [pid=16980] - Emitting: spout []
2018-04-19 03:19:35,400 - pystorm.component.spout - INFO - - [pid=16980] - Emitting: spout []
2018-04-19 03:19:35,502 - pystorm.component.spout - INFO - - [pid=16980] - Emitting: spout [Scanner's Notes: What this is and isn't.  This was taken from]
2018-04-19 03:19:35,604 - pystorm.component.spout - INFO - - [pid=16980] - Emitting: spout [a copy of Shakespeare's first folio and it is as close as I can]
2018-04-19 03:19:35,705 - pystorm.component.spout - INFO - - [pid=16980] - Emitting: spout [come in ASCII to the printed text.]
2018-04-19 03:19:35,807 - pystorm.component.spout - INFO - - [pid=16980] - Emitting: spout []
2018-04-19 03:19:35,909 - pystorm.component.spout - INFO - - [pid=16980] - Emitting: spout [The elongated S's have been changed to small s's and the]
2018-04-19 03:19:36,010 - pystorm.component.spout - INFO - - [pid=16980] - Emitting: spout [conjoined ae have been changed to ae.  I have left the spelling,]
2018-04-19 03:19:36,112 - pystorm.component.spout - INFO - - [pid=16980] - Emitting: spout [punctuation, capitalization as close as possible to the]
2018-04-19 03:19:36,215 - pystorm.component.spout - INFO - - [pid=16980] - Emitting: spout [printed text.  I have corrected some spelling mistakes (I have put]
2018-04-19 03:19:36,317 - pystorm.component.spout - INFO - - [pid=16980] - Emitting: spout [together a spelling dictionary devised from the spellings of the]
2018-04-19 03:19:36,419 - pystorm.component.spout - INFO - - [pid=16980] - Emitting: spout [Geneva Bible and Shakespeare's First Folio and have unified]
2018-04-19 03:19:36,521 - pystorm.component.spout - INFO - - [pid=16980] - Emitting: spout [spellings according to this template), typo's and expanded]
2018-04-19 03:19:36,623 - pystorm.component.spout - INFO - - [pid=16980] - Emitting: spout [abbreviations as I have come across them.  Everything within]
2018-04-19 03:19:36,726 - pystorm.component.spout - INFO - - [pid=16980] - Emitting: spout [brackets [] is what I have added.  So if you don't like that]
2018-04-19 03:19:36,827 - pystorm.component.spout - INFO - - [pid=16980] - Emitting: spout [you can delete everything within the brackets if you want a]
2018-04-19 03:19:36,929 - pystorm.component.spout - INFO - - [pid=16980] - Emitting: spout [purer Shakespeare.]
2018-04-19 03:19:37,032 - pystorm.component.spout - INFO - - [pid=16980] - Emitting: spout []
2018-04-19 03:19:37,134 - pystorm.component.spout - INFO - - [pid=16980] - Emitting: spout [Another thing that you should be aware of is that there are textual]
2018-04-19 03:19:37,236 - pystorm.component.spout - INFO - - [pid=16980] - Emitting: spout [differences between various copies of the first folio.  So there may]
2018-04-19 03:19:37,338 - pystorm.component.spout - INFO - - [pid=16980] - Emitting: spout [be differences (other than what I have mentioned above) between]
2018-04-19 03:19:37,440 - pystorm.component.spout - INFO - - [pid=16980] - Emitting: spout [this and other first folio editions.  This is due to the printer's]
2018-04-19 03:19:37,542 - pystorm.component.spout - INFO - - [pid=16980] - Emitting: spout [habit of setting the type and running off a number of copies and]
2018-04-19 03:19:37,645 - pystorm.component.spout - INFO - - [pid=16980] - Emitting: spout [then proofing the printed copy and correcting the type and then]
2018-04-19 03:19:37,747 - pystorm.component.spout - INFO - - [pid=16980] - Emitting: spout [continuing the printing run.  The proof run wasn't thrown away but]
2018-04-19 03:19:37,848 - pystorm.component.spout - INFO - - [pid=16980] - Emitting: spout [incorporated into the printed copies.  This is just the way it is.]
2018-04-19 03:19:37,950 - pystorm.component.spout - INFO - - [pid=16980] - Emitting: spout [The text I have used was a composite of more than 30 different]
2018-04-19 03:19:38,052 - pystorm.component.spout - INFO - - [pid=16980] - Emitting: spout [First Folio editions' best pages.]
2018-04-19 03:19:38,159 - pystorm.component.spout - INFO - - [pid=16980] - Emitting: spout []
2018-04-19 03:19:38,262 - pystorm.component.spout - INFO - - [pid=16980] - Emitting: spout [If you find any scanning errors, out and out typos, punctuation]
2018-04-19 03:19:38,363 - pystorm.component.spout - INFO - - [pid=16980] - Emitting: spout [errors, or if you disagree with my spelling choices please feel]
2018-04-19 03:19:38,464 - pystorm.component.spout - INFO - - [pid=16980] - Emitting: spout [free to email me those errors.  I wish to make this the best]
2018-04-19 03:19:38,565 - pystorm.component.spout - INFO - - [pid=16980] - Emitting: spout [etext possible.  My email address for right now are haradda@aol.com]
2018-04-19 03:19:38,666 - pystorm.component.spout - INFO - - [pid=16980] - Emitting: spout [and davidr@inconnect.com.  I hope that you enjoy this.]
2018-04-19 03:19:38,767 - pystorm.component.spout - INFO - - [pid=16980] - Emitting: spout []
2018-04-19 03:19:38,870 - pystorm.component.spout - INFO - - [pid=16980] - Emitting: spout [David Reed]
2018-04-19 03:19:38,971 - pystorm.component.spout - INFO - - [pid=16980] - Emitting: spout []
2018-04-19 03:19:39,072 - pystorm.component.spout - INFO - - [pid=16980] - Emitting: spout [The Tragedie of Macbeth]
2018-04-19 03:19:39,175 - pystorm.component.spout - INFO - - [pid=16980] - Emitting: spout []
2018-04-19 03:19:39,277 - pystorm.component.spout - INFO - - [pid=16980] - Emitting: spout [Actus Primus. Scoena Prima.]
2018-04-19 03:19:39,378 - pystorm.component.spout - INFO - - [pid=16980] - Emitting: spout []
2018-04-19 03:19:39,479 - pystorm.component.spout - INFO - - [pid=16980] - Emitting: spout [Thunder and Lightning. Enter three Witches.]
2018-04-19 03:19:39,585 - pystorm.component.spout - INFO - - [pid=16980] - Emitting: spout []
2018-04-19 03:19:39,695 - pystorm.component.spout - INFO - - [pid=16980] - Emitting: spout [1. When shall we three meet againe?]
2018-04-19 03:19:39,797 - pystorm.component.spout - INFO - - [pid=16980] - Emitting: spout [In Thunder, Lightning, or in Raine?]
2018-04-19 03:19:39,914 - pystorm.component.spout - INFO - - [pid=16980] - Emitting: spout [2. When the Hurley-burley's done,]
2018-04-19 03:19:40,015 - pystorm.component.spout - INFO - - [pid=16980] - Emitting: spout [When the Battaile's lost, and wonne]
2018-04-19 03:19:40,116 - pystorm.component.spout - INFO - - [pid=16980] - Emitting: spout []
2018-04-19 03:19:40,218 - pystorm.component.spout - INFO - - [pid=16980] - Emitting: spout [3. That will be ere the set of Sunne]
2018-04-19 03:19:40,320 - pystorm.component.spout - INFO - - [pid=16980] - Emitting: spout []
2018-04-19 03:19:40,422 - pystorm.component.spout - INFO - - [pid=16980] - Emitting: spout [1. Where the place?]
2018-04-19 03:19:40,525 - pystorm.component.spout - INFO - - [pid=16980] - Emitting: spout [2. Vpon the Heath]
2018-04-19 03:19:40,626 - pystorm.component.spout - INFO - - [pid=16980] - Emitting: spout []
2018-04-19 03:19:40,729 - pystorm.component.spout - INFO - - [pid=16980] - Emitting: spout [3. There to meet with Macbeth]
2018-04-19 03:19:40,831 - pystorm.component.spout - INFO - - [pid=16980] - Emitting: spout []
2018-04-19 03:19:40,932 - pystorm.component.spout - INFO - - [pid=16980] - Emitting: spout [1. I come, Gray-Malkin]
2018-04-19 03:19:41,033 - pystorm.component.spout - INFO - - [pid=16980] - Emitting: spout []
2018-04-19 03:19:41,135 - pystorm.component.spout - INFO - - [pid=16980] - Emitting: spout [All. Padock calls anon: faire is foule, and foule is faire,]
2018-04-19 03:19:41,237 - pystorm.component.spout - INFO - - [pid=16980] - Emitting: spout [Houer through the fogge and filthie ayre.]
2018-04-19 03:19:41,339 - pystorm.component.spout - INFO - - [pid=16980] - Emitting: spout []
2018-04-19 03:19:41,440 - pystorm.component.spout - INFO - - [pid=16980] - Emitting: spout [Exeunt.]
2018-04-19 03:19:41,540 - pystorm.component.spout - INFO - - [pid=16980] - Emitting: spout []
2018-04-19 03:19:41,641 - pystorm.component.spout - INFO - - [pid=16980] - Emitting: spout []
2018-04-19 03:19:41,742 - pystorm.component.spout - INFO - - [pid=16980] - Emitting: spout [Scena Secunda.]
2018-04-19 03:19:41,843 - pystorm.component.spout - INFO - - [pid=16980] - Emitting: spout []
2018-04-19 03:19:41,944 - pystorm.component.spout - INFO - - [pid=16980] - Emitting: spout [Alarum within. Enter King, Malcome, Donalbaine, Lenox, with]
2018-04-19 03:19:42,045 - pystorm.component.spout - INFO - - [pid=16980] - Emitting: spout [attendants, meeting a bleeding Captaine.]
2018-04-19 03:19:42,150 - pystorm.component.spout - INFO - - [pid=16980] - Emitting: spout []
2018-04-19 03:19:42,251 - pystorm.component.spout - INFO - - [pid=16980] - Emitting: spout [King. What bloody man is that? he can report,]
2018-04-19 03:19:42,352 - pystorm.component.spout - INFO - - [pid=16980] - Emitting: spout [As seemeth by his plight, of the Reuolt]
2018-04-19 03:19:42,453 - pystorm.component.spout - INFO - - [pid=16980] - Emitting: spout [The newest state]
2018-04-19 03:19:42,554 - pystorm.component.spout - INFO - - [pid=16980] - Emitting: spout []
2018-04-19 03:19:42,657 - pystorm.component.spout - INFO - - [pid=16980] - Emitting: spout [Mal. This is the Serieant,]
2018-04-19 03:19:42,758 - pystorm.component.spout - INFO - - [pid=16980] - Emitting: spout [Who like a good and hardie Souldier fought]
2018-04-19 03:19:42,859 - pystorm.component.spout - INFO - - [pid=16980] - Emitting: spout ['Gainst my Captiuitie: Haile braue friend;]
2018-04-19 03:19:42,960 - pystorm.component.spout - INFO - - [pid=16980] - Emitting: spout [Say to the King, the knowledge of the Broyle,]
2018-04-19 03:19:43,064 - pystorm.component.spout - INFO - - [pid=16980] - Emitting: spout [As thou didst leaue it]
2018-04-19 03:19:43,165 - pystorm.component.spout - INFO - - [pid=16980] - Emitting: spout []
2018-04-19 03:19:43,265 - pystorm.component.spout - INFO - - [pid=16980] - Emitting: spout [Cap. Doubtfull it stood,]
2018-04-19 03:19:43,366 - pystorm.component.spout - INFO - - [pid=16980] - Emitting: spout [As two spent Swimmers, that doe cling together,]
2018-04-19 03:19:43,467 - pystorm.component.spout - INFO - - [pid=16980] - Emitting: spout [And choake their Art: The mercilesse Macdonwald]
2018-04-19 03:19:43,568 - pystorm.component.spout - INFO - - [pid=16980] - Emitting: spout [(Worthie to be a Rebell, for to that]
2018-04-19 03:19:43,669 - pystorm.component.spout - INFO - - [pid=16980] - Emitting: spout [The multiplying Villanies of Nature]
2018-04-19 03:19:43,770 - pystorm.component.spout - INFO - - [pid=16980] - Emitting: spout [Doe swarme vpon him) from the Westerne Isles]
2018-04-19 03:19:43,871 - pystorm.component.spout - INFO - - [pid=16980] - Emitting: spout [Of Kernes and Gallowgrosses is supply'd,]
2018-04-19 03:19:43,984 - pystorm.component.spout - INFO - - [pid=16980] - Emitting: spout [And Fortune on his damned Quarry smiling,]
2018-04-19 03:19:44,085 - pystorm.component.spout - INFO - - [pid=16980] - Emitting: spout [Shew'd like a Rebells Whore: but all's too weake:]
2018-04-19 03:19:44,186 - pystorm.component.spout - INFO - - [pid=16980] - Emitting: spout [For braue Macbeth (well hee deserues that Name)]
2018-04-19 03:19:44,287 - pystorm.component.spout - INFO - - [pid=16980] - Emitting: spout [Disdayning Fortune, with his brandisht Steele,]
2018-04-19 03:19:44,388 - pystorm.component.spout - INFO - - [pid=16980] - Emitting: spout [Which smoak'd with bloody execution]
2018-04-19 03:19:44,489 - pystorm.component.spout - INFO - - [pid=16980] - Emitting: spout [(Like Valours Minion) caru'd out his passage,]
2018-04-19 03:19:44,591 - pystorm.component.spout - INFO - - [pid=16980] - Emitting: spout [Till hee fac'd the Slaue:]
2018-04-19 03:19:44,691 - pystorm.component.spout - INFO - - [pid=16980] - Emitting: spout [Which neu'r shooke hands, nor bad farwell to him,]
2018-04-19 03:19:44,792 - pystorm.component.spout - INFO - - [pid=16980] - Emitting: spout [Till he vnseam'd him from the Naue toth' Chops,]
2018-04-19 03:19:44,893 - pystorm.component.spout - INFO - - [pid=16980] - Emitting: spout [And fix'd his Head vpon our Battlements]
2018-04-19 03:19:44,994 - pystorm.component.spout - INFO - - [pid=16980] - Emitting: spout []
2018-04-19 03:19:45,095 - pystorm.component.spout - INFO - - [pid=16980] - Emitting: spout [King. O valiant Cousin, worthy Gentleman]
2018-04-19 03:19:45,195 - pystorm.component.spout - INFO - - [pid=16980] - Emitting: spout []
2018-04-19 03:19:45,296 - pystorm.component.spout - INFO - - [pid=16980] - Emitting: spout [Cap. As whence the Sunne 'gins his reflection,]
2018-04-19 03:19:45,397 - pystorm.component.spout - INFO - - [pid=16980] - Emitting: spout [Shipwracking Stormes, and direfull Thunders:]
2018-04-19 03:19:45,498 - pystorm.component.spout - INFO - - [pid=16980] - Emitting: spout [So from that Spring, whence comfort seem'd to come,]
2018-04-19 03:19:45,599 - pystorm.component.spout - INFO - - [pid=16980] - Emitting: spout [Discomfort swells: Marke King of Scotland, marke,]
2018-04-19 03:19:45,700 - pystorm.component.spout - INFO - - [pid=16980] - Emitting: spout [No sooner Iustice had, with Valour arm'd,]
2018-04-19 03:19:45,801 - pystorm.component.spout - INFO - - [pid=16980] - Emitting: spout [Compell'd these skipping Kernes to trust their heeles,]
2018-04-19 03:19:45,901 - pystorm.component.spout - INFO - - [pid=16980] - Emitting: spout [But the Norweyan Lord, surueying vantage,]
2018-04-19 03:19:46,002 - pystorm.component.spout - INFO - - [pid=16980] - Emitting: spout [With furbusht Armes, and new supplyes of men,]
2018-04-19 03:19:46,103 - pystorm.component.spout - INFO - - [pid=16980] - Emitting: spout [Began a fresh assault]
2018-04-19 03:19:46,204 - pystorm.component.spout - INFO - - [pid=16980] - Emitting: spout []
2018-04-19 03:19:46,305 - pystorm.component.spout - INFO - - [pid=16980] - Emitting: spout [King. Dismay'd not this our Captaines, Macbeth and]
2018-04-19 03:19:46,405 - pystorm.component.spout - INFO - - [pid=16980] - Emitting: spout [Banquoh?]
2018-04-19 03:19:46,506 - pystorm.component.spout - INFO - - [pid=16980] - Emitting: spout [Cap. Yes, as Sparrowes, Eagles;]
2018-04-19 03:19:46,607 - pystorm.component.spout - INFO - - [pid=16980] - Emitting: spout [Or the Hare, the Lyon:]
2018-04-19 03:19:46,708 - pystorm.component.spout - INFO - - [pid=16980] - Emitting: spout [If I say sooth, I must report they were]
2018-04-19 03:19:46,808 - pystorm.component.spout - INFO - - [pid=16980] - Emitting: spout [As Cannons ouer-charg'd with double Cracks,]
2018-04-19 03:19:46,909 - pystorm.component.spout - INFO - - [pid=16980] - Emitting: spout [So they doubly redoubled stroakes vpon the Foe:]
2018-04-19 03:19:47,010 - pystorm.component.spout - INFO - - [pid=16980] - Emitting: spout [Except they meant to bathe in reeking Wounds,]
2018-04-19 03:19:47,110 - pystorm.component.spout - INFO - - [pid=16980] - Emitting: spout [Or memorize another Golgotha,]
2018-04-19 03:19:47,211 - pystorm.component.spout - INFO - - [pid=16980] - Emitting: spout [I cannot tell: but I am faint,]
2018-04-19 03:19:47,312 - pystorm.component.spout - INFO - - [pid=16980] - Emitting: spout [My Gashes cry for helpe]
2018-04-19 03:19:47,413 - pystorm.component.spout - INFO - - [pid=16980] - Emitting: spout []
2018-04-19 03:19:47,514 - pystorm.component.spout - INFO - - [pid=16980] - Emitting: spout [King. So well thy words become thee, as thy wounds,]
2018-04-19 03:19:47,615 - pystorm.component.spout - INFO - - [pid=16980] - Emitting: spout [They smack of Honor both: Goe get him Surgeons.]
2018-04-19 03:19:47,716 - pystorm.component.spout - INFO - - [pid=16980] - Emitting: spout [Enter Rosse and Angus.]
2018-04-19 03:19:47,816 - pystorm.component.spout - INFO - - [pid=16980] - Emitting: spout []
2018-04-19 03:19:47,917 - pystorm.component.spout - INFO - - [pid=16980] - Emitting: spout [Who comes here?]
2018-04-19 03:19:48,018 - pystorm.component.spout - INFO - - [pid=16980] - Emitting: spout [Mal. The worthy Thane of Rosse]
2018-04-19 03:19:48,119 - pystorm.component.spout - INFO - - [pid=16980] - Emitting: spout []
2018-04-19 03:19:48,219 - pystorm.component.spout - INFO - - [pid=16980] - Emitting: spout [Lenox. What a haste lookes through his eyes?]
2018-04-19 03:19:48,320 - pystorm.component.spout - INFO - - [pid=16980] - Emitting: spout [So should he looke, that seemes to speake things strange]
2018-04-19 03:19:48,421 - pystorm.component.spout - INFO - - [pid=16980] - Emitting: spout []
2018-04-19 03:19:48,522 - pystorm.component.spout - INFO - - [pid=16980] - Emitting: spout [Rosse. God saue the King]
2018-04-19 03:19:48,623 - pystorm.component.spout - INFO - - [pid=16980] - Emitting: spout []
2018-04-19 03:19:48,723 - pystorm.component.spout - INFO - - [pid=16980] - Emitting: spout [King. Whence cam'st thou, worthy Thane?]
2018-04-19 03:19:48,824 - pystorm.component.spout - INFO - - [pid=16980] - Emitting: spout [Rosse. From Fiffe, great King,]
2018-04-19 03:19:48,925 - pystorm.component.spout - INFO - - [pid=16980] - Emitting: spout [Where the Norweyan Banners flowt the Skie,]
2018-04-19 03:19:49,034 - pystorm.component.spout - INFO - - [pid=16980] - Emitting: spout [And fanne our people cold.]
2018-04-19 03:19:49,135 - pystorm.component.spout - INFO - - [pid=16980] - Emitting: spout [Norway himselfe, with terrible numbers,]
2018-04-19 03:19:49,235 - pystorm.component.spout - INFO - - [pid=16980] - Emitting: spout [Assisted by that most disloyall Traytor,]
2018-04-19 03:19:49,336 - pystorm.component.spout - INFO - - [pid=16980] - Emitting: spout [The Thane of Cawdor, began a dismall Conflict,]
2018-04-19 03:19:49,437 - pystorm.component.spout - INFO - - [pid=16980] - Emitting: spout [Till that Bellona's Bridegroome, lapt in proofe,]
2018-04-19 03:19:49,538 - pystorm.component.spout - INFO - - [pid=16980] - Emitting: spout [Confronted him with selfe-comparisons,]
2018-04-19 03:19:49,638 - pystorm.component.spout - INFO - - [pid=16980] - Emitting: spout [Point against Point, rebellious Arme 'gainst Arme,]
2018-04-19 03:19:49,739 - pystorm.component.spout - INFO - - [pid=16980] - Emitting: spout [Curbing his lauish spirit: and to conclude,]
2018-04-19 03:19:49,840 - pystorm.component.spout - INFO - - [pid=16980] - Emitting: spout [The Victorie fell on vs]
2018-04-19 03:19:49,941 - pystorm.component.spout - INFO - - [pid=16980] - Emitting: spout []
2018-04-19 03:19:50,042 - pystorm.component.spout - INFO - - [pid=16980] - Emitting: spout [King. Great happinesse]
2018-04-19 03:19:50,142 - pystorm.component.spout - INFO - - [pid=16980] - Emitting: spout []
2018-04-19 03:19:50,243 - pystorm.component.spout - INFO - - [pid=16980] - Emitting: spout [Rosse. That now Sweno, the Norwayes King,]
2018-04-19 03:19:50,344 - pystorm.component.spout - INFO - - [pid=16980] - Emitting: spout [Craues composition:]
2018-04-19 03:19:50,445 - pystorm.component.spout - INFO - - [pid=16980] - Emitting: spout [Nor would we deigne him buriall of his men,]
2018-04-19 03:19:50,546 - pystorm.component.spout - INFO - - [pid=16980] - Emitting: spout [Till he disbursed, at Saint Colmes ynch,]
2018-04-19 03:19:50,646 - pystorm.component.spout - INFO - - [pid=16980] - Emitting: spout [Ten thousand Dollars, to our generall vse]
2018-04-19 03:19:50,747 - pystorm.component.spout - INFO - - [pid=16980] - Emitting: spout []
2018-04-19 03:19:50,848 - pystorm.component.spout - INFO - - [pid=16980] - Emitting: spout [King. No more that Thane of Cawdor shall deceiue]
2018-04-19 03:19:50,952 - pystorm.component.spout - INFO - - [pid=16980] - Emitting: spout [Our Bosome interest: Goe pronounce his present death,]
2018-04-19 03:19:51,052 - pystorm.component.spout - INFO - - [pid=16980] - Emitting: spout [And with his former Title greet Macbeth]
2018-04-19 03:19:51,156 - pystorm.component.spout - INFO - - [pid=16980] - Emitting: spout []
2018-04-19 03:19:51,257 - pystorm.component.spout - INFO - - [pid=16980] - Emitting: spout [Rosse. Ile see it done]
2018-04-19 03:19:51,359 - pystorm.component.spout - INFO - - [pid=16980] - Emitting: spout []
2018-04-19 03:19:51,461 - pystorm.component.spout - INFO - - [pid=16980] - Emitting: spout [King. What he hath lost, Noble Macbeth hath wonne.]
2018-04-19 03:19:51,562 - pystorm.component.spout - INFO - - [pid=16980] - Emitting: spout []
