2018-04-18 11:36:54,606 - pystorm.component.spout - INFO - - [pid=728] - Emitting: spout [the cow jumped over the moon]
2018-04-18 11:36:54,710 - pystorm.component.spout - INFO - - [pid=728] - Emitting: spout [an apple a day keeps the doctor away]
2018-04-18 11:36:54,811 - pystorm.component.spout - INFO - - [pid=728] - Emitting: spout [four score and seven years ago]
2018-04-18 11:36:54,912 - pystorm.component.spout - INFO - - [pid=728] - Emitting: spout [snow white and the seven dwarfs]
2018-04-18 11:36:55,013 - pystorm.component.spout - INFO - - [pid=728] - Emitting: spout [i am at two with nature]
2018-04-18 11:36:55,114 - pystorm.component.spout - INFO - - [pid=728] - Emitting: spout [the cow jumped over the moon]
2018-04-18 11:36:55,214 - pystorm.component.spout - INFO - - [pid=728] - Emitting: spout [an apple a day keeps the doctor away]
2018-04-18 11:36:55,316 - pystorm.component.spout - INFO - - [pid=728] - Emitting: spout [four score and seven years ago]
2018-04-18 11:36:55,417 - pystorm.component.spout - INFO - - [pid=728] - Emitting: spout [snow white and the seven dwarfs]
2018-04-18 11:36:55,518 - pystorm.component.spout - INFO - - [pid=728] - Emitting: spout [i am at two with nature]
2018-04-18 11:36:55,618 - pystorm.component.spout - INFO - - [pid=728] - Emitting: spout [the cow jumped over the moon]
2018-04-18 11:36:55,719 - pystorm.component.spout - INFO - - [pid=728] - Emitting: spout [an apple a day keeps the doctor away]
2018-04-18 11:36:55,822 - pystorm.component.spout - INFO - - [pid=728] - Emitting: spout [four score and seven years ago]
2018-04-18 11:36:55,923 - pystorm.component.spout - INFO - - [pid=728] - Emitting: spout [snow white and the seven dwarfs]
2018-04-18 11:36:56,025 - pystorm.component.spout - INFO - - [pid=728] - Emitting: spout [i am at two with nature]
2018-04-18 11:36:56,126 - pystorm.component.spout - INFO - - [pid=728] - Emitting: spout [the cow jumped over the moon]
2018-04-18 11:36:56,227 - pystorm.component.spout - INFO - - [pid=728] - Emitting: spout [an apple a day keeps the doctor away]
2018-04-18 11:36:56,327 - pystorm.component.spout - INFO - - [pid=728] - Emitting: spout [four score and seven years ago]
2018-04-18 11:36:56,429 - pystorm.component.spout - INFO - - [pid=728] - Emitting: spout [snow white and the seven dwarfs]
2018-04-18 11:36:56,534 - pystorm.component.spout - INFO - - [pid=728] - Emitting: spout [i am at two with nature]
2018-04-18 11:36:56,636 - pystorm.component.spout - INFO - - [pid=728] - Emitting: spout [the cow jumped over the moon]
2018-04-18 11:36:56,737 - pystorm.component.spout - INFO - - [pid=728] - Emitting: spout [an apple a day keeps the doctor away]
2018-04-18 11:36:56,838 - pystorm.component.spout - INFO - - [pid=728] - Emitting: spout [four score and seven years ago]
2018-04-18 11:36:56,939 - pystorm.component.spout - INFO - - [pid=728] - Emitting: spout [snow white and the seven dwarfs]
2018-04-18 11:36:57,040 - pystorm.component.spout - INFO - - [pid=728] - Emitting: spout [i am at two with nature]
2018-04-18 11:36:57,141 - pystorm.component.spout - INFO - - [pid=728] - Emitting: spout [the cow jumped over the moon]
2018-04-18 11:36:57,241 - pystorm.component.spout - INFO - - [pid=728] - Emitting: spout [an apple a day keeps the doctor away]
2018-04-18 11:36:57,342 - pystorm.component.spout - INFO - - [pid=728] - Emitting: spout [four score and seven years ago]
2018-04-18 11:36:57,445 - pystorm.component.spout - INFO - - [pid=728] - Emitting: spout [snow white and the seven dwarfs]
2018-04-18 11:36:57,546 - pystorm.component.spout - INFO - - [pid=728] - Emitting: spout [i am at two with nature]
2018-04-18 11:36:57,647 - pystorm.component.spout - INFO - - [pid=728] - Emitting: spout [the cow jumped over the moon]
2018-04-18 11:36:57,748 - pystorm.component.spout - INFO - - [pid=728] - Emitting: spout [an apple a day keeps the doctor away]
2018-04-18 11:36:57,849 - pystorm.component.spout - INFO - - [pid=728] - Emitting: spout [four score and seven years ago]
2018-04-18 11:36:57,950 - pystorm.component.spout - INFO - - [pid=728] - Emitting: spout [snow white and the seven dwarfs]
2018-04-18 11:36:58,052 - pystorm.component.spout - INFO - - [pid=728] - Emitting: spout [i am at two with nature]
2018-04-18 11:36:58,152 - pystorm.component.spout - INFO - - [pid=728] - Emitting: spout [the cow jumped over the moon]
2018-04-18 11:36:58,253 - pystorm.component.spout - INFO - - [pid=728] - Emitting: spout [an apple a day keeps the doctor away]
2018-04-18 11:36:58,355 - pystorm.component.spout - INFO - - [pid=728] - Emitting: spout [four score and seven years ago]
2018-04-18 11:36:58,456 - pystorm.component.spout - INFO - - [pid=728] - Emitting: spout [snow white and the seven dwarfs]
2018-04-18 11:36:58,556 - pystorm.component.spout - INFO - - [pid=728] - Emitting: spout [i am at two with nature]
2018-04-18 11:36:58,657 - pystorm.component.spout - INFO - - [pid=728] - Emitting: spout [the cow jumped over the moon]
2018-04-18 11:36:58,758 - pystorm.component.spout - INFO - - [pid=728] - Emitting: spout [an apple a day keeps the doctor away]
2018-04-18 11:36:58,859 - pystorm.component.spout - INFO - - [pid=728] - Emitting: spout [four score and seven years ago]
2018-04-18 11:36:58,960 - pystorm.component.spout - INFO - - [pid=728] - Emitting: spout [snow white and the seven dwarfs]
2018-04-18 11:36:59,060 - pystorm.component.spout - INFO - - [pid=728] - Emitting: spout [i am at two with nature]
2018-04-18 11:36:59,161 - pystorm.component.spout - INFO - - [pid=728] - Emitting: spout [the cow jumped over the moon]
2018-04-18 11:36:59,262 - pystorm.component.spout - INFO - - [pid=728] - Emitting: spout [an apple a day keeps the doctor away]
2018-04-18 11:36:59,363 - pystorm.component.spout - INFO - - [pid=728] - Emitting: spout [four score and seven years ago]
2018-04-18 11:36:59,465 - pystorm.component.spout - INFO - - [pid=728] - Emitting: spout [snow white and the seven dwarfs]
2018-04-18 11:36:59,566 - pystorm.component.spout - INFO - - [pid=728] - Emitting: spout [i am at two with nature]
2018-04-18 11:36:59,667 - pystorm.component.spout - INFO - - [pid=728] - Emitting: spout [the cow jumped over the moon]
2018-04-18 11:36:59,769 - pystorm.component.spout - INFO - - [pid=728] - Emitting: spout [an apple a day keeps the doctor away]
2018-04-18 11:36:59,871 - pystorm.component.spout - INFO - - [pid=728] - Emitting: spout [four score and seven years ago]
2018-04-18 11:36:59,971 - pystorm.component.spout - INFO - - [pid=728] - Emitting: spout [snow white and the seven dwarfs]
2018-04-18 11:37:00,072 - pystorm.component.spout - INFO - - [pid=728] - Emitting: spout [i am at two with nature]
2018-04-18 11:37:00,174 - pystorm.component.spout - INFO - - [pid=728] - Emitting: spout [the cow jumped over the moon]
2018-04-18 11:37:00,275 - pystorm.component.spout - INFO - - [pid=728] - Emitting: spout [an apple a day keeps the doctor away]
2018-04-18 11:37:00,391 - pystorm.component.spout - INFO - - [pid=728] - Emitting: spout [four score and seven years ago]
2018-04-18 11:37:00,492 - pystorm.component.spout - INFO - - [pid=728] - Emitting: spout [snow white and the seven dwarfs]
2018-04-18 11:37:00,596 - pystorm.component.spout - INFO - - [pid=728] - Emitting: spout [i am at two with nature]
2018-04-18 11:37:00,697 - pystorm.component.spout - INFO - - [pid=728] - Emitting: spout [the cow jumped over the moon]
2018-04-18 11:37:00,798 - pystorm.component.spout - INFO - - [pid=728] - Emitting: spout [an apple a day keeps the doctor away]
2018-04-18 11:37:00,899 - pystorm.component.spout - INFO - - [pid=728] - Emitting: spout [four score and seven years ago]
2018-04-18 11:37:01,000 - pystorm.component.spout - INFO - - [pid=728] - Emitting: spout [snow white and the seven dwarfs]
2018-04-18 11:37:01,101 - pystorm.component.spout - INFO - - [pid=728] - Emitting: spout [i am at two with nature]
2018-04-18 11:37:01,204 - pystorm.component.spout - INFO - - [pid=728] - Emitting: spout [the cow jumped over the moon]
2018-04-18 11:37:01,307 - pystorm.component.spout - INFO - - [pid=728] - Emitting: spout [an apple a day keeps the doctor away]
2018-04-18 11:37:01,409 - pystorm.component.spout - INFO - - [pid=728] - Emitting: spout [four score and seven years ago]
2018-04-18 11:37:01,510 - pystorm.component.spout - INFO - - [pid=728] - Emitting: spout [snow white and the seven dwarfs]
2018-04-18 11:37:01,612 - pystorm.component.spout - INFO - - [pid=728] - Emitting: spout [i am at two with nature]
2018-04-18 11:37:01,717 - pystorm.component.spout - INFO - - [pid=728] - Emitting: spout [the cow jumped over the moon]
2018-04-18 11:37:01,819 - pystorm.component.spout - INFO - - [pid=728] - Emitting: spout [an apple a day keeps the doctor away]
2018-04-18 11:37:01,921 - pystorm.component.spout - INFO - - [pid=728] - Emitting: spout [four score and seven years ago]
2018-04-18 11:37:02,023 - pystorm.component.spout - INFO - - [pid=728] - Emitting: spout [snow white and the seven dwarfs]
2018-04-18 11:37:02,125 - pystorm.component.spout - INFO - - [pid=728] - Emitting: spout [i am at two with nature]
2018-04-18 11:37:02,228 - pystorm.component.spout - INFO - - [pid=728] - Emitting: spout [the cow jumped over the moon]
2018-04-18 11:37:02,330 - pystorm.component.spout - INFO - - [pid=728] - Emitting: spout [an apple a day keeps the doctor away]
2018-04-18 11:37:02,432 - pystorm.component.spout - INFO - - [pid=728] - Emitting: spout [four score and seven years ago]
2018-04-18 11:37:02,533 - pystorm.component.spout - INFO - - [pid=728] - Emitting: spout [snow white and the seven dwarfs]
2018-04-18 11:37:02,637 - pystorm.component.spout - INFO - - [pid=728] - Emitting: spout [i am at two with nature]
2018-04-18 11:37:02,739 - pystorm.component.spout - INFO - - [pid=728] - Emitting: spout [the cow jumped over the moon]
2018-04-18 11:37:02,840 - pystorm.component.spout - INFO - - [pid=728] - Emitting: spout [an apple a day keeps the doctor away]
2018-04-18 11:37:02,943 - pystorm.component.spout - INFO - - [pid=728] - Emitting: spout [four score and seven years ago]
2018-04-18 11:37:03,045 - pystorm.component.spout - INFO - - [pid=728] - Emitting: spout [snow white and the seven dwarfs]
2018-04-18 11:37:03,147 - pystorm.component.spout - INFO - - [pid=728] - Emitting: spout [i am at two with nature]
2018-04-18 11:37:03,250 - pystorm.component.spout - INFO - - [pid=728] - Emitting: spout [the cow jumped over the moon]
2018-04-18 11:37:03,356 - pystorm.component.spout - INFO - - [pid=728] - Emitting: spout [an apple a day keeps the doctor away]
2018-04-18 11:37:03,458 - pystorm.component.spout - INFO - - [pid=728] - Emitting: spout [four score and seven years ago]
2018-04-18 11:37:03,560 - pystorm.component.spout - INFO - - [pid=728] - Emitting: spout [snow white and the seven dwarfs]
2018-04-18 11:37:03,662 - pystorm.component.spout - INFO - - [pid=728] - Emitting: spout [i am at two with nature]
2018-04-18 11:37:03,764 - pystorm.component.spout - INFO - - [pid=728] - Emitting: spout [the cow jumped over the moon]
2018-04-18 11:37:03,866 - pystorm.component.spout - INFO - - [pid=728] - Emitting: spout [an apple a day keeps the doctor away]
2018-04-18 11:37:03,974 - pystorm.component.spout - INFO - - [pid=728] - Emitting: spout [four score and seven years ago]
2018-04-18 11:37:04,076 - pystorm.component.spout - INFO - - [pid=728] - Emitting: spout [snow white and the seven dwarfs]
2018-04-18 11:37:04,180 - pystorm.component.spout - INFO - - [pid=728] - Emitting: spout [i am at two with nature]
2018-04-18 11:37:04,282 - pystorm.component.spout - INFO - - [pid=728] - Emitting: spout [the cow jumped over the moon]
2018-04-18 11:37:04,384 - pystorm.component.spout - INFO - - [pid=728] - Emitting: spout [an apple a day keeps the doctor away]
2018-04-18 11:37:04,486 - pystorm.component.spout - INFO - - [pid=728] - Emitting: spout [four score and seven years ago]
2018-04-18 11:37:04,588 - pystorm.component.spout - INFO - - [pid=728] - Emitting: spout [snow white and the seven dwarfs]
2018-04-18 11:37:04,690 - pystorm.component.spout - INFO - - [pid=728] - Emitting: spout [i am at two with nature]
2018-04-18 11:37:04,792 - pystorm.component.spout - INFO - - [pid=728] - Emitting: spout [the cow jumped over the moon]
2018-04-18 11:37:04,907 - pystorm.component.spout - INFO - - [pid=728] - Emitting: spout [an apple a day keeps the doctor away]
2018-04-18 11:37:05,008 - pystorm.component.spout - INFO - - [pid=728] - Emitting: spout [four score and seven years ago]
2018-04-18 11:37:05,109 - pystorm.component.spout - INFO - - [pid=728] - Emitting: spout [snow white and the seven dwarfs]
2018-04-18 11:37:05,211 - pystorm.component.spout - INFO - - [pid=728] - Emitting: spout [i am at two with nature]
2018-04-18 11:37:05,314 - pystorm.component.spout - INFO - - [pid=728] - Emitting: spout [the cow jumped over the moon]
2018-04-18 11:37:05,428 - pystorm.component.spout - INFO - - [pid=728] - Emitting: spout [an apple a day keeps the doctor away]
2018-04-18 11:37:05,530 - pystorm.component.spout - INFO - - [pid=728] - Emitting: spout [four score and seven years ago]
2018-04-18 11:37:05,633 - pystorm.component.spout - INFO - - [pid=728] - Emitting: spout [snow white and the seven dwarfs]
2018-04-18 11:37:05,735 - pystorm.component.spout - INFO - - [pid=728] - Emitting: spout [i am at two with nature]
2018-04-18 11:37:05,838 - pystorm.component.spout - INFO - - [pid=728] - Emitting: spout [the cow jumped over the moon]
2018-04-18 11:37:05,939 - pystorm.component.spout - INFO - - [pid=728] - Emitting: spout [an apple a day keeps the doctor away]
2018-04-18 11:37:06,040 - pystorm.component.spout - INFO - - [pid=728] - Emitting: spout [four score and seven years ago]
2018-04-18 11:37:06,142 - pystorm.component.spout - INFO - - [pid=728] - Emitting: spout [snow white and the seven dwarfs]
2018-04-18 11:37:06,244 - pystorm.component.spout - INFO - - [pid=728] - Emitting: spout [i am at two with nature]
2018-04-18 11:37:06,346 - pystorm.component.spout - INFO - - [pid=728] - Emitting: spout [the cow jumped over the moon]
2018-04-18 11:37:06,449 - pystorm.component.spout - INFO - - [pid=728] - Emitting: spout [an apple a day keeps the doctor away]
2018-04-18 11:37:06,555 - pystorm.component.spout - INFO - - [pid=728] - Emitting: spout [four score and seven years ago]
2018-04-18 11:37:06,657 - pystorm.component.spout - INFO - - [pid=728] - Emitting: spout [snow white and the seven dwarfs]
2018-04-18 11:37:06,759 - pystorm.component.spout - INFO - - [pid=728] - Emitting: spout [i am at two with nature]
2018-04-18 11:37:06,863 - pystorm.component.spout - INFO - - [pid=728] - Emitting: spout [the cow jumped over the moon]
2018-04-18 11:37:06,965 - pystorm.component.spout - INFO - - [pid=728] - Emitting: spout [an apple a day keeps the doctor away]
2018-04-18 11:37:07,067 - pystorm.component.spout - INFO - - [pid=728] - Emitting: spout [four score and seven years ago]
2018-04-18 11:37:07,169 - pystorm.component.spout - INFO - - [pid=728] - Emitting: spout [snow white and the seven dwarfs]
2018-04-18 11:37:07,271 - pystorm.component.spout - INFO - - [pid=728] - Emitting: spout [i am at two with nature]
2018-04-18 11:37:07,377 - pystorm.component.spout - INFO - - [pid=728] - Emitting: spout [the cow jumped over the moon]
2018-04-18 11:37:07,479 - pystorm.component.spout - INFO - - [pid=728] - Emitting: spout [an apple a day keeps the doctor away]
2018-04-18 11:37:07,582 - pystorm.component.spout - INFO - - [pid=728] - Emitting: spout [four score and seven years ago]
2018-04-18 11:37:07,690 - pystorm.component.spout - INFO - - [pid=728] - Emitting: spout [snow white and the seven dwarfs]
2018-04-18 11:37:07,792 - pystorm.component.spout - INFO - - [pid=728] - Emitting: spout [i am at two with nature]
2018-04-18 11:37:07,894 - pystorm.component.spout - INFO - - [pid=728] - Emitting: spout [the cow jumped over the moon]
2018-04-18 11:37:08,003 - pystorm.component.spout - INFO - - [pid=728] - Emitting: spout [an apple a day keeps the doctor away]
2018-04-18 11:37:08,105 - pystorm.component.spout - INFO - - [pid=728] - Emitting: spout [four score and seven years ago]
2018-04-18 11:37:08,207 - pystorm.component.spout - INFO - - [pid=728] - Emitting: spout [snow white and the seven dwarfs]
2018-04-18 11:37:08,309 - pystorm.component.spout - INFO - - [pid=728] - Emitting: spout [i am at two with nature]
2018-04-18 11:37:08,411 - pystorm.component.spout - INFO - - [pid=728] - Emitting: spout [the cow jumped over the moon]
2018-04-18 11:37:08,513 - pystorm.component.spout - INFO - - [pid=728] - Emitting: spout [an apple a day keeps the doctor away]
2018-04-18 11:37:08,616 - pystorm.component.spout - INFO - - [pid=728] - Emitting: spout [four score and seven years ago]
2018-04-18 11:37:08,718 - pystorm.component.spout - INFO - - [pid=728] - Emitting: spout [snow white and the seven dwarfs]
2018-04-18 11:37:08,821 - pystorm.component.spout - INFO - - [pid=728] - Emitting: spout [i am at two with nature]
2018-04-18 11:37:08,923 - pystorm.component.spout - INFO - - [pid=728] - Emitting: spout [the cow jumped over the moon]
2018-04-18 11:37:09,025 - pystorm.component.spout - INFO - - [pid=728] - Emitting: spout [an apple a day keeps the doctor away]
2018-04-18 11:37:09,128 - pystorm.component.spout - INFO - - [pid=728] - Emitting: spout [four score and seven years ago]
2018-04-18 11:37:09,229 - pystorm.component.spout - INFO - - [pid=728] - Emitting: spout [snow white and the seven dwarfs]
2018-04-18 11:37:09,331 - pystorm.component.spout - INFO - - [pid=728] - Emitting: spout [i am at two with nature]
2018-04-18 11:37:09,433 - pystorm.component.spout - INFO - - [pid=728] - Emitting: spout [the cow jumped over the moon]
2018-04-18 11:37:09,535 - pystorm.component.spout - INFO - - [pid=728] - Emitting: spout [an apple a day keeps the doctor away]
2018-04-18 11:37:09,637 - pystorm.component.spout - INFO - - [pid=728] - Emitting: spout [four score and seven years ago]
2018-04-18 11:37:09,739 - pystorm.component.spout - INFO - - [pid=728] - Emitting: spout [snow white and the seven dwarfs]
2018-04-18 11:37:09,841 - pystorm.component.spout - INFO - - [pid=728] - Emitting: spout [i am at two with nature]
2018-04-18 11:37:09,943 - pystorm.component.spout - INFO - - [pid=728] - Emitting: spout [the cow jumped over the moon]
2018-04-18 11:37:10,045 - pystorm.component.spout - INFO - - [pid=728] - Emitting: spout [an apple a day keeps the doctor away]
2018-04-18 11:37:10,147 - pystorm.component.spout - INFO - - [pid=728] - Emitting: spout [four score and seven years ago]
2018-04-18 11:37:10,249 - pystorm.component.spout - INFO - - [pid=728] - Emitting: spout [snow white and the seven dwarfs]
2018-04-18 11:37:10,351 - pystorm.component.spout - INFO - - [pid=728] - Emitting: spout [i am at two with nature]
2018-04-18 11:37:10,453 - pystorm.component.spout - INFO - - [pid=728] - Emitting: spout [the cow jumped over the moon]
2018-04-18 11:37:10,556 - pystorm.component.spout - INFO - - [pid=728] - Emitting: spout [an apple a day keeps the doctor away]
2018-04-18 11:37:10,658 - pystorm.component.spout - INFO - - [pid=728] - Emitting: spout [four score and seven years ago]
2018-04-18 11:37:10,759 - pystorm.component.spout - INFO - - [pid=728] - Emitting: spout [snow white and the seven dwarfs]
2018-04-18 11:37:10,861 - pystorm.component.spout - INFO - - [pid=728] - Emitting: spout [i am at two with nature]
2018-04-18 11:37:10,964 - pystorm.component.spout - INFO - - [pid=728] - Emitting: spout [the cow jumped over the moon]
2018-04-18 11:37:11,066 - pystorm.component.spout - INFO - - [pid=728] - Emitting: spout [an apple a day keeps the doctor away]
2018-04-18 11:37:11,168 - pystorm.component.spout - INFO - - [pid=728] - Emitting: spout [four score and seven years ago]
2018-04-18 11:37:11,269 - pystorm.component.spout - INFO - - [pid=728] - Emitting: spout [snow white and the seven dwarfs]
2018-04-18 11:37:11,370 - pystorm.component.spout - INFO - - [pid=728] - Emitting: spout [i am at two with nature]
2018-04-18 11:37:11,472 - pystorm.component.spout - INFO - - [pid=728] - Emitting: spout [the cow jumped over the moon]
2018-04-18 11:37:11,574 - pystorm.component.spout - INFO - - [pid=728] - Emitting: spout [an apple a day keeps the doctor away]
2018-04-18 11:37:11,675 - pystorm.component.spout - INFO - - [pid=728] - Emitting: spout [four score and seven years ago]
2018-04-18 11:37:11,778 - pystorm.component.spout - INFO - - [pid=728] - Emitting: spout [snow white and the seven dwarfs]
2018-04-18 11:37:11,880 - pystorm.component.spout - INFO - - [pid=728] - Emitting: spout [i am at two with nature]
2018-04-18 11:37:11,982 - pystorm.component.spout - INFO - - [pid=728] - Emitting: spout [the cow jumped over the moon]
2018-04-18 11:37:12,086 - pystorm.component.spout - INFO - - [pid=728] - Emitting: spout [an apple a day keeps the doctor away]
2018-04-18 11:37:12,188 - pystorm.component.spout - INFO - - [pid=728] - Emitting: spout [four score and seven years ago]
2018-04-18 11:37:12,290 - pystorm.component.spout - INFO - - [pid=728] - Emitting: spout [snow white and the seven dwarfs]
2018-04-18 11:37:12,393 - pystorm.component.spout - INFO - - [pid=728] - Emitting: spout [i am at two with nature]
2018-04-18 11:37:12,495 - pystorm.component.spout - INFO - - [pid=728] - Emitting: spout [the cow jumped over the moon]
2018-04-18 11:37:12,598 - pystorm.component.spout - INFO - - [pid=728] - Emitting: spout [an apple a day keeps the doctor away]
2018-04-18 11:37:12,700 - pystorm.component.spout - INFO - - [pid=728] - Emitting: spout [four score and seven years ago]
2018-04-18 11:37:12,802 - pystorm.component.spout - INFO - - [pid=728] - Emitting: spout [snow white and the seven dwarfs]
2018-04-18 11:37:12,905 - pystorm.component.spout - INFO - - [pid=728] - Emitting: spout [i am at two with nature]
2018-04-18 11:37:13,008 - pystorm.component.spout - INFO - - [pid=728] - Emitting: spout [the cow jumped over the moon]
2018-04-18 11:37:13,112 - pystorm.component.spout - INFO - - [pid=728] - Emitting: spout [an apple a day keeps the doctor away]
2018-04-18 11:37:13,222 - pystorm.component.spout - INFO - - [pid=728] - Emitting: spout [four score and seven years ago]
2018-04-18 11:37:13,324 - pystorm.component.spout - INFO - - [pid=728] - Emitting: spout [snow white and the seven dwarfs]
2018-04-18 11:37:13,429 - pystorm.component.spout - INFO - - [pid=728] - Emitting: spout [i am at two with nature]
2018-04-18 11:37:13,531 - pystorm.component.spout - INFO - - [pid=728] - Emitting: spout [the cow jumped over the moon]
2018-04-18 11:37:13,654 - pystorm.component.spout - INFO - - [pid=728] - Emitting: spout [an apple a day keeps the doctor away]
2018-04-18 11:37:13,762 - pystorm.component.spout - INFO - - [pid=728] - Emitting: spout [four score and seven years ago]
2018-04-18 11:37:13,865 - pystorm.component.spout - INFO - - [pid=728] - Emitting: spout [snow white and the seven dwarfs]
2018-04-18 11:37:13,968 - pystorm.component.spout - INFO - - [pid=728] - Emitting: spout [i am at two with nature]
2018-04-18 11:37:14,071 - pystorm.component.spout - INFO - - [pid=728] - Emitting: spout [the cow jumped over the moon]
2018-04-18 11:37:14,173 - pystorm.component.spout - INFO - - [pid=728] - Emitting: spout [an apple a day keeps the doctor away]
2018-04-18 11:37:14,275 - pystorm.component.spout - INFO - - [pid=728] - Emitting: spout [four score and seven years ago]
2018-04-18 11:37:14,377 - pystorm.component.spout - INFO - - [pid=728] - Emitting: spout [snow white and the seven dwarfs]
2018-04-18 11:37:14,480 - pystorm.component.spout - INFO - - [pid=728] - Emitting: spout [i am at two with nature]
2018-04-18 11:37:14,581 - pystorm.component.spout - INFO - - [pid=728] - Emitting: spout [the cow jumped over the moon]
2018-04-18 11:37:14,683 - pystorm.component.spout - INFO - - [pid=728] - Emitting: spout [an apple a day keeps the doctor away]
2018-04-18 11:37:14,786 - pystorm.component.spout - INFO - - [pid=728] - Emitting: spout [four score and seven years ago]
2018-04-18 11:37:14,888 - pystorm.component.spout - INFO - - [pid=728] - Emitting: spout [snow white and the seven dwarfs]
2018-04-18 11:37:14,990 - pystorm.component.spout - INFO - - [pid=728] - Emitting: spout [i am at two with nature]
2018-04-18 11:37:15,091 - pystorm.component.spout - INFO - - [pid=728] - Emitting: spout [the cow jumped over the moon]
2018-04-18 11:37:15,200 - pystorm.component.spout - INFO - - [pid=728] - Emitting: spout [an apple a day keeps the doctor away]
2018-04-18 11:37:15,301 - pystorm.component.spout - INFO - - [pid=728] - Emitting: spout [four score and seven years ago]
2018-04-18 11:37:15,404 - pystorm.component.spout - INFO - - [pid=728] - Emitting: spout [snow white and the seven dwarfs]
2018-04-18 11:37:15,506 - pystorm.component.spout - INFO - - [pid=728] - Emitting: spout [i am at two with nature]
2018-04-18 11:37:15,607 - pystorm.component.spout - INFO - - [pid=728] - Emitting: spout [the cow jumped over the moon]
2018-04-18 11:37:15,709 - pystorm.component.spout - INFO - - [pid=728] - Emitting: spout [an apple a day keeps the doctor away]
2018-04-18 11:37:15,810 - pystorm.component.spout - INFO - - [pid=728] - Emitting: spout [four score and seven years ago]
2018-04-18 11:37:15,913 - pystorm.component.spout - INFO - - [pid=728] - Emitting: spout [snow white and the seven dwarfs]
2018-04-18 11:37:16,015 - pystorm.component.spout - INFO - - [pid=728] - Emitting: spout [i am at two with nature]
2018-04-18 11:37:16,116 - pystorm.component.spout - INFO - - [pid=728] - Emitting: spout [the cow jumped over the moon]
2018-04-18 11:37:16,218 - pystorm.component.spout - INFO - - [pid=728] - Emitting: spout [an apple a day keeps the doctor away]
2018-04-18 11:37:16,320 - pystorm.component.spout - INFO - - [pid=728] - Emitting: spout [four score and seven years ago]
2018-04-18 11:37:16,421 - pystorm.component.spout - INFO - - [pid=728] - Emitting: spout [snow white and the seven dwarfs]
2018-04-18 11:37:16,524 - pystorm.component.spout - INFO - - [pid=728] - Emitting: spout [i am at two with nature]
2018-04-18 11:37:16,626 - pystorm.component.spout - INFO - - [pid=728] - Emitting: spout [the cow jumped over the moon]
2018-04-18 11:37:16,727 - pystorm.component.spout - INFO - - [pid=728] - Emitting: spout [an apple a day keeps the doctor away]
2018-04-18 11:37:16,829 - pystorm.component.spout - INFO - - [pid=728] - Emitting: spout [four score and seven years ago]
2018-04-18 11:37:16,932 - pystorm.component.spout - INFO - - [pid=728] - Emitting: spout [snow white and the seven dwarfs]
2018-04-18 11:37:17,034 - pystorm.component.spout - INFO - - [pid=728] - Emitting: spout [i am at two with nature]
2018-04-18 11:37:17,136 - pystorm.component.spout - INFO - - [pid=728] - Emitting: spout [the cow jumped over the moon]
2018-04-18 11:37:17,246 - pystorm.component.spout - INFO - - [pid=728] - Emitting: spout [an apple a day keeps the doctor away]
2018-04-18 11:37:17,349 - pystorm.component.spout - INFO - - [pid=728] - Emitting: spout [four score and seven years ago]
2018-04-18 11:37:17,451 - pystorm.component.spout - INFO - - [pid=728] - Emitting: spout [snow white and the seven dwarfs]
2018-04-18 11:37:17,554 - pystorm.component.spout - INFO - - [pid=728] - Emitting: spout [i am at two with nature]
2018-04-18 11:37:17,656 - pystorm.component.spout - INFO - - [pid=728] - Emitting: spout [the cow jumped over the moon]
2018-04-18 11:37:17,758 - pystorm.component.spout - INFO - - [pid=728] - Emitting: spout [an apple a day keeps the doctor away]
2018-04-18 11:37:17,861 - pystorm.component.spout - INFO - - [pid=728] - Emitting: spout [four score and seven years ago]
2018-04-18 11:37:17,963 - pystorm.component.spout - INFO - - [pid=728] - Emitting: spout [snow white and the seven dwarfs]
2018-04-18 11:37:18,065 - pystorm.component.spout - INFO - - [pid=728] - Emitting: spout [i am at two with nature]
2018-04-18 11:37:18,168 - pystorm.component.spout - INFO - - [pid=728] - Emitting: spout [the cow jumped over the moon]
2018-04-18 11:37:18,279 - pystorm.component.spout - INFO - - [pid=728] - Emitting: spout [an apple a day keeps the doctor away]
2018-04-18 11:37:18,380 - pystorm.component.spout - INFO - - [pid=728] - Emitting: spout [four score and seven years ago]
2018-04-18 11:37:18,481 - pystorm.component.spout - INFO - - [pid=728] - Emitting: spout [snow white and the seven dwarfs]
2018-04-18 11:37:18,584 - pystorm.component.spout - INFO - - [pid=728] - Emitting: spout [i am at two with nature]
2018-04-18 11:37:18,686 - pystorm.component.spout - INFO - - [pid=728] - Emitting: spout [the cow jumped over the moon]
2018-04-18 11:37:18,787 - pystorm.component.spout - INFO - - [pid=728] - Emitting: spout [an apple a day keeps the doctor away]
2018-04-18 11:37:18,890 - pystorm.component.spout - INFO - - [pid=728] - Emitting: spout [four score and seven years ago]
2018-04-18 11:37:18,992 - pystorm.component.spout - INFO - - [pid=728] - Emitting: spout [snow white and the seven dwarfs]
2018-04-18 11:37:19,094 - pystorm.component.spout - INFO - - [pid=728] - Emitting: spout [i am at two with nature]
2018-04-18 11:37:19,197 - pystorm.component.spout - INFO - - [pid=728] - Emitting: spout [the cow jumped over the moon]
2018-04-18 11:37:19,299 - pystorm.component.spout - INFO - - [pid=728] - Emitting: spout [an apple a day keeps the doctor away]
2018-04-18 11:37:19,402 - pystorm.component.spout - INFO - - [pid=728] - Emitting: spout [four score and seven years ago]
2018-04-18 11:37:19,513 - pystorm.component.spout - INFO - - [pid=728] - Emitting: spout [snow white and the seven dwarfs]
2018-04-18 11:37:19,615 - pystorm.component.spout - INFO - - [pid=728] - Emitting: spout [i am at two with nature]
2018-04-18 11:37:19,717 - pystorm.component.spout - INFO - - [pid=728] - Emitting: spout [the cow jumped over the moon]
2018-04-18 11:37:19,818 - pystorm.component.spout - INFO - - [pid=728] - Emitting: spout [an apple a day keeps the doctor away]
2018-04-18 11:37:19,919 - pystorm.component.spout - INFO - - [pid=728] - Emitting: spout [four score and seven years ago]
2018-04-18 11:37:20,021 - pystorm.component.spout - INFO - - [pid=728] - Emitting: spout [snow white and the seven dwarfs]
2018-04-18 11:37:20,123 - pystorm.component.spout - INFO - - [pid=728] - Emitting: spout [i am at two with nature]
2018-04-18 11:37:20,225 - pystorm.component.spout - INFO - - [pid=728] - Emitting: spout [the cow jumped over the moon]
2018-04-18 11:37:20,328 - pystorm.component.spout - INFO - - [pid=728] - Emitting: spout [an apple a day keeps the doctor away]
2018-04-18 11:37:20,432 - pystorm.component.spout - INFO - - [pid=728] - Emitting: spout [four score and seven years ago]
2018-04-18 11:37:20,535 - pystorm.component.spout - INFO - - [pid=728] - Emitting: spout [snow white and the seven dwarfs]
2018-04-18 11:37:20,637 - pystorm.component.spout - INFO - - [pid=728] - Emitting: spout [i am at two with nature]
2018-04-18 11:37:20,740 - pystorm.component.spout - INFO - - [pid=728] - Emitting: spout [the cow jumped over the moon]
2018-04-18 11:37:20,843 - pystorm.component.spout - INFO - - [pid=728] - Emitting: spout [an apple a day keeps the doctor away]
2018-04-18 11:37:20,944 - pystorm.component.spout - INFO - - [pid=728] - Emitting: spout [four score and seven years ago]
2018-04-18 11:37:21,046 - pystorm.component.spout - INFO - - [pid=728] - Emitting: spout [snow white and the seven dwarfs]
2018-04-18 11:37:21,148 - pystorm.component.spout - INFO - - [pid=728] - Emitting: spout [i am at two with nature]
2018-04-18 11:37:21,250 - pystorm.component.spout - INFO - - [pid=728] - Emitting: spout [the cow jumped over the moon]
2018-04-18 11:37:21,356 - pystorm.component.spout - INFO - - [pid=728] - Emitting: spout [an apple a day keeps the doctor away]
2018-04-18 11:37:21,463 - pystorm.component.spout - INFO - - [pid=728] - Emitting: spout [four score and seven years ago]
2018-04-18 11:37:21,578 - pystorm.component.spout - INFO - - [pid=728] - Emitting: spout [snow white and the seven dwarfs]
2018-04-18 11:37:21,680 - pystorm.component.spout - INFO - - [pid=728] - Emitting: spout [i am at two with nature]
2018-04-18 11:37:21,782 - pystorm.component.spout - INFO - - [pid=728] - Emitting: spout [the cow jumped over the moon]
2018-04-18 11:37:21,884 - pystorm.component.spout - INFO - - [pid=728] - Emitting: spout [an apple a day keeps the doctor away]
2018-04-18 11:37:21,985 - pystorm.component.spout - INFO - - [pid=728] - Emitting: spout [four score and seven years ago]
2018-04-18 11:37:22,088 - pystorm.component.spout - INFO - - [pid=728] - Emitting: spout [snow white and the seven dwarfs]
2018-04-18 11:37:22,191 - pystorm.component.spout - INFO - - [pid=728] - Emitting: spout [i am at two with nature]
2018-04-18 11:37:22,294 - pystorm.component.spout - INFO - - [pid=728] - Emitting: spout [the cow jumped over the moon]
2018-04-18 11:37:22,396 - pystorm.component.spout - INFO - - [pid=728] - Emitting: spout [an apple a day keeps the doctor away]
2018-04-18 11:37:22,498 - pystorm.component.spout - INFO - - [pid=728] - Emitting: spout [four score and seven years ago]
2018-04-18 11:37:22,601 - pystorm.component.spout - INFO - - [pid=728] - Emitting: spout [snow white and the seven dwarfs]
2018-04-18 11:37:22,703 - pystorm.component.spout - INFO - - [pid=728] - Emitting: spout [i am at two with nature]
2018-04-18 11:37:22,805 - pystorm.component.spout - INFO - - [pid=728] - Emitting: spout [the cow jumped over the moon]
2018-04-18 11:37:22,908 - pystorm.component.spout - INFO - - [pid=728] - Emitting: spout [an apple a day keeps the doctor away]
2018-04-18 11:37:23,010 - pystorm.component.spout - INFO - - [pid=728] - Emitting: spout [four score and seven years ago]
2018-04-18 11:37:23,111 - pystorm.component.spout - INFO - - [pid=728] - Emitting: spout [snow white and the seven dwarfs]
2018-04-18 11:37:23,213 - pystorm.component.spout - INFO - - [pid=728] - Emitting: spout [i am at two with nature]
2018-04-18 11:37:23,323 - pystorm.component.spout - INFO - - [pid=728] - Emitting: spout [the cow jumped over the moon]
2018-04-18 11:37:23,425 - pystorm.component.spout - INFO - - [pid=728] - Emitting: spout [an apple a day keeps the doctor away]
2018-04-18 11:37:23,527 - pystorm.component.spout - INFO - - [pid=728] - Emitting: spout [four score and seven years ago]
2018-04-18 11:37:23,629 - pystorm.component.spout - INFO - - [pid=728] - Emitting: spout [snow white and the seven dwarfs]
2018-04-18 11:37:23,730 - pystorm.component.spout - INFO - - [pid=728] - Emitting: spout [i am at two with nature]
2018-04-18 11:37:23,832 - pystorm.component.spout - INFO - - [pid=728] - Emitting: spout [the cow jumped over the moon]
2018-04-18 11:37:23,934 - pystorm.component.spout - INFO - - [pid=728] - Emitting: spout [an apple a day keeps the doctor away]
2018-04-18 11:37:24,036 - pystorm.component.spout - INFO - - [pid=728] - Emitting: spout [four score and seven years ago]
2018-04-18 11:37:24,138 - pystorm.component.spout - INFO - - [pid=728] - Emitting: spout [snow white and the seven dwarfs]
2018-04-18 11:37:24,244 - pystorm.component.spout - INFO - - [pid=728] - Emitting: spout [i am at two with nature]
2018-04-18 11:37:24,346 - pystorm.component.spout - INFO - - [pid=728] - Emitting: spout [the cow jumped over the moon]
2018-04-18 11:37:24,448 - pystorm.component.spout - INFO - - [pid=728] - Emitting: spout [an apple a day keeps the doctor away]
2018-04-18 11:37:24,551 - pystorm.component.spout - INFO - - [pid=728] - Emitting: spout [four score and seven years ago]
2018-04-18 11:37:24,654 - pystorm.component.spout - INFO - - [pid=728] - Emitting: spout [snow white and the seven dwarfs]
2018-04-18 11:37:24,756 - pystorm.component.spout - INFO - - [pid=728] - Emitting: spout [i am at two with nature]
2018-04-18 11:37:24,859 - pystorm.component.spout - INFO - - [pid=728] - Emitting: spout [the cow jumped over the moon]
2018-04-18 11:37:24,961 - pystorm.component.spout - INFO - - [pid=728] - Emitting: spout [an apple a day keeps the doctor away]
2018-04-18 11:37:25,063 - pystorm.component.spout - INFO - - [pid=728] - Emitting: spout [four score and seven years ago]
2018-04-18 11:37:25,165 - pystorm.component.spout - INFO - - [pid=728] - Emitting: spout [snow white and the seven dwarfs]
2018-04-18 11:37:25,266 - pystorm.component.spout - INFO - - [pid=728] - Emitting: spout [i am at two with nature]
2018-04-18 11:37:25,369 - pystorm.component.spout - INFO - - [pid=728] - Emitting: spout [the cow jumped over the moon]
2018-04-18 11:37:25,471 - pystorm.component.spout - INFO - - [pid=728] - Emitting: spout [an apple a day keeps the doctor away]
2018-04-18 11:37:25,574 - pystorm.component.spout - INFO - - [pid=728] - Emitting: spout [four score and seven years ago]
2018-04-18 11:37:25,677 - pystorm.component.spout - INFO - - [pid=728] - Emitting: spout [snow white and the seven dwarfs]
2018-04-18 11:37:25,779 - pystorm.component.spout - INFO - - [pid=728] - Emitting: spout [i am at two with nature]
2018-04-18 11:37:25,881 - pystorm.component.spout - INFO - - [pid=728] - Emitting: spout [the cow jumped over the moon]
2018-04-18 11:37:25,983 - pystorm.component.spout - INFO - - [pid=728] - Emitting: spout [an apple a day keeps the doctor away]
2018-04-18 11:37:26,085 - pystorm.component.spout - INFO - - [pid=728] - Emitting: spout [four score and seven years ago]
2018-04-18 11:37:26,187 - pystorm.component.spout - INFO - - [pid=728] - Emitting: spout [snow white and the seven dwarfs]
2018-04-18 11:37:26,288 - pystorm.component.spout - INFO - - [pid=728] - Emitting: spout [i am at two with nature]
2018-04-18 11:37:26,390 - pystorm.component.spout - INFO - - [pid=728] - Emitting: spout [the cow jumped over the moon]
2018-04-18 11:37:26,493 - pystorm.component.spout - INFO - - [pid=728] - Emitting: spout [an apple a day keeps the doctor away]
2018-04-18 11:37:26,596 - pystorm.component.spout - INFO - - [pid=728] - Emitting: spout [four score and seven years ago]
2018-04-18 11:37:26,698 - pystorm.component.spout - INFO - - [pid=728] - Emitting: spout [snow white and the seven dwarfs]
2018-04-18 11:37:26,799 - pystorm.component.spout - INFO - - [pid=728] - Emitting: spout [i am at two with nature]
2018-04-18 11:37:26,901 - pystorm.component.spout - INFO - - [pid=728] - Emitting: spout [the cow jumped over the moon]
2018-04-18 11:37:27,003 - pystorm.component.spout - INFO - - [pid=728] - Emitting: spout [an apple a day keeps the doctor away]
2018-04-18 11:37:27,105 - pystorm.component.spout - INFO - - [pid=728] - Emitting: spout [four score and seven years ago]
2018-04-18 11:37:27,207 - pystorm.component.spout - INFO - - [pid=728] - Emitting: spout [snow white and the seven dwarfs]
2018-04-18 11:37:27,309 - pystorm.component.spout - INFO - - [pid=728] - Emitting: spout [i am at two with nature]
2018-04-18 11:37:27,411 - pystorm.component.spout - INFO - - [pid=728] - Emitting: spout [the cow jumped over the moon]
2018-04-18 11:37:27,515 - pystorm.component.spout - INFO - - [pid=728] - Emitting: spout [an apple a day keeps the doctor away]
2018-04-18 11:37:27,617 - pystorm.component.spout - INFO - - [pid=728] - Emitting: spout [four score and seven years ago]
2018-04-18 11:37:27,719 - pystorm.component.spout - INFO - - [pid=728] - Emitting: spout [snow white and the seven dwarfs]
2018-04-18 11:37:27,821 - pystorm.component.spout - INFO - - [pid=728] - Emitting: spout [i am at two with nature]
2018-04-18 11:37:27,923 - pystorm.component.spout - INFO - - [pid=728] - Emitting: spout [the cow jumped over the moon]
2018-04-18 11:37:28,026 - pystorm.component.spout - INFO - - [pid=728] - Emitting: spout [an apple a day keeps the doctor away]
2018-04-18 11:37:28,128 - pystorm.component.spout - INFO - - [pid=728] - Emitting: spout [four score and seven years ago]
2018-04-18 11:37:28,230 - pystorm.component.spout - INFO - - [pid=728] - Emitting: spout [snow white and the seven dwarfs]
2018-04-18 11:37:28,331 - pystorm.component.spout - INFO - - [pid=728] - Emitting: spout [i am at two with nature]
2018-04-18 11:37:28,433 - pystorm.component.spout - INFO - - [pid=728] - Emitting: spout [the cow jumped over the moon]
2018-04-18 11:37:28,535 - pystorm.component.spout - INFO - - [pid=728] - Emitting: spout [an apple a day keeps the doctor away]
2018-04-18 11:37:28,637 - pystorm.component.spout - INFO - - [pid=728] - Emitting: spout [four score and seven years ago]
2018-04-18 11:37:28,739 - pystorm.component.spout - INFO - - [pid=728] - Emitting: spout [snow white and the seven dwarfs]
2018-04-18 11:37:28,842 - pystorm.component.spout - INFO - - [pid=728] - Emitting: spout [i am at two with nature]
2018-04-18 11:37:28,944 - pystorm.component.spout - INFO - - [pid=728] - Emitting: spout [the cow jumped over the moon]
2018-04-18 11:37:29,046 - pystorm.component.spout - INFO - - [pid=728] - Emitting: spout [an apple a day keeps the doctor away]
2018-04-18 11:37:29,147 - pystorm.component.spout - INFO - - [pid=728] - Emitting: spout [four score and seven years ago]
2018-04-18 11:37:29,249 - pystorm.component.spout - INFO - - [pid=728] - Emitting: spout [snow white and the seven dwarfs]
2018-04-18 11:37:29,352 - pystorm.component.spout - INFO - - [pid=728] - Emitting: spout [i am at two with nature]
2018-04-18 11:37:29,453 - pystorm.component.spout - INFO - - [pid=728] - Emitting: spout [the cow jumped over the moon]
2018-04-18 11:37:29,554 - pystorm.component.spout - INFO - - [pid=728] - Emitting: spout [an apple a day keeps the doctor away]
2018-04-18 11:37:29,655 - pystorm.component.spout - INFO - - [pid=728] - Emitting: spout [four score and seven years ago]
2018-04-18 11:37:29,757 - pystorm.component.spout - INFO - - [pid=728] - Emitting: spout [snow white and the seven dwarfs]
2018-04-18 11:37:29,858 - pystorm.component.spout - INFO - - [pid=728] - Emitting: spout [i am at two with nature]
2018-04-18 11:37:29,959 - pystorm.component.spout - INFO - - [pid=728] - Emitting: spout [the cow jumped over the moon]
2018-04-18 11:37:30,061 - pystorm.component.spout - INFO - - [pid=728] - Emitting: spout [an apple a day keeps the doctor away]
2018-04-18 11:37:30,162 - pystorm.component.spout - INFO - - [pid=728] - Emitting: spout [four score and seven years ago]
2018-04-18 11:37:30,263 - pystorm.component.spout - INFO - - [pid=728] - Emitting: spout [snow white and the seven dwarfs]
2018-04-18 11:37:30,364 - pystorm.component.spout - INFO - - [pid=728] - Emitting: spout [i am at two with nature]
2018-04-18 11:37:30,465 - pystorm.component.spout - INFO - - [pid=728] - Emitting: spout [the cow jumped over the moon]
2018-04-18 11:37:30,566 - pystorm.component.spout - INFO - - [pid=728] - Emitting: spout [an apple a day keeps the doctor away]
2018-04-18 11:37:30,667 - pystorm.component.spout - INFO - - [pid=728] - Emitting: spout [four score and seven years ago]
2018-04-18 11:37:30,768 - pystorm.component.spout - INFO - - [pid=728] - Emitting: spout [snow white and the seven dwarfs]
2018-04-18 11:37:30,869 - pystorm.component.spout - INFO - - [pid=728] - Emitting: spout [i am at two with nature]
2018-04-18 11:37:30,970 - pystorm.component.spout - INFO - - [pid=728] - Emitting: spout [the cow jumped over the moon]
2018-04-18 11:37:31,071 - pystorm.component.spout - INFO - - [pid=728] - Emitting: spout [an apple a day keeps the doctor away]
2018-04-18 11:37:31,171 - pystorm.component.spout - INFO - - [pid=728] - Emitting: spout [four score and seven years ago]
2018-04-18 11:37:31,274 - pystorm.component.spout - INFO - - [pid=728] - Emitting: spout [snow white and the seven dwarfs]
2018-04-18 11:37:31,375 - pystorm.component.spout - INFO - - [pid=728] - Emitting: spout [i am at two with nature]
2018-04-18 11:37:31,476 - pystorm.component.spout - INFO - - [pid=728] - Emitting: spout [the cow jumped over the moon]
2018-04-18 11:37:31,576 - pystorm.component.spout - INFO - - [pid=728] - Emitting: spout [an apple a day keeps the doctor away]
2018-04-18 11:37:31,680 - pystorm.component.spout - INFO - - [pid=728] - Emitting: spout [four score and seven years ago]
2018-04-18 11:37:31,781 - pystorm.component.spout - INFO - - [pid=728] - Emitting: spout [snow white and the seven dwarfs]
2018-04-18 11:37:31,883 - pystorm.component.spout - INFO - - [pid=728] - Emitting: spout [i am at two with nature]
2018-04-18 11:37:31,984 - pystorm.component.spout - INFO - - [pid=728] - Emitting: spout [the cow jumped over the moon]
2018-04-18 11:37:32,085 - pystorm.component.spout - INFO - - [pid=728] - Emitting: spout [an apple a day keeps the doctor away]
2018-04-18 11:37:32,185 - pystorm.component.spout - INFO - - [pid=728] - Emitting: spout [four score and seven years ago]
2018-04-18 11:37:32,286 - pystorm.component.spout - INFO - - [pid=728] - Emitting: spout [snow white and the seven dwarfs]
2018-04-18 11:37:32,387 - pystorm.component.spout - INFO - - [pid=728] - Emitting: spout [i am at two with nature]
2018-04-18 11:37:32,488 - pystorm.component.spout - INFO - - [pid=728] - Emitting: spout [the cow jumped over the moon]
2018-04-18 11:37:32,589 - pystorm.component.spout - INFO - - [pid=728] - Emitting: spout [an apple a day keeps the doctor away]
2018-04-18 11:37:32,690 - pystorm.component.spout - INFO - - [pid=728] - Emitting: spout [four score and seven years ago]
2018-04-18 11:37:32,791 - pystorm.component.spout - INFO - - [pid=728] - Emitting: spout [snow white and the seven dwarfs]
2018-04-18 11:37:32,891 - pystorm.component.spout - INFO - - [pid=728] - Emitting: spout [i am at two with nature]
2018-04-18 11:37:32,992 - pystorm.component.spout - INFO - - [pid=728] - Emitting: spout [the cow jumped over the moon]
2018-04-18 11:37:33,093 - pystorm.component.spout - INFO - - [pid=728] - Emitting: spout [an apple a day keeps the doctor away]
2018-04-18 11:37:33,194 - pystorm.component.spout - INFO - - [pid=728] - Emitting: spout [four score and seven years ago]
2018-04-18 11:37:33,295 - pystorm.component.spout - INFO - - [pid=728] - Emitting: spout [snow white and the seven dwarfs]
2018-04-18 11:37:33,395 - pystorm.component.spout - INFO - - [pid=728] - Emitting: spout [i am at two with nature]
2018-04-18 11:37:33,496 - pystorm.component.spout - INFO - - [pid=728] - Emitting: spout [the cow jumped over the moon]
2018-04-18 11:37:33,598 - pystorm.component.spout - INFO - - [pid=728] - Emitting: spout [an apple a day keeps the doctor away]
2018-04-18 11:37:33,699 - pystorm.component.spout - INFO - - [pid=728] - Emitting: spout [four score and seven years ago]
2018-04-18 11:37:33,800 - pystorm.component.spout - INFO - - [pid=728] - Emitting: spout [snow white and the seven dwarfs]
2018-04-18 11:37:33,901 - pystorm.component.spout - INFO - - [pid=728] - Emitting: spout [i am at two with nature]
2018-04-18 11:37:34,002 - pystorm.component.spout - INFO - - [pid=728] - Emitting: spout [the cow jumped over the moon]
2018-04-18 11:37:34,103 - pystorm.component.spout - INFO - - [pid=728] - Emitting: spout [an apple a day keeps the doctor away]
2018-04-18 11:37:34,204 - pystorm.component.spout - INFO - - [pid=728] - Emitting: spout [four score and seven years ago]
2018-04-18 11:37:34,304 - pystorm.component.spout - INFO - - [pid=728] - Emitting: spout [snow white and the seven dwarfs]
2018-04-18 11:37:34,405 - pystorm.component.spout - INFO - - [pid=728] - Emitting: spout [i am at two with nature]
2018-04-18 11:37:34,507 - pystorm.component.spout - INFO - - [pid=728] - Emitting: spout [the cow jumped over the moon]
2018-04-18 11:37:34,616 - pystorm.component.spout - INFO - - [pid=728] - Emitting: spout [an apple a day keeps the doctor away]
2018-04-18 11:37:34,721 - pystorm.component.spout - INFO - - [pid=728] - Emitting: spout [four score and seven years ago]
2018-04-18 11:37:34,822 - pystorm.component.spout - INFO - - [pid=728] - Emitting: spout [snow white and the seven dwarfs]
2018-04-18 11:37:34,923 - pystorm.component.spout - INFO - - [pid=728] - Emitting: spout [i am at two with nature]
2018-04-18 11:37:35,024 - pystorm.component.spout - INFO - - [pid=728] - Emitting: spout [the cow jumped over the moon]
2018-04-18 11:37:35,125 - pystorm.component.spout - INFO - - [pid=728] - Emitting: spout [an apple a day keeps the doctor away]
2018-04-18 11:37:35,226 - pystorm.component.spout - INFO - - [pid=728] - Emitting: spout [four score and seven years ago]
2018-04-18 11:37:35,327 - pystorm.component.spout - INFO - - [pid=728] - Emitting: spout [snow white and the seven dwarfs]
2018-04-18 11:37:35,428 - pystorm.component.spout - INFO - - [pid=728] - Emitting: spout [i am at two with nature]
2018-04-18 11:37:35,534 - pystorm.component.spout - INFO - - [pid=728] - Emitting: spout [the cow jumped over the moon]
2018-04-18 11:37:35,634 - pystorm.component.spout - INFO - - [pid=728] - Emitting: spout [an apple a day keeps the doctor away]
2018-04-18 11:37:35,735 - pystorm.component.spout - INFO - - [pid=728] - Emitting: spout [four score and seven years ago]
2018-04-18 11:37:35,836 - pystorm.component.spout - INFO - - [pid=728] - Emitting: spout [snow white and the seven dwarfs]
2018-04-18 11:37:35,937 - pystorm.component.spout - INFO - - [pid=728] - Emitting: spout [i am at two with nature]
2018-04-18 11:37:36,038 - pystorm.component.spout - INFO - - [pid=728] - Emitting: spout [the cow jumped over the moon]
2018-04-18 11:37:36,139 - pystorm.component.spout - INFO - - [pid=728] - Emitting: spout [an apple a day keeps the doctor away]
2018-04-18 11:37:36,240 - pystorm.component.spout - INFO - - [pid=728] - Emitting: spout [four score and seven years ago]
2018-04-18 11:37:36,341 - pystorm.component.spout - INFO - - [pid=728] - Emitting: spout [snow white and the seven dwarfs]
2018-04-18 11:37:36,441 - pystorm.component.spout - INFO - - [pid=728] - Emitting: spout [i am at two with nature]
2018-04-18 11:37:36,542 - pystorm.component.spout - INFO - - [pid=728] - Emitting: spout [the cow jumped over the moon]
2018-04-18 11:37:36,643 - pystorm.component.spout - INFO - - [pid=728] - Emitting: spout [an apple a day keeps the doctor away]
2018-04-18 11:37:36,744 - pystorm.component.spout - INFO - - [pid=728] - Emitting: spout [four score and seven years ago]
2018-04-18 11:37:36,845 - pystorm.component.spout - INFO - - [pid=728] - Emitting: spout [snow white and the seven dwarfs]
2018-04-18 11:37:36,946 - pystorm.component.spout - INFO - - [pid=728] - Emitting: spout [i am at two with nature]
2018-04-18 11:37:37,047 - pystorm.component.spout - INFO - - [pid=728] - Emitting: spout [the cow jumped over the moon]
2018-04-18 11:37:37,148 - pystorm.component.spout - INFO - - [pid=728] - Emitting: spout [an apple a day keeps the doctor away]
2018-04-18 11:37:37,248 - pystorm.component.spout - INFO - - [pid=728] - Emitting: spout [four score and seven years ago]
2018-04-18 11:37:37,349 - pystorm.component.spout - INFO - - [pid=728] - Emitting: spout [snow white and the seven dwarfs]
2018-04-18 11:37:37,451 - pystorm.component.spout - INFO - - [pid=728] - Emitting: spout [i am at two with nature]
2018-04-18 11:37:37,552 - pystorm.component.spout - INFO - - [pid=728] - Emitting: spout [the cow jumped over the moon]
2018-04-18 11:37:37,653 - pystorm.component.spout - INFO - - [pid=728] - Emitting: spout [an apple a day keeps the doctor away]
2018-04-18 11:37:37,754 - pystorm.component.spout - INFO - - [pid=728] - Emitting: spout [four score and seven years ago]
2018-04-18 11:37:37,855 - pystorm.component.spout - INFO - - [pid=728] - Emitting: spout [snow white and the seven dwarfs]
2018-04-18 11:37:37,956 - pystorm.component.spout - INFO - - [pid=728] - Emitting: spout [i am at two with nature]
2018-04-18 11:37:38,057 - pystorm.component.spout - INFO - - [pid=728] - Emitting: spout [the cow jumped over the moon]
2018-04-18 11:37:38,158 - pystorm.component.spout - INFO - - [pid=728] - Emitting: spout [an apple a day keeps the doctor away]
2018-04-18 11:37:38,259 - pystorm.component.spout - INFO - - [pid=728] - Emitting: spout [four score and seven years ago]
2018-04-18 11:37:38,360 - pystorm.component.spout - INFO - - [pid=728] - Emitting: spout [snow white and the seven dwarfs]
2018-04-18 11:37:38,462 - pystorm.component.spout - INFO - - [pid=728] - Emitting: spout [i am at two with nature]
2018-04-18 11:37:38,563 - pystorm.component.spout - INFO - - [pid=728] - Emitting: spout [the cow jumped over the moon]
2018-04-18 11:37:38,664 - pystorm.component.spout - INFO - - [pid=728] - Emitting: spout [an apple a day keeps the doctor away]
2018-04-18 11:37:38,764 - pystorm.component.spout - INFO - - [pid=728] - Emitting: spout [four score and seven years ago]
2018-04-18 11:37:38,865 - pystorm.component.spout - INFO - - [pid=728] - Emitting: spout [snow white and the seven dwarfs]
2018-04-18 11:37:38,966 - pystorm.component.spout - INFO - - [pid=728] - Emitting: spout [i am at two with nature]
2018-04-18 11:37:39,067 - pystorm.component.spout - INFO - - [pid=728] - Emitting: spout [the cow jumped over the moon]
2018-04-18 11:37:39,169 - pystorm.component.spout - INFO - - [pid=728] - Emitting: spout [an apple a day keeps the doctor away]
2018-04-18 11:37:39,271 - pystorm.component.spout - INFO - - [pid=728] - Emitting: spout [four score and seven years ago]
2018-04-18 11:37:39,373 - pystorm.component.spout - INFO - - [pid=728] - Emitting: spout [snow white and the seven dwarfs]
2018-04-18 11:37:39,474 - pystorm.component.spout - INFO - - [pid=728] - Emitting: spout [i am at two with nature]
2018-04-18 11:37:39,576 - pystorm.component.spout - INFO - - [pid=728] - Emitting: spout [the cow jumped over the moon]
2018-04-18 11:37:39,679 - pystorm.component.spout - INFO - - [pid=728] - Emitting: spout [an apple a day keeps the doctor away]
2018-04-18 11:37:39,781 - pystorm.component.spout - INFO - - [pid=728] - Emitting: spout [four score and seven years ago]
2018-04-18 11:37:39,882 - pystorm.component.spout - INFO - - [pid=728] - Emitting: spout [snow white and the seven dwarfs]
2018-04-18 11:37:39,984 - pystorm.component.spout - INFO - - [pid=728] - Emitting: spout [i am at two with nature]
2018-04-18 11:37:40,087 - pystorm.component.spout - INFO - - [pid=728] - Emitting: spout [the cow jumped over the moon]
2018-04-18 11:37:40,189 - pystorm.component.spout - INFO - - [pid=728] - Emitting: spout [an apple a day keeps the doctor away]
2018-04-18 11:37:40,292 - pystorm.component.spout - INFO - - [pid=728] - Emitting: spout [four score and seven years ago]
2018-04-18 11:37:40,394 - pystorm.component.spout - INFO - - [pid=728] - Emitting: spout [snow white and the seven dwarfs]
2018-04-18 11:37:40,496 - pystorm.component.spout - INFO - - [pid=728] - Emitting: spout [i am at two with nature]
2018-04-18 11:37:40,599 - pystorm.component.spout - INFO - - [pid=728] - Emitting: spout [the cow jumped over the moon]
2018-04-18 11:37:40,701 - pystorm.component.spout - INFO - - [pid=728] - Emitting: spout [an apple a day keeps the doctor away]
2018-04-18 11:37:40,803 - pystorm.component.spout - INFO - - [pid=728] - Emitting: spout [four score and seven years ago]
2018-04-18 11:37:40,905 - pystorm.component.spout - INFO - - [pid=728] - Emitting: spout [snow white and the seven dwarfs]
2018-04-18 11:37:41,007 - pystorm.component.spout - INFO - - [pid=728] - Emitting: spout [i am at two with nature]
2018-04-18 11:37:41,109 - pystorm.component.spout - INFO - - [pid=728] - Emitting: spout [the cow jumped over the moon]
2018-04-18 11:37:41,211 - pystorm.component.spout - INFO - - [pid=728] - Emitting: spout [an apple a day keeps the doctor away]
2018-04-18 11:37:41,323 - pystorm.component.spout - INFO - - [pid=728] - Emitting: spout [four score and seven years ago]
2018-04-18 11:37:41,425 - pystorm.component.spout - INFO - - [pid=728] - Emitting: spout [snow white and the seven dwarfs]
2018-04-18 11:37:41,527 - pystorm.component.spout - INFO - - [pid=728] - Emitting: spout [i am at two with nature]
2018-04-18 11:37:41,629 - pystorm.component.spout - INFO - - [pid=728] - Emitting: spout [the cow jumped over the moon]
2018-04-18 11:37:41,731 - pystorm.component.spout - INFO - - [pid=728] - Emitting: spout [an apple a day keeps the doctor away]
2018-04-18 11:37:41,832 - pystorm.component.spout - INFO - - [pid=728] - Emitting: spout [four score and seven years ago]
2018-04-18 11:37:41,934 - pystorm.component.spout - INFO - - [pid=728] - Emitting: spout [snow white and the seven dwarfs]
2018-04-18 11:37:42,036 - pystorm.component.spout - INFO - - [pid=728] - Emitting: spout [i am at two with nature]
2018-04-18 11:37:42,139 - pystorm.component.spout - INFO - - [pid=728] - Emitting: spout [the cow jumped over the moon]
2018-04-18 11:37:42,241 - pystorm.component.spout - INFO - - [pid=728] - Emitting: spout [an apple a day keeps the doctor away]
2018-04-18 11:37:42,348 - pystorm.component.spout - INFO - - [pid=728] - Emitting: spout [four score and seven years ago]
2018-04-18 11:37:42,450 - pystorm.component.spout - INFO - - [pid=728] - Emitting: spout [snow white and the seven dwarfs]
2018-04-18 11:37:42,552 - pystorm.component.spout - INFO - - [pid=728] - Emitting: spout [i am at two with nature]
2018-04-18 11:37:42,658 - pystorm.component.spout - INFO - - [pid=728] - Emitting: spout [the cow jumped over the moon]
2018-04-18 11:37:42,760 - pystorm.component.spout - INFO - - [pid=728] - Emitting: spout [an apple a day keeps the doctor away]
2018-04-18 11:37:42,862 - pystorm.component.spout - INFO - - [pid=728] - Emitting: spout [four score and seven years ago]
2018-04-18 11:37:42,964 - pystorm.component.spout - INFO - - [pid=728] - Emitting: spout [snow white and the seven dwarfs]
2018-04-18 11:37:43,065 - pystorm.component.spout - INFO - - [pid=728] - Emitting: spout [i am at two with nature]
2018-04-18 11:37:43,167 - pystorm.component.spout - INFO - - [pid=728] - Emitting: spout [the cow jumped over the moon]
2018-04-18 11:37:43,269 - pystorm.component.spout - INFO - - [pid=728] - Emitting: spout [an apple a day keeps the doctor away]
2018-04-18 11:37:43,372 - pystorm.component.spout - INFO - - [pid=728] - Emitting: spout [four score and seven years ago]
2018-04-18 11:37:43,482 - pystorm.component.spout - INFO - - [pid=728] - Emitting: spout [snow white and the seven dwarfs]
2018-04-18 11:37:43,584 - pystorm.component.spout - INFO - - [pid=728] - Emitting: spout [i am at two with nature]
2018-04-18 11:37:43,686 - pystorm.component.spout - INFO - - [pid=728] - Emitting: spout [the cow jumped over the moon]
2018-04-18 11:37:43,788 - pystorm.component.spout - INFO - - [pid=728] - Emitting: spout [an apple a day keeps the doctor away]
2018-04-18 11:37:43,890 - pystorm.component.spout - INFO - - [pid=728] - Emitting: spout [four score and seven years ago]
2018-04-18 11:37:43,992 - pystorm.component.spout - INFO - - [pid=728] - Emitting: spout [snow white and the seven dwarfs]
2018-04-18 11:37:44,095 - pystorm.component.spout - INFO - - [pid=728] - Emitting: spout [i am at two with nature]
2018-04-18 11:37:44,197 - pystorm.component.spout - INFO - - [pid=728] - Emitting: spout [the cow jumped over the moon]
2018-04-18 11:37:44,299 - pystorm.component.spout - INFO - - [pid=728] - Emitting: spout [an apple a day keeps the doctor away]
2018-04-18 11:37:44,403 - pystorm.component.spout - INFO - - [pid=728] - Emitting: spout [four score and seven years ago]
2018-04-18 11:37:44,505 - pystorm.component.spout - INFO - - [pid=728] - Emitting: spout [snow white and the seven dwarfs]
2018-04-18 11:37:44,606 - pystorm.component.spout - INFO - - [pid=728] - Emitting: spout [i am at two with nature]
2018-04-18 11:37:44,708 - pystorm.component.spout - INFO - - [pid=728] - Emitting: spout [the cow jumped over the moon]
2018-04-18 11:37:44,811 - pystorm.component.spout - INFO - - [pid=728] - Emitting: spout [an apple a day keeps the doctor away]
2018-04-18 11:37:44,913 - pystorm.component.spout - INFO - - [pid=728] - Emitting: spout [four score and seven years ago]
2018-04-18 11:37:45,015 - pystorm.component.spout - INFO - - [pid=728] - Emitting: spout [snow white and the seven dwarfs]
2018-04-18 11:37:45,116 - pystorm.component.spout - INFO - - [pid=728] - Emitting: spout [i am at two with nature]
2018-04-18 11:37:45,219 - pystorm.component.spout - INFO - - [pid=728] - Emitting: spout [the cow jumped over the moon]
2018-04-18 11:37:45,321 - pystorm.component.spout - INFO - - [pid=728] - Emitting: spout [an apple a day keeps the doctor away]
2018-04-18 11:37:45,423 - pystorm.component.spout - INFO - - [pid=728] - Emitting: spout [four score and seven years ago]
2018-04-18 11:37:45,525 - pystorm.component.spout - INFO - - [pid=728] - Emitting: spout [snow white and the seven dwarfs]
2018-04-18 11:37:45,626 - pystorm.component.spout - INFO - - [pid=728] - Emitting: spout [i am at two with nature]
2018-04-18 11:37:45,729 - pystorm.component.spout - INFO - - [pid=728] - Emitting: spout [the cow jumped over the moon]
2018-04-18 11:37:45,831 - pystorm.component.spout - INFO - - [pid=728] - Emitting: spout [an apple a day keeps the doctor away]
2018-04-18 11:37:45,935 - pystorm.component.spout - INFO - - [pid=728] - Emitting: spout [four score and seven years ago]
2018-04-18 11:37:46,037 - pystorm.component.spout - INFO - - [pid=728] - Emitting: spout [snow white and the seven dwarfs]
2018-04-18 11:37:46,140 - pystorm.component.spout - INFO - - [pid=728] - Emitting: spout [i am at two with nature]
2018-04-18 11:37:46,243 - pystorm.component.spout - INFO - - [pid=728] - Emitting: spout [the cow jumped over the moon]
2018-04-18 11:37:46,345 - pystorm.component.spout - INFO - - [pid=728] - Emitting: spout [an apple a day keeps the doctor away]
2018-04-18 11:37:46,447 - pystorm.component.spout - INFO - - [pid=728] - Emitting: spout [four score and seven years ago]
2018-04-18 11:37:46,549 - pystorm.component.spout - INFO - - [pid=728] - Emitting: spout [snow white and the seven dwarfs]
2018-04-18 11:37:46,650 - pystorm.component.spout - INFO - - [pid=728] - Emitting: spout [i am at two with nature]
2018-04-18 11:37:46,751 - pystorm.component.spout - INFO - - [pid=728] - Emitting: spout [the cow jumped over the moon]
2018-04-18 11:37:46,853 - pystorm.component.spout - INFO - - [pid=728] - Emitting: spout [an apple a day keeps the doctor away]
2018-04-18 11:37:46,954 - pystorm.component.spout - INFO - - [pid=728] - Emitting: spout [four score and seven years ago]
2018-04-18 11:37:47,055 - pystorm.component.spout - INFO - - [pid=728] - Emitting: spout [snow white and the seven dwarfs]
2018-04-18 11:37:47,156 - pystorm.component.spout - INFO - - [pid=728] - Emitting: spout [i am at two with nature]
2018-04-18 11:37:47,256 - pystorm.component.spout - INFO - - [pid=728] - Emitting: spout [the cow jumped over the moon]
2018-04-18 11:37:47,357 - pystorm.component.spout - INFO - - [pid=728] - Emitting: spout [an apple a day keeps the doctor away]
2018-04-18 11:37:47,458 - pystorm.component.spout - INFO - - [pid=728] - Emitting: spout [four score and seven years ago]
2018-04-18 11:37:47,559 - pystorm.component.spout - INFO - - [pid=728] - Emitting: spout [snow white and the seven dwarfs]
2018-04-18 11:37:47,663 - pystorm.component.spout - INFO - - [pid=728] - Emitting: spout [i am at two with nature]
2018-04-18 11:37:47,764 - pystorm.component.spout - INFO - - [pid=728] - Emitting: spout [the cow jumped over the moon]
2018-04-18 11:37:47,865 - pystorm.component.spout - INFO - - [pid=728] - Emitting: spout [an apple a day keeps the doctor away]
2018-04-18 11:37:47,966 - pystorm.component.spout - INFO - - [pid=728] - Emitting: spout [four score and seven years ago]
2018-04-18 11:37:48,067 - pystorm.component.spout - INFO - - [pid=728] - Emitting: spout [snow white and the seven dwarfs]
2018-04-18 11:37:48,168 - pystorm.component.spout - INFO - - [pid=728] - Emitting: spout [i am at two with nature]
2018-04-18 11:37:48,268 - pystorm.component.spout - INFO - - [pid=728] - Emitting: spout [the cow jumped over the moon]
2018-04-18 11:37:48,369 - pystorm.component.spout - INFO - - [pid=728] - Emitting: spout [an apple a day keeps the doctor away]
2018-04-18 11:37:48,480 - pystorm.component.spout - INFO - - [pid=728] - Emitting: spout [four score and seven years ago]
2018-04-18 11:37:48,580 - pystorm.component.spout - INFO - - [pid=728] - Emitting: spout [snow white and the seven dwarfs]
2018-04-18 11:37:48,681 - pystorm.component.spout - INFO - - [pid=728] - Emitting: spout [i am at two with nature]
2018-04-18 11:37:48,782 - pystorm.component.spout - INFO - - [pid=728] - Emitting: spout [the cow jumped over the moon]
2018-04-18 11:37:48,883 - pystorm.component.spout - INFO - - [pid=728] - Emitting: spout [an apple a day keeps the doctor away]
2018-04-18 11:37:48,983 - pystorm.component.spout - INFO - - [pid=728] - Emitting: spout [four score and seven years ago]
2018-04-18 11:37:49,084 - pystorm.component.spout - INFO - - [pid=728] - Emitting: spout [snow white and the seven dwarfs]
2018-04-18 11:37:49,185 - pystorm.component.spout - INFO - - [pid=728] - Emitting: spout [i am at two with nature]
2018-04-18 11:37:49,287 - pystorm.component.spout - INFO - - [pid=728] - Emitting: spout [the cow jumped over the moon]
2018-04-18 11:37:49,388 - pystorm.component.spout - INFO - - [pid=728] - Emitting: spout [an apple a day keeps the doctor away]
2018-04-18 11:37:49,488 - pystorm.component.spout - INFO - - [pid=728] - Emitting: spout [four score and seven years ago]
2018-04-18 11:37:49,589 - pystorm.component.spout - INFO - - [pid=728] - Emitting: spout [snow white and the seven dwarfs]
2018-04-18 11:37:49,690 - pystorm.component.spout - INFO - - [pid=728] - Emitting: spout [i am at two with nature]
2018-04-18 11:37:49,791 - pystorm.component.spout - INFO - - [pid=728] - Emitting: spout [the cow jumped over the moon]
2018-04-18 11:37:49,891 - pystorm.component.spout - INFO - - [pid=728] - Emitting: spout [an apple a day keeps the doctor away]
2018-04-18 11:37:49,992 - pystorm.component.spout - INFO - - [pid=728] - Emitting: spout [four score and seven years ago]
2018-04-18 11:37:50,093 - pystorm.component.spout - INFO - - [pid=728] - Emitting: spout [snow white and the seven dwarfs]
2018-04-18 11:37:50,194 - pystorm.component.spout - INFO - - [pid=728] - Emitting: spout [i am at two with nature]
2018-04-18 11:37:50,294 - pystorm.component.spout - INFO - - [pid=728] - Emitting: spout [the cow jumped over the moon]
2018-04-18 11:37:50,395 - pystorm.component.spout - INFO - - [pid=728] - Emitting: spout [an apple a day keeps the doctor away]
2018-04-18 11:37:50,496 - pystorm.component.spout - INFO - - [pid=728] - Emitting: spout [four score and seven years ago]
2018-04-18 11:37:50,597 - pystorm.component.spout - INFO - - [pid=728] - Emitting: spout [snow white and the seven dwarfs]
2018-04-18 11:37:50,698 - pystorm.component.spout - INFO - - [pid=728] - Emitting: spout [i am at two with nature]
2018-04-18 11:37:50,798 - pystorm.component.spout - INFO - - [pid=728] - Emitting: spout [the cow jumped over the moon]
2018-04-18 11:37:50,899 - pystorm.component.spout - INFO - - [pid=728] - Emitting: spout [an apple a day keeps the doctor away]
2018-04-18 11:37:51,000 - pystorm.component.spout - INFO - - [pid=728] - Emitting: spout [four score and seven years ago]
2018-04-18 11:37:51,101 - pystorm.component.spout - INFO - - [pid=728] - Emitting: spout [snow white and the seven dwarfs]
2018-04-18 11:37:51,201 - pystorm.component.spout - INFO - - [pid=728] - Emitting: spout [i am at two with nature]
2018-04-18 11:37:51,302 - pystorm.component.spout - INFO - - [pid=728] - Emitting: spout [the cow jumped over the moon]
2018-04-18 11:37:51,403 - pystorm.component.spout - INFO - - [pid=728] - Emitting: spout [an apple a day keeps the doctor away]
2018-04-18 11:37:51,504 - pystorm.component.spout - INFO - - [pid=728] - Emitting: spout [four score and seven years ago]
2018-04-18 11:37:51,604 - pystorm.component.spout - INFO - - [pid=728] - Emitting: spout [snow white and the seven dwarfs]
2018-04-18 11:37:51,705 - pystorm.component.spout - INFO - - [pid=728] - Emitting: spout [i am at two with nature]
2018-04-18 11:37:51,806 - pystorm.component.spout - INFO - - [pid=728] - Emitting: spout [the cow jumped over the moon]
2018-04-18 11:37:51,907 - pystorm.component.spout - INFO - - [pid=728] - Emitting: spout [an apple a day keeps the doctor away]
2018-04-18 11:37:52,008 - pystorm.component.spout - INFO - - [pid=728] - Emitting: spout [four score and seven years ago]
2018-04-18 11:37:52,108 - pystorm.component.spout - INFO - - [pid=728] - Emitting: spout [snow white and the seven dwarfs]
2018-04-18 11:37:52,209 - pystorm.component.spout - INFO - - [pid=728] - Emitting: spout [i am at two with nature]
2018-04-18 11:37:52,310 - pystorm.component.spout - INFO - - [pid=728] - Emitting: spout [the cow jumped over the moon]
2018-04-18 11:37:52,411 - pystorm.component.spout - INFO - - [pid=728] - Emitting: spout [an apple a day keeps the doctor away]
2018-04-18 11:37:52,511 - pystorm.component.spout - INFO - - [pid=728] - Emitting: spout [four score and seven years ago]
2018-04-18 11:37:52,612 - pystorm.component.spout - INFO - - [pid=728] - Emitting: spout [snow white and the seven dwarfs]
2018-04-18 11:37:52,713 - pystorm.component.spout - INFO - - [pid=728] - Emitting: spout [i am at two with nature]
2018-04-18 11:37:52,814 - pystorm.component.spout - INFO - - [pid=728] - Emitting: spout [the cow jumped over the moon]
2018-04-18 11:37:52,915 - pystorm.component.spout - INFO - - [pid=728] - Emitting: spout [an apple a day keeps the doctor away]
2018-04-18 11:37:53,015 - pystorm.component.spout - INFO - - [pid=728] - Emitting: spout [four score and seven years ago]
2018-04-18 11:37:53,116 - pystorm.component.spout - INFO - - [pid=728] - Emitting: spout [snow white and the seven dwarfs]
2018-04-18 11:37:53,217 - pystorm.component.spout - INFO - - [pid=728] - Emitting: spout [i am at two with nature]
2018-04-18 11:37:53,318 - pystorm.component.spout - INFO - - [pid=728] - Emitting: spout [the cow jumped over the moon]
2018-04-18 11:37:53,419 - pystorm.component.spout - INFO - - [pid=728] - Emitting: spout [an apple a day keeps the doctor away]
2018-04-18 11:37:53,537 - pystorm.component.spout - INFO - - [pid=728] - Emitting: spout [four score and seven years ago]
2018-04-18 11:37:53,638 - pystorm.component.spout - INFO - - [pid=728] - Emitting: spout [snow white and the seven dwarfs]
2018-04-18 11:37:53,739 - pystorm.component.spout - INFO - - [pid=728] - Emitting: spout [i am at two with nature]
2018-04-18 11:37:53,839 - pystorm.component.spout - INFO - - [pid=728] - Emitting: spout [the cow jumped over the moon]
2018-04-18 11:37:53,940 - pystorm.component.spout - INFO - - [pid=728] - Emitting: spout [an apple a day keeps the doctor away]
2018-04-18 11:37:54,041 - pystorm.component.spout - INFO - - [pid=728] - Emitting: spout [four score and seven years ago]
2018-04-18 11:37:54,141 - pystorm.component.spout - INFO - - [pid=728] - Emitting: spout [snow white and the seven dwarfs]
2018-04-18 11:37:54,242 - pystorm.component.spout - INFO - - [pid=728] - Emitting: spout [i am at two with nature]
2018-04-18 11:37:54,343 - pystorm.component.spout - INFO - - [pid=728] - Emitting: spout [the cow jumped over the moon]
2018-04-18 11:37:54,444 - pystorm.component.spout - INFO - - [pid=728] - Emitting: spout [an apple a day keeps the doctor away]
2018-04-18 11:37:54,544 - pystorm.component.spout - INFO - - [pid=728] - Emitting: spout [four score and seven years ago]
2018-04-18 11:37:54,646 - pystorm.component.spout - INFO - - [pid=728] - Emitting: spout [snow white and the seven dwarfs]
2018-04-18 11:37:54,747 - pystorm.component.spout - INFO - - [pid=728] - Emitting: spout [i am at two with nature]
2018-04-18 11:37:54,848 - pystorm.component.spout - INFO - - [pid=728] - Emitting: spout [the cow jumped over the moon]
2018-04-18 11:37:54,949 - pystorm.component.spout - INFO - - [pid=728] - Emitting: spout [an apple a day keeps the doctor away]
2018-04-18 11:37:55,050 - pystorm.component.spout - INFO - - [pid=728] - Emitting: spout [four score and seven years ago]
2018-04-18 11:37:55,150 - pystorm.component.spout - INFO - - [pid=728] - Emitting: spout [snow white and the seven dwarfs]
2018-04-18 11:37:55,251 - pystorm.component.spout - INFO - - [pid=728] - Emitting: spout [i am at two with nature]
2018-04-18 11:37:55,352 - pystorm.component.spout - INFO - - [pid=728] - Emitting: spout [the cow jumped over the moon]
2018-04-18 11:37:55,453 - pystorm.component.spout - INFO - - [pid=728] - Emitting: spout [an apple a day keeps the doctor away]
2018-04-18 11:37:55,553 - pystorm.component.spout - INFO - - [pid=728] - Emitting: spout [four score and seven years ago]
2018-04-18 11:37:55,654 - pystorm.component.spout - INFO - - [pid=728] - Emitting: spout [snow white and the seven dwarfs]
2018-04-18 11:37:55,756 - pystorm.component.spout - INFO - - [pid=728] - Emitting: spout [i am at two with nature]
2018-04-18 11:37:55,857 - pystorm.component.spout - INFO - - [pid=728] - Emitting: spout [the cow jumped over the moon]
2018-04-18 11:37:55,958 - pystorm.component.spout - INFO - - [pid=728] - Emitting: spout [an apple a day keeps the doctor away]
2018-04-18 11:37:56,059 - pystorm.component.spout - INFO - - [pid=728] - Emitting: spout [four score and seven years ago]
2018-04-18 11:37:56,160 - pystorm.component.spout - INFO - - [pid=728] - Emitting: spout [snow white and the seven dwarfs]
2018-04-18 11:37:56,262 - pystorm.component.spout - INFO - - [pid=728] - Emitting: spout [i am at two with nature]
2018-04-18 11:37:56,365 - pystorm.component.spout - INFO - - [pid=728] - Emitting: spout [the cow jumped over the moon]
2018-04-18 11:37:56,467 - pystorm.component.spout - INFO - - [pid=728] - Emitting: spout [an apple a day keeps the doctor away]
2018-04-18 11:37:56,569 - pystorm.component.spout - INFO - - [pid=728] - Emitting: spout [four score and seven years ago]
2018-04-18 11:37:56,672 - pystorm.component.spout - INFO - - [pid=728] - Emitting: spout [snow white and the seven dwarfs]
2018-04-18 11:37:56,774 - pystorm.component.spout - INFO - - [pid=728] - Emitting: spout [i am at two with nature]
2018-04-18 11:37:56,875 - pystorm.component.spout - INFO - - [pid=728] - Emitting: spout [the cow jumped over the moon]
2018-04-18 11:37:56,978 - pystorm.component.spout - INFO - - [pid=728] - Emitting: spout [an apple a day keeps the doctor away]
2018-04-18 11:37:57,080 - pystorm.component.spout - INFO - - [pid=728] - Emitting: spout [four score and seven years ago]
2018-04-18 11:37:57,182 - pystorm.component.spout - INFO - - [pid=728] - Emitting: spout [snow white and the seven dwarfs]
2018-04-18 11:37:57,284 - pystorm.component.spout - INFO - - [pid=728] - Emitting: spout [i am at two with nature]
2018-04-18 11:37:57,386 - pystorm.component.spout - INFO - - [pid=728] - Emitting: spout [the cow jumped over the moon]
2018-04-18 11:37:57,501 - pystorm.component.spout - INFO - - [pid=728] - Emitting: spout [an apple a day keeps the doctor away]
2018-04-18 11:37:57,602 - pystorm.component.spout - INFO - - [pid=728] - Emitting: spout [four score and seven years ago]
2018-04-18 11:37:57,704 - pystorm.component.spout - INFO - - [pid=728] - Emitting: spout [snow white and the seven dwarfs]
2018-04-18 11:37:57,806 - pystorm.component.spout - INFO - - [pid=728] - Emitting: spout [i am at two with nature]
2018-04-18 11:37:57,907 - pystorm.component.spout - INFO - - [pid=728] - Emitting: spout [the cow jumped over the moon]
2018-04-18 11:37:58,009 - pystorm.component.spout - INFO - - [pid=728] - Emitting: spout [an apple a day keeps the doctor away]
2018-04-18 11:37:58,111 - pystorm.component.spout - INFO - - [pid=728] - Emitting: spout [four score and seven years ago]
2018-04-18 11:37:58,213 - pystorm.component.spout - INFO - - [pid=728] - Emitting: spout [snow white and the seven dwarfs]
2018-04-18 11:37:58,316 - pystorm.component.spout - INFO - - [pid=728] - Emitting: spout [i am at two with nature]
2018-04-18 11:37:58,418 - pystorm.component.spout - INFO - - [pid=728] - Emitting: spout [the cow jumped over the moon]
2018-04-18 11:37:58,521 - pystorm.component.spout - INFO - - [pid=728] - Emitting: spout [an apple a day keeps the doctor away]
2018-04-18 11:37:58,623 - pystorm.component.spout - INFO - - [pid=728] - Emitting: spout [four score and seven years ago]
2018-04-18 11:37:58,726 - pystorm.component.spout - INFO - - [pid=728] - Emitting: spout [snow white and the seven dwarfs]
2018-04-18 11:37:58,830 - pystorm.component.spout - INFO - - [pid=728] - Emitting: spout [i am at two with nature]
2018-04-18 11:37:58,931 - pystorm.component.spout - INFO - - [pid=728] - Emitting: spout [the cow jumped over the moon]
2018-04-18 11:37:59,035 - pystorm.component.spout - INFO - - [pid=728] - Emitting: spout [an apple a day keeps the doctor away]
2018-04-18 11:37:59,139 - pystorm.component.spout - INFO - - [pid=728] - Emitting: spout [four score and seven years ago]
2018-04-18 11:37:59,242 - pystorm.component.spout - INFO - - [pid=728] - Emitting: spout [snow white and the seven dwarfs]
2018-04-18 11:37:59,344 - pystorm.component.spout - INFO - - [pid=728] - Emitting: spout [i am at two with nature]
2018-04-18 11:37:59,446 - pystorm.component.spout - INFO - - [pid=728] - Emitting: spout [the cow jumped over the moon]
2018-04-18 11:37:59,547 - pystorm.component.spout - INFO - - [pid=728] - Emitting: spout [an apple a day keeps the doctor away]
2018-04-18 11:37:59,649 - pystorm.component.spout - INFO - - [pid=728] - Emitting: spout [four score and seven years ago]
2018-04-18 11:37:59,752 - pystorm.component.spout - INFO - - [pid=728] - Emitting: spout [snow white and the seven dwarfs]
2018-04-18 11:37:59,854 - pystorm.component.spout - INFO - - [pid=728] - Emitting: spout [i am at two with nature]
2018-04-18 11:37:59,957 - pystorm.component.spout - INFO - - [pid=728] - Emitting: spout [the cow jumped over the moon]
2018-04-18 11:38:00,058 - pystorm.component.spout - INFO - - [pid=728] - Emitting: spout [an apple a day keeps the doctor away]
2018-04-18 11:38:00,159 - pystorm.component.spout - INFO - - [pid=728] - Emitting: spout [four score and seven years ago]
2018-04-18 11:38:00,262 - pystorm.component.spout - INFO - - [pid=728] - Emitting: spout [snow white and the seven dwarfs]
2018-04-18 11:38:00,364 - pystorm.component.spout - INFO - - [pid=728] - Emitting: spout [i am at two with nature]
2018-04-18 11:38:00,466 - pystorm.component.spout - INFO - - [pid=728] - Emitting: spout [the cow jumped over the moon]
2018-04-18 11:38:00,568 - pystorm.component.spout - INFO - - [pid=728] - Emitting: spout [an apple a day keeps the doctor away]
2018-04-18 11:38:00,670 - pystorm.component.spout - INFO - - [pid=728] - Emitting: spout [four score and seven years ago]
2018-04-18 11:38:00,772 - pystorm.component.spout - INFO - - [pid=728] - Emitting: spout [snow white and the seven dwarfs]
2018-04-18 11:38:00,873 - pystorm.component.spout - INFO - - [pid=728] - Emitting: spout [i am at two with nature]
2018-04-18 11:38:00,974 - pystorm.component.spout - INFO - - [pid=728] - Emitting: spout [the cow jumped over the moon]
2018-04-18 11:38:01,074 - pystorm.component.spout - INFO - - [pid=728] - Emitting: spout [an apple a day keeps the doctor away]
2018-04-18 11:38:01,175 - pystorm.component.spout - INFO - - [pid=728] - Emitting: spout [four score and seven years ago]
2018-04-18 11:38:01,276 - pystorm.component.spout - INFO - - [pid=728] - Emitting: spout [snow white and the seven dwarfs]
2018-04-18 11:38:01,377 - pystorm.component.spout - INFO - - [pid=728] - Emitting: spout [i am at two with nature]
2018-04-18 11:38:01,478 - pystorm.component.spout - INFO - - [pid=728] - Emitting: spout [the cow jumped over the moon]
2018-04-18 11:38:01,578 - pystorm.component.spout - INFO - - [pid=728] - Emitting: spout [an apple a day keeps the doctor away]
2018-04-18 11:38:01,679 - pystorm.component.spout - INFO - - [pid=728] - Emitting: spout [four score and seven years ago]
2018-04-18 11:38:01,780 - pystorm.component.spout - INFO - - [pid=728] - Emitting: spout [snow white and the seven dwarfs]
2018-04-18 11:38:01,881 - pystorm.component.spout - INFO - - [pid=728] - Emitting: spout [i am at two with nature]
2018-04-18 11:38:01,981 - pystorm.component.spout - INFO - - [pid=728] - Emitting: spout [the cow jumped over the moon]
2018-04-18 11:38:02,082 - pystorm.component.spout - INFO - - [pid=728] - Emitting: spout [an apple a day keeps the doctor away]
2018-04-18 11:38:02,183 - pystorm.component.spout - INFO - - [pid=728] - Emitting: spout [four score and seven years ago]
2018-04-18 11:38:02,284 - pystorm.component.spout - INFO - - [pid=728] - Emitting: spout [snow white and the seven dwarfs]
2018-04-18 11:38:02,385 - pystorm.component.spout - INFO - - [pid=728] - Emitting: spout [i am at two with nature]
2018-04-18 11:38:02,486 - pystorm.component.spout - INFO - - [pid=728] - Emitting: spout [the cow jumped over the moon]
2018-04-18 11:38:02,586 - pystorm.component.spout - INFO - - [pid=728] - Emitting: spout [an apple a day keeps the doctor away]
2018-04-18 11:38:02,687 - pystorm.component.spout - INFO - - [pid=728] - Emitting: spout [four score and seven years ago]
2018-04-18 11:38:02,788 - pystorm.component.spout - INFO - - [pid=728] - Emitting: spout [snow white and the seven dwarfs]
2018-04-18 11:38:02,889 - pystorm.component.spout - INFO - - [pid=728] - Emitting: spout [i am at two with nature]
2018-04-18 11:38:02,989 - pystorm.component.spout - INFO - - [pid=728] - Emitting: spout [the cow jumped over the moon]
2018-04-18 11:38:03,090 - pystorm.component.spout - INFO - - [pid=728] - Emitting: spout [an apple a day keeps the doctor away]
2018-04-18 11:38:03,191 - pystorm.component.spout - INFO - - [pid=728] - Emitting: spout [four score and seven years ago]
2018-04-18 11:38:03,292 - pystorm.component.spout - INFO - - [pid=728] - Emitting: spout [snow white and the seven dwarfs]
2018-04-18 11:38:03,392 - pystorm.component.spout - INFO - - [pid=728] - Emitting: spout [i am at two with nature]
2018-04-18 11:38:03,493 - pystorm.component.spout - INFO - - [pid=728] - Emitting: spout [the cow jumped over the moon]
2018-04-18 11:38:03,594 - pystorm.component.spout - INFO - - [pid=728] - Emitting: spout [an apple a day keeps the doctor away]
2018-04-18 11:38:03,705 - pystorm.component.spout - INFO - - [pid=728] - Emitting: spout [four score and seven years ago]
2018-04-18 11:38:03,805 - pystorm.component.spout - INFO - - [pid=728] - Emitting: spout [snow white and the seven dwarfs]
2018-04-18 11:38:03,906 - pystorm.component.spout - INFO - - [pid=728] - Emitting: spout [i am at two with nature]
2018-04-18 11:38:04,007 - pystorm.component.spout - INFO - - [pid=728] - Emitting: spout [the cow jumped over the moon]
2018-04-18 11:38:04,108 - pystorm.component.spout - INFO - - [pid=728] - Emitting: spout [an apple a day keeps the doctor away]
2018-04-18 11:38:04,208 - pystorm.component.spout - INFO - - [pid=728] - Emitting: spout [four score and seven years ago]
2018-04-18 11:38:04,309 - pystorm.component.spout - INFO - - [pid=728] - Emitting: spout [snow white and the seven dwarfs]
2018-04-18 11:38:04,410 - pystorm.component.spout - INFO - - [pid=728] - Emitting: spout [i am at two with nature]
2018-04-18 11:38:04,511 - pystorm.component.spout - INFO - - [pid=728] - Emitting: spout [the cow jumped over the moon]
2018-04-18 11:38:04,612 - pystorm.component.spout - INFO - - [pid=728] - Emitting: spout [an apple a day keeps the doctor away]
2018-04-18 11:38:04,713 - pystorm.component.spout - INFO - - [pid=728] - Emitting: spout [four score and seven years ago]
2018-04-18 11:38:04,814 - pystorm.component.spout - INFO - - [pid=728] - Emitting: spout [snow white and the seven dwarfs]
2018-04-18 11:38:04,915 - pystorm.component.spout - INFO - - [pid=728] - Emitting: spout [i am at two with nature]
2018-04-18 11:38:05,015 - pystorm.component.spout - INFO - - [pid=728] - Emitting: spout [the cow jumped over the moon]
2018-04-18 11:38:05,116 - pystorm.component.spout - INFO - - [pid=728] - Emitting: spout [an apple a day keeps the doctor away]
2018-04-18 11:38:05,217 - pystorm.component.spout - INFO - - [pid=728] - Emitting: spout [four score and seven years ago]
2018-04-18 11:38:05,327 - pystorm.component.spout - INFO - - [pid=728] - Emitting: spout [snow white and the seven dwarfs]
2018-04-18 11:38:05,428 - pystorm.component.spout - INFO - - [pid=728] - Emitting: spout [i am at two with nature]
2018-04-18 11:38:05,529 - pystorm.component.spout - INFO - - [pid=728] - Emitting: spout [the cow jumped over the moon]
2018-04-18 11:38:05,630 - pystorm.component.spout - INFO - - [pid=728] - Emitting: spout [an apple a day keeps the doctor away]
2018-04-18 11:38:05,735 - pystorm.component.spout - INFO - - [pid=728] - Emitting: spout [four score and seven years ago]
2018-04-18 11:38:05,836 - pystorm.component.spout - INFO - - [pid=728] - Emitting: spout [snow white and the seven dwarfs]
2018-04-18 11:38:05,937 - pystorm.component.spout - INFO - - [pid=728] - Emitting: spout [i am at two with nature]
2018-04-18 11:38:06,038 - pystorm.component.spout - INFO - - [pid=728] - Emitting: spout [the cow jumped over the moon]
2018-04-18 11:38:06,139 - pystorm.component.spout - INFO - - [pid=728] - Emitting: spout [an apple a day keeps the doctor away]
2018-04-18 11:38:06,241 - pystorm.component.spout - INFO - - [pid=728] - Emitting: spout [four score and seven years ago]
2018-04-18 11:38:06,342 - pystorm.component.spout - INFO - - [pid=728] - Emitting: spout [snow white and the seven dwarfs]
2018-04-18 11:38:06,442 - pystorm.component.spout - INFO - - [pid=728] - Emitting: spout [i am at two with nature]
2018-04-18 11:38:06,543 - pystorm.component.spout - INFO - - [pid=728] - Emitting: spout [the cow jumped over the moon]
2018-04-18 11:38:06,644 - pystorm.component.spout - INFO - - [pid=728] - Emitting: spout [an apple a day keeps the doctor away]
2018-04-18 11:38:06,745 - pystorm.component.spout - INFO - - [pid=728] - Emitting: spout [four score and seven years ago]
2018-04-18 11:38:06,846 - pystorm.component.spout - INFO - - [pid=728] - Emitting: spout [snow white and the seven dwarfs]
2018-04-18 11:38:06,952 - pystorm.component.spout - INFO - - [pid=728] - Emitting: spout [i am at two with nature]
2018-04-18 11:38:07,053 - pystorm.component.spout - INFO - - [pid=728] - Emitting: spout [the cow jumped over the moon]
2018-04-18 11:38:07,154 - pystorm.component.spout - INFO - - [pid=728] - Emitting: spout [an apple a day keeps the doctor away]
2018-04-18 11:38:07,255 - pystorm.component.spout - INFO - - [pid=728] - Emitting: spout [four score and seven years ago]
2018-04-18 11:38:07,356 - pystorm.component.spout - INFO - - [pid=728] - Emitting: spout [snow white and the seven dwarfs]
2018-04-18 11:38:07,457 - pystorm.component.spout - INFO - - [pid=728] - Emitting: spout [i am at two with nature]
2018-04-18 11:38:07,558 - pystorm.component.spout - INFO - - [pid=728] - Emitting: spout [the cow jumped over the moon]
2018-04-18 11:38:07,658 - pystorm.component.spout - INFO - - [pid=728] - Emitting: spout [an apple a day keeps the doctor away]
2018-04-18 11:38:07,759 - pystorm.component.spout - INFO - - [pid=728] - Emitting: spout [four score and seven years ago]
2018-04-18 11:38:07,860 - pystorm.component.spout - INFO - - [pid=728] - Emitting: spout [snow white and the seven dwarfs]
2018-04-18 11:38:07,961 - pystorm.component.spout - INFO - - [pid=728] - Emitting: spout [i am at two with nature]
2018-04-18 11:38:08,061 - pystorm.component.spout - INFO - - [pid=728] - Emitting: spout [the cow jumped over the moon]
2018-04-18 11:38:08,162 - pystorm.component.spout - INFO - - [pid=728] - Emitting: spout [an apple a day keeps the doctor away]
2018-04-18 11:38:08,263 - pystorm.component.spout - INFO - - [pid=728] - Emitting: spout [four score and seven years ago]
2018-04-18 11:38:08,364 - pystorm.component.spout - INFO - - [pid=728] - Emitting: spout [snow white and the seven dwarfs]
2018-04-18 11:38:08,465 - pystorm.component.spout - INFO - - [pid=728] - Emitting: spout [i am at two with nature]
2018-04-18 11:38:08,565 - pystorm.component.spout - INFO - - [pid=728] - Emitting: spout [the cow jumped over the moon]
2018-04-18 11:38:08,667 - pystorm.component.spout - INFO - - [pid=728] - Emitting: spout [an apple a day keeps the doctor away]
2018-04-18 11:38:08,770 - pystorm.component.spout - INFO - - [pid=728] - Emitting: spout [four score and seven years ago]
2018-04-18 11:38:08,874 - pystorm.component.spout - INFO - - [pid=728] - Emitting: spout [snow white and the seven dwarfs]
2018-04-18 11:38:08,975 - pystorm.component.spout - INFO - - [pid=728] - Emitting: spout [i am at two with nature]
2018-04-18 11:38:09,077 - pystorm.component.spout - INFO - - [pid=728] - Emitting: spout [the cow jumped over the moon]
2018-04-18 11:38:09,178 - pystorm.component.spout - INFO - - [pid=728] - Emitting: spout [an apple a day keeps the doctor away]
2018-04-18 11:38:09,279 - pystorm.component.spout - INFO - - [pid=728] - Emitting: spout [four score and seven years ago]
2018-04-18 11:38:09,380 - pystorm.component.spout - INFO - - [pid=728] - Emitting: spout [snow white and the seven dwarfs]
2018-04-18 11:38:09,481 - pystorm.component.spout - INFO - - [pid=728] - Emitting: spout [i am at two with nature]
2018-04-18 11:38:09,582 - pystorm.component.spout - INFO - - [pid=728] - Emitting: spout [the cow jumped over the moon]
2018-04-18 11:38:09,683 - pystorm.component.spout - INFO - - [pid=728] - Emitting: spout [an apple a day keeps the doctor away]
2018-04-18 11:38:09,783 - pystorm.component.spout - INFO - - [pid=728] - Emitting: spout [four score and seven years ago]
2018-04-18 11:38:09,885 - pystorm.component.spout - INFO - - [pid=728] - Emitting: spout [snow white and the seven dwarfs]
2018-04-18 11:38:09,985 - pystorm.component.spout - INFO - - [pid=728] - Emitting: spout [i am at two with nature]
2018-04-18 11:38:10,086 - pystorm.component.spout - INFO - - [pid=728] - Emitting: spout [the cow jumped over the moon]
2018-04-18 11:38:10,187 - pystorm.component.spout - INFO - - [pid=728] - Emitting: spout [an apple a day keeps the doctor away]
2018-04-18 11:38:10,288 - pystorm.component.spout - INFO - - [pid=728] - Emitting: spout [four score and seven years ago]
2018-04-18 11:38:10,390 - pystorm.component.spout - INFO - - [pid=728] - Emitting: spout [snow white and the seven dwarfs]
2018-04-18 11:38:10,493 - pystorm.component.spout - INFO - - [pid=728] - Emitting: spout [i am at two with nature]
2018-04-18 11:38:10,594 - pystorm.component.spout - INFO - - [pid=728] - Emitting: spout [the cow jumped over the moon]
2018-04-18 11:38:10,695 - pystorm.component.spout - INFO - - [pid=728] - Emitting: spout [an apple a day keeps the doctor away]
2018-04-18 11:38:10,797 - pystorm.component.spout - INFO - - [pid=728] - Emitting: spout [four score and seven years ago]
2018-04-18 11:38:10,899 - pystorm.component.spout - INFO - - [pid=728] - Emitting: spout [snow white and the seven dwarfs]
2018-04-18 11:38:11,001 - pystorm.component.spout - INFO - - [pid=728] - Emitting: spout [i am at two with nature]
