2018-04-19 03:57:18,845 - pystorm.component.split - INFO - - [pid=20607] - Processing received message [***The Project Gutenberg's Etext of Shakespeare's First Folio***]
2018-04-19 03:57:18,847 - pystorm.component.split - INFO - - [pid=20607] - Emitting: split [***The]
2018-04-19 03:57:18,847 - pystorm.component.split - INFO - - [pid=20607] - Emitting: split [Project]
2018-04-19 03:57:18,848 - pystorm.component.split - INFO - - [pid=20607] - Emitting: split [Gutenberg's]
2018-04-19 03:57:18,849 - pystorm.component.split - INFO - - [pid=20607] - Emitting: split [Etext]
2018-04-19 03:57:18,850 - pystorm.component.split - INFO - - [pid=20607] - Emitting: split [of]
2018-04-19 03:57:18,853 - pystorm.component.split - INFO - - [pid=20607] - Emitting: split [Shakespeare's]
2018-04-19 03:57:18,853 - pystorm.component.split - INFO - - [pid=20607] - Emitting: split [First]
2018-04-19 03:57:18,854 - pystorm.component.split - INFO - - [pid=20607] - Emitting: split [Folio***]
2018-04-19 03:57:18,955 - pystorm.component.split - INFO - - [pid=20607] - Processing received message [********************The Tragedie of Macbeth*********************]
2018-04-19 03:57:18,955 - pystorm.component.split - INFO - - [pid=20607] - Emitting: split [********************The]
2018-04-19 03:57:18,955 - pystorm.component.split - INFO - - [pid=20607] - Emitting: split [Tragedie]
2018-04-19 03:57:18,955 - pystorm.component.split - INFO - - [pid=20607] - Emitting: split [of]
2018-04-19 03:57:18,956 - pystorm.component.split - INFO - - [pid=20607] - Emitting: split [Macbeth*********************]
2018-04-19 03:57:19,043 - pystorm.component.split - INFO - - [pid=20607] - Processing received message []
2018-04-19 03:57:19,149 - pystorm.component.split - INFO - - [pid=20607] - Processing received message [This is our 3rd edition of most of these plays.  See the index.]
2018-04-19 03:57:19,150 - pystorm.component.split - INFO - - [pid=20607] - Emitting: split [This]
2018-04-19 03:57:19,150 - pystorm.component.split - INFO - - [pid=20607] - Emitting: split [is]
2018-04-19 03:57:19,151 - pystorm.component.split - INFO - - [pid=20607] - Emitting: split [our]
2018-04-19 03:57:19,152 - pystorm.component.split - INFO - - [pid=20607] - Emitting: split [3rd]
2018-04-19 03:57:19,153 - pystorm.component.split - INFO - - [pid=20607] - Emitting: split [edition]
2018-04-19 03:57:19,154 - pystorm.component.split - INFO - - [pid=20607] - Emitting: split [of]
2018-04-19 03:57:19,156 - pystorm.component.split - INFO - - [pid=20607] - Emitting: split [most]
2018-04-19 03:57:19,157 - pystorm.component.split - INFO - - [pid=20607] - Emitting: split [of]
2018-04-19 03:57:19,160 - pystorm.component.split - INFO - - [pid=20607] - Emitting: split [these]
2018-04-19 03:57:19,161 - pystorm.component.split - INFO - - [pid=20607] - Emitting: split [plays.]
2018-04-19 03:57:19,163 - pystorm.component.split - INFO - - [pid=20607] - Emitting: split [See]
2018-04-19 03:57:19,164 - pystorm.component.split - INFO - - [pid=20607] - Emitting: split [the]
2018-04-19 03:57:19,165 - pystorm.component.split - INFO - - [pid=20607] - Emitting: split [index.]
2018-04-19 03:57:19,252 - pystorm.component.split - INFO - - [pid=20607] - Processing received message []
2018-04-19 03:57:19,356 - pystorm.component.split - INFO - - [pid=20607] - Processing received message []
2018-04-19 03:57:19,454 - pystorm.component.split - INFO - - [pid=20607] - Processing received message [Copyright laws are changing all over the world, be sure to check]
2018-04-19 03:57:19,455 - pystorm.component.split - INFO - - [pid=20607] - Emitting: split [Copyright]
2018-04-19 03:57:19,455 - pystorm.component.split - INFO - - [pid=20607] - Emitting: split [laws]
2018-04-19 03:57:19,455 - pystorm.component.split - INFO - - [pid=20607] - Emitting: split [are]
2018-04-19 03:57:19,455 - pystorm.component.split - INFO - - [pid=20607] - Emitting: split [changing]
2018-04-19 03:57:19,456 - pystorm.component.split - INFO - - [pid=20607] - Emitting: split [all]
2018-04-19 03:57:19,456 - pystorm.component.split - INFO - - [pid=20607] - Emitting: split [over]
2018-04-19 03:57:19,456 - pystorm.component.split - INFO - - [pid=20607] - Emitting: split [the]
2018-04-19 03:57:19,456 - pystorm.component.split - INFO - - [pid=20607] - Emitting: split [world,]
2018-04-19 03:57:19,456 - pystorm.component.split - INFO - - [pid=20607] - Emitting: split [be]
2018-04-19 03:57:19,456 - pystorm.component.split - INFO - - [pid=20607] - Emitting: split [sure]
2018-04-19 03:57:19,457 - pystorm.component.split - INFO - - [pid=20607] - Emitting: split [to]
2018-04-19 03:57:19,457 - pystorm.component.split - INFO - - [pid=20607] - Emitting: split [check]
2018-04-19 03:57:19,555 - pystorm.component.split - INFO - - [pid=20607] - Processing received message [the copyright laws for your country before posting these files!!]
2018-04-19 03:57:19,556 - pystorm.component.split - INFO - - [pid=20607] - Emitting: split [the]
2018-04-19 03:57:19,556 - pystorm.component.split - INFO - - [pid=20607] - Emitting: split [copyright]
2018-04-19 03:57:19,556 - pystorm.component.split - INFO - - [pid=20607] - Emitting: split [laws]
2018-04-19 03:57:19,557 - pystorm.component.split - INFO - - [pid=20607] - Emitting: split [for]
2018-04-19 03:57:19,557 - pystorm.component.split - INFO - - [pid=20607] - Emitting: split [your]
2018-04-19 03:57:19,557 - pystorm.component.split - INFO - - [pid=20607] - Emitting: split [country]
2018-04-19 03:57:19,557 - pystorm.component.split - INFO - - [pid=20607] - Emitting: split [before]
2018-04-19 03:57:19,558 - pystorm.component.split - INFO - - [pid=20607] - Emitting: split [posting]
2018-04-19 03:57:19,558 - pystorm.component.split - INFO - - [pid=20607] - Emitting: split [these]
2018-04-19 03:57:19,558 - pystorm.component.split - INFO - - [pid=20607] - Emitting: split [files!!]
2018-04-19 03:57:19,657 - pystorm.component.split - INFO - - [pid=20607] - Processing received message []
2018-04-19 03:57:19,761 - pystorm.component.split - INFO - - [pid=20607] - Processing received message [Please take a look at the important information in this header.]
2018-04-19 03:57:19,763 - pystorm.component.split - INFO - - [pid=20607] - Emitting: split [Please]
2018-04-19 03:57:19,763 - pystorm.component.split - INFO - - [pid=20607] - Emitting: split [take]
2018-04-19 03:57:19,764 - pystorm.component.split - INFO - - [pid=20607] - Emitting: split [a]
2018-04-19 03:57:19,765 - pystorm.component.split - INFO - - [pid=20607] - Emitting: split [look]
2018-04-19 03:57:19,766 - pystorm.component.split - INFO - - [pid=20607] - Emitting: split [at]
2018-04-19 03:57:19,766 - pystorm.component.split - INFO - - [pid=20607] - Emitting: split [the]
2018-04-19 03:57:19,767 - pystorm.component.split - INFO - - [pid=20607] - Emitting: split [important]
2018-04-19 03:57:19,768 - pystorm.component.split - INFO - - [pid=20607] - Emitting: split [information]
2018-04-19 03:57:19,768 - pystorm.component.split - INFO - - [pid=20607] - Emitting: split [in]
2018-04-19 03:57:19,769 - pystorm.component.split - INFO - - [pid=20607] - Emitting: split [this]
2018-04-19 03:57:19,769 - pystorm.component.split - INFO - - [pid=20607] - Emitting: split [header.]
2018-04-19 03:57:19,864 - pystorm.component.split - INFO - - [pid=20607] - Processing received message [We encourage you to keep this file on your own disk, keeping an]
2018-04-19 03:57:19,865 - pystorm.component.split - INFO - - [pid=20607] - Emitting: split [We]
2018-04-19 03:57:19,865 - pystorm.component.split - INFO - - [pid=20607] - Emitting: split [encourage]
2018-04-19 03:57:19,866 - pystorm.component.split - INFO - - [pid=20607] - Emitting: split [you]
2018-04-19 03:57:19,867 - pystorm.component.split - INFO - - [pid=20607] - Emitting: split [to]
2018-04-19 03:57:19,867 - pystorm.component.split - INFO - - [pid=20607] - Emitting: split [keep]
2018-04-19 03:57:19,868 - pystorm.component.split - INFO - - [pid=20607] - Emitting: split [this]
2018-04-19 03:57:19,869 - pystorm.component.split - INFO - - [pid=20607] - Emitting: split [file]
2018-04-19 03:57:19,869 - pystorm.component.split - INFO - - [pid=20607] - Emitting: split [on]
2018-04-19 03:57:19,870 - pystorm.component.split - INFO - - [pid=20607] - Emitting: split [your]
2018-04-19 03:57:19,871 - pystorm.component.split - INFO - - [pid=20607] - Emitting: split [own]
2018-04-19 03:57:19,871 - pystorm.component.split - INFO - - [pid=20607] - Emitting: split [disk,]
2018-04-19 03:57:19,872 - pystorm.component.split - INFO - - [pid=20607] - Emitting: split [keeping]
2018-04-19 03:57:19,872 - pystorm.component.split - INFO - - [pid=20607] - Emitting: split [an]
2018-04-19 03:57:20,324 - pystorm.component - INFO - Exiting because parent Storm process went away.
