2018-04-19 03:23:56,056 - pystorm.component.split - INFO - - [pid=19121] - Processing received message [***The Project Gutenberg's Etext of Shakespeare's First Folio***]
2018-04-19 03:23:56,057 - pystorm.component.split - INFO - - [pid=19121] - Emitting: split [***The]
2018-04-19 03:23:56,057 - pystorm.component.split - INFO - - [pid=19121] - Emitting: split [Project]
2018-04-19 03:23:56,057 - pystorm.component.split - INFO - - [pid=19121] - Emitting: split [Gutenberg's]
2018-04-19 03:23:56,057 - pystorm.component.split - INFO - - [pid=19121] - Emitting: split [Etext]
2018-04-19 03:23:56,057 - pystorm.component.split - INFO - - [pid=19121] - Emitting: split [of]
2018-04-19 03:23:56,058 - pystorm.component.split - INFO - - [pid=19121] - Emitting: split [Shakespeare's]
2018-04-19 03:23:56,058 - pystorm.component.split - INFO - - [pid=19121] - Emitting: split [First]
2018-04-19 03:23:56,058 - pystorm.component.split - INFO - - [pid=19121] - Emitting: split [Folio***]
2018-04-19 03:23:56,156 - pystorm.component.split - INFO - - [pid=19121] - Processing received message [********************The Tragedie of Macbeth*********************]
2018-04-19 03:23:56,157 - pystorm.component.split - INFO - - [pid=19121] - Emitting: split [********************The]
2018-04-19 03:23:56,157 - pystorm.component.split - INFO - - [pid=19121] - Emitting: split [Tragedie]
2018-04-19 03:23:56,157 - pystorm.component.split - INFO - - [pid=19121] - Emitting: split [of]
2018-04-19 03:23:56,157 - pystorm.component.split - INFO - - [pid=19121] - Emitting: split [Macbeth*********************]
2018-04-19 03:23:56,257 - pystorm.component.split - INFO - - [pid=19121] - Processing received message []
2018-04-19 03:23:56,361 - pystorm.component.split - INFO - - [pid=19121] - Processing received message [This is our 3rd edition of most of these plays.  See the index.]
2018-04-19 03:23:56,362 - pystorm.component.split - INFO - - [pid=19121] - Emitting: split [This]
2018-04-19 03:23:56,363 - pystorm.component.split - INFO - - [pid=19121] - Emitting: split [is]
2018-04-19 03:23:56,364 - pystorm.component.split - INFO - - [pid=19121] - Emitting: split [our]
2018-04-19 03:23:56,364 - pystorm.component.split - INFO - - [pid=19121] - Emitting: split [3rd]
2018-04-19 03:23:56,365 - pystorm.component.split - INFO - - [pid=19121] - Emitting: split [edition]
2018-04-19 03:23:56,366 - pystorm.component.split - INFO - - [pid=19121] - Emitting: split [of]
2018-04-19 03:23:56,366 - pystorm.component.split - INFO - - [pid=19121] - Emitting: split [most]
2018-04-19 03:23:56,367 - pystorm.component.split - INFO - - [pid=19121] - Emitting: split [of]
2018-04-19 03:23:56,368 - pystorm.component.split - INFO - - [pid=19121] - Emitting: split [these]
2018-04-19 03:23:56,369 - pystorm.component.split - INFO - - [pid=19121] - Emitting: split [plays.]
2018-04-19 03:23:56,370 - pystorm.component.split - INFO - - [pid=19121] - Emitting: split [See]
2018-04-19 03:23:56,370 - pystorm.component.split - INFO - - [pid=19121] - Emitting: split [the]
2018-04-19 03:23:56,371 - pystorm.component.split - INFO - - [pid=19121] - Emitting: split [index.]
2018-04-19 03:23:56,464 - pystorm.component.split - INFO - - [pid=19121] - Processing received message []
2018-04-19 03:23:56,567 - pystorm.component.split - INFO - - [pid=19121] - Processing received message []
2018-04-19 03:23:56,669 - pystorm.component.split - INFO - - [pid=19121] - Processing received message [Copyright laws are changing all over the world, be sure to check]
2018-04-19 03:23:56,669 - pystorm.component.split - INFO - - [pid=19121] - Emitting: split [Copyright]
2018-04-19 03:23:56,670 - pystorm.component.split - INFO - - [pid=19121] - Emitting: split [laws]
2018-04-19 03:23:56,670 - pystorm.component.split - INFO - - [pid=19121] - Emitting: split [are]
2018-04-19 03:23:56,670 - pystorm.component.split - INFO - - [pid=19121] - Emitting: split [changing]
2018-04-19 03:23:56,670 - pystorm.component.split - INFO - - [pid=19121] - Emitting: split [all]
2018-04-19 03:23:56,670 - pystorm.component.split - INFO - - [pid=19121] - Emitting: split [over]
2018-04-19 03:23:56,671 - pystorm.component.split - INFO - - [pid=19121] - Emitting: split [the]
2018-04-19 03:23:56,671 - pystorm.component.split - INFO - - [pid=19121] - Emitting: split [world,]
2018-04-19 03:23:56,671 - pystorm.component.split - INFO - - [pid=19121] - Emitting: split [be]
2018-04-19 03:23:56,671 - pystorm.component.split - INFO - - [pid=19121] - Emitting: split [sure]
2018-04-19 03:23:56,671 - pystorm.component.split - INFO - - [pid=19121] - Emitting: split [to]
2018-04-19 03:23:56,671 - pystorm.component.split - INFO - - [pid=19121] - Emitting: split [check]
2018-04-19 03:23:56,770 - pystorm.component.split - INFO - - [pid=19121] - Processing received message [the copyright laws for your country before posting these files!!]
2018-04-19 03:23:56,770 - pystorm.component.split - INFO - - [pid=19121] - Emitting: split [the]
2018-04-19 03:23:56,771 - pystorm.component.split - INFO - - [pid=19121] - Emitting: split [copyright]
2018-04-19 03:23:56,771 - pystorm.component.split - INFO - - [pid=19121] - Emitting: split [laws]
2018-04-19 03:23:56,771 - pystorm.component.split - INFO - - [pid=19121] - Emitting: split [for]
2018-04-19 03:23:56,771 - pystorm.component.split - INFO - - [pid=19121] - Emitting: split [your]
2018-04-19 03:23:56,772 - pystorm.component.split - INFO - - [pid=19121] - Emitting: split [country]
2018-04-19 03:23:56,772 - pystorm.component.split - INFO - - [pid=19121] - Emitting: split [before]
2018-04-19 03:23:56,772 - pystorm.component.split - INFO - - [pid=19121] - Emitting: split [posting]
2018-04-19 03:23:56,772 - pystorm.component.split - INFO - - [pid=19121] - Emitting: split [these]
2018-04-19 03:23:56,772 - pystorm.component.split - INFO - - [pid=19121] - Emitting: split [files!!]
2018-04-19 03:23:56,873 - pystorm.component.split - INFO - - [pid=19121] - Processing received message []
2018-04-19 03:23:56,972 - pystorm.component.split - INFO - - [pid=19121] - Processing received message [Please take a look at the important information in this header.]
2018-04-19 03:23:56,973 - pystorm.component.split - INFO - - [pid=19121] - Emitting: split [Please]
2018-04-19 03:23:56,973 - pystorm.component.split - INFO - - [pid=19121] - Emitting: split [take]
2018-04-19 03:23:56,973 - pystorm.component.split - INFO - - [pid=19121] - Emitting: split [a]
2018-04-19 03:23:56,973 - pystorm.component.split - INFO - - [pid=19121] - Emitting: split [look]
2018-04-19 03:23:56,974 - pystorm.component.split - INFO - - [pid=19121] - Emitting: split [at]
2018-04-19 03:23:56,974 - pystorm.component.split - INFO - - [pid=19121] - Emitting: split [the]
2018-04-19 03:23:56,974 - pystorm.component.split - INFO - - [pid=19121] - Emitting: split [important]
2018-04-19 03:23:56,974 - pystorm.component.split - INFO - - [pid=19121] - Emitting: split [information]
2018-04-19 03:23:56,974 - pystorm.component.split - INFO - - [pid=19121] - Emitting: split [in]
2018-04-19 03:23:56,975 - pystorm.component.split - INFO - - [pid=19121] - Emitting: split [this]
2018-04-19 03:23:56,975 - pystorm.component.split - INFO - - [pid=19121] - Emitting: split [header.]
2018-04-19 03:23:57,074 - pystorm.component.split - INFO - - [pid=19121] - Processing received message [We encourage you to keep this file on your own disk, keeping an]
2018-04-19 03:23:57,075 - pystorm.component.split - INFO - - [pid=19121] - Emitting: split [We]
2018-04-19 03:23:57,075 - pystorm.component.split - INFO - - [pid=19121] - Emitting: split [encourage]
2018-04-19 03:23:57,075 - pystorm.component.split - INFO - - [pid=19121] - Emitting: split [you]
2018-04-19 03:23:57,078 - pystorm.component.split - INFO - - [pid=19121] - Emitting: split [to]
2018-04-19 03:23:57,079 - pystorm.component.split - INFO - - [pid=19121] - Emitting: split [keep]
2018-04-19 03:23:57,079 - pystorm.component.split - INFO - - [pid=19121] - Emitting: split [this]
2018-04-19 03:23:57,079 - pystorm.component.split - INFO - - [pid=19121] - Emitting: split [file]
2018-04-19 03:23:57,080 - pystorm.component.split - INFO - - [pid=19121] - Emitting: split [on]
2018-04-19 03:23:57,080 - pystorm.component.split - INFO - - [pid=19121] - Emitting: split [your]
2018-04-19 03:23:57,080 - pystorm.component.split - INFO - - [pid=19121] - Emitting: split [own]
2018-04-19 03:23:57,080 - pystorm.component.split - INFO - - [pid=19121] - Emitting: split [disk,]
2018-04-19 03:23:57,080 - pystorm.component.split - INFO - - [pid=19121] - Emitting: split [keeping]
2018-04-19 03:23:57,080 - pystorm.component.split - INFO - - [pid=19121] - Emitting: split [an]
2018-04-19 03:23:57,545 - pystorm.component - INFO - Exiting because parent Storm process went away.
