2018-04-19 03:24:16,375 - pystorm.component.split - INFO - - [pid=19308] - Processing received message [***The Project Gutenberg's Etext of Shakespeare's First Folio***]
2018-04-19 03:24:16,376 - pystorm.component.split - INFO - - [pid=19308] - Emitting: split [***The]
2018-04-19 03:24:16,376 - pystorm.component.split - INFO - - [pid=19308] - Emitting: split [Project]
2018-04-19 03:24:16,376 - pystorm.component.split - INFO - - [pid=19308] - Emitting: split [Gutenberg's]
2018-04-19 03:24:16,376 - pystorm.component.split - INFO - - [pid=19308] - Emitting: split [Etext]
2018-04-19 03:24:16,376 - pystorm.component.split - INFO - - [pid=19308] - Emitting: split [of]
2018-04-19 03:24:16,377 - pystorm.component.split - INFO - - [pid=19308] - Emitting: split [Shakespeare's]
2018-04-19 03:24:16,377 - pystorm.component.split - INFO - - [pid=19308] - Emitting: split [First]
2018-04-19 03:24:16,377 - pystorm.component.split - INFO - - [pid=19308] - Emitting: split [Folio***]
2018-04-19 03:24:16,481 - pystorm.component.split - INFO - - [pid=19308] - Processing received message [********************The Tragedie of Macbeth*********************]
2018-04-19 03:24:16,482 - pystorm.component.split - INFO - - [pid=19308] - Emitting: split [********************The]
2018-04-19 03:24:16,482 - pystorm.component.split - INFO - - [pid=19308] - Emitting: split [Tragedie]
2018-04-19 03:24:16,482 - pystorm.component.split - INFO - - [pid=19308] - Emitting: split [of]
2018-04-19 03:24:16,482 - pystorm.component.split - INFO - - [pid=19308] - Emitting: split [Macbeth*********************]
2018-04-19 03:24:16,581 - pystorm.component.split - INFO - - [pid=19308] - Processing received message []
2018-04-19 03:24:16,682 - pystorm.component.split - INFO - - [pid=19308] - Processing received message [This is our 3rd edition of most of these plays.  See the index.]
2018-04-19 03:24:16,683 - pystorm.component.split - INFO - - [pid=19308] - Emitting: split [This]
2018-04-19 03:24:16,683 - pystorm.component.split - INFO - - [pid=19308] - Emitting: split [is]
2018-04-19 03:24:16,683 - pystorm.component.split - INFO - - [pid=19308] - Emitting: split [our]
2018-04-19 03:24:16,683 - pystorm.component.split - INFO - - [pid=19308] - Emitting: split [3rd]
2018-04-19 03:24:16,684 - pystorm.component.split - INFO - - [pid=19308] - Emitting: split [edition]
2018-04-19 03:24:16,684 - pystorm.component.split - INFO - - [pid=19308] - Emitting: split [of]
2018-04-19 03:24:16,684 - pystorm.component.split - INFO - - [pid=19308] - Emitting: split [most]
2018-04-19 03:24:16,684 - pystorm.component.split - INFO - - [pid=19308] - Emitting: split [of]
2018-04-19 03:24:16,684 - pystorm.component.split - INFO - - [pid=19308] - Emitting: split [these]
2018-04-19 03:24:16,684 - pystorm.component.split - INFO - - [pid=19308] - Emitting: split [plays.]
2018-04-19 03:24:16,685 - pystorm.component.split - INFO - - [pid=19308] - Emitting: split [See]
2018-04-19 03:24:16,685 - pystorm.component.split - INFO - - [pid=19308] - Emitting: split [the]
2018-04-19 03:24:16,685 - pystorm.component.split - INFO - - [pid=19308] - Emitting: split [index.]
2018-04-19 03:24:16,784 - pystorm.component.split - INFO - - [pid=19308] - Processing received message []
2018-04-19 03:24:16,885 - pystorm.component.split - INFO - - [pid=19308] - Processing received message []
2018-04-19 03:24:16,986 - pystorm.component.split - INFO - - [pid=19308] - Processing received message [Copyright laws are changing all over the world, be sure to check]
2018-04-19 03:24:16,986 - pystorm.component.split - INFO - - [pid=19308] - Emitting: split [Copyright]
2018-04-19 03:24:16,986 - pystorm.component.split - INFO - - [pid=19308] - Emitting: split [laws]
2018-04-19 03:24:16,987 - pystorm.component.split - INFO - - [pid=19308] - Emitting: split [are]
2018-04-19 03:24:16,987 - pystorm.component.split - INFO - - [pid=19308] - Emitting: split [changing]
2018-04-19 03:24:16,987 - pystorm.component.split - INFO - - [pid=19308] - Emitting: split [all]
2018-04-19 03:24:16,987 - pystorm.component.split - INFO - - [pid=19308] - Emitting: split [over]
2018-04-19 03:24:16,987 - pystorm.component.split - INFO - - [pid=19308] - Emitting: split [the]
2018-04-19 03:24:16,987 - pystorm.component.split - INFO - - [pid=19308] - Emitting: split [world,]
2018-04-19 03:24:16,988 - pystorm.component.split - INFO - - [pid=19308] - Emitting: split [be]
2018-04-19 03:24:16,989 - pystorm.component.split - INFO - - [pid=19308] - Emitting: split [sure]
2018-04-19 03:24:16,989 - pystorm.component.split - INFO - - [pid=19308] - Emitting: split [to]
2018-04-19 03:24:16,989 - pystorm.component.split - INFO - - [pid=19308] - Emitting: split [check]
2018-04-19 03:24:17,087 - pystorm.component.split - INFO - - [pid=19308] - Processing received message [the copyright laws for your country before posting these files!!]
2018-04-19 03:24:17,087 - pystorm.component.split - INFO - - [pid=19308] - Emitting: split [the]
2018-04-19 03:24:17,087 - pystorm.component.split - INFO - - [pid=19308] - Emitting: split [copyright]
2018-04-19 03:24:17,087 - pystorm.component.split - INFO - - [pid=19308] - Emitting: split [laws]
2018-04-19 03:24:17,088 - pystorm.component.split - INFO - - [pid=19308] - Emitting: split [for]
2018-04-19 03:24:17,088 - pystorm.component.split - INFO - - [pid=19308] - Emitting: split [your]
2018-04-19 03:24:17,088 - pystorm.component.split - INFO - - [pid=19308] - Emitting: split [country]
2018-04-19 03:24:17,088 - pystorm.component.split - INFO - - [pid=19308] - Emitting: split [before]
2018-04-19 03:24:17,088 - pystorm.component.split - INFO - - [pid=19308] - Emitting: split [posting]
2018-04-19 03:24:17,089 - pystorm.component.split - INFO - - [pid=19308] - Emitting: split [these]
2018-04-19 03:24:17,089 - pystorm.component.split - INFO - - [pid=19308] - Emitting: split [files!!]
2018-04-19 03:24:17,189 - pystorm.component.split - INFO - - [pid=19308] - Processing received message []
2018-04-19 03:24:17,294 - pystorm.component.split - INFO - - [pid=19308] - Processing received message [Please take a look at the important information in this header.]
2018-04-19 03:24:17,294 - pystorm.component.split - INFO - - [pid=19308] - Emitting: split [Please]
2018-04-19 03:24:17,294 - pystorm.component.split - INFO - - [pid=19308] - Emitting: split [take]
2018-04-19 03:24:17,295 - pystorm.component.split - INFO - - [pid=19308] - Emitting: split [a]
2018-04-19 03:24:17,295 - pystorm.component.split - INFO - - [pid=19308] - Emitting: split [look]
2018-04-19 03:24:17,295 - pystorm.component.split - INFO - - [pid=19308] - Emitting: split [at]
2018-04-19 03:24:17,295 - pystorm.component.split - INFO - - [pid=19308] - Emitting: split [the]
2018-04-19 03:24:17,295 - pystorm.component.split - INFO - - [pid=19308] - Emitting: split [important]
2018-04-19 03:24:17,296 - pystorm.component.split - INFO - - [pid=19308] - Emitting: split [information]
2018-04-19 03:24:17,296 - pystorm.component.split - INFO - - [pid=19308] - Emitting: split [in]
2018-04-19 03:24:17,296 - pystorm.component.split - INFO - - [pid=19308] - Emitting: split [this]
2018-04-19 03:24:17,296 - pystorm.component.split - INFO - - [pid=19308] - Emitting: split [header.]
2018-04-19 03:24:17,396 - pystorm.component.split - INFO - - [pid=19308] - Processing received message [We encourage you to keep this file on your own disk, keeping an]
2018-04-19 03:24:17,396 - pystorm.component.split - INFO - - [pid=19308] - Emitting: split [We]
2018-04-19 03:24:17,396 - pystorm.component.split - INFO - - [pid=19308] - Emitting: split [encourage]
2018-04-19 03:24:17,396 - pystorm.component.split - INFO - - [pid=19308] - Emitting: split [you]
2018-04-19 03:24:17,397 - pystorm.component.split - INFO - - [pid=19308] - Emitting: split [to]
2018-04-19 03:24:17,397 - pystorm.component.split - INFO - - [pid=19308] - Emitting: split [keep]
2018-04-19 03:24:17,397 - pystorm.component.split - INFO - - [pid=19308] - Emitting: split [this]
2018-04-19 03:24:17,397 - pystorm.component.split - INFO - - [pid=19308] - Emitting: split [file]
2018-04-19 03:24:17,397 - pystorm.component.split - INFO - - [pid=19308] - Emitting: split [on]
2018-04-19 03:24:17,397 - pystorm.component.split - INFO - - [pid=19308] - Emitting: split [your]
2018-04-19 03:24:17,398 - pystorm.component.split - INFO - - [pid=19308] - Emitting: split [own]
2018-04-19 03:24:17,398 - pystorm.component.split - INFO - - [pid=19308] - Emitting: split [disk,]
2018-04-19 03:24:17,398 - pystorm.component.split - INFO - - [pid=19308] - Emitting: split [keeping]
2018-04-19 03:24:17,398 - pystorm.component.split - INFO - - [pid=19308] - Emitting: split [an]
2018-04-19 03:24:17,497 - pystorm.component.split - INFO - - [pid=19308] - Processing received message [electronic path open for the next readers.  Do not remove this.]
2018-04-19 03:24:17,497 - pystorm.component.split - INFO - - [pid=19308] - Emitting: split [electronic]
2018-04-19 03:24:17,498 - pystorm.component.split - INFO - - [pid=19308] - Emitting: split [path]
2018-04-19 03:24:17,498 - pystorm.component.split - INFO - - [pid=19308] - Emitting: split [open]
2018-04-19 03:24:17,498 - pystorm.component.split - INFO - - [pid=19308] - Emitting: split [for]
2018-04-19 03:24:17,498 - pystorm.component.split - INFO - - [pid=19308] - Emitting: split [the]
2018-04-19 03:24:17,498 - pystorm.component.split - INFO - - [pid=19308] - Emitting: split [next]
2018-04-19 03:24:17,499 - pystorm.component.split - INFO - - [pid=19308] - Emitting: split [readers.]
2018-04-19 03:24:17,499 - pystorm.component.split - INFO - - [pid=19308] - Emitting: split [Do]
2018-04-19 03:24:17,499 - pystorm.component.split - INFO - - [pid=19308] - Emitting: split [not]
2018-04-19 03:24:17,499 - pystorm.component.split - INFO - - [pid=19308] - Emitting: split [remove]
2018-04-19 03:24:17,500 - pystorm.component.split - INFO - - [pid=19308] - Emitting: split [this.]
2018-04-19 03:24:17,974 - pystorm.component - INFO - Exiting because parent Storm process went away.
