2018-04-19 03:22:17,546 - pystorm.component.split - INFO - - [pid=18169] - Processing received message [***The Project Gutenberg's Etext of Shakespeare's First Folio***]
2018-04-19 03:22:17,547 - pystorm.component.split - INFO - - [pid=18169] - Emitting: split [***The]
2018-04-19 03:22:17,547 - pystorm.component.split - INFO - - [pid=18169] - Emitting: split [Project]
2018-04-19 03:22:17,547 - pystorm.component.split - INFO - - [pid=18169] - Emitting: split [Gutenberg's]
2018-04-19 03:22:17,547 - pystorm.component.split - INFO - - [pid=18169] - Emitting: split [Etext]
2018-04-19 03:22:17,547 - pystorm.component.split - INFO - - [pid=18169] - Emitting: split [of]
2018-04-19 03:22:17,548 - pystorm.component.split - INFO - - [pid=18169] - Emitting: split [Shakespeare's]
2018-04-19 03:22:17,548 - pystorm.component.split - INFO - - [pid=18169] - Emitting: split [First]
2018-04-19 03:22:17,548 - pystorm.component.split - INFO - - [pid=18169] - Emitting: split [Folio***]
2018-04-19 03:22:17,646 - pystorm.component.split - INFO - - [pid=18169] - Processing received message [********************The Tragedie of Macbeth*********************]
2018-04-19 03:22:17,646 - pystorm.component.split - INFO - - [pid=18169] - Emitting: split [********************The]
2018-04-19 03:22:17,646 - pystorm.component.split - INFO - - [pid=18169] - Emitting: split [Tragedie]
2018-04-19 03:22:17,647 - pystorm.component.split - INFO - - [pid=18169] - Emitting: split [of]
2018-04-19 03:22:17,647 - pystorm.component.split - INFO - - [pid=18169] - Emitting: split [Macbeth*********************]
2018-04-19 03:22:17,749 - pystorm.component.split - INFO - - [pid=18169] - Processing received message []
2018-04-19 03:22:17,850 - pystorm.component.split - INFO - - [pid=18169] - Processing received message [This is our 3rd edition of most of these plays.  See the index.]
2018-04-19 03:22:17,850 - pystorm.component.split - INFO - - [pid=18169] - Emitting: split [This]
2018-04-19 03:22:17,850 - pystorm.component.split - INFO - - [pid=18169] - Emitting: split [is]
2018-04-19 03:22:17,850 - pystorm.component.split - INFO - - [pid=18169] - Emitting: split [our]
2018-04-19 03:22:17,851 - pystorm.component.split - INFO - - [pid=18169] - Emitting: split [3rd]
2018-04-19 03:22:17,851 - pystorm.component.split - INFO - - [pid=18169] - Emitting: split [edition]
2018-04-19 03:22:17,851 - pystorm.component.split - INFO - - [pid=18169] - Emitting: split [of]
2018-04-19 03:22:17,851 - pystorm.component.split - INFO - - [pid=18169] - Emitting: split [most]
2018-04-19 03:22:17,851 - pystorm.component.split - INFO - - [pid=18169] - Emitting: split [of]
2018-04-19 03:22:17,851 - pystorm.component.split - INFO - - [pid=18169] - Emitting: split [these]
2018-04-19 03:22:17,852 - pystorm.component.split - INFO - - [pid=18169] - Emitting: split [plays.]
2018-04-19 03:22:17,852 - pystorm.component.split - INFO - - [pid=18169] - Emitting: split [See]
2018-04-19 03:22:17,852 - pystorm.component.split - INFO - - [pid=18169] - Emitting: split [the]
2018-04-19 03:22:17,852 - pystorm.component.split - INFO - - [pid=18169] - Emitting: split [index.]
2018-04-19 03:22:17,951 - pystorm.component.split - INFO - - [pid=18169] - Processing received message []
2018-04-19 03:22:18,051 - pystorm.component.split - INFO - - [pid=18169] - Processing received message []
2018-04-19 03:22:18,155 - pystorm.component.split - INFO - - [pid=18169] - Processing received message [Copyright laws are changing all over the world, be sure to check]
2018-04-19 03:22:18,155 - pystorm.component.split - INFO - - [pid=18169] - Emitting: split [Copyright]
2018-04-19 03:22:18,155 - pystorm.component.split - INFO - - [pid=18169] - Emitting: split [laws]
2018-04-19 03:22:18,156 - pystorm.component.split - INFO - - [pid=18169] - Emitting: split [are]
2018-04-19 03:22:18,156 - pystorm.component.split - INFO - - [pid=18169] - Emitting: split [changing]
2018-04-19 03:22:18,156 - pystorm.component.split - INFO - - [pid=18169] - Emitting: split [all]
2018-04-19 03:22:18,156 - pystorm.component.split - INFO - - [pid=18169] - Emitting: split [over]
2018-04-19 03:22:18,156 - pystorm.component.split - INFO - - [pid=18169] - Emitting: split [the]
2018-04-19 03:22:18,156 - pystorm.component.split - INFO - - [pid=18169] - Emitting: split [world,]
2018-04-19 03:22:18,157 - pystorm.component.split - INFO - - [pid=18169] - Emitting: split [be]
2018-04-19 03:22:18,157 - pystorm.component.split - INFO - - [pid=18169] - Emitting: split [sure]
2018-04-19 03:22:18,157 - pystorm.component.split - INFO - - [pid=18169] - Emitting: split [to]
2018-04-19 03:22:18,157 - pystorm.component.split - INFO - - [pid=18169] - Emitting: split [check]
2018-04-19 03:22:18,256 - pystorm.component.split - INFO - - [pid=18169] - Processing received message [the copyright laws for your country before posting these files!!]
2018-04-19 03:22:18,257 - pystorm.component.split - INFO - - [pid=18169] - Emitting: split [the]
2018-04-19 03:22:18,257 - pystorm.component.split - INFO - - [pid=18169] - Emitting: split [copyright]
2018-04-19 03:22:18,257 - pystorm.component.split - INFO - - [pid=18169] - Emitting: split [laws]
2018-04-19 03:22:18,257 - pystorm.component.split - INFO - - [pid=18169] - Emitting: split [for]
2018-04-19 03:22:18,257 - pystorm.component.split - INFO - - [pid=18169] - Emitting: split [your]
2018-04-19 03:22:18,258 - pystorm.component.split - INFO - - [pid=18169] - Emitting: split [country]
2018-04-19 03:22:18,258 - pystorm.component.split - INFO - - [pid=18169] - Emitting: split [before]
2018-04-19 03:22:18,258 - pystorm.component.split - INFO - - [pid=18169] - Emitting: split [posting]
2018-04-19 03:22:18,258 - pystorm.component.split - INFO - - [pid=18169] - Emitting: split [these]
2018-04-19 03:22:18,258 - pystorm.component.split - INFO - - [pid=18169] - Emitting: split [files!!]
2018-04-19 03:22:18,374 - pystorm.component.split - INFO - - [pid=18169] - Processing received message []
2018-04-19 03:22:18,476 - pystorm.component.split - INFO - - [pid=18169] - Processing received message [Please take a look at the important information in this header.]
2018-04-19 03:22:18,477 - pystorm.component.split - INFO - - [pid=18169] - Emitting: split [Please]
2018-04-19 03:22:18,477 - pystorm.component.split - INFO - - [pid=18169] - Emitting: split [take]
2018-04-19 03:22:18,477 - pystorm.component.split - INFO - - [pid=18169] - Emitting: split [a]
2018-04-19 03:22:18,477 - pystorm.component.split - INFO - - [pid=18169] - Emitting: split [look]
2018-04-19 03:22:18,477 - pystorm.component.split - INFO - - [pid=18169] - Emitting: split [at]
2018-04-19 03:22:18,478 - pystorm.component.split - INFO - - [pid=18169] - Emitting: split [the]
2018-04-19 03:22:18,478 - pystorm.component.split - INFO - - [pid=18169] - Emitting: split [important]
2018-04-19 03:22:18,478 - pystorm.component.split - INFO - - [pid=18169] - Emitting: split [information]
2018-04-19 03:22:18,478 - pystorm.component.split - INFO - - [pid=18169] - Emitting: split [in]
2018-04-19 03:22:18,478 - pystorm.component.split - INFO - - [pid=18169] - Emitting: split [this]
2018-04-19 03:22:18,478 - pystorm.component.split - INFO - - [pid=18169] - Emitting: split [header.]
2018-04-19 03:22:18,577 - pystorm.component.split - INFO - - [pid=18169] - Processing received message [We encourage you to keep this file on your own disk, keeping an]
2018-04-19 03:22:18,577 - pystorm.component.split - INFO - - [pid=18169] - Emitting: split [We]
2018-04-19 03:22:18,577 - pystorm.component.split - INFO - - [pid=18169] - Emitting: split [encourage]
2018-04-19 03:22:18,577 - pystorm.component.split - INFO - - [pid=18169] - Emitting: split [you]
2018-04-19 03:22:18,577 - pystorm.component.split - INFO - - [pid=18169] - Emitting: split [to]
2018-04-19 03:22:18,578 - pystorm.component.split - INFO - - [pid=18169] - Emitting: split [keep]
2018-04-19 03:22:18,578 - pystorm.component.split - INFO - - [pid=18169] - Emitting: split [this]
2018-04-19 03:22:18,578 - pystorm.component.split - INFO - - [pid=18169] - Emitting: split [file]
2018-04-19 03:22:18,578 - pystorm.component.split - INFO - - [pid=18169] - Emitting: split [on]
2018-04-19 03:22:18,578 - pystorm.component.split - INFO - - [pid=18169] - Emitting: split [your]
2018-04-19 03:22:18,578 - pystorm.component.split - INFO - - [pid=18169] - Emitting: split [own]
2018-04-19 03:22:18,579 - pystorm.component.split - INFO - - [pid=18169] - Emitting: split [disk,]
2018-04-19 03:22:18,579 - pystorm.component.split - INFO - - [pid=18169] - Emitting: split [keeping]
2018-04-19 03:22:18,579 - pystorm.component.split - INFO - - [pid=18169] - Emitting: split [an]
2018-04-19 03:22:18,681 - pystorm.component.split - INFO - - [pid=18169] - Processing received message [electronic path open for the next readers.  Do not remove this.]
2018-04-19 03:22:18,682 - pystorm.component.split - INFO - - [pid=18169] - Emitting: split [electronic]
2018-04-19 03:22:18,682 - pystorm.component.split - INFO - - [pid=18169] - Emitting: split [path]
2018-04-19 03:22:18,682 - pystorm.component.split - INFO - - [pid=18169] - Emitting: split [open]
2018-04-19 03:22:18,682 - pystorm.component.split - INFO - - [pid=18169] - Emitting: split [for]
2018-04-19 03:22:18,682 - pystorm.component.split - INFO - - [pid=18169] - Emitting: split [the]
2018-04-19 03:22:18,683 - pystorm.component.split - INFO - - [pid=18169] - Emitting: split [next]
2018-04-19 03:22:18,683 - pystorm.component.split - INFO - - [pid=18169] - Emitting: split [readers.]
2018-04-19 03:22:18,683 - pystorm.component.split - INFO - - [pid=18169] - Emitting: split [Do]
2018-04-19 03:22:18,683 - pystorm.component.split - INFO - - [pid=18169] - Emitting: split [not]
2018-04-19 03:22:18,683 - pystorm.component.split - INFO - - [pid=18169] - Emitting: split [remove]
2018-04-19 03:22:18,683 - pystorm.component.split - INFO - - [pid=18169] - Emitting: split [this.]
2018-04-19 03:22:19,063 - pystorm.component - INFO - Exiting because parent Storm process went away.
