2018-04-19 03:21:49,273 - pystorm.component.split - INFO - - [pid=17897] - Processing received message [***The Project Gutenberg's Etext of Shakespeare's First Folio***]
2018-04-19 03:21:49,273 - pystorm.component.split - INFO - - [pid=17897] - Emitting: split [***The]
2018-04-19 03:21:49,274 - pystorm.component.split - INFO - - [pid=17897] - Emitting: split [Project]
2018-04-19 03:21:49,274 - pystorm.component.split - INFO - - [pid=17897] - Emitting: split [Gutenberg's]
2018-04-19 03:21:49,274 - pystorm.component.split - INFO - - [pid=17897] - Emitting: split [Etext]
2018-04-19 03:21:49,274 - pystorm.component.split - INFO - - [pid=17897] - Emitting: split [of]
2018-04-19 03:21:49,274 - pystorm.component.split - INFO - - [pid=17897] - Emitting: split [Shakespeare's]
2018-04-19 03:21:49,274 - pystorm.component.split - INFO - - [pid=17897] - Emitting: split [First]
2018-04-19 03:21:49,275 - pystorm.component.split - INFO - - [pid=17897] - Emitting: split [Folio***]
2018-04-19 03:21:49,375 - pystorm.component.split - INFO - - [pid=17897] - Processing received message [********************The Tragedie of Macbeth*********************]
2018-04-19 03:21:49,375 - pystorm.component.split - INFO - - [pid=17897] - Emitting: split [********************The]
2018-04-19 03:21:49,376 - pystorm.component.split - INFO - - [pid=17897] - Emitting: split [Tragedie]
2018-04-19 03:21:49,376 - pystorm.component.split - INFO - - [pid=17897] - Emitting: split [of]
2018-04-19 03:21:49,376 - pystorm.component.split - INFO - - [pid=17897] - Emitting: split [Macbeth*********************]
2018-04-19 03:21:49,476 - pystorm.component.split - INFO - - [pid=17897] - Processing received message []
2018-04-19 03:21:49,578 - pystorm.component.split - INFO - - [pid=17897] - Processing received message [This is our 3rd edition of most of these plays.  See the index.]
2018-04-19 03:21:49,578 - pystorm.component.split - INFO - - [pid=17897] - Emitting: split [This]
2018-04-19 03:21:49,578 - pystorm.component.split - INFO - - [pid=17897] - Emitting: split [is]
2018-04-19 03:21:49,578 - pystorm.component.split - INFO - - [pid=17897] - Emitting: split [our]
2018-04-19 03:21:49,579 - pystorm.component.split - INFO - - [pid=17897] - Emitting: split [3rd]
2018-04-19 03:21:49,579 - pystorm.component.split - INFO - - [pid=17897] - Emitting: split [edition]
2018-04-19 03:21:49,579 - pystorm.component.split - INFO - - [pid=17897] - Emitting: split [of]
2018-04-19 03:21:49,579 - pystorm.component.split - INFO - - [pid=17897] - Emitting: split [most]
2018-04-19 03:21:49,579 - pystorm.component.split - INFO - - [pid=17897] - Emitting: split [of]
2018-04-19 03:21:49,579 - pystorm.component.split - INFO - - [pid=17897] - Emitting: split [these]
2018-04-19 03:21:49,580 - pystorm.component.split - INFO - - [pid=17897] - Emitting: split [plays.]
2018-04-19 03:21:49,580 - pystorm.component.split - INFO - - [pid=17897] - Emitting: split [See]
2018-04-19 03:21:49,580 - pystorm.component.split - INFO - - [pid=17897] - Emitting: split [the]
2018-04-19 03:21:49,580 - pystorm.component.split - INFO - - [pid=17897] - Emitting: split [index.]
2018-04-19 03:21:49,680 - pystorm.component.split - INFO - - [pid=17897] - Processing received message []
2018-04-19 03:21:49,782 - pystorm.component.split - INFO - - [pid=17897] - Processing received message []
2018-04-19 03:21:49,886 - pystorm.component.split - INFO - - [pid=17897] - Processing received message [Copyright laws are changing all over the world, be sure to check]
2018-04-19 03:21:49,887 - pystorm.component.split - INFO - - [pid=17897] - Emitting: split [Copyright]
2018-04-19 03:21:49,888 - pystorm.component.split - INFO - - [pid=17897] - Emitting: split [laws]
2018-04-19 03:21:49,888 - pystorm.component.split - INFO - - [pid=17897] - Emitting: split [are]
2018-04-19 03:21:49,889 - pystorm.component.split - INFO - - [pid=17897] - Emitting: split [changing]
2018-04-19 03:21:49,890 - pystorm.component.split - INFO - - [pid=17897] - Emitting: split [all]
2018-04-19 03:21:49,890 - pystorm.component.split - INFO - - [pid=17897] - Emitting: split [over]
2018-04-19 03:21:49,891 - pystorm.component.split - INFO - - [pid=17897] - Emitting: split [the]
2018-04-19 03:21:49,892 - pystorm.component.split - INFO - - [pid=17897] - Emitting: split [world,]
2018-04-19 03:21:49,895 - pystorm.component.split - INFO - - [pid=17897] - Emitting: split [be]
2018-04-19 03:21:49,897 - pystorm.component.split - INFO - - [pid=17897] - Emitting: split [sure]
2018-04-19 03:21:49,899 - pystorm.component.split - INFO - - [pid=17897] - Emitting: split [to]
2018-04-19 03:21:49,900 - pystorm.component.split - INFO - - [pid=17897] - Emitting: split [check]
2018-04-19 03:21:49,990 - pystorm.component.split - INFO - - [pid=17897] - Processing received message [the copyright laws for your country before posting these files!!]
2018-04-19 03:21:49,999 - pystorm.component.split - INFO - - [pid=17897] - Emitting: split [the]
2018-04-19 03:21:50,000 - pystorm.component.split - INFO - - [pid=17897] - Emitting: split [copyright]
2018-04-19 03:21:50,000 - pystorm.component.split - INFO - - [pid=17897] - Emitting: split [laws]
2018-04-19 03:21:50,001 - pystorm.component.split - INFO - - [pid=17897] - Emitting: split [for]
2018-04-19 03:21:50,001 - pystorm.component.split - INFO - - [pid=17897] - Emitting: split [your]
2018-04-19 03:21:50,001 - pystorm.component.split - INFO - - [pid=17897] - Emitting: split [country]
2018-04-19 03:21:50,002 - pystorm.component.split - INFO - - [pid=17897] - Emitting: split [before]
2018-04-19 03:21:50,002 - pystorm.component.split - INFO - - [pid=17897] - Emitting: split [posting]
2018-04-19 03:21:50,004 - pystorm.component.split - INFO - - [pid=17897] - Emitting: split [these]
2018-04-19 03:21:50,004 - pystorm.component.split - INFO - - [pid=17897] - Emitting: split [files!!]
2018-04-19 03:21:50,091 - pystorm.component.split - INFO - - [pid=17897] - Processing received message []
2018-04-19 03:21:50,194 - pystorm.component.split - INFO - - [pid=17897] - Processing received message [Please take a look at the important information in this header.]
2018-04-19 03:21:50,195 - pystorm.component.split - INFO - - [pid=17897] - Emitting: split [Please]
2018-04-19 03:21:50,196 - pystorm.component.split - INFO - - [pid=17897] - Emitting: split [take]
2018-04-19 03:21:50,196 - pystorm.component.split - INFO - - [pid=17897] - Emitting: split [a]
2018-04-19 03:21:50,197 - pystorm.component.split - INFO - - [pid=17897] - Emitting: split [look]
2018-04-19 03:21:50,201 - pystorm.component.split - INFO - - [pid=17897] - Emitting: split [at]
2018-04-19 03:21:50,206 - pystorm.component.split - INFO - - [pid=17897] - Emitting: split [the]
2018-04-19 03:21:50,209 - pystorm.component.split - INFO - - [pid=17897] - Emitting: split [important]
2018-04-19 03:21:50,212 - pystorm.component.split - INFO - - [pid=17897] - Emitting: split [information]
2018-04-19 03:21:50,214 - pystorm.component.split - INFO - - [pid=17897] - Emitting: split [in]
2018-04-19 03:21:50,217 - pystorm.component.split - INFO - - [pid=17897] - Emitting: split [this]
2018-04-19 03:21:50,219 - pystorm.component.split - INFO - - [pid=17897] - Emitting: split [header.]
2018-04-19 03:21:50,299 - pystorm.component.split - INFO - - [pid=17897] - Processing received message [We encourage you to keep this file on your own disk, keeping an]
2018-04-19 03:21:50,299 - pystorm.component.split - INFO - - [pid=17897] - Emitting: split [We]
2018-04-19 03:21:50,300 - pystorm.component.split - INFO - - [pid=17897] - Emitting: split [encourage]
2018-04-19 03:21:50,301 - pystorm.component.split - INFO - - [pid=17897] - Emitting: split [you]
2018-04-19 03:21:50,302 - pystorm.component.split - INFO - - [pid=17897] - Emitting: split [to]
2018-04-19 03:21:50,303 - pystorm.component.split - INFO - - [pid=17897] - Emitting: split [keep]
2018-04-19 03:21:50,303 - pystorm.component.split - INFO - - [pid=17897] - Emitting: split [this]
2018-04-19 03:21:50,307 - pystorm.component.split - INFO - - [pid=17897] - Emitting: split [file]
2018-04-19 03:21:50,309 - pystorm.component.split - INFO - - [pid=17897] - Emitting: split [on]
2018-04-19 03:21:50,311 - pystorm.component.split - INFO - - [pid=17897] - Emitting: split [your]
2018-04-19 03:21:50,314 - pystorm.component.split - INFO - - [pid=17897] - Emitting: split [own]
2018-04-19 03:21:50,317 - pystorm.component.split - INFO - - [pid=17897] - Emitting: split [disk,]
2018-04-19 03:21:50,319 - pystorm.component.split - INFO - - [pid=17897] - Emitting: split [keeping]
2018-04-19 03:21:50,321 - pystorm.component.split - INFO - - [pid=17897] - Emitting: split [an]
2018-04-19 03:21:50,746 - pystorm.component - INFO - Exiting because parent Storm process went away.
