2018-04-19 11:22:59,888 - pystorm.component.split - INFO - - [pid=22602] - Processing received message [***The Project Gutenberg's Etext of Shakespeare's First Folio***]
2018-04-19 11:22:59,889 - pystorm.component.split - INFO - - [pid=22602] - Emitting: split [***The]
2018-04-19 11:22:59,891 - pystorm.component.split - INFO - - [pid=22602] - Emitting: split [Project]
2018-04-19 11:22:59,892 - pystorm.component.split - INFO - - [pid=22602] - Emitting: split [Gutenberg's]
2018-04-19 11:22:59,892 - pystorm.component.split - INFO - - [pid=22602] - Emitting: split [Etext]
2018-04-19 11:22:59,892 - pystorm.component.split - INFO - - [pid=22602] - Emitting: split [of]
2018-04-19 11:22:59,893 - pystorm.component.split - INFO - - [pid=22602] - Emitting: split [Shakespeare's]
2018-04-19 11:22:59,893 - pystorm.component.split - INFO - - [pid=22602] - Emitting: split [First]
2018-04-19 11:22:59,894 - pystorm.component.split - INFO - - [pid=22602] - Emitting: split [Folio***]
2018-04-19 11:22:59,983 - pystorm.component.split - INFO - - [pid=22602] - Processing received message [********************The Tragedie of Macbeth*********************]
2018-04-19 11:22:59,983 - pystorm.component.split - INFO - - [pid=22602] - Emitting: split [********************The]
2018-04-19 11:22:59,983 - pystorm.component.split - INFO - - [pid=22602] - Emitting: split [Tragedie]
2018-04-19 11:22:59,983 - pystorm.component.split - INFO - - [pid=22602] - Emitting: split [of]
2018-04-19 11:22:59,984 - pystorm.component.split - INFO - - [pid=22602] - Emitting: split [Macbeth*********************]
2018-04-19 11:23:00,084 - pystorm.component.split - INFO - - [pid=22602] - Processing received message []
2018-04-19 11:23:00,190 - pystorm.component.split - INFO - - [pid=22602] - Processing received message [This is our 3rd edition of most of these plays.  See the index.]
2018-04-19 11:23:00,190 - pystorm.component.split - INFO - - [pid=22602] - Emitting: split [This]
2018-04-19 11:23:00,191 - pystorm.component.split - INFO - - [pid=22602] - Emitting: split [is]
2018-04-19 11:23:00,191 - pystorm.component.split - INFO - - [pid=22602] - Emitting: split [our]
2018-04-19 11:23:00,191 - pystorm.component.split - INFO - - [pid=22602] - Emitting: split [3rd]
2018-04-19 11:23:00,191 - pystorm.component.split - INFO - - [pid=22602] - Emitting: split [edition]
2018-04-19 11:23:00,191 - pystorm.component.split - INFO - - [pid=22602] - Emitting: split [of]
2018-04-19 11:23:00,192 - pystorm.component.split - INFO - - [pid=22602] - Emitting: split [most]
2018-04-19 11:23:00,192 - pystorm.component.split - INFO - - [pid=22602] - Emitting: split [of]
2018-04-19 11:23:00,192 - pystorm.component.split - INFO - - [pid=22602] - Emitting: split [these]
2018-04-19 11:23:00,192 - pystorm.component.split - INFO - - [pid=22602] - Emitting: split [plays.]
2018-04-19 11:23:00,192 - pystorm.component.split - INFO - - [pid=22602] - Emitting: split [See]
2018-04-19 11:23:00,192 - pystorm.component.split - INFO - - [pid=22602] - Emitting: split [the]
2018-04-19 11:23:00,192 - pystorm.component.split - INFO - - [pid=22602] - Emitting: split [index.]
2018-04-19 11:23:00,287 - pystorm.component.split - INFO - - [pid=22602] - Processing received message []
2018-04-19 11:23:00,387 - pystorm.component.split - INFO - - [pid=22602] - Processing received message []
2018-04-19 11:23:00,488 - pystorm.component.split - INFO - - [pid=22602] - Processing received message [Copyright laws are changing all over the world, be sure to check]
2018-04-19 11:23:00,489 - pystorm.component.split - INFO - - [pid=22602] - Emitting: split [Copyright]
2018-04-19 11:23:00,489 - pystorm.component.split - INFO - - [pid=22602] - Emitting: split [laws]
2018-04-19 11:23:00,489 - pystorm.component.split - INFO - - [pid=22602] - Emitting: split [are]
2018-04-19 11:23:00,489 - pystorm.component.split - INFO - - [pid=22602] - Emitting: split [changing]
2018-04-19 11:23:00,489 - pystorm.component.split - INFO - - [pid=22602] - Emitting: split [all]
2018-04-19 11:23:00,490 - pystorm.component.split - INFO - - [pid=22602] - Emitting: split [over]
2018-04-19 11:23:00,490 - pystorm.component.split - INFO - - [pid=22602] - Emitting: split [the]
2018-04-19 11:23:00,490 - pystorm.component.split - INFO - - [pid=22602] - Emitting: split [world,]
2018-04-19 11:23:00,490 - pystorm.component.split - INFO - - [pid=22602] - Emitting: split [be]
2018-04-19 11:23:00,490 - pystorm.component.split - INFO - - [pid=22602] - Emitting: split [sure]
2018-04-19 11:23:00,490 - pystorm.component.split - INFO - - [pid=22602] - Emitting: split [to]
2018-04-19 11:23:00,491 - pystorm.component.split - INFO - - [pid=22602] - Emitting: split [check]
2018-04-19 11:23:00,595 - pystorm.component.split - INFO - - [pid=22602] - Processing received message [the copyright laws for your country before posting these files!!]
2018-04-19 11:23:00,596 - pystorm.component.split - INFO - - [pid=22602] - Emitting: split [the]
2018-04-19 11:23:00,596 - pystorm.component.split - INFO - - [pid=22602] - Emitting: split [copyright]
2018-04-19 11:23:00,596 - pystorm.component.split - INFO - - [pid=22602] - Emitting: split [laws]
2018-04-19 11:23:00,596 - pystorm.component.split - INFO - - [pid=22602] - Emitting: split [for]
2018-04-19 11:23:00,596 - pystorm.component.split - INFO - - [pid=22602] - Emitting: split [your]
2018-04-19 11:23:00,597 - pystorm.component.split - INFO - - [pid=22602] - Emitting: split [country]
2018-04-19 11:23:00,597 - pystorm.component.split - INFO - - [pid=22602] - Emitting: split [before]
2018-04-19 11:23:00,597 - pystorm.component.split - INFO - - [pid=22602] - Emitting: split [posting]
2018-04-19 11:23:00,597 - pystorm.component.split - INFO - - [pid=22602] - Emitting: split [these]
2018-04-19 11:23:00,597 - pystorm.component.split - INFO - - [pid=22602] - Emitting: split [files!!]
2018-04-19 11:23:00,698 - pystorm.component.split - INFO - - [pid=22602] - Processing received message []
2018-04-19 11:23:00,799 - pystorm.component.split - INFO - - [pid=22602] - Processing received message [Please take a look at the important information in this header.]
2018-04-19 11:23:00,799 - pystorm.component.split - INFO - - [pid=22602] - Emitting: split [Please]
2018-04-19 11:23:00,799 - pystorm.component.split - INFO - - [pid=22602] - Emitting: split [take]
2018-04-19 11:23:00,799 - pystorm.component.split - INFO - - [pid=22602] - Emitting: split [a]
2018-04-19 11:23:00,800 - pystorm.component.split - INFO - - [pid=22602] - Emitting: split [look]
2018-04-19 11:23:00,800 - pystorm.component.split - INFO - - [pid=22602] - Emitting: split [at]
2018-04-19 11:23:00,800 - pystorm.component.split - INFO - - [pid=22602] - Emitting: split [the]
2018-04-19 11:23:00,800 - pystorm.component.split - INFO - - [pid=22602] - Emitting: split [important]
2018-04-19 11:23:00,800 - pystorm.component.split - INFO - - [pid=22602] - Emitting: split [information]
2018-04-19 11:23:00,800 - pystorm.component.split - INFO - - [pid=22602] - Emitting: split [in]
2018-04-19 11:23:00,801 - pystorm.component.split - INFO - - [pid=22602] - Emitting: split [this]
2018-04-19 11:23:00,801 - pystorm.component.split - INFO - - [pid=22602] - Emitting: split [header.]
2018-04-19 11:23:00,900 - pystorm.component.split - INFO - - [pid=22602] - Processing received message [We encourage you to keep this file on your own disk, keeping an]
2018-04-19 11:23:00,901 - pystorm.component.split - INFO - - [pid=22602] - Emitting: split [We]
2018-04-19 11:23:00,901 - pystorm.component.split - INFO - - [pid=22602] - Emitting: split [encourage]
2018-04-19 11:23:00,901 - pystorm.component.split - INFO - - [pid=22602] - Emitting: split [you]
2018-04-19 11:23:00,901 - pystorm.component.split - INFO - - [pid=22602] - Emitting: split [to]
2018-04-19 11:23:00,902 - pystorm.component.split - INFO - - [pid=22602] - Emitting: split [keep]
2018-04-19 11:23:00,902 - pystorm.component.split - INFO - - [pid=22602] - Emitting: split [this]
2018-04-19 11:23:00,902 - pystorm.component.split - INFO - - [pid=22602] - Emitting: split [file]
2018-04-19 11:23:00,902 - pystorm.component.split - INFO - - [pid=22602] - Emitting: split [on]
2018-04-19 11:23:00,902 - pystorm.component.split - INFO - - [pid=22602] - Emitting: split [your]
2018-04-19 11:23:00,902 - pystorm.component.split - INFO - - [pid=22602] - Emitting: split [own]
2018-04-19 11:23:00,902 - pystorm.component.split - INFO - - [pid=22602] - Emitting: split [disk,]
2018-04-19 11:23:00,903 - pystorm.component.split - INFO - - [pid=22602] - Emitting: split [keeping]
2018-04-19 11:23:00,903 - pystorm.component.split - INFO - - [pid=22602] - Emitting: split [an]
2018-04-19 11:23:01,001 - pystorm.component.split - INFO - - [pid=22602] - Processing received message [electronic path open for the next readers.  Do not remove this.]
2018-04-19 11:23:01,002 - pystorm.component.split - INFO - - [pid=22602] - Emitting: split [electronic]
2018-04-19 11:23:01,002 - pystorm.component.split - INFO - - [pid=22602] - Emitting: split [path]
2018-04-19 11:23:01,002 - pystorm.component.split - INFO - - [pid=22602] - Emitting: split [open]
2018-04-19 11:23:01,002 - pystorm.component.split - INFO - - [pid=22602] - Emitting: split [for]
2018-04-19 11:23:01,003 - pystorm.component.split - INFO - - [pid=22602] - Emitting: split [the]
2018-04-19 11:23:01,003 - pystorm.component.split - INFO - - [pid=22602] - Emitting: split [next]
2018-04-19 11:23:01,004 - pystorm.component.split - INFO - - [pid=22602] - Emitting: split [readers.]
2018-04-19 11:23:01,005 - pystorm.component.split - INFO - - [pid=22602] - Emitting: split [Do]
2018-04-19 11:23:01,018 - pystorm.component.split - INFO - - [pid=22602] - Emitting: split [not]
2018-04-19 11:23:01,022 - pystorm.component.split - INFO - - [pid=22602] - Emitting: split [remove]
2018-04-19 11:23:01,022 - pystorm.component.split - INFO - - [pid=22602] - Emitting: split [this.]
2018-04-19 11:23:01,103 - pystorm.component.split - INFO - - [pid=22602] - Processing received message []
2018-04-19 11:23:01,204 - pystorm.component.split - INFO - - [pid=22602] - Processing received message []
2018-04-19 11:23:01,304 - pystorm.component.split - INFO - - [pid=22602] - Processing received message [**Welcome To The World of Free Plain Vanilla Electronic Texts**]
2018-04-19 11:23:01,305 - pystorm.component.split - INFO - - [pid=22602] - Emitting: split [**Welcome]
2018-04-19 11:23:01,305 - pystorm.component.split - INFO - - [pid=22602] - Emitting: split [To]
2018-04-19 11:23:01,305 - pystorm.component.split - INFO - - [pid=22602] - Emitting: split [The]
2018-04-19 11:23:01,305 - pystorm.component.split - INFO - - [pid=22602] - Emitting: split [World]
2018-04-19 11:23:01,305 - pystorm.component.split - INFO - - [pid=22602] - Emitting: split [of]
2018-04-19 11:23:01,306 - pystorm.component.split - INFO - - [pid=22602] - Emitting: split [Free]
2018-04-19 11:23:01,306 - pystorm.component.split - INFO - - [pid=22602] - Emitting: split [Plain]
2018-04-19 11:23:01,306 - pystorm.component.split - INFO - - [pid=22602] - Emitting: split [Vanilla]
2018-04-19 11:23:01,306 - pystorm.component.split - INFO - - [pid=22602] - Emitting: split [Electronic]
2018-04-19 11:23:01,306 - pystorm.component.split - INFO - - [pid=22602] - Emitting: split [Texts**]
2018-04-19 11:23:01,405 - pystorm.component.split - INFO - - [pid=22602] - Processing received message []
2018-04-19 11:23:01,506 - pystorm.component.split - INFO - - [pid=22602] - Processing received message [**Etexts Readable By Both Humans and By Computers, Since 1971**]
2018-04-19 11:23:01,506 - pystorm.component.split - INFO - - [pid=22602] - Emitting: split [**Etexts]
2018-04-19 11:23:01,506 - pystorm.component.split - INFO - - [pid=22602] - Emitting: split [Readable]
2018-04-19 11:23:01,507 - pystorm.component.split - INFO - - [pid=22602] - Emitting: split [By]
2018-04-19 11:23:01,507 - pystorm.component.split - INFO - - [pid=22602] - Emitting: split [Both]
2018-04-19 11:23:01,507 - pystorm.component.split - INFO - - [pid=22602] - Emitting: split [Humans]
2018-04-19 11:23:01,507 - pystorm.component.split - INFO - - [pid=22602] - Emitting: split [and]
2018-04-19 11:23:01,507 - pystorm.component.split - INFO - - [pid=22602] - Emitting: split [By]
2018-04-19 11:23:01,508 - pystorm.component.split - INFO - - [pid=22602] - Emitting: split [Computers,]
2018-04-19 11:23:01,508 - pystorm.component.split - INFO - - [pid=22602] - Emitting: split [Since]
2018-04-19 11:23:01,508 - pystorm.component.split - INFO - - [pid=22602] - Emitting: split [1971**]
2018-04-19 11:23:01,607 - pystorm.component.split - INFO - - [pid=22602] - Processing received message []
2018-04-19 11:23:01,708 - pystorm.component.split - INFO - - [pid=22602] - Processing received message [*These Etexts Prepared By Hundreds of Volunteers and Donations*]
2018-04-19 11:23:01,708 - pystorm.component.split - INFO - - [pid=22602] - Emitting: split [*These]
2018-04-19 11:23:01,708 - pystorm.component.split - INFO - - [pid=22602] - Emitting: split [Etexts]
2018-04-19 11:23:01,709 - pystorm.component.split - INFO - - [pid=22602] - Emitting: split [Prepared]
2018-04-19 11:23:01,709 - pystorm.component.split - INFO - - [pid=22602] - Emitting: split [By]
2018-04-19 11:23:01,709 - pystorm.component.split - INFO - - [pid=22602] - Emitting: split [Hundreds]
2018-04-19 11:23:01,709 - pystorm.component.split - INFO - - [pid=22602] - Emitting: split [of]
2018-04-19 11:23:01,709 - pystorm.component.split - INFO - - [pid=22602] - Emitting: split [Volunteers]
2018-04-19 11:23:01,714 - pystorm.component.split - INFO - - [pid=22602] - Emitting: split [and]
2018-04-19 11:23:01,714 - pystorm.component.split - INFO - - [pid=22602] - Emitting: split [Donations*]
2018-04-19 11:23:01,809 - pystorm.component.split - INFO - - [pid=22602] - Processing received message []
2018-04-19 11:23:01,910 - pystorm.component.split - INFO - - [pid=22602] - Processing received message [Information on contacting Project Gutenberg to get Etexts, and]
2018-04-19 11:23:01,911 - pystorm.component.split - INFO - - [pid=22602] - Emitting: split [Information]
2018-04-19 11:23:01,911 - pystorm.component.split - INFO - - [pid=22602] - Emitting: split [on]
2018-04-19 11:23:01,911 - pystorm.component.split - INFO - - [pid=22602] - Emitting: split [contacting]
2018-04-19 11:23:01,911 - pystorm.component.split - INFO - - [pid=22602] - Emitting: split [Project]
2018-04-19 11:23:01,911 - pystorm.component.split - INFO - - [pid=22602] - Emitting: split [Gutenberg]
2018-04-19 11:23:01,912 - pystorm.component.split - INFO - - [pid=22602] - Emitting: split [to]
2018-04-19 11:23:01,912 - pystorm.component.split - INFO - - [pid=22602] - Emitting: split [get]
2018-04-19 11:23:01,912 - pystorm.component.split - INFO - - [pid=22602] - Emitting: split [Etexts,]
2018-04-19 11:23:01,912 - pystorm.component.split - INFO - - [pid=22602] - Emitting: split [and]
2018-04-19 11:23:02,010 - pystorm.component.split - INFO - - [pid=22602] - Processing received message [further information is included below.  We need your donations.]
2018-04-19 11:23:02,011 - pystorm.component.split - INFO - - [pid=22602] - Emitting: split [further]
2018-04-19 11:23:02,011 - pystorm.component.split - INFO - - [pid=22602] - Emitting: split [information]
2018-04-19 11:23:02,011 - pystorm.component.split - INFO - - [pid=22602] - Emitting: split [is]
2018-04-19 11:23:02,011 - pystorm.component.split - INFO - - [pid=22602] - Emitting: split [included]
2018-04-19 11:23:02,011 - pystorm.component.split - INFO - - [pid=22602] - Emitting: split [below.]
2018-04-19 11:23:02,012 - pystorm.component.split - INFO - - [pid=22602] - Emitting: split [We]
2018-04-19 11:23:02,012 - pystorm.component.split - INFO - - [pid=22602] - Emitting: split [need]
2018-04-19 11:23:02,012 - pystorm.component.split - INFO - - [pid=22602] - Emitting: split [your]
2018-04-19 11:23:02,012 - pystorm.component.split - INFO - - [pid=22602] - Emitting: split [donations.]
2018-04-19 11:23:02,111 - pystorm.component.split - INFO - - [pid=22602] - Processing received message []
2018-04-19 11:23:02,212 - pystorm.component.split - INFO - - [pid=22602] - Processing received message []
2018-04-19 11:23:02,313 - pystorm.component.split - INFO - - [pid=22602] - Processing received message [The Tragedie of Macbeth]
2018-04-19 11:23:02,313 - pystorm.component.split - INFO - - [pid=22602] - Emitting: split [The]
2018-04-19 11:23:02,313 - pystorm.component.split - INFO - - [pid=22602] - Emitting: split [Tragedie]
2018-04-19 11:23:02,314 - pystorm.component.split - INFO - - [pid=22602] - Emitting: split [of]
2018-04-19 11:23:02,314 - pystorm.component.split - INFO - - [pid=22602] - Emitting: split [Macbeth]
2018-04-19 11:23:02,415 - pystorm.component.split - INFO - - [pid=22602] - Processing received message []
2018-04-19 11:23:02,519 - pystorm.component.split - INFO - - [pid=22602] - Processing received message [by William Shakespeare]
2018-04-19 11:23:02,520 - pystorm.component.split - INFO - - [pid=22602] - Emitting: split [by]
2018-04-19 11:23:02,520 - pystorm.component.split - INFO - - [pid=22602] - Emitting: split [William]
2018-04-19 11:23:02,520 - pystorm.component.split - INFO - - [pid=22602] - Emitting: split [Shakespeare]
2018-04-19 11:23:02,616 - pystorm.component.split - INFO - - [pid=22602] - Processing received message []
2018-04-19 11:23:02,716 - pystorm.component.split - INFO - - [pid=22602] - Processing received message [July, 2000  [Etext #2264]]
2018-04-19 11:23:02,716 - pystorm.component.split - INFO - - [pid=22602] - Emitting: split [July,]
2018-04-19 11:23:02,717 - pystorm.component.split - INFO - - [pid=22602] - Emitting: split [2000]
2018-04-19 11:23:02,717 - pystorm.component.split - INFO - - [pid=22602] - Emitting: split [[Etext]
2018-04-19 11:23:02,717 - pystorm.component.split - INFO - - [pid=22602] - Emitting: split [#2264]]
2018-04-19 11:23:02,818 - pystorm.component.split - INFO - - [pid=22602] - Processing received message []
2018-04-19 11:23:02,918 - pystorm.component.split - INFO - - [pid=22602] - Processing received message []
2018-04-19 11:23:03,019 - pystorm.component.split - INFO - - [pid=22602] - Processing received message [***The Project Gutenberg's Etext of Shakespeare's First Folio***]
2018-04-19 11:23:03,020 - pystorm.component.split - INFO - - [pid=22602] - Emitting: split [***The]
2018-04-19 11:23:03,020 - pystorm.component.split - INFO - - [pid=22602] - Emitting: split [Project]
2018-04-19 11:23:03,020 - pystorm.component.split - INFO - - [pid=22602] - Emitting: split [Gutenberg's]
2018-04-19 11:23:03,021 - pystorm.component.split - INFO - - [pid=22602] - Emitting: split [Etext]
2018-04-19 11:23:03,021 - pystorm.component.split - INFO - - [pid=22602] - Emitting: split [of]
2018-04-19 11:23:03,021 - pystorm.component.split - INFO - - [pid=22602] - Emitting: split [Shakespeare's]
2018-04-19 11:23:03,021 - pystorm.component.split - INFO - - [pid=22602] - Emitting: split [First]
2018-04-19 11:23:03,021 - pystorm.component.split - INFO - - [pid=22602] - Emitting: split [Folio***]
2018-04-19 11:23:03,121 - pystorm.component.split - INFO - - [pid=22602] - Processing received message [********************The Tragedie of Macbeth*********************]
2018-04-19 11:23:03,121 - pystorm.component.split - INFO - - [pid=22602] - Emitting: split [********************The]
2018-04-19 11:23:03,122 - pystorm.component.split - INFO - - [pid=22602] - Emitting: split [Tragedie]
2018-04-19 11:23:03,122 - pystorm.component.split - INFO - - [pid=22602] - Emitting: split [of]
2018-04-19 11:23:03,122 - pystorm.component.split - INFO - - [pid=22602] - Emitting: split [Macbeth*********************]
2018-04-19 11:23:03,222 - pystorm.component.split - INFO - - [pid=22602] - Processing received message []
2018-04-19 11:23:03,322 - pystorm.component.split - INFO - - [pid=22602] - Processing received message [*****This file should be named 2264.txt or 2264.zip******]
2018-04-19 11:23:03,322 - pystorm.component.split - INFO - - [pid=22602] - Emitting: split [*****This]
2018-04-19 11:23:03,323 - pystorm.component.split - INFO - - [pid=22602] - Emitting: split [file]
2018-04-19 11:23:03,323 - pystorm.component.split - INFO - - [pid=22602] - Emitting: split [should]
2018-04-19 11:23:03,323 - pystorm.component.split - INFO - - [pid=22602] - Emitting: split [be]
2018-04-19 11:23:03,323 - pystorm.component.split - INFO - - [pid=22602] - Emitting: split [named]
2018-04-19 11:23:03,323 - pystorm.component.split - INFO - - [pid=22602] - Emitting: split [2264.txt]
2018-04-19 11:23:03,323 - pystorm.component.split - INFO - - [pid=22602] - Emitting: split [or]
2018-04-19 11:23:03,324 - pystorm.component.split - INFO - - [pid=22602] - Emitting: split [2264.zip******]
2018-04-19 11:23:03,423 - pystorm.component.split - INFO - - [pid=22602] - Processing received message []
2018-04-19 11:23:03,523 - pystorm.component.split - INFO - - [pid=22602] - Processing received message [Project Gutenberg Etexts are usually created from multiple editions,]
2018-04-19 11:23:03,524 - pystorm.component.split - INFO - - [pid=22602] - Emitting: split [Project]
2018-04-19 11:23:03,524 - pystorm.component.split - INFO - - [pid=22602] - Emitting: split [Gutenberg]
2018-04-19 11:23:03,524 - pystorm.component.split - INFO - - [pid=22602] - Emitting: split [Etexts]
2018-04-19 11:23:03,524 - pystorm.component.split - INFO - - [pid=22602] - Emitting: split [are]
2018-04-19 11:23:03,524 - pystorm.component.split - INFO - - [pid=22602] - Emitting: split [usually]
2018-04-19 11:23:03,525 - pystorm.component.split - INFO - - [pid=22602] - Emitting: split [created]
2018-04-19 11:23:03,525 - pystorm.component.split - INFO - - [pid=22602] - Emitting: split [from]
2018-04-19 11:23:03,525 - pystorm.component.split - INFO - - [pid=22602] - Emitting: split [multiple]
2018-04-19 11:23:03,525 - pystorm.component.split - INFO - - [pid=22602] - Emitting: split [editions,]
2018-04-19 11:23:03,624 - pystorm.component.split - INFO - - [pid=22602] - Processing received message [all of which are in the Public Domain in the United States, unless a]
2018-04-19 11:23:03,624 - pystorm.component.split - INFO - - [pid=22602] - Emitting: split [all]
2018-04-19 11:23:03,625 - pystorm.component.split - INFO - - [pid=22602] - Emitting: split [of]
2018-04-19 11:23:03,625 - pystorm.component.split - INFO - - [pid=22602] - Emitting: split [which]
2018-04-19 11:23:03,625 - pystorm.component.split - INFO - - [pid=22602] - Emitting: split [are]
2018-04-19 11:23:03,625 - pystorm.component.split - INFO - - [pid=22602] - Emitting: split [in]
2018-04-19 11:23:03,625 - pystorm.component.split - INFO - - [pid=22602] - Emitting: split [the]
2018-04-19 11:23:03,625 - pystorm.component.split - INFO - - [pid=22602] - Emitting: split [Public]
2018-04-19 11:23:03,626 - pystorm.component.split - INFO - - [pid=22602] - Emitting: split [Domain]
2018-04-19 11:23:03,626 - pystorm.component.split - INFO - - [pid=22602] - Emitting: split [in]
2018-04-19 11:23:03,626 - pystorm.component.split - INFO - - [pid=22602] - Emitting: split [the]
2018-04-19 11:23:03,626 - pystorm.component.split - INFO - - [pid=22602] - Emitting: split [United]
2018-04-19 11:23:03,626 - pystorm.component.split - INFO - - [pid=22602] - Emitting: split [States,]
2018-04-19 11:23:03,626 - pystorm.component.split - INFO - - [pid=22602] - Emitting: split [unless]
2018-04-19 11:23:03,626 - pystorm.component.split - INFO - - [pid=22602] - Emitting: split [a]
2018-04-19 11:23:03,725 - pystorm.component.split - INFO - - [pid=22602] - Processing received message [copyright notice is included.  Therefore, we usually do NOT keep any]
2018-04-19 11:23:03,725 - pystorm.component.split - INFO - - [pid=22602] - Emitting: split [copyright]
2018-04-19 11:23:03,725 - pystorm.component.split - INFO - - [pid=22602] - Emitting: split [notice]
2018-04-19 11:23:03,726 - pystorm.component.split - INFO - - [pid=22602] - Emitting: split [is]
2018-04-19 11:23:03,726 - pystorm.component.split - INFO - - [pid=22602] - Emitting: split [included.]
2018-04-19 11:23:03,726 - pystorm.component.split - INFO - - [pid=22602] - Emitting: split [Therefore,]
2018-04-19 11:23:03,726 - pystorm.component.split - INFO - - [pid=22602] - Emitting: split [we]
2018-04-19 11:23:03,726 - pystorm.component.split - INFO - - [pid=22602] - Emitting: split [usually]
2018-04-19 11:23:03,726 - pystorm.component.split - INFO - - [pid=22602] - Emitting: split [do]
2018-04-19 11:23:03,727 - pystorm.component.split - INFO - - [pid=22602] - Emitting: split [NOT]
2018-04-19 11:23:03,727 - pystorm.component.split - INFO - - [pid=22602] - Emitting: split [keep]
2018-04-19 11:23:03,727 - pystorm.component.split - INFO - - [pid=22602] - Emitting: split [any]
2018-04-19 11:23:03,826 - pystorm.component.split - INFO - - [pid=22602] - Processing received message [of these books in compliance with any particular paper edition.]
2018-04-19 11:23:03,826 - pystorm.component.split - INFO - - [pid=22602] - Emitting: split [of]
2018-04-19 11:23:03,826 - pystorm.component.split - INFO - - [pid=22602] - Emitting: split [these]
2018-04-19 11:23:03,827 - pystorm.component.split - INFO - - [pid=22602] - Emitting: split [books]
2018-04-19 11:23:03,827 - pystorm.component.split - INFO - - [pid=22602] - Emitting: split [in]
2018-04-19 11:23:03,827 - pystorm.component.split - INFO - - [pid=22602] - Emitting: split [compliance]
2018-04-19 11:23:03,827 - pystorm.component.split - INFO - - [pid=22602] - Emitting: split [with]
2018-04-19 11:23:03,827 - pystorm.component.split - INFO - - [pid=22602] - Emitting: split [any]
2018-04-19 11:23:03,827 - pystorm.component.split - INFO - - [pid=22602] - Emitting: split [particular]
2018-04-19 11:23:03,828 - pystorm.component.split - INFO - - [pid=22602] - Emitting: split [paper]
2018-04-19 11:23:03,828 - pystorm.component.split - INFO - - [pid=22602] - Emitting: split [edition.]
2018-04-19 11:23:03,927 - pystorm.component.split - INFO - - [pid=22602] - Processing received message []
2018-04-19 11:23:04,028 - pystorm.component.split - INFO - - [pid=22602] - Processing received message []
2018-04-19 11:23:04,129 - pystorm.component.split - INFO - - [pid=22602] - Processing received message [We are now trying to release all our books one month in advance]
2018-04-19 11:23:04,129 - pystorm.component.split - INFO - - [pid=22602] - Emitting: split [We]
2018-04-19 11:23:04,130 - pystorm.component.split - INFO - - [pid=22602] - Emitting: split [are]
2018-04-19 11:23:04,130 - pystorm.component.split - INFO - - [pid=22602] - Emitting: split [now]
2018-04-19 11:23:04,130 - pystorm.component.split - INFO - - [pid=22602] - Emitting: split [trying]
2018-04-19 11:23:04,131 - pystorm.component.split - INFO - - [pid=22602] - Emitting: split [to]
2018-04-19 11:23:04,131 - pystorm.component.split - INFO - - [pid=22602] - Emitting: split [release]
2018-04-19 11:23:04,131 - pystorm.component.split - INFO - - [pid=22602] - Emitting: split [all]
2018-04-19 11:23:04,133 - pystorm.component.split - INFO - - [pid=22602] - Emitting: split [our]
2018-04-19 11:23:04,139 - pystorm.component.split - INFO - - [pid=22602] - Emitting: split [books]
2018-04-19 11:23:04,140 - pystorm.component.split - INFO - - [pid=22602] - Emitting: split [one]
2018-04-19 11:23:04,142 - pystorm.component.split - INFO - - [pid=22602] - Emitting: split [month]
2018-04-19 11:23:04,148 - pystorm.component.split - INFO - - [pid=22602] - Emitting: split [in]
2018-04-19 11:23:04,149 - pystorm.component.split - INFO - - [pid=22602] - Emitting: split [advance]
2018-04-19 11:23:04,230 - pystorm.component.split - INFO - - [pid=22602] - Processing received message [of the official release dates, leaving time for better editing.]
2018-04-19 11:23:04,231 - pystorm.component.split - INFO - - [pid=22602] - Emitting: split [of]
2018-04-19 11:23:04,231 - pystorm.component.split - INFO - - [pid=22602] - Emitting: split [the]
2018-04-19 11:23:04,231 - pystorm.component.split - INFO - - [pid=22602] - Emitting: split [official]
2018-04-19 11:23:04,231 - pystorm.component.split - INFO - - [pid=22602] - Emitting: split [release]
2018-04-19 11:23:04,231 - pystorm.component.split - INFO - - [pid=22602] - Emitting: split [dates,]
2018-04-19 11:23:04,232 - pystorm.component.split - INFO - - [pid=22602] - Emitting: split [leaving]
2018-04-19 11:23:04,232 - pystorm.component.split - INFO - - [pid=22602] - Emitting: split [time]
2018-04-19 11:23:04,232 - pystorm.component.split - INFO - - [pid=22602] - Emitting: split [for]
2018-04-19 11:23:04,232 - pystorm.component.split - INFO - - [pid=22602] - Emitting: split [better]
2018-04-19 11:23:04,232 - pystorm.component.split - INFO - - [pid=22602] - Emitting: split [editing.]
2018-04-19 11:23:04,331 - pystorm.component.split - INFO - - [pid=22602] - Processing received message []
2018-04-19 11:23:04,435 - pystorm.component.split - INFO - - [pid=22602] - Processing received message [Please note:  neither this list nor its contents are final till]
2018-04-19 11:23:04,435 - pystorm.component.split - INFO - - [pid=22602] - Emitting: split [Please]
2018-04-19 11:23:04,435 - pystorm.component.split - INFO - - [pid=22602] - Emitting: split [note:]
2018-04-19 11:23:04,436 - pystorm.component.split - INFO - - [pid=22602] - Emitting: split [neither]
2018-04-19 11:23:04,436 - pystorm.component.split - INFO - - [pid=22602] - Emitting: split [this]
2018-04-19 11:23:04,436 - pystorm.component.split - INFO - - [pid=22602] - Emitting: split [list]
2018-04-19 11:23:04,436 - pystorm.component.split - INFO - - [pid=22602] - Emitting: split [nor]
2018-04-19 11:23:04,436 - pystorm.component.split - INFO - - [pid=22602] - Emitting: split [its]
2018-04-19 11:23:04,436 - pystorm.component.split - INFO - - [pid=22602] - Emitting: split [contents]
2018-04-19 11:23:04,437 - pystorm.component.split - INFO - - [pid=22602] - Emitting: split [are]
2018-04-19 11:23:04,437 - pystorm.component.split - INFO - - [pid=22602] - Emitting: split [final]
2018-04-19 11:23:04,437 - pystorm.component.split - INFO - - [pid=22602] - Emitting: split [till]
2018-04-19 11:23:04,534 - pystorm.component.split - INFO - - [pid=22602] - Processing received message [midnight of the last day of the month of any such announcement.]
2018-04-19 11:23:04,534 - pystorm.component.split - INFO - - [pid=22602] - Emitting: split [midnight]
2018-04-19 11:23:04,535 - pystorm.component.split - INFO - - [pid=22602] - Emitting: split [of]
2018-04-19 11:23:04,535 - pystorm.component.split - INFO - - [pid=22602] - Emitting: split [the]
2018-04-19 11:23:04,535 - pystorm.component.split - INFO - - [pid=22602] - Emitting: split [last]
2018-04-19 11:23:04,535 - pystorm.component.split - INFO - - [pid=22602] - Emitting: split [day]
2018-04-19 11:23:04,536 - pystorm.component.split - INFO - - [pid=22602] - Emitting: split [of]
2018-04-19 11:23:04,536 - pystorm.component.split - INFO - - [pid=22602] - Emitting: split [the]
2018-04-19 11:23:04,539 - pystorm.component.split - INFO - - [pid=22602] - Emitting: split [month]
2018-04-19 11:23:04,547 - pystorm.component.split - INFO - - [pid=22602] - Emitting: split [of]
2018-04-19 11:23:04,548 - pystorm.component.split - INFO - - [pid=22602] - Emitting: split [any]
2018-04-19 11:23:04,555 - pystorm.component.split - INFO - - [pid=22602] - Emitting: split [such]
2018-04-19 11:23:04,556 - pystorm.component.split - INFO - - [pid=22602] - Emitting: split [announcement.]
2018-04-19 11:23:04,634 - pystorm.component.split - INFO - - [pid=22602] - Processing received message [The official release date of all Project Gutenberg Etexts is at]
2018-04-19 11:23:04,634 - pystorm.component.split - INFO - - [pid=22602] - Emitting: split [The]
2018-04-19 11:23:04,635 - pystorm.component.split - INFO - - [pid=22602] - Emitting: split [official]
2018-04-19 11:23:04,635 - pystorm.component.split - INFO - - [pid=22602] - Emitting: split [release]
2018-04-19 11:23:04,635 - pystorm.component.split - INFO - - [pid=22602] - Emitting: split [date]
2018-04-19 11:23:04,636 - pystorm.component.split - INFO - - [pid=22602] - Emitting: split [of]
2018-04-19 11:23:04,636 - pystorm.component.split - INFO - - [pid=22602] - Emitting: split [all]
2018-04-19 11:23:04,636 - pystorm.component.split - INFO - - [pid=22602] - Emitting: split [Project]
2018-04-19 11:23:04,636 - pystorm.component.split - INFO - - [pid=22602] - Emitting: split [Gutenberg]
2018-04-19 11:23:04,637 - pystorm.component.split - INFO - - [pid=22602] - Emitting: split [Etexts]
2018-04-19 11:23:04,637 - pystorm.component.split - INFO - - [pid=22602] - Emitting: split [is]
2018-04-19 11:23:04,637 - pystorm.component.split - INFO - - [pid=22602] - Emitting: split [at]
2018-04-19 11:23:04,735 - pystorm.component.split - INFO - - [pid=22602] - Processing received message [Midnight, Central Time, of the last day of the stated month.  A]
2018-04-19 11:23:04,735 - pystorm.component.split - INFO - - [pid=22602] - Emitting: split [Midnight,]
2018-04-19 11:23:04,736 - pystorm.component.split - INFO - - [pid=22602] - Emitting: split [Central]
2018-04-19 11:23:04,736 - pystorm.component.split - INFO - - [pid=22602] - Emitting: split [Time,]
2018-04-19 11:23:04,736 - pystorm.component.split - INFO - - [pid=22602] - Emitting: split [of]
2018-04-19 11:23:04,736 - pystorm.component.split - INFO - - [pid=22602] - Emitting: split [the]
2018-04-19 11:23:04,736 - pystorm.component.split - INFO - - [pid=22602] - Emitting: split [last]
2018-04-19 11:23:04,736 - pystorm.component.split - INFO - - [pid=22602] - Emitting: split [day]
2018-04-19 11:23:04,737 - pystorm.component.split - INFO - - [pid=22602] - Emitting: split [of]
2018-04-19 11:23:04,737 - pystorm.component.split - INFO - - [pid=22602] - Emitting: split [the]
2018-04-19 11:23:04,738 - pystorm.component.split - INFO - - [pid=22602] - Emitting: split [stated]
2018-04-19 11:23:04,738 - pystorm.component.split - INFO - - [pid=22602] - Emitting: split [month.]
2018-04-19 11:23:04,738 - pystorm.component.split - INFO - - [pid=22602] - Emitting: split [A]
2018-04-19 11:23:04,836 - pystorm.component.split - INFO - - [pid=22602] - Processing received message [preliminary version may often be posted for suggestion, comment]
2018-04-19 11:23:04,837 - pystorm.component.split - INFO - - [pid=22602] - Emitting: split [preliminary]
2018-04-19 11:23:04,837 - pystorm.component.split - INFO - - [pid=22602] - Emitting: split [version]
2018-04-19 11:23:04,837 - pystorm.component.split - INFO - - [pid=22602] - Emitting: split [may]
2018-04-19 11:23:04,837 - pystorm.component.split - INFO - - [pid=22602] - Emitting: split [often]
2018-04-19 11:23:04,837 - pystorm.component.split - INFO - - [pid=22602] - Emitting: split [be]
2018-04-19 11:23:04,838 - pystorm.component.split - INFO - - [pid=22602] - Emitting: split [posted]
2018-04-19 11:23:04,838 - pystorm.component.split - INFO - - [pid=22602] - Emitting: split [for]
2018-04-19 11:23:04,838 - pystorm.component.split - INFO - - [pid=22602] - Emitting: split [suggestion,]
2018-04-19 11:23:04,838 - pystorm.component.split - INFO - - [pid=22602] - Emitting: split [comment]
2018-04-19 11:23:04,938 - pystorm.component.split - INFO - - [pid=22602] - Processing received message [and editing by those who wish to do so.  To be sure you have an]
2018-04-19 11:23:04,938 - pystorm.component.split - INFO - - [pid=22602] - Emitting: split [and]
2018-04-19 11:23:04,939 - pystorm.component.split - INFO - - [pid=22602] - Emitting: split [editing]
2018-04-19 11:23:04,939 - pystorm.component.split - INFO - - [pid=22602] - Emitting: split [by]
2018-04-19 11:23:04,939 - pystorm.component.split - INFO - - [pid=22602] - Emitting: split [those]
2018-04-19 11:23:04,939 - pystorm.component.split - INFO - - [pid=22602] - Emitting: split [who]
2018-04-19 11:23:04,939 - pystorm.component.split - INFO - - [pid=22602] - Emitting: split [wish]
2018-04-19 11:23:04,940 - pystorm.component.split - INFO - - [pid=22602] - Emitting: split [to]
2018-04-19 11:23:04,940 - pystorm.component.split - INFO - - [pid=22602] - Emitting: split [do]
2018-04-19 11:23:04,940 - pystorm.component.split - INFO - - [pid=22602] - Emitting: split [so.]
2018-04-19 11:23:04,940 - pystorm.component.split - INFO - - [pid=22602] - Emitting: split [To]
2018-04-19 11:23:04,940 - pystorm.component.split - INFO - - [pid=22602] - Emitting: split [be]
2018-04-19 11:23:04,940 - pystorm.component.split - INFO - - [pid=22602] - Emitting: split [sure]
2018-04-19 11:23:04,941 - pystorm.component.split - INFO - - [pid=22602] - Emitting: split [you]
2018-04-19 11:23:04,941 - pystorm.component.split - INFO - - [pid=22602] - Emitting: split [have]
2018-04-19 11:23:04,949 - pystorm.component.split - INFO - - [pid=22602] - Emitting: split [an]
2018-04-19 11:23:05,042 - pystorm.component.split - INFO - - [pid=22602] - Processing received message [up to date first edition [xxxxx10x.xxx] please check file sizes]
2018-04-19 11:23:05,042 - pystorm.component.split - INFO - - [pid=22602] - Emitting: split [up]
2018-04-19 11:23:05,042 - pystorm.component.split - INFO - - [pid=22602] - Emitting: split [to]
2018-04-19 11:23:05,042 - pystorm.component.split - INFO - - [pid=22602] - Emitting: split [date]
2018-04-19 11:23:05,043 - pystorm.component.split - INFO - - [pid=22602] - Emitting: split [first]
2018-04-19 11:23:05,043 - pystorm.component.split - INFO - - [pid=22602] - Emitting: split [edition]
2018-04-19 11:23:05,043 - pystorm.component.split - INFO - - [pid=22602] - Emitting: split [[xxxxx10x.xxx]]
2018-04-19 11:23:05,043 - pystorm.component.split - INFO - - [pid=22602] - Emitting: split [please]
2018-04-19 11:23:05,043 - pystorm.component.split - INFO - - [pid=22602] - Emitting: split [check]
2018-04-19 11:23:05,043 - pystorm.component.split - INFO - - [pid=22602] - Emitting: split [file]
2018-04-19 11:23:05,044 - pystorm.component.split - INFO - - [pid=22602] - Emitting: split [sizes]
2018-04-19 11:23:05,139 - pystorm.component.split - INFO - - [pid=22602] - Processing received message [in the first week of the next month.  Since our ftp program has]
2018-04-19 11:23:05,140 - pystorm.component.split - INFO - - [pid=22602] - Emitting: split [in]
2018-04-19 11:23:05,140 - pystorm.component.split - INFO - - [pid=22602] - Emitting: split [the]
2018-04-19 11:23:05,140 - pystorm.component.split - INFO - - [pid=22602] - Emitting: split [first]
2018-04-19 11:23:05,140 - pystorm.component.split - INFO - - [pid=22602] - Emitting: split [week]
2018-04-19 11:23:05,141 - pystorm.component.split - INFO - - [pid=22602] - Emitting: split [of]
2018-04-19 11:23:05,141 - pystorm.component.split - INFO - - [pid=22602] - Emitting: split [the]
2018-04-19 11:23:05,141 - pystorm.component.split - INFO - - [pid=22602] - Emitting: split [next]
2018-04-19 11:23:05,141 - pystorm.component.split - INFO - - [pid=22602] - Emitting: split [month.]
2018-04-19 11:23:05,142 - pystorm.component.split - INFO - - [pid=22602] - Emitting: split [Since]
2018-04-19 11:23:05,142 - pystorm.component.split - INFO - - [pid=22602] - Emitting: split [our]
2018-04-19 11:23:05,142 - pystorm.component.split - INFO - - [pid=22602] - Emitting: split [ftp]
2018-04-19 11:23:05,142 - pystorm.component.split - INFO - - [pid=22602] - Emitting: split [program]
2018-04-19 11:23:05,142 - pystorm.component.split - INFO - - [pid=22602] - Emitting: split [has]
2018-04-19 11:23:05,245 - pystorm.component.split - INFO - - [pid=22602] - Processing received message [a bug in it that scrambles the date [tried to fix and failed] a]
2018-04-19 11:23:05,245 - pystorm.component.split - INFO - - [pid=22602] - Emitting: split [a]
2018-04-19 11:23:05,245 - pystorm.component.split - INFO - - [pid=22602] - Emitting: split [bug]
2018-04-19 11:23:05,246 - pystorm.component.split - INFO - - [pid=22602] - Emitting: split [in]
2018-04-19 11:23:05,246 - pystorm.component.split - INFO - - [pid=22602] - Emitting: split [it]
2018-04-19 11:23:05,246 - pystorm.component.split - INFO - - [pid=22602] - Emitting: split [that]
2018-04-19 11:23:05,246 - pystorm.component.split - INFO - - [pid=22602] - Emitting: split [scrambles]
2018-04-19 11:23:05,247 - pystorm.component.split - INFO - - [pid=22602] - Emitting: split [the]
2018-04-19 11:23:05,247 - pystorm.component.split - INFO - - [pid=22602] - Emitting: split [date]
2018-04-19 11:23:05,247 - pystorm.component.split - INFO - - [pid=22602] - Emitting: split [[tried]
2018-04-19 11:23:05,248 - pystorm.component.split - INFO - - [pid=22602] - Emitting: split [to]
2018-04-19 11:23:05,248 - pystorm.component.split - INFO - - [pid=22602] - Emitting: split [fix]
2018-04-19 11:23:05,248 - pystorm.component.split - INFO - - [pid=22602] - Emitting: split [and]
2018-04-19 11:23:05,248 - pystorm.component.split - INFO - - [pid=22602] - Emitting: split [failed]]
2018-04-19 11:23:05,255 - pystorm.component.split - INFO - - [pid=22602] - Emitting: split [a]
2018-04-19 11:23:05,342 - pystorm.component.split - INFO - - [pid=22602] - Processing received message [look at the file size will have to do, but we will try to see a]
2018-04-19 11:23:05,342 - pystorm.component.split - INFO - - [pid=22602] - Emitting: split [look]
2018-04-19 11:23:05,342 - pystorm.component.split - INFO - - [pid=22602] - Emitting: split [at]
2018-04-19 11:23:05,342 - pystorm.component.split - INFO - - [pid=22602] - Emitting: split [the]
2018-04-19 11:23:05,342 - pystorm.component.split - INFO - - [pid=22602] - Emitting: split [file]
2018-04-19 11:23:05,343 - pystorm.component.split - INFO - - [pid=22602] - Emitting: split [size]
2018-04-19 11:23:05,343 - pystorm.component.split - INFO - - [pid=22602] - Emitting: split [will]
2018-04-19 11:23:05,343 - pystorm.component.split - INFO - - [pid=22602] - Emitting: split [have]
2018-04-19 11:23:05,343 - pystorm.component.split - INFO - - [pid=22602] - Emitting: split [to]
2018-04-19 11:23:05,343 - pystorm.component.split - INFO - - [pid=22602] - Emitting: split [do,]
2018-04-19 11:23:05,343 - pystorm.component.split - INFO - - [pid=22602] - Emitting: split [but]
2018-04-19 11:23:05,343 - pystorm.component.split - INFO - - [pid=22602] - Emitting: split [we]
2018-04-19 11:23:05,344 - pystorm.component.split - INFO - - [pid=22602] - Emitting: split [will]
2018-04-19 11:23:05,344 - pystorm.component.split - INFO - - [pid=22602] - Emitting: split [try]
2018-04-19 11:23:05,344 - pystorm.component.split - INFO - - [pid=22602] - Emitting: split [to]
2018-04-19 11:23:05,344 - pystorm.component.split - INFO - - [pid=22602] - Emitting: split [see]
2018-04-19 11:23:05,346 - pystorm.component.split - INFO - - [pid=22602] - Emitting: split [a]
2018-04-19 11:23:05,443 - pystorm.component.split - INFO - - [pid=22602] - Processing received message [new copy has at least one byte more or less.]
2018-04-19 11:23:05,443 - pystorm.component.split - INFO - - [pid=22602] - Emitting: split [new]
2018-04-19 11:23:05,444 - pystorm.component.split - INFO - - [pid=22602] - Emitting: split [copy]
2018-04-19 11:23:05,444 - pystorm.component.split - INFO - - [pid=22602] - Emitting: split [has]
2018-04-19 11:23:05,444 - pystorm.component.split - INFO - - [pid=22602] - Emitting: split [at]
2018-04-19 11:23:05,444 - pystorm.component.split - INFO - - [pid=22602] - Emitting: split [least]
2018-04-19 11:23:05,445 - pystorm.component.split - INFO - - [pid=22602] - Emitting: split [one]
2018-04-19 11:23:05,445 - pystorm.component.split - INFO - - [pid=22602] - Emitting: split [byte]
2018-04-19 11:23:05,445 - pystorm.component.split - INFO - - [pid=22602] - Emitting: split [more]
2018-04-19 11:23:05,445 - pystorm.component.split - INFO - - [pid=22602] - Emitting: split [or]
2018-04-19 11:23:05,445 - pystorm.component.split - INFO - - [pid=22602] - Emitting: split [less.]
2018-04-19 11:23:05,544 - pystorm.component.split - INFO - - [pid=22602] - Processing received message []
2018-04-19 11:23:05,643 - pystorm.component.split - INFO - - [pid=22602] - Processing received message []
2018-04-19 11:23:05,747 - pystorm.component.split - INFO - - [pid=22602] - Processing received message [Information about Project Gutenberg (one page)]
2018-04-19 11:23:05,747 - pystorm.component.split - INFO - - [pid=22602] - Emitting: split [Information]
2018-04-19 11:23:05,748 - pystorm.component.split - INFO - - [pid=22602] - Emitting: split [about]
2018-04-19 11:23:05,748 - pystorm.component.split - INFO - - [pid=22602] - Emitting: split [Project]
2018-04-19 11:23:05,748 - pystorm.component.split - INFO - - [pid=22602] - Emitting: split [Gutenberg]
2018-04-19 11:23:05,748 - pystorm.component.split - INFO - - [pid=22602] - Emitting: split [(one]
2018-04-19 11:23:05,749 - pystorm.component.split - INFO - - [pid=22602] - Emitting: split [page)]
2018-04-19 11:23:05,847 - pystorm.component.split - INFO - - [pid=22602] - Processing received message []
2018-04-19 11:23:05,950 - pystorm.component.split - INFO - - [pid=22602] - Processing received message [We produce about two million dollars for each hour we work.  The]
2018-04-19 11:23:05,950 - pystorm.component.split - INFO - - [pid=22602] - Emitting: split [We]
2018-04-19 11:23:05,950 - pystorm.component.split - INFO - - [pid=22602] - Emitting: split [produce]
2018-04-19 11:23:05,950 - pystorm.component.split - INFO - - [pid=22602] - Emitting: split [about]
2018-04-19 11:23:05,952 - pystorm.component.split - INFO - - [pid=22602] - Emitting: split [two]
2018-04-19 11:23:05,952 - pystorm.component.split - INFO - - [pid=22602] - Emitting: split [million]
2018-04-19 11:23:05,952 - pystorm.component.split - INFO - - [pid=22602] - Emitting: split [dollars]
2018-04-19 11:23:05,952 - pystorm.component.split - INFO - - [pid=22602] - Emitting: split [for]
2018-04-19 11:23:05,953 - pystorm.component.split - INFO - - [pid=22602] - Emitting: split [each]
2018-04-19 11:23:05,953 - pystorm.component.split - INFO - - [pid=22602] - Emitting: split [hour]
2018-04-19 11:23:05,953 - pystorm.component.split - INFO - - [pid=22602] - Emitting: split [we]
2018-04-19 11:23:05,953 - pystorm.component.split - INFO - - [pid=22602] - Emitting: split [work.]
2018-04-19 11:23:05,953 - pystorm.component.split - INFO - - [pid=22602] - Emitting: split [The]
2018-04-19 11:23:06,049 - pystorm.component.split - INFO - - [pid=22602] - Processing received message [time it takes us, a rather conservative estimate, is fifty hours]
2018-04-19 11:23:06,050 - pystorm.component.split - INFO - - [pid=22602] - Emitting: split [time]
2018-04-19 11:23:06,050 - pystorm.component.split - INFO - - [pid=22602] - Emitting: split [it]
2018-04-19 11:23:06,050 - pystorm.component.split - INFO - - [pid=22602] - Emitting: split [takes]
2018-04-19 11:23:06,050 - pystorm.component.split - INFO - - [pid=22602] - Emitting: split [us,]
2018-04-19 11:23:06,050 - pystorm.component.split - INFO - - [pid=22602] - Emitting: split [a]
2018-04-19 11:23:06,051 - pystorm.component.split - INFO - - [pid=22602] - Emitting: split [rather]
2018-04-19 11:23:06,051 - pystorm.component.split - INFO - - [pid=22602] - Emitting: split [conservative]
2018-04-19 11:23:06,051 - pystorm.component.split - INFO - - [pid=22602] - Emitting: split [estimate,]
2018-04-19 11:23:06,051 - pystorm.component.split - INFO - - [pid=22602] - Emitting: split [is]
2018-04-19 11:23:06,051 - pystorm.component.split - INFO - - [pid=22602] - Emitting: split [fifty]
2018-04-19 11:23:06,051 - pystorm.component.split - INFO - - [pid=22602] - Emitting: split [hours]
2018-04-19 11:23:06,152 - pystorm.component.split - INFO - - [pid=22602] - Processing received message [to get any etext selected, entered, proofread, edited, copyright]
2018-04-19 11:23:06,152 - pystorm.component.split - INFO - - [pid=22602] - Emitting: split [to]
2018-04-19 11:23:06,152 - pystorm.component.split - INFO - - [pid=22602] - Emitting: split [get]
2018-04-19 11:23:06,152 - pystorm.component.split - INFO - - [pid=22602] - Emitting: split [any]
2018-04-19 11:23:06,153 - pystorm.component.split - INFO - - [pid=22602] - Emitting: split [etext]
2018-04-19 11:23:06,153 - pystorm.component.split - INFO - - [pid=22602] - Emitting: split [selected,]
2018-04-19 11:23:06,153 - pystorm.component.split - INFO - - [pid=22602] - Emitting: split [entered,]
2018-04-19 11:23:06,153 - pystorm.component.split - INFO - - [pid=22602] - Emitting: split [proofread,]
2018-04-19 11:23:06,153 - pystorm.component.split - INFO - - [pid=22602] - Emitting: split [edited,]
2018-04-19 11:23:06,153 - pystorm.component.split - INFO - - [pid=22602] - Emitting: split [copyright]
2018-04-19 11:23:06,252 - pystorm.component.split - INFO - - [pid=22602] - Processing received message [searched and analyzed, the copyright letters written, etc.  This]
2018-04-19 11:23:06,253 - pystorm.component.split - INFO - - [pid=22602] - Emitting: split [searched]
2018-04-19 11:23:06,253 - pystorm.component.split - INFO - - [pid=22602] - Emitting: split [and]
2018-04-19 11:23:06,254 - pystorm.component.split - INFO - - [pid=22602] - Emitting: split [analyzed,]
2018-04-19 11:23:06,254 - pystorm.component.split - INFO - - [pid=22602] - Emitting: split [the]
2018-04-19 11:23:06,254 - pystorm.component.split - INFO - - [pid=22602] - Emitting: split [copyright]
2018-04-19 11:23:06,255 - pystorm.component.split - INFO - - [pid=22602] - Emitting: split [letters]
2018-04-19 11:23:06,256 - pystorm.component.split - INFO - - [pid=22602] - Emitting: split [written,]
2018-04-19 11:23:06,258 - pystorm.component.split - INFO - - [pid=22602] - Emitting: split [etc.]
2018-04-19 11:23:06,259 - pystorm.component.split - INFO - - [pid=22602] - Emitting: split [This]
2018-04-19 11:23:06,353 - pystorm.component.split - INFO - - [pid=22602] - Processing received message [projected audience is one hundred million readers.  If our value]
2018-04-19 11:23:06,353 - pystorm.component.split - INFO - - [pid=22602] - Emitting: split [projected]
2018-04-19 11:23:06,353 - pystorm.component.split - INFO - - [pid=22602] - Emitting: split [audience]
2018-04-19 11:23:06,353 - pystorm.component.split - INFO - - [pid=22602] - Emitting: split [is]
2018-04-19 11:23:06,354 - pystorm.component.split - INFO - - [pid=22602] - Emitting: split [one]
2018-04-19 11:23:06,354 - pystorm.component.split - INFO - - [pid=22602] - Emitting: split [hundred]
2018-04-19 11:23:06,354 - pystorm.component.split - INFO - - [pid=22602] - Emitting: split [million]
2018-04-19 11:23:06,354 - pystorm.component.split - INFO - - [pid=22602] - Emitting: split [readers.]
2018-04-19 11:23:06,355 - pystorm.component.split - INFO - - [pid=22602] - Emitting: split [If]
2018-04-19 11:23:06,355 - pystorm.component.split - INFO - - [pid=22602] - Emitting: split [our]
2018-04-19 11:23:06,355 - pystorm.component.split - INFO - - [pid=22602] - Emitting: split [value]
2018-04-19 11:23:06,455 - pystorm.component.split - INFO - - [pid=22602] - Processing received message [per text is nominally estimated at one dollar then we produce $2]
2018-04-19 11:23:06,456 - pystorm.component.split - INFO - - [pid=22602] - Emitting: split [per]
2018-04-19 11:23:06,456 - pystorm.component.split - INFO - - [pid=22602] - Emitting: split [text]
2018-04-19 11:23:06,456 - pystorm.component.split - INFO - - [pid=22602] - Emitting: split [is]
2018-04-19 11:23:06,456 - pystorm.component.split - INFO - - [pid=22602] - Emitting: split [nominally]
2018-04-19 11:23:06,456 - pystorm.component.split - INFO - - [pid=22602] - Emitting: split [estimated]
2018-04-19 11:23:06,456 - pystorm.component.split - INFO - - [pid=22602] - Emitting: split [at]
2018-04-19 11:23:06,457 - pystorm.component.split - INFO - - [pid=22602] - Emitting: split [one]
2018-04-19 11:23:06,457 - pystorm.component.split - INFO - - [pid=22602] - Emitting: split [dollar]
2018-04-19 11:23:06,457 - pystorm.component.split - INFO - - [pid=22602] - Emitting: split [then]
2018-04-19 11:23:06,457 - pystorm.component.split - INFO - - [pid=22602] - Emitting: split [we]
2018-04-19 11:23:06,457 - pystorm.component.split - INFO - - [pid=22602] - Emitting: split [produce]
2018-04-19 11:23:06,457 - pystorm.component.split - INFO - - [pid=22602] - Emitting: split [$2]
2018-04-19 11:23:06,556 - pystorm.component.split - INFO - - [pid=22602] - Processing received message [million dollars per hour this year as we release thirty-six text]
2018-04-19 11:23:06,557 - pystorm.component.split - INFO - - [pid=22602] - Emitting: split [million]
2018-04-19 11:23:06,557 - pystorm.component.split - INFO - - [pid=22602] - Emitting: split [dollars]
2018-04-19 11:23:06,557 - pystorm.component.split - INFO - - [pid=22602] - Emitting: split [per]
2018-04-19 11:23:06,558 - pystorm.component.split - INFO - - [pid=22602] - Emitting: split [hour]
2018-04-19 11:23:06,558 - pystorm.component.split - INFO - - [pid=22602] - Emitting: split [this]
2018-04-19 11:23:06,558 - pystorm.component.split - INFO - - [pid=22602] - Emitting: split [year]
2018-04-19 11:23:06,558 - pystorm.component.split - INFO - - [pid=22602] - Emitting: split [as]
2018-04-19 11:23:06,559 - pystorm.component.split - INFO - - [pid=22602] - Emitting: split [we]
2018-04-19 11:23:06,559 - pystorm.component.split - INFO - - [pid=22602] - Emitting: split [release]
2018-04-19 11:23:06,559 - pystorm.component.split - INFO - - [pid=22602] - Emitting: split [thirty-six]
2018-04-19 11:23:06,566 - pystorm.component.split - INFO - - [pid=22602] - Emitting: split [text]
2018-04-19 11:23:06,656 - pystorm.component.split - INFO - - [pid=22602] - Processing received message [files per month, or 432 more Etexts in 1999 for a total of 2000+]
2018-04-19 11:23:06,657 - pystorm.component.split - INFO - - [pid=22602] - Emitting: split [files]
2018-04-19 11:23:06,657 - pystorm.component.split - INFO - - [pid=22602] - Emitting: split [per]
2018-04-19 11:23:06,657 - pystorm.component.split - INFO - - [pid=22602] - Emitting: split [month,]
2018-04-19 11:23:06,657 - pystorm.component.split - INFO - - [pid=22602] - Emitting: split [or]
2018-04-19 11:23:06,658 - pystorm.component.split - INFO - - [pid=22602] - Emitting: split [432]
2018-04-19 11:23:06,658 - pystorm.component.split - INFO - - [pid=22602] - Emitting: split [more]
2018-04-19 11:23:06,658 - pystorm.component.split - INFO - - [pid=22602] - Emitting: split [Etexts]
2018-04-19 11:23:06,658 - pystorm.component.split - INFO - - [pid=22602] - Emitting: split [in]
2018-04-19 11:23:06,658 - pystorm.component.split - INFO - - [pid=22602] - Emitting: split [1999]
2018-04-19 11:23:06,659 - pystorm.component.split - INFO - - [pid=22602] - Emitting: split [for]
2018-04-19 11:23:06,659 - pystorm.component.split - INFO - - [pid=22602] - Emitting: split [a]
2018-04-19 11:23:06,659 - pystorm.component.split - INFO - - [pid=22602] - Emitting: split [total]
2018-04-19 11:23:06,659 - pystorm.component.split - INFO - - [pid=22602] - Emitting: split [of]
2018-04-19 11:23:06,659 - pystorm.component.split - INFO - - [pid=22602] - Emitting: split [2000+]
2018-04-19 11:23:06,760 - pystorm.component.split - INFO - - [pid=22602] - Processing received message [If these reach just 10% of the computerized population, then the]
2018-04-19 11:23:06,761 - pystorm.component.split - INFO - - [pid=22602] - Emitting: split [If]
2018-04-19 11:23:06,761 - pystorm.component.split - INFO - - [pid=22602] - Emitting: split [these]
2018-04-19 11:23:06,762 - pystorm.component.split - INFO - - [pid=22602] - Emitting: split [reach]
2018-04-19 11:23:06,762 - pystorm.component.split - INFO - - [pid=22602] - Emitting: split [just]
2018-04-19 11:23:06,762 - pystorm.component.split - INFO - - [pid=22602] - Emitting: split [10%]
2018-04-19 11:23:06,762 - pystorm.component.split - INFO - - [pid=22602] - Emitting: split [of]
2018-04-19 11:23:06,763 - pystorm.component.split - INFO - - [pid=22602] - Emitting: split [the]
2018-04-19 11:23:06,763 - pystorm.component.split - INFO - - [pid=22602] - Emitting: split [computerized]
2018-04-19 11:23:06,763 - pystorm.component.split - INFO - - [pid=22602] - Emitting: split [population,]
2018-04-19 11:23:06,764 - pystorm.component.split - INFO - - [pid=22602] - Emitting: split [then]
2018-04-19 11:23:06,764 - pystorm.component.split - INFO - - [pid=22602] - Emitting: split [the]
2018-04-19 11:23:06,863 - pystorm.component.split - INFO - - [pid=22602] - Processing received message [total should reach over 200 billion Etexts given away this year.]
2018-04-19 11:23:06,863 - pystorm.component.split - INFO - - [pid=22602] - Emitting: split [total]
2018-04-19 11:23:06,863 - pystorm.component.split - INFO - - [pid=22602] - Emitting: split [should]
2018-04-19 11:23:06,864 - pystorm.component.split - INFO - - [pid=22602] - Emitting: split [reach]
2018-04-19 11:23:06,864 - pystorm.component.split - INFO - - [pid=22602] - Emitting: split [over]
2018-04-19 11:23:06,864 - pystorm.component.split - INFO - - [pid=22602] - Emitting: split [200]
2018-04-19 11:23:06,864 - pystorm.component.split - INFO - - [pid=22602] - Emitting: split [billion]
2018-04-19 11:23:06,864 - pystorm.component.split - INFO - - [pid=22602] - Emitting: split [Etexts]
2018-04-19 11:23:06,865 - pystorm.component.split - INFO - - [pid=22602] - Emitting: split [given]
2018-04-19 11:23:06,865 - pystorm.component.split - INFO - - [pid=22602] - Emitting: split [away]
2018-04-19 11:23:06,865 - pystorm.component.split - INFO - - [pid=22602] - Emitting: split [this]
2018-04-19 11:23:06,865 - pystorm.component.split - INFO - - [pid=22602] - Emitting: split [year.]
2018-04-19 11:23:06,963 - pystorm.component.split - INFO - - [pid=22602] - Processing received message []
2018-04-19 11:23:07,065 - pystorm.component.split - INFO - - [pid=22602] - Processing received message [The Goal of Project Gutenberg is to Give Away One Trillion Etext]
2018-04-19 11:23:07,065 - pystorm.component.split - INFO - - [pid=22602] - Emitting: split [The]
2018-04-19 11:23:07,065 - pystorm.component.split - INFO - - [pid=22602] - Emitting: split [Goal]
2018-04-19 11:23:07,065 - pystorm.component.split - INFO - - [pid=22602] - Emitting: split [of]
2018-04-19 11:23:07,066 - pystorm.component.split - INFO - - [pid=22602] - Emitting: split [Project]
2018-04-19 11:23:07,066 - pystorm.component.split - INFO - - [pid=22602] - Emitting: split [Gutenberg]
2018-04-19 11:23:07,066 - pystorm.component.split - INFO - - [pid=22602] - Emitting: split [is]
2018-04-19 11:23:07,066 - pystorm.component.split - INFO - - [pid=22602] - Emitting: split [to]
2018-04-19 11:23:07,066 - pystorm.component.split - INFO - - [pid=22602] - Emitting: split [Give]
2018-04-19 11:23:07,067 - pystorm.component.split - INFO - - [pid=22602] - Emitting: split [Away]
2018-04-19 11:23:07,067 - pystorm.component.split - INFO - - [pid=22602] - Emitting: split [One]
2018-04-19 11:23:07,067 - pystorm.component.split - INFO - - [pid=22602] - Emitting: split [Trillion]
2018-04-19 11:23:07,067 - pystorm.component.split - INFO - - [pid=22602] - Emitting: split [Etext]
2018-04-19 11:23:07,166 - pystorm.component.split - INFO - - [pid=22602] - Processing received message [Files by December 31, 2001.  [10,000 x 100,000,000 = 1 Trillion]]
2018-04-19 11:23:07,166 - pystorm.component.split - INFO - - [pid=22602] - Emitting: split [Files]
2018-04-19 11:23:07,166 - pystorm.component.split - INFO - - [pid=22602] - Emitting: split [by]
2018-04-19 11:23:07,166 - pystorm.component.split - INFO - - [pid=22602] - Emitting: split [December]
2018-04-19 11:23:07,166 - pystorm.component.split - INFO - - [pid=22602] - Emitting: split [31,]
2018-04-19 11:23:07,167 - pystorm.component.split - INFO - - [pid=22602] - Emitting: split [2001.]
2018-04-19 11:23:07,167 - pystorm.component.split - INFO - - [pid=22602] - Emitting: split [[10,000]
2018-04-19 11:23:07,167 - pystorm.component.split - INFO - - [pid=22602] - Emitting: split [x]
2018-04-19 11:23:07,167 - pystorm.component.split - INFO - - [pid=22602] - Emitting: split [100,000,000]
2018-04-19 11:23:07,167 - pystorm.component.split - INFO - - [pid=22602] - Emitting: split [=]
2018-04-19 11:23:07,167 - pystorm.component.split - INFO - - [pid=22602] - Emitting: split [1]
2018-04-19 11:23:07,168 - pystorm.component.split - INFO - - [pid=22602] - Emitting: split [Trillion]]
2018-04-19 11:23:07,266 - pystorm.component.split - INFO - - [pid=22602] - Processing received message [This is ten thousand titles each to one hundred million readers,]
2018-04-19 11:23:07,267 - pystorm.component.split - INFO - - [pid=22602] - Emitting: split [This]
2018-04-19 11:23:07,267 - pystorm.component.split - INFO - - [pid=22602] - Emitting: split [is]
2018-04-19 11:23:07,267 - pystorm.component.split - INFO - - [pid=22602] - Emitting: split [ten]
2018-04-19 11:23:07,267 - pystorm.component.split - INFO - - [pid=22602] - Emitting: split [thousand]
2018-04-19 11:23:07,267 - pystorm.component.split - INFO - - [pid=22602] - Emitting: split [titles]
2018-04-19 11:23:07,267 - pystorm.component.split - INFO - - [pid=22602] - Emitting: split [each]
2018-04-19 11:23:07,268 - pystorm.component.split - INFO - - [pid=22602] - Emitting: split [to]
2018-04-19 11:23:07,268 - pystorm.component.split - INFO - - [pid=22602] - Emitting: split [one]
2018-04-19 11:23:07,268 - pystorm.component.split - INFO - - [pid=22602] - Emitting: split [hundred]
2018-04-19 11:23:07,268 - pystorm.component.split - INFO - - [pid=22602] - Emitting: split [million]
2018-04-19 11:23:07,268 - pystorm.component.split - INFO - - [pid=22602] - Emitting: split [readers,]
2018-04-19 11:23:07,367 - pystorm.component.split - INFO - - [pid=22602] - Processing received message [which is only ~5% of the present number of computer users.]
2018-04-19 11:23:07,368 - pystorm.component.split - INFO - - [pid=22602] - Emitting: split [which]
2018-04-19 11:23:07,368 - pystorm.component.split - INFO - - [pid=22602] - Emitting: split [is]
2018-04-19 11:23:07,368 - pystorm.component.split - INFO - - [pid=22602] - Emitting: split [only]
2018-04-19 11:23:07,369 - pystorm.component.split - INFO - - [pid=22602] - Emitting: split [~5%]
2018-04-19 11:23:07,369 - pystorm.component.split - INFO - - [pid=22602] - Emitting: split [of]
2018-04-19 11:23:07,369 - pystorm.component.split - INFO - - [pid=22602] - Emitting: split [the]
2018-04-19 11:23:07,369 - pystorm.component.split - INFO - - [pid=22602] - Emitting: split [present]
2018-04-19 11:23:07,370 - pystorm.component.split - INFO - - [pid=22602] - Emitting: split [number]
2018-04-19 11:23:07,370 - pystorm.component.split - INFO - - [pid=22602] - Emitting: split [of]
2018-04-19 11:23:07,371 - pystorm.component.split - INFO - - [pid=22602] - Emitting: split [computer]
2018-04-19 11:23:07,371 - pystorm.component.split - INFO - - [pid=22602] - Emitting: split [users.]
2018-04-19 11:23:07,467 - pystorm.component.split - INFO - - [pid=22602] - Processing received message []
2018-04-19 11:23:07,569 - pystorm.component.split - INFO - - [pid=22602] - Processing received message [At our revised rates of production, we will reach only one-third]
2018-04-19 11:23:07,569 - pystorm.component.split - INFO - - [pid=22602] - Emitting: split [At]
2018-04-19 11:23:07,569 - pystorm.component.split - INFO - - [pid=22602] - Emitting: split [our]
2018-04-19 11:23:07,570 - pystorm.component.split - INFO - - [pid=22602] - Emitting: split [revised]
2018-04-19 11:23:07,570 - pystorm.component.split - INFO - - [pid=22602] - Emitting: split [rates]
2018-04-19 11:23:07,570 - pystorm.component.split - INFO - - [pid=22602] - Emitting: split [of]
2018-04-19 11:23:07,570 - pystorm.component.split - INFO - - [pid=22602] - Emitting: split [production,]
2018-04-19 11:23:07,570 - pystorm.component.split - INFO - - [pid=22602] - Emitting: split [we]
2018-04-19 11:23:07,571 - pystorm.component.split - INFO - - [pid=22602] - Emitting: split [will]
2018-04-19 11:23:07,571 - pystorm.component.split - INFO - - [pid=22602] - Emitting: split [reach]
2018-04-19 11:23:07,571 - pystorm.component.split - INFO - - [pid=22602] - Emitting: split [only]
2018-04-19 11:23:07,571 - pystorm.component.split - INFO - - [pid=22602] - Emitting: split [one-third]
2018-04-19 11:23:07,670 - pystorm.component.split - INFO - - [pid=22602] - Processing received message [of that goal by the end of 2001, or about 3,333 Etexts unless we]
2018-04-19 11:23:07,670 - pystorm.component.split - INFO - - [pid=22602] - Emitting: split [of]
2018-04-19 11:23:07,670 - pystorm.component.split - INFO - - [pid=22602] - Emitting: split [that]
2018-04-19 11:23:07,671 - pystorm.component.split - INFO - - [pid=22602] - Emitting: split [goal]
2018-04-19 11:23:07,671 - pystorm.component.split - INFO - - [pid=22602] - Emitting: split [by]
2018-04-19 11:23:07,671 - pystorm.component.split - INFO - - [pid=22602] - Emitting: split [the]
2018-04-19 11:23:07,671 - pystorm.component.split - INFO - - [pid=22602] - Emitting: split [end]
2018-04-19 11:23:07,671 - pystorm.component.split - INFO - - [pid=22602] - Emitting: split [of]
2018-04-19 11:23:07,671 - pystorm.component.split - INFO - - [pid=22602] - Emitting: split [2001,]
2018-04-19 11:23:07,672 - pystorm.component.split - INFO - - [pid=22602] - Emitting: split [or]
2018-04-19 11:23:07,672 - pystorm.component.split - INFO - - [pid=22602] - Emitting: split [about]
2018-04-19 11:23:07,672 - pystorm.component.split - INFO - - [pid=22602] - Emitting: split [3,333]
2018-04-19 11:23:07,672 - pystorm.component.split - INFO - - [pid=22602] - Emitting: split [Etexts]
2018-04-19 11:23:07,672 - pystorm.component.split - INFO - - [pid=22602] - Emitting: split [unless]
2018-04-19 11:23:07,672 - pystorm.component.split - INFO - - [pid=22602] - Emitting: split [we]
2018-04-19 11:23:07,773 - pystorm.component.split - INFO - - [pid=22602] - Processing received message [manage to get some real funding; currently our funding is mostly]
2018-04-19 11:23:07,773 - pystorm.component.split - INFO - - [pid=22602] - Emitting: split [manage]
2018-04-19 11:23:07,774 - pystorm.component.split - INFO - - [pid=22602] - Emitting: split [to]
2018-04-19 11:23:07,774 - pystorm.component.split - INFO - - [pid=22602] - Emitting: split [get]
2018-04-19 11:23:07,774 - pystorm.component.split - INFO - - [pid=22602] - Emitting: split [some]
2018-04-19 11:23:07,774 - pystorm.component.split - INFO - - [pid=22602] - Emitting: split [real]
2018-04-19 11:23:07,774 - pystorm.component.split - INFO - - [pid=22602] - Emitting: split [funding;]
2018-04-19 11:23:07,775 - pystorm.component.split - INFO - - [pid=22602] - Emitting: split [currently]
2018-04-19 11:23:07,775 - pystorm.component.split - INFO - - [pid=22602] - Emitting: split [our]
2018-04-19 11:23:07,775 - pystorm.component.split - INFO - - [pid=22602] - Emitting: split [funding]
2018-04-19 11:23:07,775 - pystorm.component.split - INFO - - [pid=22602] - Emitting: split [is]
2018-04-19 11:23:07,775 - pystorm.component.split - INFO - - [pid=22602] - Emitting: split [mostly]
2018-04-19 11:23:07,871 - pystorm.component.split - INFO - - [pid=22602] - Processing received message [from Michael Hart's salary at Carnegie-Mellon University, and an]
2018-04-19 11:23:07,872 - pystorm.component.split - INFO - - [pid=22602] - Emitting: split [from]
2018-04-19 11:23:07,872 - pystorm.component.split - INFO - - [pid=22602] - Emitting: split [Michael]
2018-04-19 11:23:07,872 - pystorm.component.split - INFO - - [pid=22602] - Emitting: split [Hart's]
2018-04-19 11:23:07,872 - pystorm.component.split - INFO - - [pid=22602] - Emitting: split [salary]
2018-04-19 11:23:07,872 - pystorm.component.split - INFO - - [pid=22602] - Emitting: split [at]
2018-04-19 11:23:07,873 - pystorm.component.split - INFO - - [pid=22602] - Emitting: split [Carnegie-Mellon]
2018-04-19 11:23:07,873 - pystorm.component.split - INFO - - [pid=22602] - Emitting: split [University,]
2018-04-19 11:23:07,873 - pystorm.component.split - INFO - - [pid=22602] - Emitting: split [and]
2018-04-19 11:23:07,873 - pystorm.component.split - INFO - - [pid=22602] - Emitting: split [an]
2018-04-19 11:23:07,972 - pystorm.component.split - INFO - - [pid=22602] - Processing received message [assortment of sporadic gifts; this salary is only good for a few]
2018-04-19 11:23:07,973 - pystorm.component.split - INFO - - [pid=22602] - Emitting: split [assortment]
2018-04-19 11:23:07,973 - pystorm.component.split - INFO - - [pid=22602] - Emitting: split [of]
2018-04-19 11:23:07,973 - pystorm.component.split - INFO - - [pid=22602] - Emitting: split [sporadic]
2018-04-19 11:23:07,973 - pystorm.component.split - INFO - - [pid=22602] - Emitting: split [gifts;]
2018-04-19 11:23:07,973 - pystorm.component.split - INFO - - [pid=22602] - Emitting: split [this]
2018-04-19 11:23:07,974 - pystorm.component.split - INFO - - [pid=22602] - Emitting: split [salary]
2018-04-19 11:23:07,974 - pystorm.component.split - INFO - - [pid=22602] - Emitting: split [is]
2018-04-19 11:23:07,974 - pystorm.component.split - INFO - - [pid=22602] - Emitting: split [only]
2018-04-19 11:23:07,974 - pystorm.component.split - INFO - - [pid=22602] - Emitting: split [good]
2018-04-19 11:23:07,974 - pystorm.component.split - INFO - - [pid=22602] - Emitting: split [for]
2018-04-19 11:23:07,975 - pystorm.component.split - INFO - - [pid=22602] - Emitting: split [a]
2018-04-19 11:23:07,975 - pystorm.component.split - INFO - - [pid=22602] - Emitting: split [few]
2018-04-19 11:23:08,073 - pystorm.component.split - INFO - - [pid=22602] - Processing received message [more years, so we are looking for something to replace it, as we]
2018-04-19 11:23:08,074 - pystorm.component.split - INFO - - [pid=22602] - Emitting: split [more]
2018-04-19 11:23:08,074 - pystorm.component.split - INFO - - [pid=22602] - Emitting: split [years,]
2018-04-19 11:23:08,074 - pystorm.component.split - INFO - - [pid=22602] - Emitting: split [so]
2018-04-19 11:23:08,074 - pystorm.component.split - INFO - - [pid=22602] - Emitting: split [we]
2018-04-19 11:23:08,075 - pystorm.component.split - INFO - - [pid=22602] - Emitting: split [are]
2018-04-19 11:23:08,075 - pystorm.component.split - INFO - - [pid=22602] - Emitting: split [looking]
2018-04-19 11:23:08,075 - pystorm.component.split - INFO - - [pid=22602] - Emitting: split [for]
2018-04-19 11:23:08,075 - pystorm.component.split - INFO - - [pid=22602] - Emitting: split [something]
2018-04-19 11:23:08,075 - pystorm.component.split - INFO - - [pid=22602] - Emitting: split [to]
2018-04-19 11:23:08,076 - pystorm.component.split - INFO - - [pid=22602] - Emitting: split [replace]
2018-04-19 11:23:08,076 - pystorm.component.split - INFO - - [pid=22602] - Emitting: split [it,]
2018-04-19 11:23:08,076 - pystorm.component.split - INFO - - [pid=22602] - Emitting: split [as]
2018-04-19 11:23:08,076 - pystorm.component.split - INFO - - [pid=22602] - Emitting: split [we]
2018-04-19 11:23:08,175 - pystorm.component.split - INFO - - [pid=22602] - Processing received message [don't want Project Gutenberg to be so dependent on one person.]
2018-04-19 11:23:08,175 - pystorm.component.split - INFO - - [pid=22602] - Emitting: split [don't]
2018-04-19 11:23:08,175 - pystorm.component.split - INFO - - [pid=22602] - Emitting: split [want]
2018-04-19 11:23:08,176 - pystorm.component.split - INFO - - [pid=22602] - Emitting: split [Project]
2018-04-19 11:23:08,176 - pystorm.component.split - INFO - - [pid=22602] - Emitting: split [Gutenberg]
2018-04-19 11:23:08,176 - pystorm.component.split - INFO - - [pid=22602] - Emitting: split [to]
2018-04-19 11:23:08,176 - pystorm.component.split - INFO - - [pid=22602] - Emitting: split [be]
2018-04-19 11:23:08,176 - pystorm.component.split - INFO - - [pid=22602] - Emitting: split [so]
2018-04-19 11:23:08,177 - pystorm.component.split - INFO - - [pid=22602] - Emitting: split [dependent]
2018-04-19 11:23:08,177 - pystorm.component.split - INFO - - [pid=22602] - Emitting: split [on]
2018-04-19 11:23:08,177 - pystorm.component.split - INFO - - [pid=22602] - Emitting: split [one]
2018-04-19 11:23:08,177 - pystorm.component.split - INFO - - [pid=22602] - Emitting: split [person.]
2018-04-19 11:23:08,276 - pystorm.component.split - INFO - - [pid=22602] - Processing received message []
2018-04-19 11:23:08,377 - pystorm.component.split - INFO - - [pid=22602] - Processing received message [We need your donations more than ever!]
2018-04-19 11:23:08,377 - pystorm.component.split - INFO - - [pid=22602] - Emitting: split [We]
2018-04-19 11:23:08,378 - pystorm.component.split - INFO - - [pid=22602] - Emitting: split [need]
2018-04-19 11:23:08,378 - pystorm.component.split - INFO - - [pid=22602] - Emitting: split [your]
2018-04-19 11:23:08,378 - pystorm.component.split - INFO - - [pid=22602] - Emitting: split [donations]
2018-04-19 11:23:08,378 - pystorm.component.split - INFO - - [pid=22602] - Emitting: split [more]
2018-04-19 11:23:08,378 - pystorm.component.split - INFO - - [pid=22602] - Emitting: split [than]
2018-04-19 11:23:08,379 - pystorm.component.split - INFO - - [pid=22602] - Emitting: split [ever!]
2018-04-19 11:23:08,478 - pystorm.component.split - INFO - - [pid=22602] - Processing received message []
2018-04-19 11:23:08,579 - pystorm.component.split - INFO - - [pid=22602] - Processing received message []
2018-04-19 11:23:08,681 - pystorm.component.split - INFO - - [pid=22602] - Processing received message [All donations should be made to "Project Gutenberg/CMU": and are]
2018-04-19 11:23:08,681 - pystorm.component.split - INFO - - [pid=22602] - Emitting: split [All]
2018-04-19 11:23:08,681 - pystorm.component.split - INFO - - [pid=22602] - Emitting: split [donations]
2018-04-19 11:23:08,682 - pystorm.component.split - INFO - - [pid=22602] - Emitting: split [should]
2018-04-19 11:23:08,682 - pystorm.component.split - INFO - - [pid=22602] - Emitting: split [be]
2018-04-19 11:23:08,682 - pystorm.component.split - INFO - - [pid=22602] - Emitting: split [made]
2018-04-19 11:23:08,682 - pystorm.component.split - INFO - - [pid=22602] - Emitting: split [to]
2018-04-19 11:23:08,682 - pystorm.component.split - INFO - - [pid=22602] - Emitting: split ["Project]
2018-04-19 11:23:08,682 - pystorm.component.split - INFO - - [pid=22602] - Emitting: split [Gutenberg/CMU":]
2018-04-19 11:23:08,683 - pystorm.component.split - INFO - - [pid=22602] - Emitting: split [and]
2018-04-19 11:23:08,683 - pystorm.component.split - INFO - - [pid=22602] - Emitting: split [are]
2018-04-19 11:23:08,781 - pystorm.component.split - INFO - - [pid=22602] - Processing received message [tax deductible to the extent allowable by law.  (CMU = Carnegie-]
2018-04-19 11:23:08,782 - pystorm.component.split - INFO - - [pid=22602] - Emitting: split [tax]
2018-04-19 11:23:08,782 - pystorm.component.split - INFO - - [pid=22602] - Emitting: split [deductible]
2018-04-19 11:23:08,782 - pystorm.component.split - INFO - - [pid=22602] - Emitting: split [to]
2018-04-19 11:23:08,782 - pystorm.component.split - INFO - - [pid=22602] - Emitting: split [the]
2018-04-19 11:23:08,782 - pystorm.component.split - INFO - - [pid=22602] - Emitting: split [extent]
2018-04-19 11:23:08,783 - pystorm.component.split - INFO - - [pid=22602] - Emitting: split [allowable]
2018-04-19 11:23:08,783 - pystorm.component.split - INFO - - [pid=22602] - Emitting: split [by]
2018-04-19 11:23:08,783 - pystorm.component.split - INFO - - [pid=22602] - Emitting: split [law.]
2018-04-19 11:23:08,783 - pystorm.component.split - INFO - - [pid=22602] - Emitting: split [(CMU]
2018-04-19 11:23:08,783 - pystorm.component.split - INFO - - [pid=22602] - Emitting: split [=]
2018-04-19 11:23:08,783 - pystorm.component.split - INFO - - [pid=22602] - Emitting: split [Carnegie-]
2018-04-19 11:23:08,882 - pystorm.component.split - INFO - - [pid=22602] - Processing received message [Mellon University).]
2018-04-19 11:23:08,882 - pystorm.component.split - INFO - - [pid=22602] - Emitting: split [Mellon]
2018-04-19 11:23:08,883 - pystorm.component.split - INFO - - [pid=22602] - Emitting: split [University).]
2018-04-19 11:23:08,984 - pystorm.component.split - INFO - - [pid=22602] - Processing received message []
2018-04-19 11:23:09,084 - pystorm.component.split - INFO - - [pid=22602] - Processing received message [For these and other matters, please mail to:]
2018-04-19 11:23:09,085 - pystorm.component.split - INFO - - [pid=22602] - Emitting: split [For]
2018-04-19 11:23:09,085 - pystorm.component.split - INFO - - [pid=22602] - Emitting: split [these]
2018-04-19 11:23:09,085 - pystorm.component.split - INFO - - [pid=22602] - Emitting: split [and]
2018-04-19 11:23:09,085 - pystorm.component.split - INFO - - [pid=22602] - Emitting: split [other]
2018-04-19 11:23:09,085 - pystorm.component.split - INFO - - [pid=22602] - Emitting: split [matters,]
2018-04-19 11:23:09,086 - pystorm.component.split - INFO - - [pid=22602] - Emitting: split [please]
2018-04-19 11:23:09,086 - pystorm.component.split - INFO - - [pid=22602] - Emitting: split [mail]
2018-04-19 11:23:09,086 - pystorm.component.split - INFO - - [pid=22602] - Emitting: split [to:]
2018-04-19 11:23:09,185 - pystorm.component.split - INFO - - [pid=22602] - Processing received message []
2018-04-19 11:23:09,286 - pystorm.component.split - INFO - - [pid=22602] - Processing received message [Project Gutenberg]
2018-04-19 11:23:09,286 - pystorm.component.split - INFO - - [pid=22602] - Emitting: split [Project]
2018-04-19 11:23:09,287 - pystorm.component.split - INFO - - [pid=22602] - Emitting: split [Gutenberg]
2018-04-19 11:23:09,389 - pystorm.component.split - INFO - - [pid=22602] - Processing received message [P. O. Box  2782]
2018-04-19 11:23:09,389 - pystorm.component.split - INFO - - [pid=22602] - Emitting: split [P.]
2018-04-19 11:23:09,389 - pystorm.component.split - INFO - - [pid=22602] - Emitting: split [O.]
2018-04-19 11:23:09,390 - pystorm.component.split - INFO - - [pid=22602] - Emitting: split [Box]
2018-04-19 11:23:09,390 - pystorm.component.split - INFO - - [pid=22602] - Emitting: split [2782]
2018-04-19 11:23:09,490 - pystorm.component.split - INFO - - [pid=22602] - Processing received message [Champaign, IL 61825]
2018-04-19 11:23:09,491 - pystorm.component.split - INFO - - [pid=22602] - Emitting: split [Champaign,]
2018-04-19 11:23:09,491 - pystorm.component.split - INFO - - [pid=22602] - Emitting: split [IL]
2018-04-19 11:23:09,491 - pystorm.component.split - INFO - - [pid=22602] - Emitting: split [61825]
2018-04-19 11:23:09,590 - pystorm.component.split - INFO - - [pid=22602] - Processing received message []
2018-04-19 11:23:09,694 - pystorm.component.split - INFO - - [pid=22602] - Processing received message [When all other email fails. . .try our Executive Director:]
2018-04-19 11:23:09,694 - pystorm.component.split - INFO - - [pid=22602] - Emitting: split [When]
2018-04-19 11:23:09,695 - pystorm.component.split - INFO - - [pid=22602] - Emitting: split [all]
2018-04-19 11:23:09,695 - pystorm.component.split - INFO - - [pid=22602] - Emitting: split [other]
2018-04-19 11:23:09,695 - pystorm.component.split - INFO - - [pid=22602] - Emitting: split [email]
2018-04-19 11:23:09,695 - pystorm.component.split - INFO - - [pid=22602] - Emitting: split [fails.]
2018-04-19 11:23:09,695 - pystorm.component.split - INFO - - [pid=22602] - Emitting: split [.]
2018-04-19 11:23:09,696 - pystorm.component.split - INFO - - [pid=22602] - Emitting: split [.try]
2018-04-19 11:23:09,696 - pystorm.component.split - INFO - - [pid=22602] - Emitting: split [our]
2018-04-19 11:23:09,696 - pystorm.component.split - INFO - - [pid=22602] - Emitting: split [Executive]
2018-04-19 11:23:09,697 - pystorm.component.split - INFO - - [pid=22602] - Emitting: split [Director:]
2018-04-19 11:23:09,797 - pystorm.component.split - INFO - - [pid=22602] - Processing received message [Michael S. Hart <hart@pobox.com>]
2018-04-19 11:23:09,797 - pystorm.component.split - INFO - - [pid=22602] - Emitting: split [Michael]
2018-04-19 11:23:09,798 - pystorm.component.split - INFO - - [pid=22602] - Emitting: split [S.]
2018-04-19 11:23:09,798 - pystorm.component.split - INFO - - [pid=22602] - Emitting: split [Hart]
2018-04-19 11:23:09,798 - pystorm.component.split - INFO - - [pid=22602] - Emitting: split [<hart@pobox.com>]
2018-04-19 11:23:09,897 - pystorm.component.split - INFO - - [pid=22602] - Processing received message [hart@pobox.com forwards to hart@prairienet.org and archive.org]
2018-04-19 11:23:09,897 - pystorm.component.split - INFO - - [pid=22602] - Emitting: split [hart@pobox.com]
2018-04-19 11:23:09,897 - pystorm.component.split - INFO - - [pid=22602] - Emitting: split [forwards]
2018-04-19 11:23:09,898 - pystorm.component.split - INFO - - [pid=22602] - Emitting: split [to]
2018-04-19 11:23:09,898 - pystorm.component.split - INFO - - [pid=22602] - Emitting: split [hart@prairienet.org]
2018-04-19 11:23:09,899 - pystorm.component.split - INFO - - [pid=22602] - Emitting: split [and]
2018-04-19 11:23:09,899 - pystorm.component.split - INFO - - [pid=22602] - Emitting: split [archive.org]
2018-04-19 11:23:09,998 - pystorm.component.split - INFO - - [pid=22602] - Processing received message [if your mail bounces from archive.org, I will still see it, if]
2018-04-19 11:23:09,998 - pystorm.component.split - INFO - - [pid=22602] - Emitting: split [if]
2018-04-19 11:23:09,998 - pystorm.component.split - INFO - - [pid=22602] - Emitting: split [your]
2018-04-19 11:23:09,999 - pystorm.component.split - INFO - - [pid=22602] - Emitting: split [mail]
2018-04-19 11:23:09,999 - pystorm.component.split - INFO - - [pid=22602] - Emitting: split [bounces]
2018-04-19 11:23:09,999 - pystorm.component.split - INFO - - [pid=22602] - Emitting: split [from]
2018-04-19 11:23:10,000 - pystorm.component.split - INFO - - [pid=22602] - Emitting: split [archive.org,]
2018-04-19 11:23:10,000 - pystorm.component.split - INFO - - [pid=22602] - Emitting: split [I]
2018-04-19 11:23:10,000 - pystorm.component.split - INFO - - [pid=22602] - Emitting: split [will]
2018-04-19 11:23:10,000 - pystorm.component.split - INFO - - [pid=22602] - Emitting: split [still]
2018-04-19 11:23:10,001 - pystorm.component.split - INFO - - [pid=22602] - Emitting: split [see]
2018-04-19 11:23:10,003 - pystorm.component.split - INFO - - [pid=22602] - Emitting: split [it,]
2018-04-19 11:23:10,003 - pystorm.component.split - INFO - - [pid=22602] - Emitting: split [if]
2018-04-19 11:23:10,101 - pystorm.component.split - INFO - - [pid=22602] - Processing received message [it bounces from prairienet.org, better resend later on. . . .]
2018-04-19 11:23:10,102 - pystorm.component.split - INFO - - [pid=22602] - Emitting: split [it]
2018-04-19 11:23:10,103 - pystorm.component.split - INFO - - [pid=22602] - Emitting: split [bounces]
2018-04-19 11:23:10,104 - pystorm.component.split - INFO - - [pid=22602] - Emitting: split [from]
2018-04-19 11:23:10,104 - pystorm.component.split - INFO - - [pid=22602] - Emitting: split [prairienet.org,]
2018-04-19 11:23:10,104 - pystorm.component.split - INFO - - [pid=22602] - Emitting: split [better]
2018-04-19 11:23:10,104 - pystorm.component.split - INFO - - [pid=22602] - Emitting: split [resend]
2018-04-19 11:23:10,105 - pystorm.component.split - INFO - - [pid=22602] - Emitting: split [later]
2018-04-19 11:23:10,105 - pystorm.component.split - INFO - - [pid=22602] - Emitting: split [on.]
2018-04-19 11:23:10,106 - pystorm.component.split - INFO - - [pid=22602] - Emitting: split [.]
2018-04-19 11:23:10,106 - pystorm.component.split - INFO - - [pid=22602] - Emitting: split [.]
2018-04-19 11:23:10,107 - pystorm.component.split - INFO - - [pid=22602] - Emitting: split [.]
2018-04-19 11:23:10,202 - pystorm.component.split - INFO - - [pid=22602] - Processing received message []
2018-04-19 11:23:10,308 - pystorm.component.split - INFO - - [pid=22602] - Processing received message [We would prefer to send you this information by email.]
2018-04-19 11:23:10,308 - pystorm.component.split - INFO - - [pid=22602] - Emitting: split [We]
2018-04-19 11:23:10,309 - pystorm.component.split - INFO - - [pid=22602] - Emitting: split [would]
2018-04-19 11:23:10,309 - pystorm.component.split - INFO - - [pid=22602] - Emitting: split [prefer]
2018-04-19 11:23:10,309 - pystorm.component.split - INFO - - [pid=22602] - Emitting: split [to]
2018-04-19 11:23:10,309 - pystorm.component.split - INFO - - [pid=22602] - Emitting: split [send]
2018-04-19 11:23:10,309 - pystorm.component.split - INFO - - [pid=22602] - Emitting: split [you]
2018-04-19 11:23:10,310 - pystorm.component.split - INFO - - [pid=22602] - Emitting: split [this]
2018-04-19 11:23:10,310 - pystorm.component.split - INFO - - [pid=22602] - Emitting: split [information]
2018-04-19 11:23:10,310 - pystorm.component.split - INFO - - [pid=22602] - Emitting: split [by]
2018-04-19 11:23:10,310 - pystorm.component.split - INFO - - [pid=22602] - Emitting: split [email.]
2018-04-19 11:23:10,405 - pystorm.component.split - INFO - - [pid=22602] - Processing received message []
2018-04-19 11:23:10,506 - pystorm.component.split - INFO - - [pid=22602] - Processing received message [******]
2018-04-19 11:23:10,506 - pystorm.component.split - INFO - - [pid=22602] - Emitting: split [******]
2018-04-19 11:23:10,607 - pystorm.component.split - INFO - - [pid=22602] - Processing received message []
2018-04-19 11:23:10,708 - pystorm.component.split - INFO - - [pid=22602] - Processing received message [To access Project Gutenberg etexts, use any Web browser]
2018-04-19 11:23:10,709 - pystorm.component.split - INFO - - [pid=22602] - Emitting: split [To]
2018-04-19 11:23:10,709 - pystorm.component.split - INFO - - [pid=22602] - Emitting: split [access]
2018-04-19 11:23:10,709 - pystorm.component.split - INFO - - [pid=22602] - Emitting: split [Project]
2018-04-19 11:23:10,710 - pystorm.component.split - INFO - - [pid=22602] - Emitting: split [Gutenberg]
2018-04-19 11:23:10,710 - pystorm.component.split - INFO - - [pid=22602] - Emitting: split [etexts,]
2018-04-19 11:23:10,710 - pystorm.component.split - INFO - - [pid=22602] - Emitting: split [use]
2018-04-19 11:23:10,710 - pystorm.component.split - INFO - - [pid=22602] - Emitting: split [any]
2018-04-19 11:23:10,711 - pystorm.component.split - INFO - - [pid=22602] - Emitting: split [Web]
2018-04-19 11:23:10,711 - pystorm.component.split - INFO - - [pid=22602] - Emitting: split [browser]
2018-04-19 11:23:10,810 - pystorm.component.split - INFO - - [pid=22602] - Processing received message [to view http://promo.net/pg.  This site lists Etexts by]
2018-04-19 11:23:10,811 - pystorm.component.split - INFO - - [pid=22602] - Emitting: split [to]
2018-04-19 11:23:10,811 - pystorm.component.split - INFO - - [pid=22602] - Emitting: split [view]
2018-04-19 11:23:10,811 - pystorm.component.split - INFO - - [pid=22602] - Emitting: split [http://promo.net/pg.]
2018-04-19 11:23:10,812 - pystorm.component.split - INFO - - [pid=22602] - Emitting: split [This]
2018-04-19 11:23:10,812 - pystorm.component.split - INFO - - [pid=22602] - Emitting: split [site]
2018-04-19 11:23:10,812 - pystorm.component.split - INFO - - [pid=22602] - Emitting: split [lists]
2018-04-19 11:23:10,813 - pystorm.component.split - INFO - - [pid=22602] - Emitting: split [Etexts]
2018-04-19 11:23:10,813 - pystorm.component.split - INFO - - [pid=22602] - Emitting: split [by]
2018-04-19 11:23:10,910 - pystorm.component.split - INFO - - [pid=22602] - Processing received message [author and by title, and includes information about how]
2018-04-19 11:23:10,911 - pystorm.component.split - INFO - - [pid=22602] - Emitting: split [author]
2018-04-19 11:23:10,911 - pystorm.component.split - INFO - - [pid=22602] - Emitting: split [and]
2018-04-19 11:23:10,911 - pystorm.component.split - INFO - - [pid=22602] - Emitting: split [by]
2018-04-19 11:23:10,912 - pystorm.component.split - INFO - - [pid=22602] - Emitting: split [title,]
2018-04-19 11:23:10,912 - pystorm.component.split - INFO - - [pid=22602] - Emitting: split [and]
2018-04-19 11:23:10,912 - pystorm.component.split - INFO - - [pid=22602] - Emitting: split [includes]
2018-04-19 11:23:10,912 - pystorm.component.split - INFO - - [pid=22602] - Emitting: split [information]
2018-04-19 11:23:10,913 - pystorm.component.split - INFO - - [pid=22602] - Emitting: split [about]
2018-04-19 11:23:10,913 - pystorm.component.split - INFO - - [pid=22602] - Emitting: split [how]
2018-04-19 11:23:11,015 - pystorm.component.split - INFO - - [pid=22602] - Processing received message [to get involved with Project Gutenberg.  You could also]
2018-04-19 11:23:11,016 - pystorm.component.split - INFO - - [pid=22602] - Emitting: split [to]
2018-04-19 11:23:11,016 - pystorm.component.split - INFO - - [pid=22602] - Emitting: split [get]
2018-04-19 11:23:11,016 - pystorm.component.split - INFO - - [pid=22602] - Emitting: split [involved]
2018-04-19 11:23:11,016 - pystorm.component.split - INFO - - [pid=22602] - Emitting: split [with]
2018-04-19 11:23:11,016 - pystorm.component.split - INFO - - [pid=22602] - Emitting: split [Project]
2018-04-19 11:23:11,016 - pystorm.component.split - INFO - - [pid=22602] - Emitting: split [Gutenberg.]
2018-04-19 11:23:11,017 - pystorm.component.split - INFO - - [pid=22602] - Emitting: split [You]
2018-04-19 11:23:11,017 - pystorm.component.split - INFO - - [pid=22602] - Emitting: split [could]
2018-04-19 11:23:11,017 - pystorm.component.split - INFO - - [pid=22602] - Emitting: split [also]
2018-04-19 11:23:11,114 - pystorm.component.split - INFO - - [pid=22602] - Processing received message [download our past Newsletters, or subscribe here.  This]
2018-04-19 11:23:11,115 - pystorm.component.split - INFO - - [pid=22602] - Emitting: split [download]
2018-04-19 11:23:11,115 - pystorm.component.split - INFO - - [pid=22602] - Emitting: split [our]
2018-04-19 11:23:11,116 - pystorm.component.split - INFO - - [pid=22602] - Emitting: split [past]
2018-04-19 11:23:11,116 - pystorm.component.split - INFO - - [pid=22602] - Emitting: split [Newsletters,]
2018-04-19 11:23:11,117 - pystorm.component.split - INFO - - [pid=22602] - Emitting: split [or]
2018-04-19 11:23:11,118 - pystorm.component.split - INFO - - [pid=22602] - Emitting: split [subscribe]
2018-04-19 11:23:11,119 - pystorm.component.split - INFO - - [pid=22602] - Emitting: split [here.]
2018-04-19 11:23:11,124 - pystorm.component.split - INFO - - [pid=22602] - Emitting: split [This]
2018-04-19 11:23:11,214 - pystorm.component.split - INFO - - [pid=22602] - Processing received message [is one of our major sites, please email hart@pobox.com,]
2018-04-19 11:23:11,215 - pystorm.component.split - INFO - - [pid=22602] - Emitting: split [is]
2018-04-19 11:23:11,215 - pystorm.component.split - INFO - - [pid=22602] - Emitting: split [one]
2018-04-19 11:23:11,215 - pystorm.component.split - INFO - - [pid=22602] - Emitting: split [of]
2018-04-19 11:23:11,215 - pystorm.component.split - INFO - - [pid=22602] - Emitting: split [our]
2018-04-19 11:23:11,216 - pystorm.component.split - INFO - - [pid=22602] - Emitting: split [major]
2018-04-19 11:23:11,216 - pystorm.component.split - INFO - - [pid=22602] - Emitting: split [sites,]
2018-04-19 11:23:11,216 - pystorm.component.split - INFO - - [pid=22602] - Emitting: split [please]
2018-04-19 11:23:11,216 - pystorm.component.split - INFO - - [pid=22602] - Emitting: split [email]
2018-04-19 11:23:11,216 - pystorm.component.split - INFO - - [pid=22602] - Emitting: split [hart@pobox.com,]
2018-04-19 11:23:11,318 - pystorm.component.split - INFO - - [pid=22602] - Processing received message [for a more complete list of our various sites.]
2018-04-19 11:23:11,319 - pystorm.component.split - INFO - - [pid=22602] - Emitting: split [for]
2018-04-19 11:23:11,320 - pystorm.component.split - INFO - - [pid=22602] - Emitting: split [a]
2018-04-19 11:23:11,320 - pystorm.component.split - INFO - - [pid=22602] - Emitting: split [more]
2018-04-19 11:23:11,321 - pystorm.component.split - INFO - - [pid=22602] - Emitting: split [complete]
2018-04-19 11:23:11,322 - pystorm.component.split - INFO - - [pid=22602] - Emitting: split [list]
2018-04-19 11:23:11,323 - pystorm.component.split - INFO - - [pid=22602] - Emitting: split [of]
2018-04-19 11:23:11,323 - pystorm.component.split - INFO - - [pid=22602] - Emitting: split [our]
2018-04-19 11:23:11,324 - pystorm.component.split - INFO - - [pid=22602] - Emitting: split [various]
2018-04-19 11:23:11,325 - pystorm.component.split - INFO - - [pid=22602] - Emitting: split [sites.]
2018-04-19 11:23:11,421 - pystorm.component.split - INFO - - [pid=22602] - Processing received message []
2018-04-19 11:23:11,520 - pystorm.component.split - INFO - - [pid=22602] - Processing received message [To go directly to the etext collections, use FTP or any]
2018-04-19 11:23:11,521 - pystorm.component.split - INFO - - [pid=22602] - Emitting: split [To]
2018-04-19 11:23:11,527 - pystorm.component.split - INFO - - [pid=22602] - Emitting: split [go]
2018-04-19 11:23:11,528 - pystorm.component.split - INFO - - [pid=22602] - Emitting: split [directly]
2018-04-19 11:23:11,529 - pystorm.component.split - INFO - - [pid=22602] - Emitting: split [to]
2018-04-19 11:23:11,560 - pystorm.component.split - INFO - - [pid=22602] - Emitting: split [the]
2018-04-19 11:23:11,562 - pystorm.component.split - INFO - - [pid=22602] - Emitting: split [etext]
2018-04-19 11:23:11,562 - pystorm.component.split - INFO - - [pid=22602] - Emitting: split [collections,]
2018-04-19 11:23:11,563 - pystorm.component.split - INFO - - [pid=22602] - Emitting: split [use]
2018-04-19 11:23:11,563 - pystorm.component.split - INFO - - [pid=22602] - Emitting: split [FTP]
2018-04-19 11:23:11,563 - pystorm.component.split - INFO - - [pid=22602] - Emitting: split [or]
2018-04-19 11:23:11,564 - pystorm.component.split - INFO - - [pid=22602] - Emitting: split [any]
2018-04-19 11:23:11,622 - pystorm.component.split - INFO - - [pid=22602] - Processing received message [Web browser to visit a Project Gutenberg mirror (mirror]
2018-04-19 11:23:11,623 - pystorm.component.split - INFO - - [pid=22602] - Emitting: split [Web]
2018-04-19 11:23:11,623 - pystorm.component.split - INFO - - [pid=22602] - Emitting: split [browser]
2018-04-19 11:23:11,623 - pystorm.component.split - INFO - - [pid=22602] - Emitting: split [to]
2018-04-19 11:23:11,624 - pystorm.component.split - INFO - - [pid=22602] - Emitting: split [visit]
2018-04-19 11:23:11,624 - pystorm.component.split - INFO - - [pid=22602] - Emitting: split [a]
2018-04-19 11:23:11,624 - pystorm.component.split - INFO - - [pid=22602] - Emitting: split [Project]
2018-04-19 11:23:11,624 - pystorm.component.split - INFO - - [pid=22602] - Emitting: split [Gutenberg]
2018-04-19 11:23:11,624 - pystorm.component.split - INFO - - [pid=22602] - Emitting: split [mirror]
2018-04-19 11:23:11,625 - pystorm.component.split - INFO - - [pid=22602] - Emitting: split [(mirror]
2018-04-19 11:23:11,729 - pystorm.component.split - INFO - - [pid=22602] - Processing received message [sites are available on 7 continents; mirrors are listed]
2018-04-19 11:23:11,730 - pystorm.component.split - INFO - - [pid=22602] - Emitting: split [sites]
2018-04-19 11:23:11,730 - pystorm.component.split - INFO - - [pid=22602] - Emitting: split [are]
2018-04-19 11:23:11,731 - pystorm.component.split - INFO - - [pid=22602] - Emitting: split [available]
2018-04-19 11:23:11,731 - pystorm.component.split - INFO - - [pid=22602] - Emitting: split [on]
2018-04-19 11:23:11,732 - pystorm.component.split - INFO - - [pid=22602] - Emitting: split [7]
2018-04-19 11:23:11,732 - pystorm.component.split - INFO - - [pid=22602] - Emitting: split [continents;]
2018-04-19 11:23:11,737 - pystorm.component.split - INFO - - [pid=22602] - Emitting: split [mirrors]
2018-04-19 11:23:11,738 - pystorm.component.split - INFO - - [pid=22602] - Emitting: split [are]
2018-04-19 11:23:11,738 - pystorm.component.split - INFO - - [pid=22602] - Emitting: split [listed]
