2018-04-19 03:55:58,365 - pystorm.component.split - INFO - - [pid=19946] - Processing received message [***The Project Gutenberg's Etext of Shakespeare's First Folio***]
2018-04-19 03:55:58,365 - pystorm.component.split - INFO - - [pid=19946] - Emitting: split [***The]
2018-04-19 03:55:58,365 - pystorm.component.split - INFO - - [pid=19946] - Emitting: split [Project]
2018-04-19 03:55:58,365 - pystorm.component.split - INFO - - [pid=19946] - Emitting: split [Gutenberg's]
2018-04-19 03:55:58,365 - pystorm.component.split - INFO - - [pid=19946] - Emitting: split [Etext]
2018-04-19 03:55:58,366 - pystorm.component.split - INFO - - [pid=19946] - Emitting: split [of]
2018-04-19 03:55:58,366 - pystorm.component.split - INFO - - [pid=19946] - Emitting: split [Shakespeare's]
2018-04-19 03:55:58,366 - pystorm.component.split - INFO - - [pid=19946] - Emitting: split [First]
2018-04-19 03:55:58,366 - pystorm.component.split - INFO - - [pid=19946] - Emitting: split [Folio***]
2018-04-19 03:55:58,466 - pystorm.component.split - INFO - - [pid=19946] - Processing received message [********************The Tragedie of Macbeth*********************]
2018-04-19 03:55:58,466 - pystorm.component.split - INFO - - [pid=19946] - Emitting: split [********************The]
2018-04-19 03:55:58,466 - pystorm.component.split - INFO - - [pid=19946] - Emitting: split [Tragedie]
2018-04-19 03:55:58,466 - pystorm.component.split - INFO - - [pid=19946] - Emitting: split [of]
2018-04-19 03:55:58,466 - pystorm.component.split - INFO - - [pid=19946] - Emitting: split [Macbeth*********************]
2018-04-19 03:55:58,568 - pystorm.component.split - INFO - - [pid=19946] - Processing received message []
2018-04-19 03:55:58,675 - pystorm.component.split - INFO - - [pid=19946] - Processing received message [This is our 3rd edition of most of these plays.  See the index.]
2018-04-19 03:55:58,676 - pystorm.component.split - INFO - - [pid=19946] - Emitting: split [This]
2018-04-19 03:55:58,676 - pystorm.component.split - INFO - - [pid=19946] - Emitting: split [is]
2018-04-19 03:55:58,677 - pystorm.component.split - INFO - - [pid=19946] - Emitting: split [our]
2018-04-19 03:55:58,678 - pystorm.component.split - INFO - - [pid=19946] - Emitting: split [3rd]
2018-04-19 03:55:58,678 - pystorm.component.split - INFO - - [pid=19946] - Emitting: split [edition]
2018-04-19 03:55:58,679 - pystorm.component.split - INFO - - [pid=19946] - Emitting: split [of]
2018-04-19 03:55:58,680 - pystorm.component.split - INFO - - [pid=19946] - Emitting: split [most]
2018-04-19 03:55:58,680 - pystorm.component.split - INFO - - [pid=19946] - Emitting: split [of]
2018-04-19 03:55:58,681 - pystorm.component.split - INFO - - [pid=19946] - Emitting: split [these]
2018-04-19 03:55:58,682 - pystorm.component.split - INFO - - [pid=19946] - Emitting: split [plays.]
2018-04-19 03:55:58,682 - pystorm.component.split - INFO - - [pid=19946] - Emitting: split [See]
2018-04-19 03:55:58,683 - pystorm.component.split - INFO - - [pid=19946] - Emitting: split [the]
2018-04-19 03:55:58,684 - pystorm.component.split - INFO - - [pid=19946] - Emitting: split [index.]
2018-04-19 03:55:58,771 - pystorm.component.split - INFO - - [pid=19946] - Processing received message []
2018-04-19 03:55:58,874 - pystorm.component.split - INFO - - [pid=19946] - Processing received message []
2018-04-19 03:55:58,976 - pystorm.component.split - INFO - - [pid=19946] - Processing received message [Copyright laws are changing all over the world, be sure to check]
2018-04-19 03:55:58,977 - pystorm.component.split - INFO - - [pid=19946] - Emitting: split [Copyright]
2018-04-19 03:55:58,978 - pystorm.component.split - INFO - - [pid=19946] - Emitting: split [laws]
2018-04-19 03:55:58,978 - pystorm.component.split - INFO - - [pid=19946] - Emitting: split [are]
2018-04-19 03:55:58,979 - pystorm.component.split - INFO - - [pid=19946] - Emitting: split [changing]
2018-04-19 03:55:58,980 - pystorm.component.split - INFO - - [pid=19946] - Emitting: split [all]
2018-04-19 03:55:58,980 - pystorm.component.split - INFO - - [pid=19946] - Emitting: split [over]
2018-04-19 03:55:58,981 - pystorm.component.split - INFO - - [pid=19946] - Emitting: split [the]
2018-04-19 03:55:58,982 - pystorm.component.split - INFO - - [pid=19946] - Emitting: split [world,]
2018-04-19 03:55:58,982 - pystorm.component.split - INFO - - [pid=19946] - Emitting: split [be]
2018-04-19 03:55:58,983 - pystorm.component.split - INFO - - [pid=19946] - Emitting: split [sure]
2018-04-19 03:55:58,983 - pystorm.component.split - INFO - - [pid=19946] - Emitting: split [to]
2018-04-19 03:55:58,984 - pystorm.component.split - INFO - - [pid=19946] - Emitting: split [check]
2018-04-19 03:55:59,076 - pystorm.component.split - INFO - - [pid=19946] - Processing received message [the copyright laws for your country before posting these files!!]
2018-04-19 03:55:59,076 - pystorm.component.split - INFO - - [pid=19946] - Emitting: split [the]
2018-04-19 03:55:59,077 - pystorm.component.split - INFO - - [pid=19946] - Emitting: split [copyright]
2018-04-19 03:55:59,077 - pystorm.component.split - INFO - - [pid=19946] - Emitting: split [laws]
2018-04-19 03:55:59,077 - pystorm.component.split - INFO - - [pid=19946] - Emitting: split [for]
2018-04-19 03:55:59,077 - pystorm.component.split - INFO - - [pid=19946] - Emitting: split [your]
2018-04-19 03:55:59,077 - pystorm.component.split - INFO - - [pid=19946] - Emitting: split [country]
2018-04-19 03:55:59,077 - pystorm.component.split - INFO - - [pid=19946] - Emitting: split [before]
2018-04-19 03:55:59,078 - pystorm.component.split - INFO - - [pid=19946] - Emitting: split [posting]
2018-04-19 03:55:59,078 - pystorm.component.split - INFO - - [pid=19946] - Emitting: split [these]
2018-04-19 03:55:59,078 - pystorm.component.split - INFO - - [pid=19946] - Emitting: split [files!!]
2018-04-19 03:55:59,180 - pystorm.component.split - INFO - - [pid=19946] - Processing received message []
2018-04-19 03:55:59,285 - pystorm.component.split - INFO - - [pid=19946] - Processing received message [Please take a look at the important information in this header.]
2018-04-19 03:55:59,285 - pystorm.component.split - INFO - - [pid=19946] - Emitting: split [Please]
2018-04-19 03:55:59,285 - pystorm.component.split - INFO - - [pid=19946] - Emitting: split [take]
2018-04-19 03:55:59,285 - pystorm.component.split - INFO - - [pid=19946] - Emitting: split [a]
2018-04-19 03:55:59,285 - pystorm.component.split - INFO - - [pid=19946] - Emitting: split [look]
2018-04-19 03:55:59,286 - pystorm.component.split - INFO - - [pid=19946] - Emitting: split [at]
2018-04-19 03:55:59,286 - pystorm.component.split - INFO - - [pid=19946] - Emitting: split [the]
2018-04-19 03:55:59,286 - pystorm.component.split - INFO - - [pid=19946] - Emitting: split [important]
2018-04-19 03:55:59,286 - pystorm.component.split - INFO - - [pid=19946] - Emitting: split [information]
2018-04-19 03:55:59,286 - pystorm.component.split - INFO - - [pid=19946] - Emitting: split [in]
2018-04-19 03:55:59,286 - pystorm.component.split - INFO - - [pid=19946] - Emitting: split [this]
2018-04-19 03:55:59,287 - pystorm.component.split - INFO - - [pid=19946] - Emitting: split [header.]
2018-04-19 03:55:59,388 - pystorm.component.split - INFO - - [pid=19946] - Processing received message [We encourage you to keep this file on your own disk, keeping an]
2018-04-19 03:55:59,389 - pystorm.component.split - INFO - - [pid=19946] - Emitting: split [We]
2018-04-19 03:55:59,390 - pystorm.component.split - INFO - - [pid=19946] - Emitting: split [encourage]
2018-04-19 03:55:59,390 - pystorm.component.split - INFO - - [pid=19946] - Emitting: split [you]
2018-04-19 03:55:59,391 - pystorm.component.split - INFO - - [pid=19946] - Emitting: split [to]
2018-04-19 03:55:59,392 - pystorm.component.split - INFO - - [pid=19946] - Emitting: split [keep]
2018-04-19 03:55:59,392 - pystorm.component.split - INFO - - [pid=19946] - Emitting: split [this]
2018-04-19 03:55:59,393 - pystorm.component.split - INFO - - [pid=19946] - Emitting: split [file]
2018-04-19 03:55:59,394 - pystorm.component.split - INFO - - [pid=19946] - Emitting: split [on]
2018-04-19 03:55:59,395 - pystorm.component.split - INFO - - [pid=19946] - Emitting: split [your]
2018-04-19 03:55:59,396 - pystorm.component.split - INFO - - [pid=19946] - Emitting: split [own]
2018-04-19 03:55:59,396 - pystorm.component.split - INFO - - [pid=19946] - Emitting: split [disk,]
2018-04-19 03:55:59,397 - pystorm.component.split - INFO - - [pid=19946] - Emitting: split [keeping]
2018-04-19 03:55:59,397 - pystorm.component.split - INFO - - [pid=19946] - Emitting: split [an]
2018-04-19 03:55:59,830 - pystorm.component - INFO - Exiting because parent Storm process went away.
